{
  "numTotalTestSuites": 139,
  "numPassedTestSuites": 109,
  "numFailedTestSuites": 30,
  "numPendingTestSuites": 0,
  "numTotalTests": 298,
  "numPassedTests": 272,
  "numFailedTests": 26,
  "numPendingTests": 0,
  "numTodoTests": 0,
  "snapshot": {
    "added": 0,
    "failure": false,
    "filesAdded": 0,
    "filesRemoved": 0,
    "filesRemovedList": [],
    "filesUnmatched": 0,
    "filesUpdated": 0,
    "matched": 0,
    "total": 0,
    "unchecked": 0,
    "uncheckedKeysByFile": [],
    "unmatched": 0,
    "updated": 0,
    "didUpdate": false
  },
  "startTime": 1752566674695,
  "success": false,
  "testResults": [
    {
      "assertionResults": [
        {
          "ancestorTitles": ["Duplicate Key Detection Tests", "Homepage Components"],
          "fullName": "Duplicate Key Detection Tests Homepage Components should render HomePage without duplicate keys",
          "status": "failed",
          "title": "should render HomePage without duplicate keys",
          "duration": 15.289084000000003,
          "failureMessages": [
            "AssertionError: expected [Function] to not throw an error but 'Error: [vitest] No \"useScroll\" export…' was thrown\n    at Proxy.<anonymous> (file:///home/omar/Documents/ruleIQ/frontend/node_modules/.pnpm/@vitest+expect@3.2.4/node_modules/@vitest/expect/dist/index.js:1420:16)\n    at Proxy.<anonymous> (file:///home/omar/Documents/ruleIQ/frontend/node_modules/.pnpm/@vitest+expect@3.2.4/node_modules/@vitest/expect/dist/index.js:1029:14)\n    at Proxy.methodWrapper (file:///home/omar/Documents/ruleIQ/frontend/node_modules/.pnpm/chai@5.2.0/node_modules/chai/chai.js:1618:25)\n    at /home/omar/Documents/ruleIQ/frontend/__tests__/duplicate-keys.test.tsx:41:14\n    at file:///home/omar/Documents/ruleIQ/frontend/node_modules/.pnpm/@vitest+runner@3.2.4/node_modules/@vitest/runner/dist/chunk-hooks.js:155:11\n    at file:///home/omar/Documents/ruleIQ/frontend/node_modules/.pnpm/@vitest+runner@3.2.4/node_modules/@vitest/runner/dist/chunk-hooks.js:752:26\n    at file:///home/omar/Documents/ruleIQ/frontend/node_modules/.pnpm/@vitest+runner@3.2.4/node_modules/@vitest/runner/dist/chunk-hooks.js:1897:20\n    at new Promise (<anonymous>)\n    at runWithTimeout (file:///home/omar/Documents/ruleIQ/frontend/node_modules/.pnpm/@vitest+runner@3.2.4/node_modules/@vitest/runner/dist/chunk-hooks.js:1863:10)\n    at runTest (file:///home/omar/Documents/ruleIQ/frontend/node_modules/.pnpm/@vitest+runner@3.2.4/node_modules/@vitest/runner/dist/chunk-hooks.js:1574:12)"
          ],
          "meta": {}
        },
        {
          "ancestorTitles": ["Duplicate Key Detection Tests", "Component Key Validation"],
          "fullName": "Duplicate Key Detection Tests Component Key Validation should detect duplicate keys in array rendering",
          "status": "passed",
          "title": "should detect duplicate keys in array rendering",
          "duration": 1.3781639999997424,
          "failureMessages": [],
          "meta": {}
        },
        {
          "ancestorTitles": ["Duplicate Key Detection Tests", "Component Key Validation"],
          "fullName": "Duplicate Key Detection Tests Component Key Validation should pass with unique keys",
          "status": "passed",
          "title": "should pass with unique keys",
          "duration": 0.9768190000013419,
          "failureMessages": [],
          "meta": {}
        },
        {
          "ancestorTitles": ["Duplicate Key Detection Tests", "Common Patterns That Cause Duplicate Keys"],
          "fullName": "Duplicate Key Detection Tests Common Patterns That Cause Duplicate Keys should catch array index as key with duplicate data",
          "status": "passed",
          "title": "should catch array index as key with duplicate data",
          "duration": 0.93295500000022,
          "failureMessages": [],
          "meta": {}
        },
        {
          "ancestorTitles": ["Duplicate Key Detection Tests", "Common Patterns That Cause Duplicate Keys"],
          "fullName": "Duplicate Key Detection Tests Common Patterns That Cause Duplicate Keys should catch missing keys in fragments",
          "status": "passed",
          "title": "should catch missing keys in fragments",
          "duration": 1.2611050000014075,
          "failureMessages": [],
          "meta": {}
        },
        {
          "ancestorTitles": ["Component Key Audit"],
          "fullName": "Component Key Audit should audit HomePage for key issues",
          "status": "passed",
          "title": "should audit HomePage for key issues",
          "duration": 5.574400000001333,
          "failureMessages": [],
          "meta": {}
        }
      ],
      "startTime": 1752566683626,
      "endTime": 1752566683651.5745,
      "status": "failed",
      "message": "",
      "name": "/home/omar/Documents/ruleIQ/frontend/__tests__/duplicate-keys.test.tsx"
    },
    {
      "assertionResults": [
        {
          "ancestorTitles": ["AI Fallback Tests", "Mock Data Fallback"],
          "fullName": "AI Fallback Tests Mock Data Fallback should return mock help response when in development mode",
          "status": "passed",
          "title": "should return mock help response when in development mode",
          "duration": 1.7630869999993593,
          "failureMessages": [],
          "meta": {}
        },
        {
          "ancestorTitles": ["AI Fallback Tests", "Mock Data Fallback"],
          "fullName": "AI Fallback Tests Mock Data Fallback should return mock analysis response with correct structure",
          "status": "passed",
          "title": "should return mock analysis response with correct structure",
          "duration": 2.1556339999988268,
          "failureMessages": [],
          "meta": {}
        },
        {
          "ancestorTitles": ["AI Fallback Tests", "Mock Data Fallback"],
          "fullName": "AI Fallback Tests Mock Data Fallback should handle enhanced AI response fallback correctly",
          "status": "passed",
          "title": "should handle enhanced AI response fallback correctly",
          "duration": 2.470510999999533,
          "failureMessages": [],
          "meta": {}
        },
        {
          "ancestorTitles": ["AI Fallback Tests", "Error Handling"],
          "fullName": "AI Fallback Tests Error Handling should handle network errors gracefully",
          "status": "passed",
          "title": "should handle network errors gracefully",
          "duration": 1.2612259999987145,
          "failureMessages": [],
          "meta": {}
        },
        {
          "ancestorTitles": ["AI Fallback Tests", "Error Handling"],
          "fullName": "AI Fallback Tests Error Handling should handle timeout errors appropriately",
          "status": "passed",
          "title": "should handle timeout errors appropriately",
          "duration": 102.69767599999977,
          "failureMessages": [],
          "meta": {}
        },
        {
          "ancestorTitles": ["AI Fallback Tests", "Production vs Development Mode"],
          "fullName": "AI Fallback Tests Production vs Development Mode should use mock data in development mode",
          "status": "passed",
          "title": "should use mock data in development mode",
          "duration": 1.445136000002094,
          "failureMessages": [],
          "meta": {}
        }
      ],
      "startTime": 1752566701012,
      "endTime": 1752566701123.445,
      "status": "passed",
      "message": "",
      "name": "/home/omar/Documents/ruleIQ/frontend/tests/ai-fallback.test.ts"
    },
    {
      "assertionResults": [
        {
          "ancestorTitles": ["AI Helper Methods Tests", "Business Profile Context Extraction"],
          "fullName": "AI Helper Methods Tests Business Profile Context Extraction should extract company size from answers",
          "status": "passed",
          "title": "should extract company size from answers",
          "duration": 0.9932520000002114,
          "failureMessages": [],
          "meta": {}
        },
        {
          "ancestorTitles": ["AI Helper Methods Tests", "Existing Policies Extraction"],
          "fullName": "AI Helper Methods Tests Existing Policies Extraction should identify existing policies and gaps",
          "status": "passed",
          "title": "should identify existing policies and gaps",
          "duration": 0.8397819999991043,
          "failureMessages": [],
          "meta": {}
        },
        {
          "ancestorTitles": ["AI Helper Methods Tests", "Industry Context Determination"],
          "fullName": "AI Helper Methods Tests Industry Context Determination should determine correct regulations for technology industry",
          "status": "passed",
          "title": "should determine correct regulations for technology industry",
          "duration": 0.6947380000019621,
          "failureMessages": [],
          "meta": {}
        },
        {
          "ancestorTitles": ["AI Helper Methods Tests", "Timeline Preference Extraction"],
          "fullName": "AI Helper Methods Tests Timeline Preference Extraction should extract urgency correctly from answers",
          "status": "passed",
          "title": "should extract urgency correctly from answers",
          "duration": 0.4533660000015516,
          "failureMessages": [],
          "meta": {}
        },
        {
          "ancestorTitles": ["AI Helper Methods Tests", "Timeout Handling"],
          "fullName": "AI Helper Methods Tests Timeout Handling should handle timeout scenarios correctly",
          "status": "passed",
          "title": "should handle timeout scenarios correctly",
          "duration": 604.4206980000017,
          "failureMessages": [],
          "meta": {}
        }
      ],
      "startTime": 1752566699014,
      "endTime": 1752566699621.4207,
      "status": "passed",
      "message": "",
      "name": "/home/omar/Documents/ruleIQ/frontend/tests/ai-helper-methods.test.ts"
    },
    {
      "assertionResults": [
        {
          "ancestorTitles": ["AI Integration Tests", "AI Follow-up Questions"],
          "fullName": "AI Integration Tests AI Follow-up Questions should generate AI follow-up questions after answering priority questions",
          "status": "passed",
          "title": "should generate AI follow-up questions after answering priority questions",
          "duration": 4.197175999999672,
          "failureMessages": [],
          "meta": {}
        },
        {
          "ancestorTitles": ["AI Integration Tests", "AI Follow-up Questions"],
          "fullName": "AI Integration Tests AI Follow-up Questions should fallback to mock questions when AI service fails",
          "status": "passed",
          "title": "should fallback to mock questions when AI service fails",
          "duration": 2.9598880000012286,
          "failureMessages": [],
          "meta": {}
        },
        {
          "ancestorTitles": ["AI Integration Tests", "AI Follow-up Questions"],
          "fullName": "AI Integration Tests AI Follow-up Questions should handle AI timeout scenarios",
          "status": "passed",
          "title": "should handle AI timeout scenarios",
          "duration": 10006.917974,
          "failureMessages": [],
          "meta": {}
        },
        {
          "ancestorTitles": ["AI Integration Tests", "AI Follow-up Questions"],
          "fullName": "AI Integration Tests AI Follow-up Questions should navigate through AI questions correctly",
          "status": "passed",
          "title": "should navigate through AI questions correctly",
          "duration": 0.9916790000024776,
          "failureMessages": [],
          "meta": {}
        },
        {
          "ancestorTitles": ["AI Integration Tests", "State Persistence with AI Features"],
          "fullName": "AI Integration Tests State Persistence with AI Features should persist AI questions and answers",
          "status": "passed",
          "title": "should persist AI questions and answers",
          "duration": 0.6694989999996324,
          "failureMessages": [],
          "meta": {}
        },
        {
          "ancestorTitles": ["AI Integration Tests", "State Persistence with AI Features"],
          "fullName": "AI Integration Tests State Persistence with AI Features should restore AI state from saved progress",
          "status": "passed",
          "title": "should restore AI state from saved progress",
          "duration": 0.6230890000006184,
          "failureMessages": [],
          "meta": {}
        },
        {
          "ancestorTitles": ["AI Integration Tests", "AI Recommendations Generation"],
          "fullName": "AI Integration Tests AI Recommendations Generation should generate AI recommendations in final results",
          "status": "passed",
          "title": "should generate AI recommendations in final results",
          "duration": 2.0489359999992303,
          "failureMessages": [],
          "meta": {}
        }
      ],
      "startTime": 1752566685323,
      "endTime": 1752566695342.0488,
      "status": "passed",
      "message": "",
      "name": "/home/omar/Documents/ruleIQ/frontend/tests/ai-integration.test.ts"
    },
    {
      "assertionResults": [
        {
          "ancestorTitles": ["AI Schema Validation - Phase 6", "Zod Schema Validation"],
          "fullName": "AI Schema Validation - Phase 6 Zod Schema Validation should validate correct gap analysis response",
          "status": "passed",
          "title": "should validate correct gap analysis response",
          "duration": 2.2336770000001707,
          "failureMessages": [],
          "meta": {}
        },
        {
          "ancestorTitles": ["AI Schema Validation - Phase 6", "Zod Schema Validation"],
          "fullName": "AI Schema Validation - Phase 6 Zod Schema Validation should validate correct recommendation response",
          "status": "passed",
          "title": "should validate correct recommendation response",
          "duration": 1.524569999997766,
          "failureMessages": [],
          "meta": {}
        },
        {
          "ancestorTitles": ["AI Schema Validation - Phase 6", "Zod Schema Validation"],
          "fullName": "AI Schema Validation - Phase 6 Zod Schema Validation should validate correct guidance response",
          "status": "passed",
          "title": "should validate correct guidance response",
          "duration": 0.7035550000000512,
          "failureMessages": [],
          "meta": {}
        },
        {
          "ancestorTitles": ["AI Schema Validation - Phase 6", "Zod Schema Validation"],
          "fullName": "AI Schema Validation - Phase 6 Zod Schema Validation should reject invalid gap analysis response",
          "status": "passed",
          "title": "should reject invalid gap analysis response",
          "duration": 1.119750000001659,
          "failureMessages": [],
          "meta": {}
        },
        {
          "ancestorTitles": ["AI Schema Validation - Phase 6", "Zod Schema Validation"],
          "fullName": "AI Schema Validation - Phase 6 Zod Schema Validation should reject missing required fields",
          "status": "passed",
          "title": "should reject missing required fields",
          "duration": 0.7606769999983953,
          "failureMessages": [],
          "meta": {}
        },
        {
          "ancestorTitles": ["AI Schema Validation - Phase 6", "Zod Schema Validation"],
          "fullName": "AI Schema Validation - Phase 6 Zod Schema Validation should validate score ranges correctly",
          "status": "passed",
          "title": "should validate score ranges correctly",
          "duration": 0.564834000000701,
          "failureMessages": [],
          "meta": {}
        },
        {
          "ancestorTitles": ["AI Schema Validation - Phase 6", "Zod Schema Validation"],
          "fullName": "AI Schema Validation - Phase 6 Zod Schema Validation should validate array constraints",
          "status": "passed",
          "title": "should validate array constraints",
          "duration": 0.4963500000012573,
          "failureMessages": [],
          "meta": {}
        },
        {
          "ancestorTitles": ["AI Schema Validation - Phase 6", "Structured Response Validation"],
          "fullName": "AI Schema Validation - Phase 6 Structured Response Validation should validate correct structured response",
          "status": "passed",
          "title": "should validate correct structured response",
          "duration": 0.5403960000003281,
          "failureMessages": [],
          "meta": {}
        },
        {
          "ancestorTitles": ["AI Schema Validation - Phase 6", "Structured Response Validation"],
          "fullName": "AI Schema Validation - Phase 6 Structured Response Validation should reject structured response with invalid metadata",
          "status": "passed",
          "title": "should reject structured response with invalid metadata",
          "duration": 0.4905590000016673,
          "failureMessages": [],
          "meta": {}
        },
        {
          "ancestorTitles": ["AI Schema Validation - Phase 6", "Structured Response Validation"],
          "fullName": "AI Schema Validation - Phase 6 Structured Response Validation should validate complete transform and validation flow",
          "status": "passed",
          "title": "should validate complete transform and validation flow",
          "duration": 0.6169270000027609,
          "failureMessages": [],
          "meta": {}
        },
        {
          "ancestorTitles": ["AI Schema Validation - Phase 6", "Structured Response Validation"],
          "fullName": "AI Schema Validation - Phase 6 Structured Response Validation should reject mismatched response types",
          "status": "passed",
          "title": "should reject mismatched response types",
          "duration": 0.49659100000280887,
          "failureMessages": [],
          "meta": {}
        },
        {
          "ancestorTitles": ["AI Schema Validation - Phase 6", "TypeScript Type Guards"],
          "fullName": "AI Schema Validation - Phase 6 TypeScript Type Guards should correctly identify gap analysis response",
          "status": "passed",
          "title": "should correctly identify gap analysis response",
          "duration": 0.4979239999993297,
          "failureMessages": [],
          "meta": {}
        },
        {
          "ancestorTitles": ["AI Schema Validation - Phase 6", "TypeScript Type Guards"],
          "fullName": "AI Schema Validation - Phase 6 TypeScript Type Guards should correctly identify recommendation response",
          "status": "passed",
          "title": "should correctly identify recommendation response",
          "duration": 0.4456220000029134,
          "failureMessages": [],
          "meta": {}
        },
        {
          "ancestorTitles": ["AI Schema Validation - Phase 6", "TypeScript Type Guards"],
          "fullName": "AI Schema Validation - Phase 6 TypeScript Type Guards should correctly identify guidance response",
          "status": "passed",
          "title": "should correctly identify guidance response",
          "duration": 0.4410730000017793,
          "failureMessages": [],
          "meta": {}
        },
        {
          "ancestorTitles": ["AI Schema Validation - Phase 6", "TypeScript Type Guards"],
          "fullName": "AI Schema Validation - Phase 6 TypeScript Type Guards should correctly identify structured AI response",
          "status": "passed",
          "title": "should correctly identify structured AI response",
          "duration": 0.48497800000041025,
          "failureMessages": [],
          "meta": {}
        },
        {
          "ancestorTitles": ["AI Schema Validation - Phase 6", "TypeScript Type Guards"],
          "fullName": "AI Schema Validation - Phase 6 TypeScript Type Guards should validate response type strings",
          "status": "passed",
          "title": "should validate response type strings",
          "duration": 0.6074079999998503,
          "failureMessages": [],
          "meta": {}
        },
        {
          "ancestorTitles": ["AI Schema Validation - Phase 6", "Error Handling and Reporting"],
          "fullName": "AI Schema Validation - Phase 6 Error Handling and Reporting should provide detailed validation error messages",
          "status": "passed",
          "title": "should provide detailed validation error messages",
          "duration": 1.0731889999988198,
          "failureMessages": [],
          "meta": {}
        },
        {
          "ancestorTitles": ["AI Schema Validation - Phase 6", "Error Handling and Reporting"],
          "fullName": "AI Schema Validation - Phase 6 Error Handling and Reporting should handle unknown response types gracefully",
          "status": "passed",
          "title": "should handle unknown response types gracefully",
          "duration": 0.6443289999988338,
          "failureMessages": [],
          "meta": {}
        },
        {
          "ancestorTitles": ["AI Schema Validation - Phase 6", "Error Handling and Reporting"],
          "fullName": "AI Schema Validation - Phase 6 Error Handling and Reporting should handle malformed data gracefully",
          "status": "passed",
          "title": "should handle malformed data gracefully",
          "duration": 0.8211149999988265,
          "failureMessages": [],
          "meta": {}
        },
        {
          "ancestorTitles": ["AI Schema Validation - Phase 6", "Real-world Scenario Tests"],
          "fullName": "AI Schema Validation - Phase 6 Real-world Scenario Tests should handle partial responses with missing optional fields",
          "status": "passed",
          "title": "should handle partial responses with missing optional fields",
          "duration": 2.4956600000004983,
          "failureMessages": [],
          "meta": {}
        },
        {
          "ancestorTitles": ["AI Schema Validation - Phase 6", "Real-world Scenario Tests"],
          "fullName": "AI Schema Validation - Phase 6 Real-world Scenario Tests should validate realistic recommendation data with all fields",
          "status": "passed",
          "title": "should validate realistic recommendation data with all fields",
          "duration": 0.793762000001152,
          "failureMessages": [],
          "meta": {}
        },
        {
          "ancestorTitles": ["AI Schema Validation - Phase 6", "Real-world Scenario Tests"],
          "fullName": "AI Schema Validation - Phase 6 Real-world Scenario Tests should validate edge cases for scores and percentages",
          "status": "passed",
          "title": "should validate edge cases for scores and percentages",
          "duration": 0.5497449999966193,
          "failureMessages": [],
          "meta": {}
        },
        {
          "ancestorTitles": ["AI Schema Validation - Phase 6", "Performance and Scalability"],
          "fullName": "AI Schema Validation - Phase 6 Performance and Scalability should handle large gap analysis responses efficiently",
          "status": "passed",
          "title": "should handle large gap analysis responses efficiently",
          "duration": 1.484932999999728,
          "failureMessages": [],
          "meta": {}
        },
        {
          "ancestorTitles": ["AI Schema Validation - Phase 6", "Performance and Scalability"],
          "fullName": "AI Schema Validation - Phase 6 Performance and Scalability should handle complex nested recommendation structures",
          "status": "passed",
          "title": "should handle complex nested recommendation structures",
          "duration": 0.7406880000016827,
          "failureMessages": [],
          "meta": {}
        }
      ],
      "startTime": 1752566701843,
      "endTime": 1752566701863.7407,
      "status": "passed",
      "message": "",
      "name": "/home/omar/Documents/ruleIQ/frontend/tests/ai-schema-validation.test.ts"
    },
    {
      "assertionResults": [
        {
          "ancestorTitles": ["AI Service Integration Tests", "Helper Methods Testing"],
          "fullName": "AI Service Integration Tests Helper Methods Testing getBusinessProfileFromContext should extract context correctly",
          "status": "passed",
          "title": "getBusinessProfileFromContext should extract context correctly",
          "duration": 1.6127630000009958,
          "failureMessages": [],
          "meta": {}
        },
        {
          "ancestorTitles": ["AI Service Integration Tests", "Helper Methods Testing"],
          "fullName": "AI Service Integration Tests Helper Methods Testing getExistingPoliciesFromAnswers should identify policies",
          "status": "passed",
          "title": "getExistingPoliciesFromAnswers should identify policies",
          "duration": 2.4158229999993637,
          "failureMessages": [],
          "meta": {}
        },
        {
          "ancestorTitles": ["AI Service Integration Tests", "Helper Methods Testing"],
          "fullName": "AI Service Integration Tests Helper Methods Testing getIndustryContextFromAnswers should determine correct regulations",
          "status": "passed",
          "title": "getIndustryContextFromAnswers should determine correct regulations",
          "duration": 1.723150000001624,
          "failureMessages": [],
          "meta": {}
        },
        {
          "ancestorTitles": ["AI Service Integration Tests", "Helper Methods Testing"],
          "fullName": "AI Service Integration Tests Helper Methods Testing getTimelinePreferenceFromAnswers should extract urgency correctly",
          "status": "passed",
          "title": "getTimelinePreferenceFromAnswers should extract urgency correctly",
          "duration": 1.0488409999998112,
          "failureMessages": [],
          "meta": {}
        },
        {
          "ancestorTitles": ["AI Service Integration Tests", "AI Service Methods Testing"],
          "fullName": "AI Service Integration Tests AI Service Methods Testing getQuestionHelp should return valid help response",
          "status": "passed",
          "title": "getQuestionHelp should return valid help response",
          "duration": 0.7921590000005381,
          "failureMessages": [],
          "meta": {}
        },
        {
          "ancestorTitles": ["AI Service Integration Tests", "AI Service Methods Testing"],
          "fullName": "AI Service Integration Tests AI Service Methods Testing getFollowUpQuestions should return relevant questions",
          "status": "passed",
          "title": "getFollowUpQuestions should return relevant questions",
          "duration": 2.573551999998017,
          "failureMessages": [],
          "meta": {}
        },
        {
          "ancestorTitles": ["AI Service Integration Tests", "AI Service Methods Testing"],
          "fullName": "AI Service Integration Tests AI Service Methods Testing getAssessmentAnalysis should return comprehensive analysis",
          "status": "passed",
          "title": "getAssessmentAnalysis should return comprehensive analysis",
          "duration": 1.0452939999995579,
          "failureMessages": [],
          "meta": {}
        },
        {
          "ancestorTitles": ["AI Service Integration Tests", "AI Service Methods Testing"],
          "fullName": "AI Service Integration Tests AI Service Methods Testing getPersonalizedRecommendations should return tailored recommendations",
          "status": "passed",
          "title": "getPersonalizedRecommendations should return tailored recommendations",
          "duration": 0.6120069999997213,
          "failureMessages": [],
          "meta": {}
        },
        {
          "ancestorTitles": ["AI Service Integration Tests", "Enhanced AI Response Testing"],
          "fullName": "AI Service Integration Tests Enhanced AI Response Testing getEnhancedAIResponse should combine all context methods",
          "status": "passed",
          "title": "getEnhancedAIResponse should combine all context methods",
          "duration": 0.5683810000009544,
          "failureMessages": [],
          "meta": {}
        }
      ],
      "startTime": 1752566701469,
      "endTime": 1752566701481.5684,
      "status": "passed",
      "message": "",
      "name": "/home/omar/Documents/ruleIQ/frontend/tests/ai-service-integration.test.ts"
    },
    {
      "assertionResults": [
        {
          "ancestorTitles": ["AI State Persistence Tests", "AI Context Storage"],
          "fullName": "AI State Persistence Tests AI Context Storage should store and retrieve business profile context",
          "status": "passed",
          "title": "should store and retrieve business profile context",
          "duration": 1.9821350000020175,
          "failureMessages": [],
          "meta": {}
        },
        {
          "ancestorTitles": ["AI State Persistence Tests", "AI Context Storage"],
          "fullName": "AI State Persistence Tests AI Context Storage should store and retrieve AI recommendations",
          "status": "passed",
          "title": "should store and retrieve AI recommendations",
          "duration": 0.9835129999992205,
          "failureMessages": [],
          "meta": {}
        },
        {
          "ancestorTitles": ["AI State Persistence Tests", "AI Context Storage"],
          "fullName": "AI State Persistence Tests AI Context Storage should store and retrieve AI analysis results",
          "status": "passed",
          "title": "should store and retrieve AI analysis results",
          "duration": 0.7096679999995104,
          "failureMessages": [],
          "meta": {}
        },
        {
          "ancestorTitles": ["AI State Persistence Tests", "AI Context Persistence Across Sessions"],
          "fullName": "AI State Persistence Tests AI Context Persistence Across Sessions should maintain AI context during assessment flow",
          "status": "passed",
          "title": "should maintain AI context during assessment flow",
          "duration": 0.677533999998559,
          "failureMessages": [],
          "meta": {}
        },
        {
          "ancestorTitles": ["AI State Persistence Tests", "AI Context Persistence Across Sessions"],
          "fullName": "AI State Persistence Tests AI Context Persistence Across Sessions should handle AI context versioning and migration",
          "status": "passed",
          "title": "should handle AI context versioning and migration",
          "duration": 0.6218149999986053,
          "failureMessages": [],
          "meta": {}
        },
        {
          "ancestorTitles": ["AI State Persistence Tests", "AI Cache Management"],
          "fullName": "AI State Persistence Tests AI Cache Management should implement proper cache invalidation for AI responses",
          "status": "passed",
          "title": "should implement proper cache invalidation for AI responses",
          "duration": 0.6555220000009285,
          "failureMessages": [],
          "meta": {}
        }
      ],
      "startTime": 1752566701925,
      "endTime": 1752566701930.6555,
      "status": "passed",
      "message": "",
      "name": "/home/omar/Documents/ruleIQ/frontend/tests/ai-state-persistence.test.ts"
    },
    {
      "assertionResults": [
        {
          "ancestorTitles": ["AI Timeout Handling Tests", "Promise.race Timeout Implementation"],
          "fullName": "AI Timeout Handling Tests Promise.race Timeout Implementation should complete successfully when operation finishes within timeout",
          "status": "passed",
          "title": "should complete successfully when operation finishes within timeout",
          "duration": 102.1170110000021,
          "failureMessages": [],
          "meta": {}
        },
        {
          "ancestorTitles": ["AI Timeout Handling Tests", "Promise.race Timeout Implementation"],
          "fullName": "AI Timeout Handling Tests Promise.race Timeout Implementation should timeout when operation takes longer than specified timeout",
          "status": "passed",
          "title": "should timeout when operation takes longer than specified timeout",
          "duration": 502.1181230000002,
          "failureMessages": [],
          "meta": {}
        },
        {
          "ancestorTitles": ["AI Timeout Handling Tests", "Promise.race Timeout Implementation"],
          "fullName": "AI Timeout Handling Tests Promise.race Timeout Implementation should handle different timeout durations correctly",
          "status": "passed",
          "title": "should handle different timeout durations correctly",
          "duration": 502.8370290000021,
          "failureMessages": [],
          "meta": {}
        },
        {
          "ancestorTitles": ["AI Timeout Handling Tests", "AI Service Timeout Scenarios"],
          "fullName": "AI Timeout Handling Tests AI Service Timeout Scenarios should handle AI help request timeout",
          "status": "passed",
          "title": "should handle AI help request timeout",
          "duration": 501.97078500000134,
          "failureMessages": [],
          "meta": {}
        },
        {
          "ancestorTitles": ["AI Timeout Handling Tests", "AI Service Timeout Scenarios"],
          "fullName": "AI Timeout Handling Tests AI Service Timeout Scenarios should handle AI analysis request timeout",
          "status": "passed",
          "title": "should handle AI analysis request timeout",
          "duration": 1002.6529109999974,
          "failureMessages": [],
          "meta": {}
        },
        {
          "ancestorTitles": ["AI Timeout Handling Tests", "AI Service Timeout Scenarios"],
          "fullName": "AI Timeout Handling Tests AI Service Timeout Scenarios should handle enhanced AI response timeout with comprehensive fallback",
          "status": "passed",
          "title": "should handle enhanced AI response timeout with comprehensive fallback",
          "duration": 803.2013479999987,
          "failureMessages": [],
          "meta": {}
        },
        {
          "ancestorTitles": ["AI Timeout Handling Tests", "Error Propagation and Recovery"],
          "fullName": "AI Timeout Handling Tests Error Propagation and Recovery should distinguish between timeout and other errors",
          "status": "passed",
          "title": "should distinguish between timeout and other errors",
          "duration": 202.8284249999997,
          "failureMessages": [],
          "meta": {}
        }
      ],
      "startTime": 1752566695373,
      "endTime": 1752566698990.8284,
      "status": "passed",
      "message": "",
      "name": "/home/omar/Documents/ruleIQ/frontend/tests/ai-timeout-handling.test.ts"
    },
    {
      "assertionResults": [
        {
          "ancestorTitles": ["API Services with MSW", "AuthService"],
          "fullName": "API Services with MSW AuthService should handle successful login",
          "status": "passed",
          "title": "should handle successful login",
          "duration": 23.262212999998155,
          "failureMessages": [],
          "meta": {}
        },
        {
          "ancestorTitles": ["API Services with MSW", "AuthService"],
          "fullName": "API Services with MSW AuthService should handle login failure",
          "status": "passed",
          "title": "should handle login failure",
          "duration": 23.13900199999989,
          "failureMessages": [],
          "meta": {}
        },
        {
          "ancestorTitles": ["API Services with MSW", "AuthService"],
          "fullName": "API Services with MSW AuthService should handle registration",
          "status": "passed",
          "title": "should handle registration",
          "duration": 6.198608999999124,
          "failureMessages": [],
          "meta": {}
        },
        {
          "ancestorTitles": ["API Services with MSW", "AuthService"],
          "fullName": "API Services with MSW AuthService should get current user",
          "status": "passed",
          "title": "should get current user",
          "duration": 6.66932000000088,
          "failureMessages": [],
          "meta": {}
        },
        {
          "ancestorTitles": ["API Services with MSW", "AssessmentService"],
          "fullName": "API Services with MSW AssessmentService should get assessments with pagination",
          "status": "passed",
          "title": "should get assessments with pagination",
          "duration": 8.266633999999613,
          "failureMessages": [],
          "meta": {}
        },
        {
          "ancestorTitles": ["API Services with MSW", "AssessmentService"],
          "fullName": "API Services with MSW AssessmentService should create new assessment",
          "status": "passed",
          "title": "should create new assessment",
          "duration": 5.794470000000729,
          "failureMessages": [],
          "meta": {}
        },
        {
          "ancestorTitles": ["API Services with MSW", "AssessmentService"],
          "fullName": "API Services with MSW AssessmentService should get single assessment",
          "status": "passed",
          "title": "should get single assessment",
          "duration": 8.493195999999443,
          "failureMessages": [],
          "meta": {}
        },
        {
          "ancestorTitles": ["API Services with MSW", "AssessmentService"],
          "fullName": "API Services with MSW AssessmentService should update assessment",
          "status": "passed",
          "title": "should update assessment",
          "duration": 9.751094999999623,
          "failureMessages": [],
          "meta": {}
        },
        {
          "ancestorTitles": ["API Services with MSW", "AssessmentService"],
          "fullName": "API Services with MSW AssessmentService should complete assessment",
          "status": "passed",
          "title": "should complete assessment",
          "duration": 8.255060999999841,
          "failureMessages": [],
          "meta": {}
        },
        {
          "ancestorTitles": ["API Services with MSW", "EvidenceService"],
          "fullName": "API Services with MSW EvidenceService should get evidence with filters",
          "status": "passed",
          "title": "should get evidence with filters",
          "duration": 7.626310999999987,
          "failureMessages": [],
          "meta": {}
        },
        {
          "ancestorTitles": ["API Services with MSW", "EvidenceService"],
          "fullName": "API Services with MSW EvidenceService should upload evidence file",
          "status": "passed",
          "title": "should upload evidence file",
          "duration": 7.956816999998409,
          "failureMessages": [],
          "meta": {}
        },
        {
          "ancestorTitles": ["API Services with MSW", "EvidenceService"],
          "fullName": "API Services with MSW EvidenceService should update evidence status",
          "status": "passed",
          "title": "should update evidence status",
          "duration": 7.662642000002961,
          "failureMessages": [],
          "meta": {}
        },
        {
          "ancestorTitles": ["API Services with MSW", "EvidenceService"],
          "fullName": "API Services with MSW EvidenceService should delete evidence",
          "status": "passed",
          "title": "should delete evidence",
          "duration": 7.095332000000781,
          "failureMessages": [],
          "meta": {}
        },
        {
          "ancestorTitles": ["API Services with MSW", "BusinessProfileService"],
          "fullName": "API Services with MSW BusinessProfileService should get business profile",
          "status": "passed",
          "title": "should get business profile",
          "duration": 6.437826999997924,
          "failureMessages": [],
          "meta": {}
        },
        {
          "ancestorTitles": ["API Services with MSW", "BusinessProfileService"],
          "fullName": "API Services with MSW BusinessProfileService should create business profile",
          "status": "passed",
          "title": "should create business profile",
          "duration": 9.923032000002422,
          "failureMessages": [],
          "meta": {}
        },
        {
          "ancestorTitles": ["API Services with MSW", "BusinessProfileService"],
          "fullName": "API Services with MSW BusinessProfileService should update business profile",
          "status": "passed",
          "title": "should update business profile",
          "duration": 13.369751000001997,
          "failureMessages": [],
          "meta": {}
        },
        {
          "ancestorTitles": ["API Services with MSW", "Error Handling"],
          "fullName": "API Services with MSW Error Handling should handle HTTP 401 errors",
          "status": "passed",
          "title": "should handle HTTP 401 errors",
          "duration": 10.003598999999667,
          "failureMessages": [],
          "meta": {}
        },
        {
          "ancestorTitles": ["API Services with MSW", "Error Handling"],
          "fullName": "API Services with MSW Error Handling should handle HTTP 404 errors",
          "status": "passed",
          "title": "should handle HTTP 404 errors",
          "duration": 5.902581000002101,
          "failureMessages": [],
          "meta": {}
        },
        {
          "ancestorTitles": ["API Services with MSW", "Error Handling"],
          "fullName": "API Services with MSW Error Handling should handle validation errors (422)",
          "status": "passed",
          "title": "should handle validation errors (422)",
          "duration": 5.526225000001432,
          "failureMessages": [],
          "meta": {}
        },
        {
          "ancestorTitles": ["API Services with MSW", "Error Handling"],
          "fullName": "API Services with MSW Error Handling should handle rate limiting (429)",
          "status": "passed",
          "title": "should handle rate limiting (429)",
          "duration": 6.087922999999137,
          "failureMessages": [],
          "meta": {}
        },
        {
          "ancestorTitles": ["API Services with MSW", "Error Handling"],
          "fullName": "API Services with MSW Error Handling should handle network errors",
          "status": "passed",
          "title": "should handle network errors",
          "duration": 8.415003000001889,
          "failureMessages": [],
          "meta": {}
        }
      ],
      "startTime": 1752566700529,
      "endTime": 1752566700725.415,
      "status": "passed",
      "message": "",
      "name": "/home/omar/Documents/ruleIQ/frontend/tests/api/api-services-msw.test.ts"
    },
    {
      "assertionResults": [
        {
          "ancestorTitles": ["API Services - Simple Tests", "AuthService"],
          "fullName": "API Services - Simple Tests AuthService should handle successful login",
          "status": "passed",
          "title": "should handle successful login",
          "duration": 17.130214000000706,
          "failureMessages": [],
          "meta": {}
        },
        {
          "ancestorTitles": ["API Services - Simple Tests", "AuthService"],
          "fullName": "API Services - Simple Tests AuthService should handle login failure",
          "status": "passed",
          "title": "should handle login failure",
          "duration": 1.519771999999648,
          "failureMessages": [],
          "meta": {}
        },
        {
          "ancestorTitles": ["API Services - Simple Tests", "AssessmentService"],
          "fullName": "API Services - Simple Tests AssessmentService should get assessments",
          "status": "failed",
          "title": "should get assessments",
          "duration": 6.368972999998732,
          "failureMessages": [
            "AssertionError: expected undefined to deeply equal { items: [ { …(2) }, { …(2) } ], …(3) }\n    at /home/omar/Documents/ruleIQ/frontend/tests/api/api-services-simple.test.ts:98:22\n    at processTicksAndRejections (node:internal/process/task_queues:105:5)\n    at file:///home/omar/Documents/ruleIQ/frontend/node_modules/.pnpm/@vitest+runner@3.2.4/node_modules/@vitest/runner/dist/chunk-hooks.js:752:20"
          ],
          "meta": {}
        },
        {
          "ancestorTitles": ["API Services - Simple Tests", "AssessmentService"],
          "fullName": "API Services - Simple Tests AssessmentService should create assessment",
          "status": "passed",
          "title": "should create assessment",
          "duration": 0.605863999999201,
          "failureMessages": [],
          "meta": {}
        },
        {
          "ancestorTitles": ["API Services - Simple Tests", "EvidenceService"],
          "fullName": "API Services - Simple Tests EvidenceService should get evidence",
          "status": "failed",
          "title": "should get evidence",
          "duration": 7.043532000001505,
          "failureMessages": [
            "AssertionError: expected undefined to deeply equal { items: [ …(2) ], total: 2 }\n    at /home/omar/Documents/ruleIQ/frontend/tests/api/api-services-simple.test.ts:145:22\n    at processTicksAndRejections (node:internal/process/task_queues:105:5)\n    at file:///home/omar/Documents/ruleIQ/frontend/node_modules/.pnpm/@vitest+runner@3.2.4/node_modules/@vitest/runner/dist/chunk-hooks.js:752:20"
          ],
          "meta": {}
        },
        {
          "ancestorTitles": ["API Services - Simple Tests", "EvidenceService"],
          "fullName": "API Services - Simple Tests EvidenceService should upload evidence",
          "status": "failed",
          "title": "should upload evidence",
          "duration": 0.8013969999992696,
          "failureMessages": [
            "TypeError: evidenceService.uploadEvidence is not a function\n    at /home/omar/Documents/ruleIQ/frontend/tests/api/api-services-simple.test.ts:164:44\n    at processTicksAndRejections (node:internal/process/task_queues:105:5)\n    at file:///home/omar/Documents/ruleIQ/frontend/node_modules/.pnpm/@vitest+runner@3.2.4/node_modules/@vitest/runner/dist/chunk-hooks.js:752:20"
          ],
          "meta": {}
        },
        {
          "ancestorTitles": ["API Services - Simple Tests", "BusinessProfileService"],
          "fullName": "API Services - Simple Tests BusinessProfileService should get business profile",
          "status": "failed",
          "title": "should get business profile",
          "duration": 16.09440800000084,
          "failureMessages": [
            "AssertionError: expected null to deeply equal { id: 'profile-123', …(3) }\n    at /home/omar/Documents/ruleIQ/frontend/tests/api/api-services-simple.test.ts:193:22\n    at processTicksAndRejections (node:internal/process/task_queues:105:5)\n    at file:///home/omar/Documents/ruleIQ/frontend/node_modules/.pnpm/@vitest+runner@3.2.4/node_modules/@vitest/runner/dist/chunk-hooks.js:752:20"
          ],
          "meta": {}
        },
        {
          "ancestorTitles": ["API Services - Simple Tests", "BusinessProfileService"],
          "fullName": "API Services - Simple Tests BusinessProfileService should create business profile",
          "status": "failed",
          "title": "should create business profile",
          "duration": 0.5896319999992556,
          "failureMessages": [
            "TypeError: businessProfileService.createProfile is not a function\n    at /home/omar/Documents/ruleIQ/frontend/tests/api/api-services-simple.test.ts:209:51\n    at processTicksAndRejections (node:internal/process/task_queues:105:5)\n    at file:///home/omar/Documents/ruleIQ/frontend/node_modules/.pnpm/@vitest+runner@3.2.4/node_modules/@vitest/runner/dist/chunk-hooks.js:752:20"
          ],
          "meta": {}
        },
        {
          "ancestorTitles": ["API Services - Simple Tests", "Error Handling"],
          "fullName": "API Services - Simple Tests Error Handling should handle network errors",
          "status": "passed",
          "title": "should handle network errors",
          "duration": 0.5922080000000278,
          "failureMessages": [],
          "meta": {}
        },
        {
          "ancestorTitles": ["API Services - Simple Tests", "Error Handling"],
          "fullName": "API Services - Simple Tests Error Handling should handle HTTP error responses",
          "status": "passed",
          "title": "should handle HTTP error responses",
          "duration": 0.9897460000011051,
          "failureMessages": [],
          "meta": {}
        }
      ],
      "startTime": 1752566683492,
      "endTime": 1752566683543.9897,
      "status": "failed",
      "message": "",
      "name": "/home/omar/Documents/ruleIQ/frontend/tests/api/api-services-simple.test.ts"
    },
    {
      "assertionResults": [],
      "startTime": 1752566674695,
      "endTime": 1752566674695,
      "status": "failed",
      "message": "Cannot access 'mockAxiosInstance' before initialization",
      "name": "/home/omar/Documents/ruleIQ/frontend/tests/api/api-services.test.ts"
    },
    {
      "assertionResults": [],
      "startTime": 1752566674695,
      "endTime": 1752566674695,
      "status": "failed",
      "message": "Transform failed with 1 error:\n/home/omar/Documents/ruleIQ/frontend/components/ui/select.tsx:44:3: ERROR: Unexpected \">\"",
      "name": "/home/omar/Documents/ruleIQ/frontend/tests/components/accessibility.test.tsx"
    },
    {
      "assertionResults": [
        {
          "ancestorTitles": ["AI Assessment Flow Integration"],
          "fullName": "AI Assessment Flow Integration completes full assessment flow with AI follow-up questions",
          "status": "failed",
          "title": "completes full assessment flow with AI follow-up questions",
          "duration": 4.091690000001108,
          "failureMessages": [
            "TypeError: Cannot redefine property: clipboard\n    at Function.defineProperty (<anonymous>)\n    at attachClipboardStubToView (file:///home/omar/Documents/ruleIQ/frontend/node_modules/.pnpm/@testing-library+user-event@14.6.1_@testing-library+dom@10.4.0/node_modules/@testing-library/user-event/dist/esm/utils/dataTransfer/Clipboard.js:108:12)\n    at Object.setupMain [as setup] (file:///home/omar/Documents/ruleIQ/frontend/node_modules/.pnpm/@testing-library+user-event@14.6.1_@testing-library+dom@10.4.0/node_modules/@testing-library/user-event/dist/esm/setup/setup.js:56:5)\n    at /home/omar/Documents/ruleIQ/frontend/tests/integration/ai-assessment-flow.test.tsx:292:28\n    at file:///home/omar/Documents/ruleIQ/frontend/node_modules/.pnpm/@vitest+runner@3.2.4/node_modules/@vitest/runner/dist/chunk-hooks.js:155:11\n    at file:///home/omar/Documents/ruleIQ/frontend/node_modules/.pnpm/@vitest+runner@3.2.4/node_modules/@vitest/runner/dist/chunk-hooks.js:752:26\n    at file:///home/omar/Documents/ruleIQ/frontend/node_modules/.pnpm/@vitest+runner@3.2.4/node_modules/@vitest/runner/dist/chunk-hooks.js:1897:20\n    at new Promise (<anonymous>)\n    at runWithTimeout (file:///home/omar/Documents/ruleIQ/frontend/node_modules/.pnpm/@vitest+runner@3.2.4/node_modules/@vitest/runner/dist/chunk-hooks.js:1863:10)\n    at runTest (file:///home/omar/Documents/ruleIQ/frontend/node_modules/.pnpm/@vitest+runner@3.2.4/node_modules/@vitest/runner/dist/chunk-hooks.js:1574:12)"
          ],
          "meta": {}
        },
        {
          "ancestorTitles": ["AI Assessment Flow Integration"],
          "fullName": "AI Assessment Flow Integration handles AI service failures gracefully with fallback",
          "status": "failed",
          "title": "handles AI service failures gracefully with fallback",
          "duration": 0.8620049999990442,
          "failureMessages": [
            "TypeError: Cannot redefine property: clipboard\n    at Function.defineProperty (<anonymous>)\n    at attachClipboardStubToView (file:///home/omar/Documents/ruleIQ/frontend/node_modules/.pnpm/@testing-library+user-event@14.6.1_@testing-library+dom@10.4.0/node_modules/@testing-library/user-event/dist/esm/utils/dataTransfer/Clipboard.js:108:12)\n    at Object.setupMain [as setup] (file:///home/omar/Documents/ruleIQ/frontend/node_modules/.pnpm/@testing-library+user-event@14.6.1_@testing-library+dom@10.4.0/node_modules/@testing-library/user-event/dist/esm/setup/setup.js:56:5)\n    at /home/omar/Documents/ruleIQ/frontend/tests/integration/ai-assessment-flow.test.tsx:394:28\n    at file:///home/omar/Documents/ruleIQ/frontend/node_modules/.pnpm/@vitest+runner@3.2.4/node_modules/@vitest/runner/dist/chunk-hooks.js:155:11\n    at file:///home/omar/Documents/ruleIQ/frontend/node_modules/.pnpm/@vitest+runner@3.2.4/node_modules/@vitest/runner/dist/chunk-hooks.js:752:26\n    at file:///home/omar/Documents/ruleIQ/frontend/node_modules/.pnpm/@vitest+runner@3.2.4/node_modules/@vitest/runner/dist/chunk-hooks.js:1897:20\n    at new Promise (<anonymous>)\n    at runWithTimeout (file:///home/omar/Documents/ruleIQ/frontend/node_modules/.pnpm/@vitest+runner@3.2.4/node_modules/@vitest/runner/dist/chunk-hooks.js:1863:10)\n    at runTest (file:///home/omar/Documents/ruleIQ/frontend/node_modules/.pnpm/@vitest+runner@3.2.4/node_modules/@vitest/runner/dist/chunk-hooks.js:1574:12)"
          ],
          "meta": {}
        },
        {
          "ancestorTitles": ["AI Assessment Flow Integration"],
          "fullName": "AI Assessment Flow Integration integrates AI help tooltip with assessment flow",
          "status": "failed",
          "title": "integrates AI help tooltip with assessment flow",
          "duration": 0.6369759999997768,
          "failureMessages": [
            "TypeError: Cannot redefine property: clipboard\n    at Function.defineProperty (<anonymous>)\n    at attachClipboardStubToView (file:///home/omar/Documents/ruleIQ/frontend/node_modules/.pnpm/@testing-library+user-event@14.6.1_@testing-library+dom@10.4.0/node_modules/@testing-library/user-event/dist/esm/utils/dataTransfer/Clipboard.js:108:12)\n    at Object.setupMain [as setup] (file:///home/omar/Documents/ruleIQ/frontend/node_modules/.pnpm/@testing-library+user-event@14.6.1_@testing-library+dom@10.4.0/node_modules/@testing-library/user-event/dist/esm/setup/setup.js:56:5)\n    at /home/omar/Documents/ruleIQ/frontend/tests/integration/ai-assessment-flow.test.tsx:418:28\n    at file:///home/omar/Documents/ruleIQ/frontend/node_modules/.pnpm/@vitest+runner@3.2.4/node_modules/@vitest/runner/dist/chunk-hooks.js:155:11\n    at file:///home/omar/Documents/ruleIQ/frontend/node_modules/.pnpm/@vitest+runner@3.2.4/node_modules/@vitest/runner/dist/chunk-hooks.js:752:26\n    at file:///home/omar/Documents/ruleIQ/frontend/node_modules/.pnpm/@vitest+runner@3.2.4/node_modules/@vitest/runner/dist/chunk-hooks.js:1897:20\n    at new Promise (<anonymous>)\n    at runWithTimeout (file:///home/omar/Documents/ruleIQ/frontend/node_modules/.pnpm/@vitest+runner@3.2.4/node_modules/@vitest/runner/dist/chunk-hooks.js:1863:10)\n    at runTest (file:///home/omar/Documents/ruleIQ/frontend/node_modules/.pnpm/@vitest+runner@3.2.4/node_modules/@vitest/runner/dist/chunk-hooks.js:1574:12)"
          ],
          "meta": {}
        },
        {
          "ancestorTitles": ["AI Assessment Flow Integration"],
          "fullName": "AI Assessment Flow Integration handles concurrent AI requests without race conditions",
          "status": "failed",
          "title": "handles concurrent AI requests without race conditions",
          "duration": 0.6090409999997064,
          "failureMessages": [
            "TypeError: Cannot redefine property: clipboard\n    at Function.defineProperty (<anonymous>)\n    at attachClipboardStubToView (file:///home/omar/Documents/ruleIQ/frontend/node_modules/.pnpm/@testing-library+user-event@14.6.1_@testing-library+dom@10.4.0/node_modules/@testing-library/user-event/dist/esm/utils/dataTransfer/Clipboard.js:108:12)\n    at Object.setupMain [as setup] (file:///home/omar/Documents/ruleIQ/frontend/node_modules/.pnpm/@testing-library+user-event@14.6.1_@testing-library+dom@10.4.0/node_modules/@testing-library/user-event/dist/esm/setup/setup.js:56:5)\n    at /home/omar/Documents/ruleIQ/frontend/tests/integration/ai-assessment-flow.test.tsx:447:28\n    at file:///home/omar/Documents/ruleIQ/frontend/node_modules/.pnpm/@vitest+runner@3.2.4/node_modules/@vitest/runner/dist/chunk-hooks.js:155:11\n    at file:///home/omar/Documents/ruleIQ/frontend/node_modules/.pnpm/@vitest+runner@3.2.4/node_modules/@vitest/runner/dist/chunk-hooks.js:752:26\n    at file:///home/omar/Documents/ruleIQ/frontend/node_modules/.pnpm/@vitest+runner@3.2.4/node_modules/@vitest/runner/dist/chunk-hooks.js:1897:20\n    at new Promise (<anonymous>)\n    at runWithTimeout (file:///home/omar/Documents/ruleIQ/frontend/node_modules/.pnpm/@vitest+runner@3.2.4/node_modules/@vitest/runner/dist/chunk-hooks.js:1863:10)\n    at runTest (file:///home/omar/Documents/ruleIQ/frontend/node_modules/.pnpm/@vitest+runner@3.2.4/node_modules/@vitest/runner/dist/chunk-hooks.js:1574:12)"
          ],
          "meta": {}
        },
        {
          "ancestorTitles": ["AI Assessment Flow Integration"],
          "fullName": "AI Assessment Flow Integration maintains assessment state during AI interactions",
          "status": "failed",
          "title": "maintains assessment state during AI interactions",
          "duration": 0.6135900000008405,
          "failureMessages": [
            "TypeError: Cannot redefine property: clipboard\n    at Function.defineProperty (<anonymous>)\n    at attachClipboardStubToView (file:///home/omar/Documents/ruleIQ/frontend/node_modules/.pnpm/@testing-library+user-event@14.6.1_@testing-library+dom@10.4.0/node_modules/@testing-library/user-event/dist/esm/utils/dataTransfer/Clipboard.js:108:12)\n    at Object.setupMain [as setup] (file:///home/omar/Documents/ruleIQ/frontend/node_modules/.pnpm/@testing-library+user-event@14.6.1_@testing-library+dom@10.4.0/node_modules/@testing-library/user-event/dist/esm/setup/setup.js:56:5)\n    at /home/omar/Documents/ruleIQ/frontend/tests/integration/ai-assessment-flow.test.tsx:482:28\n    at file:///home/omar/Documents/ruleIQ/frontend/node_modules/.pnpm/@vitest+runner@3.2.4/node_modules/@vitest/runner/dist/chunk-hooks.js:155:11\n    at file:///home/omar/Documents/ruleIQ/frontend/node_modules/.pnpm/@vitest+runner@3.2.4/node_modules/@vitest/runner/dist/chunk-hooks.js:752:26\n    at file:///home/omar/Documents/ruleIQ/frontend/node_modules/.pnpm/@vitest+runner@3.2.4/node_modules/@vitest/runner/dist/chunk-hooks.js:1897:20\n    at new Promise (<anonymous>)\n    at runWithTimeout (file:///home/omar/Documents/ruleIQ/frontend/node_modules/.pnpm/@vitest+runner@3.2.4/node_modules/@vitest/runner/dist/chunk-hooks.js:1863:10)\n    at runTest (file:///home/omar/Documents/ruleIQ/frontend/node_modules/.pnpm/@vitest+runner@3.2.4/node_modules/@vitest/runner/dist/chunk-hooks.js:1574:12)"
          ],
          "meta": {}
        },
        {
          "ancestorTitles": ["AI Assessment Flow Integration"],
          "fullName": "AI Assessment Flow Integration generates AI recommendations at assessment completion",
          "status": "failed",
          "title": "generates AI recommendations at assessment completion",
          "duration": 0.6051530000004277,
          "failureMessages": [
            "TypeError: Cannot redefine property: clipboard\n    at Function.defineProperty (<anonymous>)\n    at attachClipboardStubToView (file:///home/omar/Documents/ruleIQ/frontend/node_modules/.pnpm/@testing-library+user-event@14.6.1_@testing-library+dom@10.4.0/node_modules/@testing-library/user-event/dist/esm/utils/dataTransfer/Clipboard.js:108:12)\n    at Object.setupMain [as setup] (file:///home/omar/Documents/ruleIQ/frontend/node_modules/.pnpm/@testing-library+user-event@14.6.1_@testing-library+dom@10.4.0/node_modules/@testing-library/user-event/dist/esm/setup/setup.js:56:5)\n    at /home/omar/Documents/ruleIQ/frontend/tests/integration/ai-assessment-flow.test.tsx:526:28\n    at file:///home/omar/Documents/ruleIQ/frontend/node_modules/.pnpm/@vitest+runner@3.2.4/node_modules/@vitest/runner/dist/chunk-hooks.js:155:11\n    at file:///home/omar/Documents/ruleIQ/frontend/node_modules/.pnpm/@vitest+runner@3.2.4/node_modules/@vitest/runner/dist/chunk-hooks.js:752:26\n    at file:///home/omar/Documents/ruleIQ/frontend/node_modules/.pnpm/@vitest+runner@3.2.4/node_modules/@vitest/runner/dist/chunk-hooks.js:1897:20\n    at new Promise (<anonymous>)\n    at runWithTimeout (file:///home/omar/Documents/ruleIQ/frontend/node_modules/.pnpm/@vitest+runner@3.2.4/node_modules/@vitest/runner/dist/chunk-hooks.js:1863:10)\n    at runTest (file:///home/omar/Documents/ruleIQ/frontend/node_modules/.pnpm/@vitest+runner@3.2.4/node_modules/@vitest/runner/dist/chunk-hooks.js:1574:12)"
          ],
          "meta": {}
        },
        {
          "ancestorTitles": ["AI Assessment Flow Integration"],
          "fullName": "AI Assessment Flow Integration works without AI when disabled",
          "status": "failed",
          "title": "works without AI when disabled",
          "duration": 0.6023480000003474,
          "failureMessages": [
            "TypeError: Cannot redefine property: clipboard\n    at Function.defineProperty (<anonymous>)\n    at attachClipboardStubToView (file:///home/omar/Documents/ruleIQ/frontend/node_modules/.pnpm/@testing-library+user-event@14.6.1_@testing-library+dom@10.4.0/node_modules/@testing-library/user-event/dist/esm/utils/dataTransfer/Clipboard.js:108:12)\n    at Object.setupMain [as setup] (file:///home/omar/Documents/ruleIQ/frontend/node_modules/.pnpm/@testing-library+user-event@14.6.1_@testing-library+dom@10.4.0/node_modules/@testing-library/user-event/dist/esm/setup/setup.js:56:5)\n    at /home/omar/Documents/ruleIQ/frontend/tests/integration/ai-assessment-flow.test.tsx:563:28\n    at file:///home/omar/Documents/ruleIQ/frontend/node_modules/.pnpm/@vitest+runner@3.2.4/node_modules/@vitest/runner/dist/chunk-hooks.js:155:11\n    at file:///home/omar/Documents/ruleIQ/frontend/node_modules/.pnpm/@vitest+runner@3.2.4/node_modules/@vitest/runner/dist/chunk-hooks.js:752:26\n    at file:///home/omar/Documents/ruleIQ/frontend/node_modules/.pnpm/@vitest+runner@3.2.4/node_modules/@vitest/runner/dist/chunk-hooks.js:1897:20\n    at new Promise (<anonymous>)\n    at runWithTimeout (file:///home/omar/Documents/ruleIQ/frontend/node_modules/.pnpm/@vitest+runner@3.2.4/node_modules/@vitest/runner/dist/chunk-hooks.js:1863:10)\n    at runTest (file:///home/omar/Documents/ruleIQ/frontend/node_modules/.pnpm/@vitest+runner@3.2.4/node_modules/@vitest/runner/dist/chunk-hooks.js:1574:12)"
          ],
          "meta": {}
        }
      ],
      "startTime": 1752566683871,
      "endTime": 1752566683878.6052,
      "status": "failed",
      "message": "",
      "name": "/home/omar/Documents/ruleIQ/frontend/tests/integration/ai-assessment-flow.test.tsx"
    },
    {
      "assertionResults": [],
      "startTime": 1752566674695,
      "endTime": 1752566674695,
      "status": "failed",
      "message": "Failed to resolve import \"@/components/auth/auth-provider\" from \"tests/integration/auth-flow.test.tsx\". Does the file exist?",
      "name": "/home/omar/Documents/ruleIQ/frontend/tests/integration/auth-flow.test.tsx"
    },
    {
      "assertionResults": [],
      "startTime": 1752566674695,
      "endTime": 1752566674695,
      "status": "failed",
      "message": "Transform failed with 1 error:\n/home/omar/Documents/ruleIQ/frontend/tests/integration/user-workflows.test.tsx:659:25: ERROR: \"await\" can only be used inside an \"async\" function",
      "name": "/home/omar/Documents/ruleIQ/frontend/tests/integration/user-workflows.test.tsx"
    },
    {
      "assertionResults": [
        {
          "ancestorTitles": ["AuthService", "login"],
          "fullName": "AuthService login should login successfully with valid credentials",
          "status": "passed",
          "title": "should login successfully with valid credentials",
          "duration": 2.8093929999995453,
          "failureMessages": [],
          "meta": {}
        },
        {
          "ancestorTitles": ["AuthService", "login"],
          "fullName": "AuthService login should throw error for invalid credentials",
          "status": "passed",
          "title": "should throw error for invalid credentials",
          "duration": 1.2106169999970007,
          "failureMessages": [],
          "meta": {}
        },
        {
          "ancestorTitles": ["AuthService", "login"],
          "fullName": "AuthService login should handle network errors",
          "status": "passed",
          "title": "should handle network errors",
          "duration": 1.2290429999993648,
          "failureMessages": [],
          "meta": {}
        },
        {
          "ancestorTitles": ["AuthService", "register"],
          "fullName": "AuthService register should register new user successfully",
          "status": "passed",
          "title": "should register new user successfully",
          "duration": 1.2677280000025348,
          "failureMessages": [],
          "meta": {}
        },
        {
          "ancestorTitles": ["AuthService", "register"],
          "fullName": "AuthService register should handle duplicate email error",
          "status": "passed",
          "title": "should handle duplicate email error",
          "duration": 1.6874489999972866,
          "failureMessages": [],
          "meta": {}
        },
        {
          "ancestorTitles": ["AuthService", "logout"],
          "fullName": "AuthService logout should logout successfully",
          "status": "passed",
          "title": "should logout successfully",
          "duration": 2.6069569999999658,
          "failureMessages": [],
          "meta": {}
        },
        {
          "ancestorTitles": ["AuthService", "logout"],
          "fullName": "AuthService logout should handle logout errors gracefully",
          "status": "passed",
          "title": "should handle logout errors gracefully",
          "duration": 2.003566999999748,
          "failureMessages": [],
          "meta": {}
        },
        {
          "ancestorTitles": ["AuthService", "refreshToken"],
          "fullName": "AuthService refreshToken should refresh token successfully",
          "status": "passed",
          "title": "should refresh token successfully",
          "duration": 0.9777020000001357,
          "failureMessages": [],
          "meta": {}
        },
        {
          "ancestorTitles": ["AuthService", "refreshToken"],
          "fullName": "AuthService refreshToken should handle expired refresh token",
          "status": "passed",
          "title": "should handle expired refresh token",
          "duration": 0.8508430000001681,
          "failureMessages": [],
          "meta": {}
        },
        {
          "ancestorTitles": ["AuthService", "getCurrentUser"],
          "fullName": "AuthService getCurrentUser should get current user successfully",
          "status": "passed",
          "title": "should get current user successfully",
          "duration": 0.8096430000005057,
          "failureMessages": [],
          "meta": {}
        },
        {
          "ancestorTitles": ["AuthService", "getCurrentUser"],
          "fullName": "AuthService getCurrentUser should handle unauthorized access",
          "status": "passed",
          "title": "should handle unauthorized access",
          "duration": 0.8183099999987462,
          "failureMessages": [],
          "meta": {}
        },
        {
          "ancestorTitles": ["AuthService", "requestPasswordReset"],
          "fullName": "AuthService requestPasswordReset should request password reset successfully",
          "status": "passed",
          "title": "should request password reset successfully",
          "duration": 0.8169769999985874,
          "failureMessages": [],
          "meta": {}
        },
        {
          "ancestorTitles": ["AuthService", "requestPasswordReset"],
          "fullName": "AuthService requestPasswordReset should handle non-existent email",
          "status": "passed",
          "title": "should handle non-existent email",
          "duration": 2.2768319999995583,
          "failureMessages": [],
          "meta": {}
        },
        {
          "ancestorTitles": ["AuthService", "resetPassword"],
          "fullName": "AuthService resetPassword should reset password successfully",
          "status": "passed",
          "title": "should reset password successfully",
          "duration": 0.8713040000002366,
          "failureMessages": [],
          "meta": {}
        },
        {
          "ancestorTitles": ["AuthService", "resetPassword"],
          "fullName": "AuthService resetPassword should handle invalid reset token",
          "status": "passed",
          "title": "should handle invalid reset token",
          "duration": 1.2395130000004428,
          "failureMessages": [],
          "meta": {}
        },
        {
          "ancestorTitles": ["AuthService", "verifyEmail"],
          "fullName": "AuthService verifyEmail should verify email successfully",
          "status": "passed",
          "title": "should verify email successfully",
          "duration": 1.1349589999990712,
          "failureMessages": [],
          "meta": {}
        },
        {
          "ancestorTitles": ["AuthService", "verifyEmail"],
          "fullName": "AuthService verifyEmail should handle invalid verification token",
          "status": "passed",
          "title": "should handle invalid verification token",
          "duration": 1.037066999997478,
          "failureMessages": [],
          "meta": {}
        },
        {
          "ancestorTitles": ["AuthService", "updateProfile"],
          "fullName": "AuthService updateProfile should update user profile successfully",
          "status": "passed",
          "title": "should update user profile successfully",
          "duration": 0.9257499999985157,
          "failureMessages": [],
          "meta": {}
        },
        {
          "ancestorTitles": ["AuthService", "changePassword"],
          "fullName": "AuthService changePassword should change password successfully",
          "status": "passed",
          "title": "should change password successfully",
          "duration": 0.8342510000002221,
          "failureMessages": [],
          "meta": {}
        },
        {
          "ancestorTitles": ["AuthService", "changePassword"],
          "fullName": "AuthService changePassword should handle incorrect current password",
          "status": "passed",
          "title": "should handle incorrect current password",
          "duration": 0.8676570000025094,
          "failureMessages": [],
          "meta": {}
        }
      ],
      "startTime": 1752566701767,
      "endTime": 1752566701793.8677,
      "status": "passed",
      "message": "",
      "name": "/home/omar/Documents/ruleIQ/frontend/tests/services/auth.service.test.ts"
    },
    {
      "assertionResults": [
        {
          "ancestorTitles": ["Auth Store"],
          "fullName": "Auth Store has correct initial state",
          "status": "passed",
          "title": "has correct initial state",
          "duration": 3.4780210000026273,
          "failureMessages": [],
          "meta": {}
        },
        {
          "ancestorTitles": ["Auth Store"],
          "fullName": "Auth Store sets loading state correctly",
          "status": "passed",
          "title": "sets loading state correctly",
          "duration": 3.573867999999493,
          "failureMessages": [],
          "meta": {}
        },
        {
          "ancestorTitles": ["Auth Store"],
          "fullName": "Auth Store sets error state correctly",
          "status": "passed",
          "title": "sets error state correctly",
          "duration": 4.805765999997675,
          "failureMessages": [],
          "meta": {}
        },
        {
          "ancestorTitles": ["Auth Store"],
          "fullName": "Auth Store sets user on login success",
          "status": "passed",
          "title": "sets user on login success",
          "duration": 2.466521999998804,
          "failureMessages": [],
          "meta": {}
        },
        {
          "ancestorTitles": ["Auth Store"],
          "fullName": "Auth Store clears state on logout",
          "status": "passed",
          "title": "clears state on logout",
          "duration": 1.9232000000010885,
          "failureMessages": [],
          "meta": {}
        },
        {
          "ancestorTitles": ["Auth Store"],
          "fullName": "Auth Store updates user profile correctly",
          "status": "passed",
          "title": "updates user profile correctly",
          "duration": 1.5660819999975502,
          "failureMessages": [],
          "meta": {}
        }
      ],
      "startTime": 1752566701883,
      "endTime": 1752566701900.5662,
      "status": "passed",
      "message": "",
      "name": "/home/omar/Documents/ruleIQ/frontend/tests/stores/auth.store.test.ts"
    },
    {
      "assertionResults": [
        {
          "ancestorTitles": ["Business Profile Store", "Initial State"],
          "fullName": "Business Profile Store Initial State should have correct initial state",
          "status": "passed",
          "title": "should have correct initial state",
          "duration": 2.276771999997436,
          "failureMessages": [],
          "meta": {}
        },
        {
          "ancestorTitles": ["Business Profile Store", "Profile Management"],
          "fullName": "Business Profile Store Profile Management should update form data correctly",
          "status": "passed",
          "title": "should update form data correctly",
          "duration": 0.9176550000011048,
          "failureMessages": [],
          "meta": {}
        },
        {
          "ancestorTitles": ["Business Profile Store", "Profile Management"],
          "fullName": "Business Profile Store Profile Management should clear profile correctly",
          "status": "passed",
          "title": "should clear profile correctly",
          "duration": 1.1440270000020973,
          "failureMessages": [],
          "meta": {}
        },
        {
          "ancestorTitles": ["Business Profile Store", "Profile Management"],
          "fullName": "Business Profile Store Profile Management should update profile fields",
          "status": "passed",
          "title": "should update profile fields",
          "duration": 1.2790809999969497,
          "failureMessages": [],
          "meta": {}
        },
        {
          "ancestorTitles": ["Business Profile Store", "Loading States"],
          "fullName": "Business Profile Store Loading States should set loading state correctly",
          "status": "passed",
          "title": "should set loading state correctly",
          "duration": 2.972492000000784,
          "failureMessages": [],
          "meta": {}
        },
        {
          "ancestorTitles": ["Business Profile Store", "Loading States"],
          "fullName": "Business Profile Store Loading States should set error state correctly",
          "status": "passed",
          "title": "should set error state correctly",
          "duration": 0.9388550000003306,
          "failureMessages": [],
          "meta": {}
        },
        {
          "ancestorTitles": ["Business Profile Store", "Form Data Management"],
          "fullName": "Business Profile Store Form Data Management should update form data correctly",
          "status": "passed",
          "title": "should update form data correctly",
          "duration": 0.7715289999978268,
          "failureMessages": [],
          "meta": {}
        },
        {
          "ancestorTitles": ["Business Profile Store", "Form Data Management"],
          "fullName": "Business Profile Store Form Data Management should merge form data updates",
          "status": "passed",
          "title": "should merge form data updates",
          "duration": 0.7580629999974917,
          "failureMessages": [],
          "meta": {}
        },
        {
          "ancestorTitles": ["Business Profile Store", "Form Data Management"],
          "fullName": "Business Profile Store Form Data Management should clear form data",
          "status": "passed",
          "title": "should clear form data",
          "duration": 0.8606429999999818,
          "failureMessages": [],
          "meta": {}
        },
        {
          "ancestorTitles": ["Business Profile Store", "Wizard Steps"],
          "fullName": "Business Profile Store Wizard Steps should navigate to next step",
          "status": "passed",
          "title": "should navigate to next step",
          "duration": 0.8041230000017094,
          "failureMessages": [],
          "meta": {}
        },
        {
          "ancestorTitles": ["Business Profile Store", "Wizard Steps"],
          "fullName": "Business Profile Store Wizard Steps should navigate to previous step",
          "status": "passed",
          "title": "should navigate to previous step",
          "duration": 0.7732620000024326,
          "failureMessages": [],
          "meta": {}
        },
        {
          "ancestorTitles": ["Business Profile Store", "Wizard Steps"],
          "fullName": "Business Profile Store Wizard Steps should not go below step 1",
          "status": "passed",
          "title": "should not go below step 1",
          "duration": 0.6985460000032617,
          "failureMessages": [],
          "meta": {}
        },
        {
          "ancestorTitles": ["Business Profile Store", "Wizard Steps"],
          "fullName": "Business Profile Store Wizard Steps should set specific step",
          "status": "passed",
          "title": "should set specific step",
          "duration": 0.7414299999982177,
          "failureMessages": [],
          "meta": {}
        },
        {
          "ancestorTitles": ["Business Profile Store", "Async Actions"],
          "fullName": "Business Profile Store Async Actions should load profile successfully",
          "status": "passed",
          "title": "should load profile successfully",
          "duration": 0.8759620000018913,
          "failureMessages": [],
          "meta": {}
        },
        {
          "ancestorTitles": ["Business Profile Store", "Async Actions"],
          "fullName": "Business Profile Store Async Actions should handle load profile error",
          "status": "passed",
          "title": "should handle load profile error",
          "duration": 0.8119780000015453,
          "failureMessages": [],
          "meta": {}
        },
        {
          "ancestorTitles": ["Business Profile Store", "Async Actions"],
          "fullName": "Business Profile Store Async Actions should save profile successfully",
          "status": "passed",
          "title": "should save profile successfully",
          "duration": 0.9197480000002543,
          "failureMessages": [],
          "meta": {}
        },
        {
          "ancestorTitles": ["Business Profile Store", "Async Actions"],
          "fullName": "Business Profile Store Async Actions should handle save profile error",
          "status": "passed",
          "title": "should handle save profile error",
          "duration": 0.7907259999992675,
          "failureMessages": [],
          "meta": {}
        },
        {
          "ancestorTitles": ["Business Profile Store", "Computed Properties"],
          "fullName": "Business Profile Store Computed Properties should calculate completion status correctly",
          "status": "passed",
          "title": "should calculate completion status correctly",
          "duration": 2.201524000000063,
          "failureMessages": [],
          "meta": {}
        },
        {
          "ancestorTitles": ["Business Profile Store", "Computed Properties"],
          "fullName": "Business Profile Store Computed Properties should validate form data completeness",
          "status": "passed",
          "title": "should validate form data completeness",
[...]
          ],
          "meta": {}
        },
        {
          "ancestorTitles": ["AssessmentWizard", "Submission"],
          "fullName": "AssessmentWizard Submission should show complete assessment button on last question",
          "status": "passed",
          "title": "should show complete assessment button on last question",
          "duration": 14.300741000000016,
          "failureMessages": [],
          "meta": {}
        },
        {
          "ancestorTitles": ["AssessmentWizard", "Submission"],
          "fullName": "AssessmentWizard Submission should call onComplete callback after successful submission",
          "status": "failed",
          "title": "should call onComplete callback after successful submission",
          "duration": 1019.8552950000003,
          "failureMessages": [
            "AssertionError: expected \"spy\" to be called at least once\n\nIgnored nodes: comments, script, style\n\u001b[36m<html\u001b[39m\n  \u001b[33mclass\u001b[39m=\u001b[32m\"light\"\u001b[39m\n  \u001b[33mstyle\u001b[39m=\u001b[32m\"color-scheme: light;\"\u001b[39m\n\u001b[36m>\u001b[39m\n  \u001b[36m<head />\u001b[39m\n  \u001b[36m<body>\u001b[39m\n    \u001b[36m<div>\u001b[39m\n      \u001b[36m<div\u001b[39m\n        \u001b[33mclass\u001b[39m=\u001b[32m\"mx-auto max-w-4xl space-y-6\"\u001b[39m\n      \u001b[36m>\u001b[39m\n        \u001b[36m<div\u001b[39m\n          \u001b[33mclass\u001b[39m=\u001b[32m\"flex items-center justify-between\"\u001b[39m\n        \u001b[36m>\u001b[39m\n          \u001b[36m<div>\u001b[39m\n            \u001b[36m<h1\u001b[39m\n              \u001b[33mclass\u001b[39m=\u001b[32m\"text-2xl font-bold text-navy\"\u001b[39m\n            \u001b[36m>\u001b[39m\n              \u001b[0mGDPR Compliance Assessment\u001b[0m\n            \u001b[36m</h1>\u001b[39m\n            \u001b[36m<p\u001b[39m\n              \u001b[33mclass\u001b[39m=\u001b[32m\"text-muted-foreground\"\u001b[39m\n            \u001b[36m>\u001b[39m\n              \u001b[0mTest assessment framework\u001b[0m\n            \u001b[36m</p>\u001b[39m\n          \u001b[36m</div>\u001b[39m\n          \u001b[36m<div\u001b[39m\n            \u001b[33mclass\u001b[39m=\u001b[32m\"flex items-center gap-2\"\u001b[39m\n          \u001b[36m>\u001b[39m\n            \u001b[36m<button\u001b[39m\n              \u001b[33maria-busy\u001b[39m=\u001b[32m\"false\"\u001b[39m\n              \u001b[33mclass\u001b[39m=\u001b[32m\"inline-flex items-center justify-center gap-2 whitespace-nowrap rounded-lg font-medium transition-all duration-200 focus-visible:outline-none focus-visible:ring-2 focus-visible:ring-teal-600 focus-visible:ring-offset-2 disabled:pointer-events-none disabled:opacity-50 [&_svg]:pointer-events-none [&_svg]:size-4 [&_svg]:shrink-0 border border-teal-600 text-teal-600 hover:bg-teal-50 hover:text-teal-700 h-8 px-3 text-xs\"\u001b[39m\n            \u001b[36m>\u001b[39m\n              \u001b[36m<svg\u001b[39m\n                \u001b[33mclass\u001b[39m=\u001b[32m\"lucide lucide-save mr-2 h-4 w-4\"\u001b[39m\n                \u001b[33mfill\u001b[39m=\u001b[32m\"none\"\u001b[39m\n                \u001b[33mheight\u001b[39m=\u001b[32m\"24\"\u001b[39m\n                \u001b[33mstroke\u001b[39m=\u001b[32m\"currentColor\"\u001b[39m\n                \u001b[33mstroke-linecap\u001b[39m=\u001b[32m\"round\"\u001b[39m\n                \u001b[33mstroke-linejoin\u001b[39m=\u001b[32m\"round\"\u001b[39m\n                \u001b[33mstroke-width\u001b[39m=\u001b[32m\"2\"\u001b[39m\n                \u001b[33mviewBox\u001b[39m=\u001b[32m\"0 0 24 24\"\u001b[39m\n                \u001b[33mwidth\u001b[39m=\u001b[32m\"24\"\u001b[39m\n                \u001b[33mxmlns\u001b[39m=\u001b[32m\"http://www.w3.org/2000/svg\"\u001b[39m\n              \u001b[36m>\u001b[39m\n                \u001b[36m<path\u001b[39m\n                  \u001b[33md\u001b[39m=\u001b[32m\"M15.2 3a2 2 0 0 1 1.4.6l3.8 3.8a2 2 0 0 1 .6 1.4V19a2 2 0 0 1-2 2H5a2 2 0 0 1-2-2V5a2 2 0 0 1 2-2z\"\u001b[39m\n                \u001b[36m/>\u001b[39m\n                \u001b[36m<path\u001b[39m\n                  \u001b[33md\u001b[39m=\u001b[32m\"M17 21v-7a1 1 0 0 0-1-1H8a1 1 0 0 0-1 1v7\"\u001b[39m\n                \u001b[36m/>\u001b[39m\n                \u001b[36m<path\u001b[39m\n                  \u001b[33md\u001b[39m=\u001b[32m\"M7 3v4a1 1 0 0 0 1 1h7\"\u001b[39m\n                \u001b[36m/>\u001b[39m\n              \u001b[36m</svg>\u001b[39m\n              \u001b[0mSave Progress\u001b[0m\n            \u001b[36m</button>\u001b[39m\n            \u001b[36m<button\u001b[39m\n              \u001b[33maria-busy\u001b[39m=\u001b[32m\"false\"\u001b[39m\n              \u001b[33mclass\u001b[39m=\u001b[32m\"inline-flex items-center justify-center gap-2 whitespace-nowrap rounded-lg font-medium transition-all duration-200 focus-visible:outline-none focus-visible:ring-2 focus-visible:ring-teal-600 focus-visible:ring-offset-2 disabled:pointer-events-none disabled:opacity-50 [&_svg]:pointer-events-none [&_svg]:size-4 [&_svg]:shrink-0 text-neutral-600 hover:bg-neutral-50 hover:text-neutral-900 h-8 px-3 text-xs\"\u001b[39m\n            \u001b[36m>\u001b[39m\n              \u001b[0mExit\u001b[0m\n            \u001b[36m</button>\u001b[39m\n          \u001b[36m</div>\u001b[39m\n        \u001b[36m</div>\u001b[39m\n        \u001b[36m<div\u001b[39m\n          \u001b[33mdata-testid\u001b[39m=\u001b[32m\"progress-tracker\"\u001b[39m\n        \u001b[36m>\u001b[39m\n          \u001b[0mProgress: \u001b[0m\n          \u001b[0m2\u001b[0m\n          \u001b[0m/\u001b[0m\n          \u001b[0m2\u001b[0m\n        \u001b[36m</div>\u001b[39m\n        \u001b[36m<div\u001b[39m\n          \u001b[33mclass\u001b[39m=\u001b[32m\"rounded-xl border bg-white text-neutral-900 transition-shadow duration-200 hover:shadow-md border-neutral-200 shadow-lg\"\u001b[39m\n        \u001b[36m>\u001b[39m\n          \u001b[36m<div\u001b[39m\n            \u001b[33mclass\u001b[39m=\u001b[32m\"flex flex-col space-y-1.5 p-6\"\u001b[39m\n          \u001b[36m>\u001b[39m\n            \u001b[36m<div\u001b[39m\n              \u001b[33mclass\u001b[39m=\u001b[32m\"flex items-center justify-between\"\u001b[39m\n            \u001b[36m>\u001b[39m\n              \u001b[36m<div>\u001b[39m\n                \u001b[36m<div\u001b[39m\n                  \u001b[33mclass\u001b[39m=\u001b[32m\"text-2xl font-semibold leading-none tracking-tight\"\u001b[39m\n                \u001b[36m>\u001b[39m\n                  \u001b[0mData Processing\u001b[0m\n                \u001b[36m</div>\u001b[39m\n                \u001b[36m<div\u001b[39m\n                  \u001b[33mclass\u001b[39m=\u001b[32m\"text-sm text-neutral-600\"\u001b[39m\n                \u001b[36m>\u001b[39m\n                  \u001b[0mTest section\u001b[0m\n                \u001b[36m</div>\u001b[39m\n              \u001b[36m</div>\u001b[39m\n              \u001b[36m<div\u001b[39m\n                \u001b[33mclass\u001b[39m=\u001b[32m\"text-sm text-muted-foreground\"\u001b[39m\n              \u001b[36m>\u001b[39m\n                \u001b[0mQuestion \u001b[0m\n                \u001b[0m2\u001b[0m\n                \u001b[0m of \u001b[0m\n                \u001b[0m2\u001b[0m\n              \u001b[36m</div>\u001b[39m\n            \u001b[36m</div>\u001b[39m\n            \u001b[36m<div\u001b[39m\n              \u001b[33maria-valuemax\u001b[39m=\u001b[32m\"100\"\u001b[39m\n              \u001b[33maria-valuemin\u001b[39m=\u001b[32m\"0\"\u001b[39m\n              \u001b[33mclass\u001b[39m=\u001b[32m\"relative h-4 w-full overflow-hidden rounded-full bg-neutral-200 mt-4\"\u001b[39m\n              \u001b[33mdata-max\u001b[39m=\u001b[32m\"100\"\u001b[39m\n              \u001b[33mdata-state\u001b[39m=\u001b[32m\"indeterminate\"\u001b[39m\n              \u001b[33mrole\u001b[39m=\u001b[32m\"progressbar\"\u001b[39m\n            \u001b[36m>\u001b[39m\n              \u001b[36m<div\u001b[39m\n                \u001b[33mclass\u001b[39m=\u001b[32m\"h-full w-full flex-1 bg-teal-600 transition-all\"\u001b[39m\n                \u001b[33mdata-max\u001b[39m=\u001b[32m\"100\"\u001b[39m\n                \u001b[33mdata-state\u001b[39m=\u001b[32m\"indeterminate\"\u001b[39m\n                \u001b[33mstyle\u001b[39m=\u001b[32m\"transform: translateX(-100%);\"\u001b[39m\n              \u001b[36m/>\u001b[39m\n            \u001b[36m</div>\u001b[39m\n          \u001b[36m</div>\u001b[39m\n          \u001b[36m<div\u001b[39m\n            \u001b[33mclass\u001b[39m=\u001b[32m\"p-6 pt-0\"\u001b[39m\n          \u001b[36m>\u001b[39m\n            \u001b[36m<div\u001b[39m\n              \u001b[33manimate\u001b[39m=\u001b[32m\"[object Object]\"\u001b[39m\n              \u001b[33mexit\u001b[39m=\u001b[32m\"[object Object]\"\u001b[39m\n              \u001b[33minitial\u001b[39m=\u001b[32m\"[object Object]\"\u001b[39m\n              \u001b[33mtransition\u001b[39m=\u001b[32m\"[object Object]\"\u001b[39m\n            \u001b[36m>\u001b[39m\n              \u001b[36m<div\u001b[39m\n                \u001b[33mdata-testid\u001b[39m=\u001b[32m\"question-renderer\"\u001b[39m\n              \u001b[36m>\u001b[39m\n                \u001b[36m<div>\u001b[39m\n                  \u001b[0mDo you process personal data?\u001b[0m\n                \u001b[36m</div>\u001b[39m\n                \u001b[36m<input\u001b[39m\n                  \u001b[33mdata-testid\u001b[39m=\u001b[32m\"question-input\"\u001b[39m\n                  \u001b[33mtype\u001b[39m=\u001b[32m\"text\"\u001b[39m\n                \u001b[36m/>\u001b[39m\n              \u001b[36m</div>\u001b[39m\n            \u001b[36m</div>\u001b[39m\n            \u001b[36m<div\u001b[39m\n              \u001b[33mclass\u001b[39m=\u001b[32m\"mt-8 flex items-center justify-between\"\u001b[39m\n            \u001b[36m>\u001b[39m\n              \u001b[36m<button\u001b[39m\n                \u001b[33maria-busy\u001b[39m=\u001b[32m\"false\"\u001b[39m\n                \u001b[33mclass\u001b[39m=\u001b[32m\"inline-flex items-center justify-center gap-2 whitespace-nowrap rounded-lg font-medium transition-all duration-200 focus-visible:outline-none focus-visible:ring-2 focus-visible:ring-teal-600 focus-visible:ring-offset-2 disabled:pointer-events-none disabled:opacity-50 [&_svg]:pointer-events-none [&_svg]:size-4 [&_svg]:shrink-0 border border-teal-600 text-teal-600 hover:bg-teal-50 hover:text-teal-700 h-10 px-4 py-2 text-sm\"\u001b[39m\n              \u001b[36m>\u001b[39m\n                \u001b[36m<svg\u001b[39m\n                  \u001b[33mclass\u001b[39m=\u001b[32m\"lucide lucide-chevron-left mr-2 h-4 w-4\"\u001b[39m\n                  \u001b[33mfill\u001b[39m=\u001b[32m\"none\"\u001b[39m\n                  \u001b[33mheight\u001b[39m=\u001b[32m\"24\"\u001b[39m\n                  \u001b[33mstroke\u001b[39m=\u001b[32m\"currentColor\"\u001b[39m\n                  \u001b[33mstroke-linecap\u001b[39m=\u001b[32m\"round\"\u001b[39m\n                  \u001b[33mstroke-linejoin\u001b[39m=\u001b[32m\"round\"\u001b[39m\n                  \u001b[33mstroke-width\u001b[39m=\u001b[32m\"2\"\u001b[39m\n                  \u001b[33mviewBox\u001b[39m=\u001b[32m\"0 0 24 24\"\u001b[39m\n                  \u001b[33mwidth\u001b[39m=\u001b[32m\"24\"\u001b[39m\n                  \u001b[33mxmlns\u001b[39m=\u001b[32m\"http://www.w3.org/2000/svg\"\u001b[39m\n                \u001b[36m>\u001b[39m\n                  \u001b[36m<path\u001b[39m\n                    \u001b[33md\u001b[39m=\u001b[32m\"m15 18-6-6 6-6\"\u001b[39m\n                  \u001b[36m/>\u001b[39m\n                \u001b[36m</svg>\u001b[39m\n                \u001b[0mPrevious\u001b[0m\n              \u001b[36m</button>\u001b[39m\n              \u001b[36m<div\u001b[39m\n                \u001b[33mclass\u001b[39m=\u001b[32m\"flex items-center gap-2\"\u001b[39m\n              \u001b[36m>\u001b[39m\n                \u001b[36m<button\u001b[39m\n                  \u001b[33maria-busy\u001b[39m=\u001b[32m\"false\"\u001b[39m\n                  \u001b[33mclass\u001b[39m=\u001b[32m\"inline-flex items-center justify-center gap-2 whitespace-nowrap rounded-lg font-medium transition-all duration-200 focus-visible:outline-none focus-visible:ring-2 focus-visible:ring-teal-600 focus-visible:ring-offset-2 disabled:pointer-events-none disabled:opacity-50 [&_svg]:pointer-events-none [&_svg]:size-4 [&_svg]:shrink-0 shadow-sm hover:shadow-md h-10 px-4 py-2 text-sm bg-gold text-navy hover:bg-gold-dark\"\u001b[39m\n                  \u001b[33mdisabled\u001b[39m=\u001b[32m\"\"\u001b[39m\n                \u001b[36m>\u001b[39m\n                  \u001b[0mComplete Assessment\u001b[0m\n                  \u001b[36m<svg\u001b[39m\n                    \u001b[33mclass\u001b[39m=\u001b[32m\"lucide lucide-circle-check-big ml-2 h-4 w-4\"\u001b[39m\n                    \u001b[33mfill\u001b[39m=\u001b[32m\"none\"\u001b[39m\n                    \u001b[33mheight\u001b[39m=\u001b[32m\"24\"\u001b[39m\n                    \u001b[33mstroke\u001b[39m=\u001b[32m\"currentColor\"\u001b[39m\n                    \u001b[33mstroke-linecap\u001b[39m=\u001b[32m\"round\"\u001b[39m\n                    \u001b[33mstroke-linejoin\u001b[39m=\u001b[32m\"round\"\u001b[39m\n                    \u001b[33mstroke-width\u001b[39m=\u001b[32m\"2\"\u001b[39m\n                    \u001b[33mviewBox\u001b[39m=\u001b[32m\"0 0 24 24\"\u001b[39m\n                    \u001b[33mwidth\u001b[39m=\u001b[32m\"24\"\u001b[39m\n                    \u001b[33mxmlns\u001b[39m=\u001b[32m\"http://www.w3.org/2000/svg\"\u001b[39m\n                  \u001b[36m>\u001b[39m\n                    \u001b[36m<path\u001b[39m\n                      \u001b[33md\u001b[39m=\u001b[32m\"M21.801 10A10 10 0 1 1 17 3.335\"\u001b[39m\n                    \u001b[36m/>\u001b[39m\n                    \u001b[36m<path\u001b[39m\n                      \u001b[33md\u001b[39m=\u001b[32m\"m9 11 3 3L22 4\"\u001b[39m\n                    \u001b[36m/>\u001b[39m\n                  \u001b[36m</svg>\u001b[39m\n                \u001b[36m</button>\u001b[39m\n              \u001b[36m</div>\u001b[39m\n            \u001b[36m</div>\u001b[39m\n          \u001b[36m</div>\u001b[39m\n        \u001b[36m</div>\u001b[39m\n        \u001b[36m<div\u001b[39m\n          \u001b[33mdata-testid\u001b[39m=\u001b[32m\"assessment-navigation\"\u001b[39m\n        \u001b[36m>\u001b[39m\n          \u001b[36m<button>\u001b[39m\n            \u001b[0mSection \u001b[0m\n            \u001b[0m1\u001b[0m\n          \u001b[36m</button>\u001b[39m\n        \u001b[36m</div>\u001b[39m\n      \u001b[36m</div>\u001b[39m\n    \u001b[36m</div>\u001b[39m\n  \u001b[36m</body>\u001b[39m\n\u001b[36m</html>\u001b[39m\n    at Proxy.<anonymous> (file:///home/omar/Documents/ruleIQ/frontend/node_modules/.pnpm/@vitest+expect@3.2.4/node_modules/@vitest/expect/dist/index.js:1335:10)\n    at Proxy.<anonymous> (file:///home/omar/Documents/ruleIQ/frontend/node_modules/.pnpm/@vitest+expect@3.2.4/node_modules/@vitest/expect/dist/index.js:1029:14)\n    at Proxy.methodWrapper (file:///home/omar/Documents/ruleIQ/frontend/node_modules/.pnpm/chai@5.2.0/node_modules/chai/chai.js:1618:25)\n    at /home/omar/Documents/ruleIQ/frontend/tests/components/features/assessment-wizard.test.tsx:542:45\n    at runWithExpensiveErrorDiagnosticsDisabled (/home/omar/Documents/ruleIQ/frontend/node_modules/.pnpm/@testing-library+dom@10.4.0/node_modules/@testing-library/dom/dist/config.js:47:12)\n    at checkCallback (/home/omar/Documents/ruleIQ/frontend/node_modules/.pnpm/@testing-library+dom@10.4.0/node_modules/@testing-library/dom/dist/wait-for.js:124:77)\n    at Timeout.checkRealTimersCallback (/home/omar/Documents/ruleIQ/frontend/node_modules/.pnpm/@testing-library+dom@10.4.0/node_modules/@testing-library/dom/dist/wait-for.js:118:16)\n    at listOnTimeout (node:internal/timers:594:17)\n    at processTimers (node:internal/timers:529:7)"
          ],
          "meta": {}
        },
        {
          "ancestorTitles": ["AssessmentWizard", "Error Handling"],
          "fullName": "AssessmentWizard Error Handling should display error message when there is an error",
          "status": "passed",
          "title": "should display error message when there is an error",
          "duration": 7.236699999999473,
          "failureMessages": [],
          "meta": {}
        },
        {
          "ancestorTitles": ["AssessmentWizard", "Error Handling"],
          "fullName": "AssessmentWizard Error Handling should call resetAssessment when retry button is clicked",
          "status": "passed",
          "title": "should call resetAssessment when retry button is clicked",
          "duration": 8.759836999999607,
          "failureMessages": [],
          "meta": {}
        },
        {
          "ancestorTitles": ["AssessmentWizard", "Error Handling"],
          "fullName": "AssessmentWizard Error Handling should handle submission errors gracefully",
          "status": "passed",
          "title": "should handle submission errors gracefully",
          "duration": 16.140097999999853,
          "failureMessages": [],
          "meta": {}
        },
        {
          "ancestorTitles": ["AssessmentWizard", "Accessibility"],
          "fullName": "AssessmentWizard Accessibility should have proper ARIA labels",
          "status": "passed",
          "title": "should have proper ARIA labels",
          "duration": 6.6229590000002645,
          "failureMessages": [],
          "meta": {}
        },
        {
          "ancestorTitles": ["AssessmentWizard", "Accessibility"],
          "fullName": "AssessmentWizard Accessibility should support keyboard navigation",
          "status": "passed",
          "title": "should support keyboard navigation",
          "duration": 8.319155999999566,
          "failureMessages": [],
          "meta": {}
        },
        {
          "ancestorTitles": ["AssessmentWizard", "Accessibility"],
          "fullName": "AssessmentWizard Accessibility should announce question changes to screen readers",
          "status": "passed",
          "title": "should announce question changes to screen readers",
          "duration": 7.271867999999813,
          "failureMessages": [],
          "meta": {}
        }
      ],
      "startTime": 1752566681071,
      "endTime": 1752566683466.272,
      "status": "failed",
      "message": "",
      "name": "/home/omar/Documents/ruleIQ/frontend/tests/components/features/assessment-wizard.test.tsx"
    }
  ]
}
