{"meta": {"format": 3, "version": "7.9.1", "timestamp": "2025-06-20T17:18:10.866917", "branch_coverage": true, "show_contexts": false}, "files": {"api/__init__.py": {"executed_lines": [], "summary": {"covered_lines": 0, "num_statements": 0, "percent_covered": 100.0, "percent_covered_display": "100", "missing_lines": 0, "excluded_lines": 0, "num_branches": 0, "num_partial_branches": 0, "covered_branches": 0, "missing_branches": 0}, "missing_lines": [], "excluded_lines": [], "executed_branches": [], "missing_branches": [], "functions": {"": {"executed_lines": [], "summary": {"covered_lines": 0, "num_statements": 0, "percent_covered": 100.0, "percent_covered_display": "100", "missing_lines": 0, "excluded_lines": 0, "num_branches": 0, "num_partial_branches": 0, "covered_branches": 0, "missing_branches": 0}, "missing_lines": [], "excluded_lines": [], "executed_branches": [], "missing_branches": []}}, "classes": {"": {"executed_lines": [], "summary": {"covered_lines": 0, "num_statements": 0, "percent_covered": 100.0, "percent_covered_display": "100", "missing_lines": 0, "excluded_lines": 0, "num_branches": 0, "num_partial_branches": 0, "covered_branches": 0, "missing_branches": 0}, "missing_lines": [], "excluded_lines": [], "executed_branches": [], "missing_branches": []}}}, "api/auth.py": {"executed_lines": [], "summary": {"covered_lines": 0, "num_statements": 51, "percent_covered": 0.0, "percent_covered_display": "0", "missing_lines": 51, "excluded_lines": 0, "num_branches": 8, "num_partial_branches": 0, "covered_branches": 0, "missing_branches": 8}, "missing_lines": [1, 2, 3, 5, 6, 7, 8, 9, 11, 12, 15, 16, 17, 18, 21, 24, 26, 28, 30, 32, 34, 36, 37, 38, 40, 41, 42, 43, 45, 47, 48, 49, 50, 51, 53, 55, 61, 62, 63, 64, 65, 66, 67, 69, 70, 71, 73, 75, 77, 78, 79], "excluded_lines": [], "executed_branches": [], "missing_branches": [[37, 38], [37, 40], [64, 65], [64, 69], [70, 71], [70, 73], [77, 78], [77, 79]], "functions": {"verify_password": {"executed_lines": [], "summary": {"covered_lines": 0, "num_statements": 1, "percent_covered": 0.0, "percent_covered_display": "0", "missing_lines": 1, "excluded_lines": 0, "num_branches": 0, "num_partial_branches": 0, "covered_branches": 0, "missing_branches": 0}, "missing_lines": [28], "excluded_lines": [], "executed_branches": [], "missing_branches": []}, "get_password_hash": {"executed_lines": [], "summary": {"covered_lines": 0, "num_statements": 1, "percent_covered": 0.0, "percent_covered_display": "0", "missing_lines": 1, "excluded_lines": 0, "num_branches": 0, "num_partial_branches": 0, "covered_branches": 0, "missing_branches": 0}, "missing_lines": [32], "excluded_lines": [], "executed_branches": [], "missing_branches": []}, "create_access_token": {"executed_lines": [], "summary": {"covered_lines": 0, "num_statements": 7, "percent_covered": 0.0, "percent_covered_display": "0", "missing_lines": 7, "excluded_lines": 0, "num_branches": 2, "num_partial_branches": 0, "covered_branches": 0, "missing_branches": 2}, "missing_lines": [36, 37, 38, 40, 41, 42, 43], "excluded_lines": [], "executed_branches": [], "missing_branches": [[37, 38], [37, 40]]}, "create_refresh_token": {"executed_lines": [], "summary": {"covered_lines": 0, "num_statements": 5, "percent_covered": 0.0, "percent_covered_display": "0", "missing_lines": 5, "excluded_lines": 0, "num_branches": 0, "num_partial_branches": 0, "covered_branches": 0, "missing_branches": 0}, "missing_lines": [47, 48, 49, 50, 51], "excluded_lines": [], "executed_branches": [], "missing_branches": []}, "get_current_user": {"executed_lines": [], "summary": {"covered_lines": 0, "num_statements": 12, "percent_covered": 0.0, "percent_covered_display": "0", "missing_lines": 12, "excluded_lines": 0, "num_branches": 4, "num_partial_branches": 0, "covered_branches": 0, "missing_branches": 4}, "missing_lines": [55, 61, 62, 63, 64, 65, 66, 67, 69, 70, 71, 73], "excluded_lines": [], "executed_branches": [], "missing_branches": [[64, 65], [64, 69], [70, 71], [70, 73]]}, "get_current_active_user": {"executed_lines": [], "summary": {"covered_lines": 0, "num_statements": 3, "percent_covered": 0.0, "percent_covered_display": "0", "missing_lines": 3, "excluded_lines": 0, "num_branches": 2, "num_partial_branches": 0, "covered_branches": 0, "missing_branches": 2}, "missing_lines": [77, 78, 79], "excluded_lines": [], "executed_branches": [], "missing_branches": [[77, 78], [77, 79]]}, "": {"executed_lines": [], "summary": {"covered_lines": 0, "num_statements": 22, "percent_covered": 0.0, "percent_covered_display": "0", "missing_lines": 22, "excluded_lines": 0, "num_branches": 0, "num_partial_branches": 0, "covered_branches": 0, "missing_branches": 0}, "missing_lines": [1, 2, 3, 5, 6, 7, 8, 9, 11, 12, 15, 16, 17, 18, 21, 24, 26, 30, 34, 45, 53, 75], "excluded_lines": [], "executed_branches": [], "missing_branches": []}}, "classes": {"": {"executed_lines": [], "summary": {"covered_lines": 0, "num_statements": 51, "percent_covered": 0.0, "percent_covered_display": "0", "missing_lines": 51, "excluded_lines": 0, "num_branches": 8, "num_partial_branches": 0, "covered_branches": 0, "missing_branches": 8}, "missing_lines": [1, 2, 3, 5, 6, 7, 8, 9, 11, 12, 15, 16, 17, 18, 21, 24, 26, 28, 30, 32, 34, 36, 37, 38, 40, 41, 42, 43, 45, 47, 48, 49, 50, 51, 53, 55, 61, 62, 63, 64, 65, 66, 67, 69, 70, 71, 73, 75, 77, 78, 79], "excluded_lines": [], "executed_branches": [], "missing_branches": [[37, 38], [37, 40], [64, 65], [64, 69], [70, 71], [70, 73], [77, 78], [77, 79]]}}}, "api/context.py": {"executed_lines": [1, 5, 6, 7, 10, 13], "summary": {"covered_lines": 5, "num_statements": 5, "percent_covered": 100.0, "percent_covered_display": "100", "missing_lines": 0, "excluded_lines": 0, "num_branches": 0, "num_partial_branches": 0, "covered_branches": 0, "missing_branches": 0}, "missing_lines": [], "excluded_lines": [], "executed_branches": [], "missing_branches": [], "functions": {"": {"executed_lines": [1, 5, 6, 7, 10, 13], "summary": {"covered_lines": 5, "num_statements": 5, "percent_covered": 100.0, "percent_covered_display": "100", "missing_lines": 0, "excluded_lines": 0, "num_branches": 0, "num_partial_branches": 0, "covered_branches": 0, "missing_branches": 0}, "missing_lines": [], "excluded_lines": [], "executed_branches": [], "missing_branches": []}}, "classes": {"": {"executed_lines": [1, 5, 6, 7, 10, 13], "summary": {"covered_lines": 5, "num_statements": 5, "percent_covered": 100.0, "percent_covered_display": "100", "missing_lines": 0, "excluded_lines": 0, "num_branches": 0, "num_partial_branches": 0, "covered_branches": 0, "missing_branches": 0}, "missing_lines": [], "excluded_lines": [], "executed_branches": [], "missing_branches": []}}}, "api/dependencies/__init__.py": {"executed_lines": [], "summary": {"covered_lines": 0, "num_statements": 0, "percent_covered": 100.0, "percent_covered_display": "100", "missing_lines": 0, "excluded_lines": 0, "num_branches": 0, "num_partial_branches": 0, "covered_branches": 0, "missing_branches": 0}, "missing_lines": [], "excluded_lines": [], "executed_branches": [], "missing_branches": [], "functions": {"": {"executed_lines": [], "summary": {"covered_lines": 0, "num_statements": 0, "percent_covered": 100.0, "percent_covered_display": "100", "missing_lines": 0, "excluded_lines": 0, "num_branches": 0, "num_partial_branches": 0, "covered_branches": 0, "missing_branches": 0}, "missing_lines": [], "excluded_lines": [], "executed_branches": [], "missing_branches": []}}, "classes": {"": {"executed_lines": [], "summary": {"covered_lines": 0, "num_statements": 0, "percent_covered": 100.0, "percent_covered_display": "100", "missing_lines": 0, "excluded_lines": 0, "num_branches": 0, "num_partial_branches": 0, "covered_branches": 0, "missing_branches": 0}, "missing_lines": [], "excluded_lines": [], "executed_branches": [], "missing_branches": []}}}, "api/dependencies/auth.py": {"executed_lines": [1, 5, 6, 7, 8, 9, 11, 12, 13, 14, 15, 16, 17, 19, 20, 21, 22, 23, 26, 27, 28, 29, 31, 32, 35, 36, 39, 41, 45, 48, 49, 50, 52, 54, 55, 56, 57, 61, 79, 81, 83, 92, 93, 96, 97, 100, 102, 120, 123, 126, 127, 128, 129, 133, 134, 136, 137, 143, 146, 147, 148, 152, 153, 157, 160, 161, 164, 165, 168, 169, 173, 181, 182, 185, 189, 191, 193], "summary": {"covered_lines": 76, "num_statements": 142, "percent_covered": 46.774193548387096, "percent_covered_display": "47", "missing_lines": 66, "excluded_lines": 0, "num_branches": 44, "num_partial_branches": 11, "covered_branches": 11, "missing_branches": 33}, "missing_lines": [46, 53, 59, 63, 65, 66, 68, 69, 70, 72, 75, 76, 77, 84, 85, 86, 87, 89, 98, 104, 105, 108, 109, 110, 111, 112, 113, 115, 116, 117, 118, 121, 124, 131, 144, 149, 150, 154, 158, 162, 166, 170, 171, 174, 176, 177, 179, 183, 186, 194, 195, 197, 198, 199, 201, 202, 203, 205, 206, 207, 208, 210, 211, 213, 214, 220], "excluded_lines": [], "executed_branches": [[45, 48], [48, 49], [83, 92], [97, 100], [128, 129], [153, 157], [157, 160], [161, 164], [165, 168], [182, 185], [185, 189]], "missing_branches": [[45, 46], [48, 59], [65, 66], [65, 75], [83, 84], [97, 98], [104, 105], [104, 108], [108, 109], [108, 110], [110, 111], [110, 112], [112, 113], [112, 115], [116, 117], [116, 118], [128, 131], [153, 154], [157, 158], [161, 162], [165, 166], [176, 177], [176, 179], [182, 183], [185, 186], [194, 195], [194, 197], [198, 199], [198, 201], [202, 203], [202, 205], [213, 214], [213, 220]], "functions": {"get_redis_client": {"executed_lines": [45, 48, 49, 50, 52, 54, 55, 56, 57], "summary": {"covered_lines": 9, "num_statements": 12, "percent_covered": 68.75, "percent_covered_display": "69", "missing_lines": 3, "excluded_lines": 0, "num_branches": 4, "num_partial_branches": 2, "covered_branches": 2, "missing_branches": 2}, "missing_lines": [46, 53, 59], "excluded_lines": [], "executed_branches": [[45, 48], [48, 49]], "missing_branches": [[45, 46], [48, 59]]}, "blacklist_token": {"executed_lines": [], "summary": {"covered_lines": 0, "num_statements": 10, "percent_covered": 0.0, "percent_covered_display": "0", "missing_lines": 10, "excluded_lines": 0, "num_branches": 2, "num_partial_branches": 0, "covered_branches": 0, "missing_branches": 2}, "missing_lines": [63, 65, 66, 68, 69, 70, 72, 75, 76, 77], "excluded_lines": [], "executed_branches": [], "missing_branches": [[65, 66], [65, 75]]}, "is_token_blacklisted": {"executed_lines": [81, 83, 92, 93, 96, 97, 100], "summary": {"covered_lines": 7, "num_statements": 13, "percent_covered": 52.94117647058823, "percent_covered_display": "53", "missing_lines": 6, "excluded_lines": 0, "num_branches": 4, "num_partial_branches": 2, "covered_branches": 2, "missing_branches": 2}, "missing_lines": [84, 85, 86, 87, 89, 98], "excluded_lines": [], "executed_branches": [[83, 92], [97, 100]], "missing_branches": [[83, 84], [97, 98]]}, "validate_password": {"executed_lines": [], "summary": {"covered_lines": 0, "num_statements": 12, "percent_covered": 0.0, "percent_covered_display": "0", "missing_lines": 12, "excluded_lines": 0, "num_branches": 10, "num_partial_branches": 0, "covered_branches": 0, "missing_branches": 10}, "missing_lines": [104, 105, 108, 109, 110, 111, 112, 113, 115, 116, 117, 118], "excluded_lines": [], "executed_branches": [], "missing_branches": [[104, 105], [104, 108], [108, 109], [108, 110], [110, 111], [110, 112], [112, 113], [112, 115], [116, 117], [116, 118]]}, "verify_password": {"executed_lines": [], "summary": {"covered_lines": 0, "num_statements": 1, "percent_covered": 0.0, "percent_covered_display": "0", "missing_lines": 1, "excluded_lines": 0, "num_branches": 0, "num_partial_branches": 0, "covered_branches": 0, "missing_branches": 0}, "missing_lines": [121], "excluded_lines": [], "executed_branches": [], "missing_branches": []}, "get_password_hash": {"executed_lines": [], "summary": {"covered_lines": 0, "num_statements": 1, "percent_covered": 0.0, "percent_covered_display": "0", "missing_lines": 1, "excluded_lines": 0, "num_branches": 0, "num_partial_branches": 0, "covered_branches": 0, "missing_branches": 0}, "missing_lines": [124], "excluded_lines": [], "executed_branches": [], "missing_branches": []}, "create_token": {"executed_lines": [127, 128, 129, 133, 134], "summary": {"covered_lines": 5, "num_statements": 6, "percent_covered": 75.0, "percent_covered_display": "75", "missing_lines": 1, "excluded_lines": 0, "num_branches": 2, "num_partial_branches": 1, "covered_branches": 1, "missing_branches": 1}, "missing_lines": [131], "excluded_lines": [], "executed_branches": [[128, 129]], "missing_branches": [[128, 131]]}, "create_access_token": {"executed_lines": [137], "summary": {"covered_lines": 1, "num_statements": 1, "percent_covered": 100.0, "percent_covered_display": "100", "missing_lines": 0, "excluded_lines": 0, "num_branches": 0, "num_partial_branches": 0, "covered_branches": 0, "missing_branches": 0}, "missing_lines": [], "excluded_lines": [], "executed_branches": [], "missing_branches": []}, "create_refresh_token": {"executed_lines": [], "summary": {"covered_lines": 0, "num_statements": 1, "percent_covered": 0.0, "percent_covered_display": "0", "missing_lines": 1, "excluded_lines": 0, "num_branches": 0, "num_partial_branches": 0, "covered_branches": 0, "missing_branches": 0}, "missing_lines": [144], "excluded_lines": [], "executed_branches": [], "missing_branches": []}, "decode_token": {"executed_lines": [147, 148], "summary": {"covered_lines": 2, "num_statements": 4, "percent_covered": 50.0, "percent_covered_display": "50", "missing_lines": 2, "excluded_lines": 0, "num_branches": 0, "num_partial_branches": 0, "covered_branches": 0, "missing_branches": 0}, "missing_lines": [149, 150], "excluded_lines": [], "executed_branches": [], "missing_branches": []}, "get_current_user": {"executed_lines": [153, 157, 160, 161, 164, 165, 168, 169, 173], "summary": {"covered_lines": 9, "num_statements": 19, "percent_covered": 44.827586206896555, "percent_covered_display": "45", "missing_lines": 10, "excluded_lines": 0, "num_branches": 10, "num_partial_branches": 4, "covered_branches": 4, "missing_branches": 6}, "missing_lines": [154, 158, 162, 166, 170, 171, 174, 176, 177, 179], "excluded_lines": [], "executed_branches": [[153, 157], [157, 160], [161, 164], [165, 168]], "missing_branches": [[153, 154], [157, 158], [161, 162], [165, 166], [176, 177], [176, 179]]}, "get_current_active_user": {"executed_lines": [182, 185, 189, 191], "summary": {"covered_lines": 4, "num_statements": 6, "percent_covered": 60.0, "percent_covered_display": "60", "missing_lines": 2, "excluded_lines": 0, "num_branches": 4, "num_partial_branches": 2, "covered_branches": 2, "missing_branches": 2}, "missing_lines": [183, 186], "excluded_lines": [], "executed_branches": [[182, 185], [185, 189]], "missing_branches": [[182, 183], [185, 186]]}, "get_current_user_from_refresh_token": {"executed_lines": [], "summary": {"covered_lines": 0, "num_statements": 17, "percent_covered": 0.0, "percent_covered_display": "0", "missing_lines": 17, "excluded_lines": 0, "num_branches": 8, "num_partial_branches": 0, "covered_branches": 0, "missing_branches": 8}, "missing_lines": [194, 195, 197, 198, 199, 201, 202, 203, 205, 206, 207, 208, 210, 211, 213, 214, 220], "excluded_lines": [], "executed_branches": [], "missing_branches": [[194, 195], [194, 197], [198, 199], [198, 201], [202, 203], [202, 205], [213, 214], [213, 220]]}, "": {"executed_lines": [1, 5, 6, 7, 8, 9, 11, 12, 13, 14, 15, 16, 17, 19, 20, 21, 22, 23, 26, 27, 28, 29, 31, 32, 35, 36, 39, 41, 61, 79, 102, 120, 123, 126, 136, 143, 146, 152, 181, 193], "summary": {"covered_lines": 39, "num_statements": 39, "percent_covered": 100.0, "percent_covered_display": "100", "missing_lines": 0, "excluded_lines": 0, "num_branches": 0, "num_partial_branches": 0, "covered_branches": 0, "missing_branches": 0}, "missing_lines": [], "excluded_lines": [], "executed_branches": [], "missing_branches": []}}, "classes": {"": {"executed_lines": [1, 5, 6, 7, 8, 9, 11, 12, 13, 14, 15, 16, 17, 19, 20, 21, 22, 23, 26, 27, 28, 29, 31, 32, 35, 36, 39, 41, 45, 48, 49, 50, 52, 54, 55, 56, 57, 61, 79, 81, 83, 92, 93, 96, 97, 100, 102, 120, 123, 126, 127, 128, 129, 133, 134, 136, 137, 143, 146, 147, 148, 152, 153, 157, 160, 161, 164, 165, 168, 169, 173, 181, 182, 185, 189, 191, 193], "summary": {"covered_lines": 76, "num_statements": 142, "percent_covered": 46.774193548387096, "percent_covered_display": "47", "missing_lines": 66, "excluded_lines": 0, "num_branches": 44, "num_partial_branches": 11, "covered_branches": 11, "missing_branches": 33}, "missing_lines": [46, 53, 59, 63, 65, 66, 68, 69, 70, 72, 75, 76, 77, 84, 85, 86, 87, 89, 98, 104, 105, 108, 109, 110, 111, 112, 113, 115, 116, 117, 118, 121, 124, 131, 144, 149, 150, 154, 158, 162, 166, 170, 171, 174, 176, 177, 179, 183, 186, 194, 195, 197, 198, 199, 201, 202, 203, 205, 206, 207, 208, 210, 211, 213, 214, 220], "excluded_lines": [], "executed_branches": [[45, 48], [48, 49], [83, 92], [97, 100], [128, 129], [153, 157], [157, 160], [161, 164], [165, 168], [182, 185], [185, 189]], "missing_branches": [[45, 46], [48, 59], [65, 66], [65, 75], [83, 84], [97, 98], [104, 105], [104, 108], [108, 109], [108, 110], [110, 111], [110, 112], [112, 113], [112, 115], [116, 117], [116, 118], [128, 131], [153, 154], [157, 158], [161, 162], [165, 166], [176, 177], [176, 179], [182, 183], [185, 186], [194, 195], [194, 197], [198, 199], [198, 201], [202, 203], [202, 205], [213, 214], [213, 220]]}}}, "api/dependencies/database.py": {"executed_lines": [1, 7, 11], "summary": {"covered_lines": 2, "num_statements": 2, "percent_covered": 100.0, "percent_covered_display": "100", "missing_lines": 0, "excluded_lines": 0, "num_branches": 0, "num_partial_branches": 0, "covered_branches": 0, "missing_branches": 0}, "missing_lines": [], "excluded_lines": [], "executed_branches": [], "missing_branches": [], "functions": {"": {"executed_lines": [1, 7, 11], "summary": {"covered_lines": 2, "num_statements": 2, "percent_covered": 100.0, "percent_covered_display": "100", "missing_lines": 0, "excluded_lines": 0, "num_branches": 0, "num_partial_branches": 0, "covered_branches": 0, "missing_branches": 0}, "missing_lines": [], "excluded_lines": [], "executed_branches": [], "missing_branches": []}}, "classes": {"": {"executed_lines": [1, 7, 11], "summary": {"covered_lines": 2, "num_statements": 2, "percent_covered": 100.0, "percent_covered_display": "100", "missing_lines": 0, "excluded_lines": 0, "num_branches": 0, "num_partial_branches": 0, "covered_branches": 0, "missing_branches": 0}, "missing_lines": [], "excluded_lines": [], "executed_branches": [], "missing_branches": []}}}, "api/integrations/__init__.py": {"executed_lines": [1], "summary": {"covered_lines": 0, "num_statements": 0, "percent_covered": 100.0, "percent_covered_display": "100", "missing_lines": 0, "excluded_lines": 0, "num_branches": 0, "num_partial_branches": 0, "covered_branches": 0, "missing_branches": 0}, "missing_lines": [], "excluded_lines": [], "executed_branches": [], "missing_branches": [], "functions": {"": {"executed_lines": [1], "summary": {"covered_lines": 0, "num_statements": 0, "percent_covered": 100.0, "percent_covered_display": "100", "missing_lines": 0, "excluded_lines": 0, "num_branches": 0, "num_partial_branches": 0, "covered_branches": 0, "missing_branches": 0}, "missing_lines": [], "excluded_lines": [], "executed_branches": [], "missing_branches": []}}, "classes": {"": {"executed_lines": [1], "summary": {"covered_lines": 0, "num_statements": 0, "percent_covered": 100.0, "percent_covered_display": "100", "missing_lines": 0, "excluded_lines": 0, "num_branches": 0, "num_partial_branches": 0, "covered_branches": 0, "missing_branches": 0}, "missing_lines": [], "excluded_lines": [], "executed_branches": [], "missing_branches": []}}}, "api/integrations/base/__init__.py": {"executed_lines": [1], "summary": {"covered_lines": 0, "num_statements": 0, "percent_covered": 100.0, "percent_covered_display": "100", "missing_lines": 0, "excluded_lines": 0, "num_branches": 0, "num_partial_branches": 0, "covered_branches": 0, "missing_branches": 0}, "missing_lines": [], "excluded_lines": [], "executed_branches": [], "missing_branches": [], "functions": {"": {"executed_lines": [1], "summary": {"covered_lines": 0, "num_statements": 0, "percent_covered": 100.0, "percent_covered_display": "100", "missing_lines": 0, "excluded_lines": 0, "num_branches": 0, "num_partial_branches": 0, "covered_branches": 0, "missing_branches": 0}, "missing_lines": [], "excluded_lines": [], "executed_branches": [], "missing_branches": []}}, "classes": {"": {"executed_lines": [1], "summary": {"covered_lines": 0, "num_statements": 0, "percent_covered": 100.0, "percent_covered_display": "100", "missing_lines": 0, "excluded_lines": 0, "num_branches": 0, "num_partial_branches": 0, "covered_branches": 0, "missing_branches": 0}, "missing_lines": [], "excluded_lines": [], "executed_branches": [], "missing_branches": []}}}, "api/integrations/base/base_integration.py": {"executed_lines": [1, 7, 8, 9, 10, 11, 12, 13, 15, 16, 17, 19, 21, 22, 23, 24, 25, 26, 28, 29, 30, 31, 33, 34, 35, 36, 40, 41, 50, 51, 52, 55, 56, 59, 60, 63, 64, 67, 68, 71, 83, 100, 123, 124, 126, 127, 129, 130, 132, 133], "summary": {"covered_lines": 49, "num_statements": 98, "percent_covered": 47.11538461538461, "percent_covered_display": "47", "missing_lines": 49, "excluded_lines": 0, "num_branches": 6, "num_partial_branches": 0, "covered_branches": 0, "missing_branches": 6}, "missing_lines": [42, 43, 44, 45, 53, 57, 61, 65, 69, 72, 73, 74, 75, 76, 77, 78, 79, 81, 84, 85, 88, 89, 91, 92, 93, 94, 95, 96, 97, 98, 101, 102, 104, 105, 106, 107, 108, 109, 111, 112, 113, 114, 115, 116, 117, 118, 119, 120, 121], "excluded_lines": [], "executed_branches": [], "missing_branches": [[44, -41], [44, 45], [84, 85], [84, 91], [101, 102], [101, 111]], "functions": {"BaseIntegration.__init__": {"executed_lines": [], "summary": {"covered_lines": 0, "num_statements": 4, "percent_covered": 0.0, "percent_covered_display": "0", "missing_lines": 4, "excluded_lines": 0, "num_branches": 2, "num_partial_branches": 0, "covered_branches": 0, "missing_branches": 2}, "missing_lines": [42, 43, 44, 45], "excluded_lines": [], "executed_branches": [], "missing_branches": [[44, -41], [44, 45]]}, "BaseIntegration.provider_name": {"executed_lines": [], "summary": {"covered_lines": 0, "num_statements": 1, "percent_covered": 0.0, "percent_covered_display": "0", "missing_lines": 1, "excluded_lines": 0, "num_branches": 0, "num_partial_branches": 0, "covered_branches": 0, "missing_branches": 0}, "missing_lines": [53], "excluded_lines": [], "executed_branches": [], "missing_branches": []}, "BaseIntegration.test_connection": {"executed_lines": [], "summary": {"covered_lines": 0, "num_statements": 1, "percent_covered": 0.0, "percent_covered_display": "0", "missing_lines": 1, "excluded_lines": 0, "num_branches": 0, "num_partial_branches": 0, "covered_branches": 0, "missing_branches": 0}, "missing_lines": [57], "excluded_lines": [], "executed_branches": [], "missing_branches": []}, "BaseIntegration.authenticate": {"executed_lines": [], "summary": {"covered_lines": 0, "num_statements": 1, "percent_covered": 0.0, "percent_covered_display": "0", "missing_lines": 1, "excluded_lines": 0, "num_branches": 0, "num_partial_branches": 0, "covered_branches": 0, "missing_branches": 0}, "missing_lines": [61], "excluded_lines": [], "executed_branches": [], "missing_branches": []}, "BaseIntegration.collect_evidence": {"executed_lines": [], "summary": {"covered_lines": 0, "num_statements": 1, "percent_covered": 0.0, "percent_covered_display": "0", "missing_lines": 1, "excluded_lines": 0, "num_branches": 0, "num_partial_branches": 0, "covered_branches": 0, "missing_branches": 0}, "missing_lines": [65], "excluded_lines": [], "executed_branches": [], "missing_branches": []}, "BaseIntegration.get_available_evidence_types": {"executed_lines": [], "summary": {"covered_lines": 0, "num_statements": 1, "percent_covered": 0.0, "percent_covered_display": "0", "missing_lines": 1, "excluded_lines": 0, "num_branches": 0, "num_partial_branches": 0, "covered_branches": 0, "missing_branches": 0}, "missing_lines": [69], "excluded_lines": [], "executed_branches": [], "missing_branches": []}, "BaseIntegration.validate_credentials": {"executed_lines": [], "summary": {"covered_lines": 0, "num_statements": 9, "percent_covered": 0.0, "percent_covered_display": "0", "missing_lines": 9, "excluded_lines": 0, "num_branches": 0, "num_partial_branches": 0, "covered_branches": 0, "missing_branches": 0}, "missing_lines": [72, 73, 74, 75, 76, 77, 78, 79, 81], "excluded_lines": [], "executed_branches": [], "missing_branches": []}, "BaseIntegration.encrypt_credentials_to_str": {"executed_lines": [], "summary": {"covered_lines": 0, "num_statements": 12, "percent_covered": 0.0, "percent_covered_display": "0", "missing_lines": 12, "excluded_lines": 0, "num_branches": 2, "num_partial_branches": 0, "covered_branches": 0, "missing_branches": 2}, "missing_lines": [84, 85, 88, 89, 91, 92, 93, 94, 95, 96, 97, 98], "excluded_lines": [], "executed_branches": [], "missing_branches": [[84, 85], [84, 91]]}, "BaseIntegration.decrypt_credentials_from_str": {"executed_lines": [], "summary": {"covered_lines": 0, "num_statements": 19, "percent_covered": 0.0, "percent_covered_display": "0", "missing_lines": 19, "excluded_lines": 0, "num_branches": 2, "num_partial_branches": 0, "covered_branches": 0, "missing_branches": 2}, "missing_lines": [101, 102, 104, 105, 106, 107, 108, 109, 111, 112, 113, 114, 115, 116, 117, 118, 119, 120, 121], "excluded_lines": [], "executed_branches": [], "missing_branches": [[101, 102], [101, 111]]}, "": {"executed_lines": [1, 7, 8, 9, 10, 11, 12, 13, 15, 16, 17, 19, 21, 22, 23, 24, 25, 26, 28, 29, 30, 31, 33, 34, 35, 36, 40, 41, 50, 51, 52, 55, 56, 59, 60, 63, 64, 67, 68, 71, 83, 100, 123, 124, 126, 127, 129, 130, 132, 133], "summary": {"covered_lines": 49, "num_statements": 49, "percent_covered": 100.0, "percent_covered_display": "100", "missing_lines": 0, "excluded_lines": 0, "num_branches": 0, "num_partial_branches": 0, "covered_branches": 0, "missing_branches": 0}, "missing_lines": [], "excluded_lines": [], "executed_branches": [], "missing_branches": []}}, "classes": {"IntegrationStatus": {"executed_lines": [], "summary": {"covered_lines": 0, "num_statements": 0, "percent_covered": 100.0, "percent_covered_display": "100", "missing_lines": 0, "excluded_lines": 0, "num_branches": 0, "num_partial_branches": 0, "covered_branches": 0, "missing_branches": 0}, "missing_lines": [], "excluded_lines": [], "executed_branches": [], "missing_branches": []}, "IntegrationConfig": {"executed_lines": [], "summary": {"covered_lines": 0, "num_statements": 0, "percent_covered": 100.0, "percent_covered_display": "100", "missing_lines": 0, "excluded_lines": 0, "num_branches": 0, "num_partial_branches": 0, "covered_branches": 0, "missing_branches": 0}, "missing_lines": [], "excluded_lines": [], "executed_branches": [], "missing_branches": []}, "BaseIntegration": {"executed_lines": [], "summary": {"covered_lines": 0, "num_statements": 49, "percent_covered": 0.0, "percent_covered_display": "0", "missing_lines": 49, "excluded_lines": 0, "num_branches": 6, "num_partial_branches": 0, "covered_branches": 0, "missing_branches": 6}, "missing_lines": [42, 43, 44, 45, 53, 57, 61, 65, 69, 72, 73, 74, 75, 76, 77, 78, 79, 81, 84, 85, 88, 89, 91, 92, 93, 94, 95, 96, 97, 98, 101, 102, 104, 105, 106, 107, 108, 109, 111, 112, 113, 114, 115, 116, 117, 118, 119, 120, 121], "excluded_lines": [], "executed_branches": [], "missing_branches": [[44, -41], [44, 45], [84, 85], [84, 91], [101, 102], [101, 111]]}, "IntegrationError": {"executed_lines": [], "summary": {"covered_lines": 0, "num_statements": 0, "percent_covered": 100.0, "percent_covered_display": "100", "missing_lines": 0, "excluded_lines": 0, "num_branches": 0, "num_partial_branches": 0, "covered_branches": 0, "missing_branches": 0}, "missing_lines": [], "excluded_lines": [], "executed_branches": [], "missing_branches": []}, "AuthenticationError": {"executed_lines": [], "summary": {"covered_lines": 0, "num_statements": 0, "percent_covered": 100.0, "percent_covered_display": "100", "missing_lines": 0, "excluded_lines": 0, "num_branches": 0, "num_partial_branches": 0, "covered_branches": 0, "missing_branches": 0}, "missing_lines": [], "excluded_lines": [], "executed_branches": [], "missing_branches": []}, "ConnectionError": {"executed_lines": [], "summary": {"covered_lines": 0, "num_statements": 0, "percent_covered": 100.0, "percent_covered_display": "100", "missing_lines": 0, "excluded_lines": 0, "num_branches": 0, "num_partial_branches": 0, "covered_branches": 0, "missing_branches": 0}, "missing_lines": [], "excluded_lines": [], "executed_branches": [], "missing_branches": []}, "EvidenceCollectionError": {"executed_lines": [], "summary": {"covered_lines": 0, "num_statements": 0, "percent_covered": 100.0, "percent_covered_display": "100", "missing_lines": 0, "excluded_lines": 0, "num_branches": 0, "num_partial_branches": 0, "covered_branches": 0, "missing_branches": 0}, "missing_lines": [], "excluded_lines": [], "executed_branches": [], "missing_branches": []}, "": {"executed_lines": [1, 7, 8, 9, 10, 11, 12, 13, 15, 16, 17, 19, 21, 22, 23, 24, 25, 26, 28, 29, 30, 31, 33, 34, 35, 36, 40, 41, 50, 51, 52, 55, 56, 59, 60, 63, 64, 67, 68, 71, 83, 100, 123, 124, 126, 127, 129, 130, 132, 133], "summary": {"covered_lines": 49, "num_statements": 49, "percent_covered": 100.0, "percent_covered_display": "100", "missing_lines": 0, "excluded_lines": 0, "num_branches": 0, "num_partial_branches": 0, "covered_branches": 0, "missing_branches": 0}, "missing_lines": [], "excluded_lines": [], "executed_branches": [], "missing_branches": []}}}, "api/integrations/google_workspace_integration.py": {"executed_lines": [], "summary": {"covered_lines": 0, "num_statements": 142, "percent_covered": 0.0, "percent_covered_display": "0", "missing_lines": 142, "excluded_lines": 0, "num_branches": 28, "num_partial_branches": 0, "covered_branches": 0, "missing_branches": 28}, "missing_lines": [5, 6, 7, 10, 11, 12, 13, 14, 15, 16, 18, 20, 21, 22, 23, 24, 25, 27, 28, 29, 31, 32, 34, 35, 37, 38, 40, 41, 43, 44, 45, 47, 48, 50, 51, 53, 61, 63, 66, 72, 73, 74, 76, 78, 79, 80, 82, 83, 84, 85, 86, 87, 88, 90, 92, 93, 94, 95, 96, 98, 100, 101, 102, 103, 105, 106, 107, 108, 110, 112, 113, 114, 116, 117, 120, 121, 123, 125, 134, 135, 136, 138, 140, 142, 143, 144, 146, 147, 149, 152, 153, 155, 161, 164, 165, 179, 180, 193, 194, 195, 197, 198, 199, 201, 202, 204, 205, 206, 208, 210, 211, 217, 218, 219, 221, 222, 223, 224, 226, 228, 230, 237, 239, 241, 244, 245, 253, 255, 267, 268, 269, 271, 273, 275, 276, 283, 285, 297, 298, 299, 301, 303], "excluded_lines": [], "executed_branches": [], "missing_branches": [[78, 79], [78, 82], [94, 95], [94, 105], [113, 114], [113, 116], [116, 117], [116, 120], [121, 123], [121, 138], [143, 144], [143, 146], [164, 165], [164, 179], [179, 180], [179, 193], [194, 195], [194, 197], [198, 199], [198, 201], [222, 223], [222, 228], [223, 224], [223, 226], [244, 245], [244, 253], [275, 276], [275, 283]], "functions": {"GoogleWorkspaceIntegration.provider_name": {"executed_lines": [], "summary": {"covered_lines": 0, "num_statements": 1, "percent_covered": 0.0, "percent_covered_display": "0", "missing_lines": 1, "excluded_lines": 0, "num_branches": 0, "num_partial_branches": 0, "covered_branches": 0, "missing_branches": 0}, "missing_lines": [74], "excluded_lines": [], "executed_branches": [], "missing_branches": []}, "GoogleWorkspaceIntegration.test_connection": {"executed_lines": [], "summary": {"covered_lines": 0, "num_statements": 10, "percent_covered": 0.0, "percent_covered_display": "0", "missing_lines": 10, "excluded_lines": 0, "num_branches": 2, "num_partial_branches": 0, "covered_branches": 0, "missing_branches": 2}, "missing_lines": [78, 79, 80, 82, 83, 84, 85, 86, 87, 88], "excluded_lines": [], "executed_branches": [], "missing_branches": [[78, 79], [78, 82]]}, "GoogleWorkspaceIntegration.authenticate": {"executed_lines": [], "summary": {"covered_lines": 0, "num_statements": 14, "percent_covered": 0.0, "percent_covered_display": "0", "missing_lines": 14, "excluded_lines": 0, "num_branches": 2, "num_partial_branches": 0, "covered_branches": 0, "missing_branches": 2}, "missing_lines": [92, 93, 94, 95, 96, 98, 100, 101, 102, 103, 105, 106, 107, 108], "excluded_lines": [], "executed_branches": [], "missing_branches": [[94, 95], [94, 105]]}, "GoogleWorkspaceIntegration._get_credentials": {"executed_lines": [], "summary": {"covered_lines": 0, "num_statements": 13, "percent_covered": 0.0, "percent_covered_display": "0", "missing_lines": 13, "excluded_lines": 0, "num_branches": 6, "num_partial_branches": 0, "covered_branches": 0, "missing_branches": 6}, "missing_lines": [112, 113, 114, 116, 117, 120, 121, 123, 125, 134, 135, 136, 138], "excluded_lines": [], "executed_branches": [], "missing_branches": [[113, 114], [113, 116], [116, 117], [116, 120], [121, 123], [121, 138]]}, "GoogleWorkspaceIntegration.collect_evidence": {"executed_lines": [], "summary": {"covered_lines": 0, "num_statements": 25, "percent_covered": 0.0, "percent_covered_display": "0", "missing_lines": 25, "excluded_lines": 0, "num_branches": 10, "num_partial_branches": 0, "covered_branches": 0, "missing_branches": 10}, "missing_lines": [142, 143, 144, 146, 147, 149, 152, 153, 155, 161, 164, 165, 179, 180, 193, 194, 195, 197, 198, 199, 201, 202, 204, 205, 206], "excluded_lines": [], "executed_branches": [], "missing_branches": [[143, 144], [143, 146], [164, 165], [164, 179], [179, 180], [179, 193], [194, 195], [194, 197], [198, 199], [198, 201]]}, "GoogleWorkspaceIntegration._fetch_activities": {"executed_lines": [], "summary": {"covered_lines": 0, "num_statements": 13, "percent_covered": 0.0, "percent_covered_display": "0", "missing_lines": 13, "excluded_lines": 0, "num_branches": 4, "num_partial_branches": 0, "covered_branches": 0, "missing_branches": 4}, "missing_lines": [210, 211, 217, 218, 219, 221, 222, 223, 224, 226, 228, 230, 237], "excluded_lines": [], "executed_branches": [], "missing_branches": [[222, 223], [222, 228], [223, 224], [223, 226]]}, "GoogleWorkspaceIntegration._collect_user_evidence": {"executed_lines": [], "summary": {"covered_lines": 0, "num_statements": 8, "percent_covered": 0.0, "percent_covered_display": "0", "missing_lines": 8, "excluded_lines": 0, "num_branches": 2, "num_partial_branches": 0, "covered_branches": 0, "missing_branches": 2}, "missing_lines": [241, 244, 245, 253, 255, 267, 268, 269], "excluded_lines": [], "executed_branches": [], "missing_branches": [[244, 245], [244, 253]]}, "GoogleWorkspaceIntegration._collect_group_evidence": {"executed_lines": [], "summary": {"covered_lines": 0, "num_statements": 8, "percent_covered": 0.0, "percent_covered_display": "0", "missing_lines": 8, "excluded_lines": 0, "num_branches": 2, "num_partial_branches": 0, "covered_branches": 0, "missing_branches": 2}, "missing_lines": [273, 275, 276, 283, 285, 297, 298, 299], "excluded_lines": [], "executed_branches": [], "missing_branches": [[275, 276], [275, 283]]}, "GoogleWorkspaceIntegration.get_supported_evidence_types": {"executed_lines": [], "summary": {"covered_lines": 0, "num_statements": 1, "percent_covered": 0.0, "percent_covered_display": "0", "missing_lines": 1, "excluded_lines": 0, "num_branches": 0, "num_partial_branches": 0, "covered_branches": 0, "missing_branches": 0}, "missing_lines": [303], "excluded_lines": [], "executed_branches": [], "missing_branches": []}, "": {"executed_lines": [], "summary": {"covered_lines": 0, "num_statements": 49, "percent_covered": 0.0, "percent_covered_display": "0", "missing_lines": 49, "excluded_lines": 0, "num_branches": 0, "num_partial_branches": 0, "covered_branches": 0, "missing_branches": 0}, "missing_lines": [5, 6, 7, 10, 11, 12, 13, 14, 15, 16, 18, 20, 21, 22, 23, 24, 25, 27, 28, 29, 31, 32, 34, 35, 37, 38, 40, 41, 43, 44, 45, 47, 48, 50, 51, 53, 61, 63, 66, 72, 73, 76, 90, 110, 140, 208, 239, 271, 301], "excluded_lines": [], "executed_branches": [], "missing_branches": []}}, "classes": {"GoogleWorkspaceIntegration": {"executed_lines": [], "summary": {"covered_lines": 0, "num_statements": 93, "percent_covered": 0.0, "percent_covered_display": "0", "missing_lines": 93, "excluded_lines": 0, "num_branches": 28, "num_partial_branches": 0, "covered_branches": 0, "missing_branches": 28}, "missing_lines": [74, 78, 79, 80, 82, 83, 84, 85, 86, 87, 88, 92, 93, 94, 95, 96, 98, 100, 101, 102, 103, 105, 106, 107, 108, 112, 113, 114, 116, 117, 120, 121, 123, 125, 134, 135, 136, 138, 142, 143, 144, 146, 147, 149, 152, 153, 155, 161, 164, 165, 179, 180, 193, 194, 195, 197, 198, 199, 201, 202, 204, 205, 206, 210, 211, 217, 218, 219, 221, 222, 223, 224, 226, 228, 230, 237, 241, 244, 245, 253, 255, 267, 268, 269, 273, 275, 276, 283, 285, 297, 298, 299, 303], "excluded_lines": [], "executed_branches": [], "missing_branches": [[78, 79], [78, 82], [94, 95], [94, 105], [113, 114], [113, 116], [116, 117], [116, 120], [121, 123], [121, 138], [143, 144], [143, 146], [164, 165], [164, 179], [179, 180], [179, 193], [194, 195], [194, 197], [198, 199], [198, 201], [222, 223], [222, 228], [223, 224], [223, 226], [244, 245], [244, 253], [275, 276], [275, 283]]}, "": {"executed_lines": [], "summary": {"covered_lines": 0, "num_statements": 49, "percent_covered": 0.0, "percent_covered_display": "0", "missing_lines": 49, "excluded_lines": 0, "num_branches": 0, "num_partial_branches": 0, "covered_branches": 0, "missing_branches": 0}, "missing_lines": [5, 6, 7, 10, 11, 12, 13, 14, 15, 16, 18, 20, 21, 22, 23, 24, 25, 27, 28, 29, 31, 32, 34, 35, 37, 38, 40, 41, 43, 44, 45, 47, 48, 50, 51, 53, 61, 63, 66, 72, 73, 76, 90, 110, 140, 208, 239, 271, 301], "excluded_lines": [], "executed_branches": [], "missing_branches": []}}}, "api/integrations/oauth_config.py": {"executed_lines": [], "summary": {"covered_lines": 0, "num_statements": 28, "percent_covered": 0.0, "percent_covered_display": "0", "missing_lines": 28, "excluded_lines": 0, "num_branches": 2, "num_partial_branches": 0, "covered_branches": 0, "missing_branches": 2}, "missing_lines": [6, 9, 13, 14, 15, 16, 25, 26, 27, 28, 29, 34, 35, 37, 38, 39, 41, 43, 45, 55, 57, 59, 61, 70, 71, 73, 75, 78], "excluded_lines": [], "executed_branches": [], "missing_branches": [[70, 71], [70, 73]], "functions": {"OAuth2Config.get_google_oauth_url": {"executed_lines": [], "summary": {"covered_lines": 0, "num_statements": 3, "percent_covered": 0.0, "percent_covered_display": "0", "missing_lines": 3, "excluded_lines": 0, "num_branches": 0, "num_partial_branches": 0, "covered_branches": 0, "missing_branches": 0}, "missing_lines": [43, 45, 55], "excluded_lines": [], "executed_branches": [], "missing_branches": []}, "OAuth2Config.get_microsoft_oauth_url": {"executed_lines": [], "summary": {"covered_lines": 0, "num_statements": 6, "percent_covered": 0.0, "percent_covered_display": "0", "missing_lines": 6, "excluded_lines": 0, "num_branches": 2, "num_partial_branches": 0, "covered_branches": 0, "missing_branches": 2}, "missing_lines": [59, 61, 70, 71, 73, 75], "excluded_lines": [], "executed_branches": [], "missing_branches": [[70, 71], [70, 73]]}, "": {"executed_lines": [], "summary": {"covered_lines": 0, "num_statements": 19, "percent_covered": 0.0, "percent_covered_display": "0", "missing_lines": 19, "excluded_lines": 0, "num_branches": 0, "num_partial_branches": 0, "covered_branches": 0, "missing_branches": 0}, "missing_lines": [6, 9, 13, 14, 15, 16, 25, 26, 27, 28, 29, 34, 35, 37, 38, 39, 41, 57, 78], "excluded_lines": [], "executed_branches": [], "missing_branches": []}}, "classes": {"OAuth2Config": {"executed_lines": [], "summary": {"covered_lines": 0, "num_statements": 9, "percent_covered": 0.0, "percent_covered_display": "0", "missing_lines": 9, "excluded_lines": 0, "num_branches": 2, "num_partial_branches": 0, "covered_branches": 0, "missing_branches": 2}, "missing_lines": [43, 45, 55, 59, 61, 70, 71, 73, 75], "excluded_lines": [], "executed_branches": [], "missing_branches": [[70, 71], [70, 73]]}, "OAuth2Config.Config": {"executed_lines": [], "summary": {"covered_lines": 0, "num_statements": 0, "percent_covered": 100.0, "percent_covered_display": "100", "missing_lines": 0, "excluded_lines": 0, "num_branches": 0, "num_partial_branches": 0, "covered_branches": 0, "missing_branches": 0}, "missing_lines": [], "excluded_lines": [], "executed_branches": [], "missing_branches": []}, "": {"executed_lines": [], "summary": {"covered_lines": 0, "num_statements": 19, "percent_covered": 0.0, "percent_covered_display": "0", "missing_lines": 19, "excluded_lines": 0, "num_branches": 0, "num_partial_branches": 0, "covered_branches": 0, "missing_branches": 0}, "missing_lines": [6, 9, 13, 14, 15, 16, 25, 26, 27, 28, 29, 34, 35, 37, 38, 39, 41, 57, 78], "excluded_lines": [], "executed_branches": [], "missing_branches": []}}}, "api/middleware/__init__.py": {"executed_lines": [], "summary": {"covered_lines": 0, "num_statements": 0, "percent_covered": 100.0, "percent_covered_display": "100", "missing_lines": 0, "excluded_lines": 0, "num_branches": 0, "num_partial_branches": 0, "covered_branches": 0, "missing_branches": 0}, "missing_lines": [], "excluded_lines": [], "executed_branches": [], "missing_branches": [], "functions": {"": {"executed_lines": [], "summary": {"covered_lines": 0, "num_statements": 0, "percent_covered": 100.0, "percent_covered_display": "100", "missing_lines": 0, "excluded_lines": 0, "num_branches": 0, "num_partial_branches": 0, "covered_branches": 0, "missing_branches": 0}, "missing_lines": [], "excluded_lines": [], "executed_branches": [], "missing_branches": []}}, "classes": {"": {"executed_lines": [], "summary": {"covered_lines": 0, "num_statements": 0, "percent_covered": 100.0, "percent_covered_display": "100", "missing_lines": 0, "excluded_lines": 0, "num_branches": 0, "num_partial_branches": 0, "covered_branches": 0, "missing_branches": 0}, "missing_lines": [], "excluded_lines": [], "executed_branches": [], "missing_branches": []}}}, "api/middleware/error_handler.py": {"executed_lines": [1, 8, 9, 11, 12, 13, 14, 16, 17, 18, 20, 22, 30, 31, 32], "summary": {"covered_lines": 14, "num_statements": 27, "percent_covered": 51.851851851851855, "percent_covered_display": "52", "missing_lines": 13, "excluded_lines": 0, "num_branches": 0, "num_partial_branches": 0, "covered_branches": 0, "missing_branches": 0}, "missing_lines": [34, 36, 40, 52, 54, 58, 71, 73, 78, 90, 92, 93, 98], "excluded_lines": [], "executed_branches": [], "missing_branches": [], "functions": {"error_handler_middleware": {"executed_lines": [30, 31, 32], "summary": {"covered_lines": 3, "num_statements": 16, "percent_covered": 18.75, "percent_covered_display": "19", "missing_lines": 13, "excluded_lines": 0, "num_branches": 0, "num_partial_branches": 0, "covered_branches": 0, "missing_branches": 0}, "missing_lines": [34, 36, 40, 52, 54, 58, 71, 73, 78, 90, 92, 93, 98], "excluded_lines": [], "executed_branches": [], "missing_branches": []}, "": {"executed_lines": [1, 8, 9, 11, 12, 13, 14, 16, 17, 18, 20, 22], "summary": {"covered_lines": 11, "num_statements": 11, "percent_covered": 100.0, "percent_covered_display": "100", "missing_lines": 0, "excluded_lines": 0, "num_branches": 0, "num_partial_branches": 0, "covered_branches": 0, "missing_branches": 0}, "missing_lines": [], "excluded_lines": [], "executed_branches": [], "missing_branches": []}}, "classes": {"": {"executed_lines": [1, 8, 9, 11, 12, 13, 14, 16, 17, 18, 20, 22, 30, 31, 32], "summary": {"covered_lines": 14, "num_statements": 27, "percent_covered": 51.851851851851855, "percent_covered_display": "52", "missing_lines": 13, "excluded_lines": 0, "num_branches": 0, "num_partial_branches": 0, "covered_branches": 0, "missing_branches": 0}, "missing_lines": [34, 36, 40, 52, 54, 58, 71, 73, 78, 90, 92, 93, 98], "excluded_lines": [], "executed_branches": [], "missing_branches": []}}}, "api/middleware/rate_limiter.py": {"executed_lines": [1, 2, 4, 5, 8, 9, 10, 11, 12, 13, 15, 43, 56, 58, 61, 62, 63, 68, 71, 72, 109, 111, 126], "summary": {"covered_lines": 23, "num_statements": 57, "percent_covered": 34.24657534246575, "percent_covered_display": "34", "missing_lines": 34, "excluded_lines": 0, "num_branches": 16, "num_partial_branches": 2, "covered_branches": 2, "missing_branches": 14}, "missing_lines": [17, 18, 21, 22, 25, 26, 29, 35, 36, 37, 40, 41, 45, 46, 48, 53, 65, 66, 75, 78, 80, 81, 99, 102, 103, 104, 105, 107, 113, 114, 116, 117, 119, 120], "excluded_lines": [], "executed_branches": [[61, 62], [71, 72]], "missing_branches": [[21, 22], [21, 25], [25, 26], [25, 29], [35, 36], [35, 40], [61, 65], [71, 75], [80, 81], [80, 99], [113, 114], [113, 116], [119, -111], [119, 120]], "functions": {"RateLimiter.__init__": {"executed_lines": [10, 11, 12, 13], "summary": {"covered_lines": 4, "num_statements": 4, "percent_covered": 100.0, "percent_covered_display": "100", "missing_lines": 0, "excluded_lines": 0, "num_branches": 0, "num_partial_branches": 0, "covered_branches": 0, "missing_branches": 0}, "missing_lines": [], "excluded_lines": [], "executed_branches": [], "missing_branches": []}, "RateLimiter.check_rate_limit": {"executed_lines": [], "summary": {"covered_lines": 0, "num_statements": 12, "percent_covered": 0.0, "percent_covered_display": "0", "missing_lines": 12, "excluded_lines": 0, "num_branches": 6, "num_partial_branches": 0, "covered_branches": 0, "missing_branches": 6}, "missing_lines": [17, 18, 21, 22, 25, 26, 29, 35, 36, 37, 40, 41], "excluded_lines": [], "executed_branches": [], "missing_branches": [[21, 22], [21, 25], [25, 26], [25, 29], [35, 36], [35, 40]]}, "RateLimiter._cleanup_old_entries": {"executed_lines": [], "summary": {"covered_lines": 0, "num_statements": 4, "percent_covered": 0.0, "percent_covered_display": "0", "missing_lines": 4, "excluded_lines": 0, "num_branches": 0, "num_partial_branches": 0, "covered_branches": 0, "missing_branches": 0}, "missing_lines": [45, 46, 48, 53], "excluded_lines": [], "executed_branches": [], "missing_branches": []}, "rate_limit_middleware": {"executed_lines": [71, 72], "summary": {"covered_lines": 2, "num_statements": 12, "percent_covered": 18.75, "percent_covered_display": "19", "missing_lines": 10, "excluded_lines": 0, "num_branches": 4, "num_partial_branches": 1, "covered_branches": 1, "missing_branches": 3}, "missing_lines": [75, 78, 80, 81, 99, 102, 103, 104, 105, 107], "excluded_lines": [], "executed_branches": [[71, 72]], "missing_branches": [[71, 75], [80, 81], [80, 99]]}, "auth_rate_limit": {"executed_lines": [111, 126], "summary": {"covered_lines": 2, "num_statements": 2, "percent_covered": 100.0, "percent_covered_display": "100", "missing_lines": 0, "excluded_lines": 0, "num_branches": 0, "num_partial_branches": 0, "covered_branches": 0, "missing_branches": 0}, "missing_lines": [], "excluded_lines": [], "executed_branches": [], "missing_branches": []}, "auth_rate_limit.check_limit": {"executed_lines": [], "summary": {"covered_lines": 0, "num_statements": 6, "percent_covered": 0.0, "percent_covered_display": "0", "missing_lines": 6, "excluded_lines": 0, "num_branches": 4, "num_partial_branches": 0, "covered_branches": 0, "missing_branches": 4}, "missing_lines": [113, 114, 116, 117, 119, 120], "excluded_lines": [], "executed_branches": [], "missing_branches": [[113, 114], [113, 116], [119, -111], [119, 120]]}, "": {"executed_lines": [1, 2, 4, 5, 8, 9, 15, 43, 56, 58, 61, 62, 63, 68, 109], "summary": {"covered_lines": 15, "num_statements": 17, "percent_covered": 84.21052631578948, "percent_covered_display": "84", "missing_lines": 2, "excluded_lines": 0, "num_branches": 2, "num_partial_branches": 1, "covered_branches": 1, "missing_branches": 1}, "missing_lines": [65, 66], "excluded_lines": [], "executed_branches": [[61, 62]], "missing_branches": [[61, 65]]}}, "classes": {"RateLimiter": {"executed_lines": [10, 11, 12, 13], "summary": {"covered_lines": 4, "num_statements": 20, "percent_covered": 15.384615384615385, "percent_covered_display": "15", "missing_lines": 16, "excluded_lines": 0, "num_branches": 6, "num_partial_branches": 0, "covered_branches": 0, "missing_branches": 6}, "missing_lines": [17, 18, 21, 22, 25, 26, 29, 35, 36, 37, 40, 41, 45, 46, 48, 53], "excluded_lines": [], "executed_branches": [], "missing_branches": [[21, 22], [21, 25], [25, 26], [25, 29], [35, 36], [35, 40]]}, "": {"executed_lines": [1, 2, 4, 5, 8, 9, 15, 43, 56, 58, 61, 62, 63, 68, 71, 72, 109, 111, 126], "summary": {"covered_lines": 19, "num_statements": 37, "percent_covered": 44.680851063829785, "percent_covered_display": "45", "missing_lines": 18, "excluded_lines": 0, "num_branches": 10, "num_partial_branches": 2, "covered_branches": 2, "missing_branches": 8}, "missing_lines": [65, 66, 75, 78, 80, 81, 99, 102, 103, 104, 105, 107, 113, 114, 116, 117, 119, 120], "excluded_lines": [], "executed_branches": [[61, 62], [71, 72]], "missing_branches": [[61, 65], [71, 75], [80, 81], [80, 99], [113, 114], [113, 116], [119, -111], [119, 120]]}}}, "api/middleware/security_headers.py": {"executed_lines": [1, 4, 6, 9, 10, 11, 12, 13, 14, 15, 18, 21], "summary": {"covered_lines": 12, "num_statements": 13, "percent_covered": 86.66666666666667, "percent_covered_display": "87", "missing_lines": 1, "excluded_lines": 0, "num_branches": 2, "num_partial_branches": 1, "covered_branches": 1, "missing_branches": 1}, "missing_lines": [19], "excluded_lines": [], "executed_branches": [[18, 21]], "missing_branches": [[18, 19]], "functions": {"security_headers_middleware": {"executed_lines": [6, 9, 10, 11, 12, 13, 14, 15, 18, 21], "summary": {"covered_lines": 10, "num_statements": 11, "percent_covered": 84.61538461538461, "percent_covered_display": "85", "missing_lines": 1, "excluded_lines": 0, "num_branches": 2, "num_partial_branches": 1, "covered_branches": 1, "missing_branches": 1}, "missing_lines": [19], "excluded_lines": [], "executed_branches": [[18, 21]], "missing_branches": [[18, 19]]}, "": {"executed_lines": [1, 4], "summary": {"covered_lines": 2, "num_statements": 2, "percent_covered": 100.0, "percent_covered_display": "100", "missing_lines": 0, "excluded_lines": 0, "num_branches": 0, "num_partial_branches": 0, "covered_branches": 0, "missing_branches": 0}, "missing_lines": [], "excluded_lines": [], "executed_branches": [], "missing_branches": []}}, "classes": {"": {"executed_lines": [1, 4, 6, 9, 10, 11, 12, 13, 14, 15, 18, 21], "summary": {"covered_lines": 12, "num_statements": 13, "percent_covered": 86.66666666666667, "percent_covered_display": "87", "missing_lines": 1, "excluded_lines": 0, "num_branches": 2, "num_partial_branches": 1, "covered_branches": 1, "missing_branches": 1}, "missing_lines": [19], "excluded_lines": [], "executed_branches": [[18, 21]], "missing_branches": [[18, 19]]}}}, "api/request_id_middleware.py": {"executed_lines": [1, 5, 6, 8, 9, 10, 12, 15, 16, 20, 24, 27, 29, 32, 35, 37, 38, 40], "summary": {"covered_lines": 16, "num_statements": 16, "percent_covered": 100.0, "percent_covered_display": "100", "missing_lines": 0, "excluded_lines": 0, "num_branches": 0, "num_partial_branches": 0, "covered_branches": 0, "missing_branches": 0}, "missing_lines": [], "excluded_lines": [], "executed_branches": [], "missing_branches": [], "functions": {"RequestIDMiddleware.dispatch": {"executed_lines": [24, 27, 29, 32, 35, 37, 38, 40], "summary": {"covered_lines": 8, "num_statements": 8, "percent_covered": 100.0, "percent_covered_display": "100", "missing_lines": 0, "excluded_lines": 0, "num_branches": 0, "num_partial_branches": 0, "covered_branches": 0, "missing_branches": 0}, "missing_lines": [], "excluded_lines": [], "executed_branches": [], "missing_branches": []}, "": {"executed_lines": [1, 5, 6, 8, 9, 10, 12, 15, 16, 20], "summary": {"covered_lines": 8, "num_statements": 8, "percent_covered": 100.0, "percent_covered_display": "100", "missing_lines": 0, "excluded_lines": 0, "num_branches": 0, "num_partial_branches": 0, "covered_branches": 0, "missing_branches": 0}, "missing_lines": [], "excluded_lines": [], "executed_branches": [], "missing_branches": []}}, "classes": {"RequestIDMiddleware": {"executed_lines": [24, 27, 29, 32, 35, 37, 38, 40], "summary": {"covered_lines": 8, "num_statements": 8, "percent_covered": 100.0, "percent_covered_display": "100", "missing_lines": 0, "excluded_lines": 0, "num_branches": 0, "num_partial_branches": 0, "covered_branches": 0, "missing_branches": 0}, "missing_lines": [], "excluded_lines": [], "executed_branches": [], "missing_branches": []}, "": {"executed_lines": [1, 5, 6, 8, 9, 10, 12, 15, 16, 20], "summary": {"covered_lines": 8, "num_statements": 8, "percent_covered": 100.0, "percent_covered_display": "100", "missing_lines": 0, "excluded_lines": 0, "num_branches": 0, "num_partial_branches": 0, "covered_branches": 0, "missing_branches": 0}, "missing_lines": [], "excluded_lines": [], "executed_branches": [], "missing_branches": []}}}, "api/routers/__init__.py": {"executed_lines": [], "summary": {"covered_lines": 0, "num_statements": 0, "percent_covered": 100.0, "percent_covered_display": "100", "missing_lines": 0, "excluded_lines": 0, "num_branches": 0, "num_partial_branches": 0, "covered_branches": 0, "missing_branches": 0}, "missing_lines": [], "excluded_lines": [], "executed_branches": [], "missing_branches": [], "functions": {"": {"executed_lines": [], "summary": {"covered_lines": 0, "num_statements": 0, "percent_covered": 100.0, "percent_covered_display": "100", "missing_lines": 0, "excluded_lines": 0, "num_branches": 0, "num_partial_branches": 0, "covered_branches": 0, "missing_branches": 0}, "missing_lines": [], "excluded_lines": [], "executed_branches": [], "missing_branches": []}}, "classes": {"": {"executed_lines": [], "summary": {"covered_lines": 0, "num_statements": 0, "percent_covered": 100.0, "percent_covered_display": "100", "missing_lines": 0, "excluded_lines": 0, "num_branches": 0, "num_partial_branches": 0, "covered_branches": 0, "missing_branches": 0}, "missing_lines": [], "excluded_lines": [], "executed_branches": [], "missing_branches": []}}}, "api/routers/assessments.py": {"executed_lines": [1, 2, 4, 5, 7, 8, 14, 15, 18, 19, 20, 21, 24, 25, 26, 29, 30, 31, 32, 35, 36, 38, 40, 41, 82, 83, 91, 92, 104, 105, 113, 114, 129, 130], "summary": {"covered_lines": 34, "num_statements": 52, "percent_covered": 60.714285714285715, "percent_covered_display": "61", "missing_lines": 18, "excluded_lines": 0, "num_branches": 4, "num_partial_branches": 0, "covered_branches": 0, "missing_branches": 4}, "missing_lines": [48, 51, 61, 62, 71, 80, 88, 89, 96, 97, 98, 102, 110, 111, 120, 127, 135, 136], "excluded_lines": [], "executed_branches": [], "missing_branches": [[61, 62], [61, 80], [97, 98], [97, 102]], "functions": {"quick_assessment": {"executed_lines": [], "summary": {"covered_lines": 0, "num_statements": 6, "percent_covered": 0.0, "percent_covered_display": "0", "missing_lines": 6, "excluded_lines": 0, "num_branches": 2, "num_partial_branches": 0, "covered_branches": 0, "missing_branches": 2}, "missing_lines": [48, 51, 61, 62, 71, 80], "excluded_lines": [], "executed_branches": [], "missing_branches": [[61, 62], [61, 80]]}, "start_assessment": {"executed_lines": [], "summary": {"covered_lines": 0, "num_statements": 2, "percent_covered": 0.0, "percent_covered_display": "0", "missing_lines": 2, "excluded_lines": 0, "num_branches": 0, "num_partial_branches": 0, "covered_branches": 0, "missing_branches": 0}, "missing_lines": [88, 89], "excluded_lines": [], "executed_branches": [], "missing_branches": []}, "get_current_session": {"executed_lines": [], "summary": {"covered_lines": 0, "num_statements": 4, "percent_covered": 0.0, "percent_covered_display": "0", "missing_lines": 4, "excluded_lines": 0, "num_branches": 2, "num_partial_branches": 0, "covered_branches": 0, "missing_branches": 2}, "missing_lines": [96, 97, 98, 102], "excluded_lines": [], "executed_branches": [], "missing_branches": [[97, 98], [97, 102]]}, "get_questions": {"executed_lines": [], "summary": {"covered_lines": 0, "num_statements": 2, "percent_covered": 0.0, "percent_covered_display": "0", "missing_lines": 2, "excluded_lines": 0, "num_branches": 0, "num_partial_branches": 0, "covered_branches": 0, "missing_branches": 0}, "missing_lines": [110, 111], "excluded_lines": [], "executed_branches": [], "missing_branches": []}, "update_response": {"executed_lines": [], "summary": {"covered_lines": 0, "num_statements": 2, "percent_covered": 0.0, "percent_covered_display": "0", "missing_lines": 2, "excluded_lines": 0, "num_branches": 0, "num_partial_branches": 0, "covered_branches": 0, "missing_branches": 0}, "missing_lines": [120, 127], "excluded_lines": [], "executed_branches": [], "missing_branches": []}, "complete_assessment": {"executed_lines": [], "summary": {"covered_lines": 0, "num_statements": 2, "percent_covered": 0.0, "percent_covered_display": "0", "missing_lines": 2, "excluded_lines": 0, "num_branches": 0, "num_partial_branches": 0, "covered_branches": 0, "missing_branches": 0}, "missing_lines": [135, 136], "excluded_lines": [], "executed_branches": [], "missing_branches": []}, "": {"executed_lines": [1, 2, 4, 5, 7, 8, 14, 15, 18, 19, 20, 21, 24, 25, 26, 29, 30, 31, 32, 35, 36, 38, 40, 41, 82, 83, 91, 92, 104, 105, 113, 114, 129, 130], "summary": {"covered_lines": 34, "num_statements": 34, "percent_covered": 100.0, "percent_covered_display": "100", "missing_lines": 0, "excluded_lines": 0, "num_branches": 0, "num_partial_branches": 0, "covered_branches": 0, "missing_branches": 0}, "missing_lines": [], "excluded_lines": [], "executed_branches": [], "missing_branches": []}}, "classes": {"QuickAssessmentRequest": {"executed_lines": [], "summary": {"covered_lines": 0, "num_statements": 0, "percent_covered": 100.0, "percent_covered_display": "100", "missing_lines": 0, "excluded_lines": 0, "num_branches": 0, "num_partial_branches": 0, "covered_branches": 0, "missing_branches": 0}, "missing_lines": [], "excluded_lines": [], "executed_branches": [], "missing_branches": []}, "FrameworkInfo": {"executed_lines": [], "summary": {"covered_lines": 0, "num_statements": 0, "percent_covered": 100.0, "percent_covered_display": "100", "missing_lines": 0, "excluded_lines": 0, "num_branches": 0, "num_partial_branches": 0, "covered_branches": 0, "missing_branches": 0}, "missing_lines": [], "excluded_lines": [], "executed_branches": [], "missing_branches": []}, "QuickRecommendation": {"executed_lines": [], "summary": {"covered_lines": 0, "num_statements": 0, "percent_covered": 100.0, "percent_covered_display": "100", "missing_lines": 0, "excluded_lines": 0, "num_branches": 0, "num_partial_branches": 0, "covered_branches": 0, "missing_branches": 0}, "missing_lines": [], "excluded_lines": [], "executed_branches": [], "missing_branches": []}, "QuickAssessmentResponse": {"executed_lines": [], "summary": {"covered_lines": 0, "num_statements": 0, "percent_covered": 100.0, "percent_covered_display": "100", "missing_lines": 0, "excluded_lines": 0, "num_branches": 0, "num_partial_branches": 0, "covered_branches": 0, "missing_branches": 0}, "missing_lines": [], "excluded_lines": [], "executed_branches": [], "missing_branches": []}, "": {"executed_lines": [1, 2, 4, 5, 7, 8, 14, 15, 18, 19, 20, 21, 24, 25, 26, 29, 30, 31, 32, 35, 36, 38, 40, 41, 82, 83, 91, 92, 104, 105, 113, 114, 129, 130], "summary": {"covered_lines": 34, "num_statements": 52, "percent_covered": 60.714285714285715, "percent_covered_display": "61", "missing_lines": 18, "excluded_lines": 0, "num_branches": 4, "num_partial_branches": 0, "covered_branches": 0, "missing_branches": 4}, "missing_lines": [48, 51, 61, 62, 71, 80, 88, 89, 96, 97, 98, 102, 110, 111, 120, 127, 135, 136], "excluded_lines": [], "executed_branches": [], "missing_branches": [[61, 62], [61, 80], [97, 98], [97, 102]]}}}, "api/routers/auth.py": {"executed_lines": [1, 2, 4, 5, 6, 8, 17, 18, 19, 21, 22, 23, 24, 25, 27, 29, 35, 66, 67, 93, 94, 121, 122, 153, 154], "summary": {"covered_lines": 25, "num_statements": 66, "percent_covered": 31.25, "percent_covered_display": "31", "missing_lines": 41, "excluded_lines": 0, "num_branches": 14, "num_partial_branches": 0, "covered_branches": 0, "missing_branches": 14}, "missing_lines": [37, 38, 39, 45, 46, 47, 53, 54, 60, 61, 62, 64, 72, 73, 74, 81, 82, 85, 87, 100, 101, 102, 109, 110, 113, 115, 126, 128, 129, 130, 135, 136, 137, 138, 144, 145, 147, 156, 158, 159, 161], "excluded_lines": [], "executed_branches": [], "missing_branches": [[38, 39], [38, 45], [46, 47], [46, 53], [73, 74], [73, 81], [101, 102], [101, 109], [129, 130], [129, 135], [137, 138], [137, 144], [158, 159], [158, 161]], "functions": {"register": {"executed_lines": [], "summary": {"covered_lines": 0, "num_statements": 12, "percent_covered": 0.0, "percent_covered_display": "0", "missing_lines": 12, "excluded_lines": 0, "num_branches": 4, "num_partial_branches": 0, "covered_branches": 0, "missing_branches": 4}, "missing_lines": [37, 38, 39, 45, 46, 47, 53, 54, 60, 61, 62, 64], "excluded_lines": [], "executed_branches": [], "missing_branches": [[38, 39], [38, 45], [46, 47], [46, 53]]}, "login_for_access_token": {"executed_lines": [], "summary": {"covered_lines": 0, "num_statements": 7, "percent_covered": 0.0, "percent_covered_display": "0", "missing_lines": 7, "excluded_lines": 0, "num_branches": 2, "num_partial_branches": 0, "covered_branches": 0, "missing_branches": 2}, "missing_lines": [72, 73, 74, 81, 82, 85, 87], "excluded_lines": [], "executed_branches": [], "missing_branches": [[73, 74], [73, 81]]}, "login": {"executed_lines": [], "summary": {"covered_lines": 0, "num_statements": 7, "percent_covered": 0.0, "percent_covered_display": "0", "missing_lines": 7, "excluded_lines": 0, "num_branches": 2, "num_partial_branches": 0, "covered_branches": 0, "missing_branches": 2}, "missing_lines": [100, 101, 102, 109, 110, 113, 115], "excluded_lines": [], "executed_branches": [], "missing_branches": [[101, 102], [101, 109]]}, "refresh_token": {"executed_lines": [], "summary": {"covered_lines": 0, "num_statements": 11, "percent_covered": 0.0, "percent_covered_display": "0", "missing_lines": 11, "excluded_lines": 0, "num_branches": 4, "num_partial_branches": 0, "covered_branches": 0, "missing_branches": 4}, "missing_lines": [126, 128, 129, 130, 135, 136, 137, 138, 144, 145, 147], "excluded_lines": [], "executed_branches": [], "missing_branches": [[129, 130], [129, 135], [137, 138], [137, 144]]}, "logout": {"executed_lines": [], "summary": {"covered_lines": 0, "num_statements": 4, "percent_covered": 0.0, "percent_covered_display": "0", "missing_lines": 4, "excluded_lines": 0, "num_branches": 2, "num_partial_branches": 0, "covered_branches": 0, "missing_branches": 2}, "missing_lines": [156, 158, 159, 161], "excluded_lines": [], "executed_branches": [], "missing_branches": [[158, 159], [158, 161]]}, "": {"executed_lines": [1, 2, 4, 5, 6, 8, 17, 18, 19, 21, 22, 23, 24, 25, 27, 29, 35, 66, 67, 93, 94, 121, 122, 153, 154], "summary": {"covered_lines": 25, "num_statements": 25, "percent_covered": 100.0, "percent_covered_display": "100", "missing_lines": 0, "excluded_lines": 0, "num_branches": 0, "num_partial_branches": 0, "covered_branches": 0, "missing_branches": 0}, "missing_lines": [], "excluded_lines": [], "executed_branches": [], "missing_branches": []}}, "classes": {"LoginRequest": {"executed_lines": [], "summary": {"covered_lines": 0, "num_statements": 0, "percent_covered": 100.0, "percent_covered_display": "100", "missing_lines": 0, "excluded_lines": 0, "num_branches": 0, "num_partial_branches": 0, "covered_branches": 0, "missing_branches": 0}, "missing_lines": [], "excluded_lines": [], "executed_branches": [], "missing_branches": []}, "": {"executed_lines": [1, 2, 4, 5, 6, 8, 17, 18, 19, 21, 22, 23, 24, 25, 27, 29, 35, 66, 67, 93, 94, 121, 122, 153, 154], "summary": {"covered_lines": 25, "num_statements": 66, "percent_covered": 31.25, "percent_covered_display": "31", "missing_lines": 41, "excluded_lines": 0, "num_branches": 14, "num_partial_branches": 0, "covered_branches": 0, "missing_branches": 14}, "missing_lines": [37, 38, 39, 45, 46, 47, 53, 54, 60, 61, 62, 64, 72, 73, 74, 81, 82, 85, 87, 100, 101, 102, 109, 110, 113, 115, 126, 128, 129, 130, 135, 136, 137, 138, 144, 145, 147, 156, 158, 159, 161], "excluded_lines": [], "executed_branches": [], "missing_branches": [[38, 39], [38, 45], [46, 47], [46, 53], [73, 74], [73, 81], [101, 102], [101, 109], [129, 130], [129, 135], [137, 138], [137, 144], [158, 159], [158, 161]]}}}, "api/routers/business_profiles.py": {"executed_lines": [1, 3, 4, 6, 7, 8, 9, 10, 12, 14, 15, 57, 58, 70, 71], "summary": {"covered_lines": 15, "num_statements": 43, "percent_covered": 27.272727272727273, "percent_covered_display": "27", "missing_lines": 28, "excluded_lines": 0, "num_branches": 12, "num_partial_branches": 0, "covered_branches": 0, "missing_branches": 12}, "missing_lines": [21, 22, 23, 29, 31, 34, 42, 43, 44, 46, 51, 52, 53, 55, 62, 63, 64, 68, 76, 77, 78, 83, 85, 86, 87, 89, 90, 92], "excluded_lines": [], "executed_branches": [], "missing_branches": [[22, 23], [22, 29], [42, 43], [42, 46], [43, 42], [43, 44], [63, 64], [63, 68], [77, 78], [77, 83], [86, 87], [86, 89]], "functions": {"create_business_profile": {"executed_lines": [], "summary": {"covered_lines": 0, "num_statements": 14, "percent_covered": 0.0, "percent_covered_display": "0", "missing_lines": 14, "excluded_lines": 0, "num_branches": 6, "num_partial_branches": 0, "covered_branches": 0, "missing_branches": 6}, "missing_lines": [21, 22, 23, 29, 31, 34, 42, 43, 44, 46, 51, 52, 53, 55], "excluded_lines": [], "executed_branches": [], "missing_branches": [[22, 23], [22, 29], [42, 43], [42, 46], [43, 42], [43, 44]]}, "get_business_profile": {"executed_lines": [], "summary": {"covered_lines": 0, "num_statements": 4, "percent_covered": 0.0, "percent_covered_display": "0", "missing_lines": 4, "excluded_lines": 0, "num_branches": 2, "num_partial_branches": 0, "covered_branches": 0, "missing_branches": 2}, "missing_lines": [62, 63, 64, 68], "excluded_lines": [], "executed_branches": [], "missing_branches": [[63, 64], [63, 68]]}, "update_business_profile": {"executed_lines": [], "summary": {"covered_lines": 0, "num_statements": 10, "percent_covered": 0.0, "percent_covered_display": "0", "missing_lines": 10, "excluded_lines": 0, "num_branches": 4, "num_partial_branches": 0, "covered_branches": 0, "missing_branches": 4}, "missing_lines": [76, 77, 78, 83, 85, 86, 87, 89, 90, 92], "excluded_lines": [], "executed_branches": [], "missing_branches": [[77, 78], [77, 83], [86, 87], [86, 89]]}, "": {"executed_lines": [1, 3, 4, 6, 7, 8, 9, 10, 12, 14, 15, 57, 58, 70, 71], "summary": {"covered_lines": 15, "num_statements": 15, "percent_covered": 100.0, "percent_covered_display": "100", "missing_lines": 0, "excluded_lines": 0, "num_branches": 0, "num_partial_branches": 0, "covered_branches": 0, "missing_branches": 0}, "missing_lines": [], "excluded_lines": [], "executed_branches": [], "missing_branches": []}}, "classes": {"": {"executed_lines": [1, 3, 4, 6, 7, 8, 9, 10, 12, 14, 15, 57, 58, 70, 71], "summary": {"covered_lines": 15, "num_statements": 43, "percent_covered": 27.272727272727273, "percent_covered_display": "27", "missing_lines": 28, "excluded_lines": 0, "num_branches": 12, "num_partial_branches": 0, "covered_branches": 0, "missing_branches": 12}, "missing_lines": [21, 22, 23, 29, 31, 34, 42, 43, 44, 46, 51, 52, 53, 55, 62, 63, 64, 68, 76, 77, 78, 83, 85, 86, 87, 89, 90, 92], "excluded_lines": [], "executed_branches": [], "missing_branches": [[22, 23], [22, 29], [42, 43], [42, 46], [43, 42], [43, 44], [63, 64], [63, 68], [77, 78], [77, 83], [86, 87], [86, 89]]}}}, "api/routers/chat.py": {"executed_lines": [1, 5, 6, 7, 8, 9, 10, 11, 13, 14, 15, 16, 17, 18, 19, 25, 28, 30, 32, 33, 113, 114, 167, 168, 202, 203, 279, 280, 307, 308, 336, 337], "summary": {"covered_lines": 31, "num_statements": 138, "percent_covered": 19.871794871794872, "percent_covered_display": "20", "missing_lines": 107, "excluded_lines": 0, "num_branches": 18, "num_partial_branches": 0, "covered_branches": 0, "missing_branches": 18}, "missing_lines": [39, 41, 45, 46, 52, 59, 60, 62, 65, 66, 69, 75, 78, 86, 93, 95, 97, 99, 108, 109, 110, 111, 121, 123, 129, 137, 138, 139, 143, 147, 156, 163, 164, 165, 174, 175, 180, 181, 183, 187, 196, 197, 198, 199, 200, 210, 212, 218, 219, 222, 226, 227, 230, 234, 237, 243, 244, 247, 248, 256, 263, 266, 268, 270, 272, 273, 274, 275, 276, 277, 286, 287, 292, 293, 295, 296, 298, 300, 301, 302, 303, 304, 305, 314, 315, 319, 320, 322, 323, 328, 330, 331, 332, 333, 334, 343, 344, 348, 349, 351, 352, 357, 359, 360, 361, 362, 363], "excluded_lines": [], "executed_branches": [], "missing_branches": [[45, 46], [45, 52], [65, 66], [65, 97], [138, 139], [138, 156], [180, 181], [180, 183], [218, 219], [218, 222], [226, 227], [226, 230], [292, 293], [292, 295], [319, 320], [319, 322], [348, 349], [348, 351]], "functions": {"create_conversation": {"executed_lines": [], "summary": {"covered_lines": 0, "num_statements": 22, "percent_covered": 0.0, "percent_covered_display": "0", "missing_lines": 22, "excluded_lines": 0, "num_branches": 4, "num_partial_branches": 0, "covered_branches": 0, "missing_branches": 4}, "missing_lines": [39, 41, 45, 46, 52, 59, 60, 62, 65, 66, 69, 75, 78, 86, 93, 95, 97, 99, 108, 109, 110, 111], "excluded_lines": [], "executed_branches": [], "missing_branches": [[45, 46], [45, 52], [65, 66], [65, 97]]}, "list_conversations": {"executed_lines": [], "summary": {"covered_lines": 0, "num_statements": 12, "percent_covered": 0.0, "percent_covered_display": "0", "missing_lines": 12, "excluded_lines": 0, "num_branches": 2, "num_partial_branches": 0, "covered_branches": 0, "missing_branches": 2}, "missing_lines": [121, 123, 129, 137, 138, 139, 143, 147, 156, 163, 164, 165], "excluded_lines": [], "executed_branches": [], "missing_branches": [[138, 139], [138, 156]]}, "get_conversation": {"executed_lines": [], "summary": {"covered_lines": 0, "num_statements": 11, "percent_covered": 0.0, "percent_covered_display": "0", "missing_lines": 11, "excluded_lines": 0, "num_branches": 2, "num_partial_branches": 0, "covered_branches": 0, "missing_branches": 2}, "missing_lines": [174, 175, 180, 181, 183, 187, 196, 197, 198, 199, 200], "excluded_lines": [], "executed_branches": [], "missing_branches": [[180, 181], [180, 183]]}, "send_message": {"executed_lines": [], "summary": {"covered_lines": 0, "num_statements": 25, "percent_covered": 0.0, "percent_covered_display": "0", "missing_lines": 25, "excluded_lines": 0, "num_branches": 4, "num_partial_branches": 0, "covered_branches": 0, "missing_branches": 4}, "missing_lines": [210, 212, 218, 219, 222, 226, 227, 230, 234, 237, 243, 244, 247, 248, 256, 263, 266, 268, 270, 272, 273, 274, 275, 276, 277], "excluded_lines": [], "executed_branches": [], "missing_branches": [[218, 219], [218, 222], [226, 227], [226, 230]]}, "delete_conversation": {"executed_lines": [], "summary": {"covered_lines": 0, "num_statements": 13, "percent_covered": 0.0, "percent_covered_display": "0", "missing_lines": 13, "excluded_lines": 0, "num_branches": 2, "num_partial_branches": 0, "covered_branches": 0, "missing_branches": 2}, "missing_lines": [286, 287, 292, 293, 295, 296, 298, 300, 301, 302, 303, 304, 305], "excluded_lines": [], "executed_branches": [], "missing_branches": [[292, 293], [292, 295]]}, "get_evidence_recommendations": {"executed_lines": [], "summary": {"covered_lines": 0, "num_statements": 12, "percent_covered": 0.0, "percent_covered_display": "0", "missing_lines": 12, "excluded_lines": 0, "num_branches": 2, "num_partial_branches": 0, "covered_branches": 0, "missing_branches": 2}, "missing_lines": [314, 315, 319, 320, 322, 323, 328, 330, 331, 332, 333, 334], "excluded_lines": [], "executed_branches": [], "missing_branches": [[319, 320], [319, 322]]}, "analyze_compliance_gap": {"executed_lines": [], "summary": {"covered_lines": 0, "num_statements": 12, "percent_covered": 0.0, "percent_covered_display": "0", "missing_lines": 12, "excluded_lines": 0, "num_branches": 2, "num_partial_branches": 0, "covered_branches": 0, "missing_branches": 2}, "missing_lines": [343, 344, 348, 349, 351, 352, 357, 359, 360, 361, 362, 363], "excluded_lines": [], "executed_branches": [], "missing_branches": [[348, 349], [348, 351]]}, "": {"executed_lines": [1, 5, 6, 7, 8, 9, 10, 11, 13, 14, 15, 16, 17, 18, 19, 25, 28, 30, 32, 33, 113, 114, 167, 168, 202, 203, 279, 280, 307, 308, 336, 337], "summary": {"covered_lines": 31, "num_statements": 31, "percent_covered": 100.0, "percent_covered_display": "100", "missing_lines": 0, "excluded_lines": 0, "num_branches": 0, "num_partial_branches": 0, "covered_branches": 0, "missing_branches": 0}, "missing_lines": [], "excluded_lines": [], "executed_branches": [], "missing_branches": []}}, "classes": {"": {"executed_lines": [1, 5, 6, 7, 8, 9, 10, 11, 13, 14, 15, 16, 17, 18, 19, 25, 28, 30, 32, 33, 113, 114, 167, 168, 202, 203, 279, 280, 307, 308, 336, 337], "summary": {"covered_lines": 31, "num_statements": 138, "percent_covered": 19.871794871794872, "percent_covered_display": "20", "missing_lines": 107, "excluded_lines": 0, "num_branches": 18, "num_partial_branches": 0, "covered_branches": 0, "missing_branches": 18}, "missing_lines": [39, 41, 45, 46, 52, 59, 60, 62, 65, 66, 69, 75, 78, 86, 93, 95, 97, 99, 108, 109, 110, 111, 121, 123, 129, 137, 138, 139, 143, 147, 156, 163, 164, 165, 174, 175, 180, 181, 183, 187, 196, 197, 198, 199, 200, 210, 212, 218, 219, 222, 226, 227, 230, 234, 237, 243, 244, 247, 248, 256, 263, 266, 268, 270, 272, 273, 274, 275, 276, 277, 286, 287, 292, 293, 295, 296, 298, 300, 301, 302, 303, 304, 305, 314, 315, 319, 320, 322, 323, 328, 330, 331, 332, 333, 334, 343, 344, 348, 349, 351, 352, 357, 359, 360, 361, 362, 363], "excluded_lines": [], "executed_branches": [], "missing_branches": [[45, 46], [45, 52], [65, 66], [65, 97], [138, 139], [138, 156], [180, 181], [180, 183], [218, 219], [218, 222], [226, 227], [226, 230], [292, 293], [292, 295], [319, 320], [319, 322], [348, 349], [348, 351]]}}}, "api/routers/evidence.py": {"executed_lines": [1, 2, 4, 5, 7, 8, 17, 18, 19, 21, 24, 25, 31, 38, 39, 58, 59, 78, 79, 102, 103, 126, 127, 145, 146, 167, 168, 194, 195], "summary": {"covered_lines": 29, "num_statements": 64, "percent_covered": 35.36585365853659, "percent_covered_display": "35", "missing_lines": 35, "excluded_lines": 0, "num_branches": 18, "num_partial_branches": 0, "covered_branches": 0, "missing_branches": 18}, "missing_lines": [35, 47, 55, 65, 69, 70, 71, 72, 75, 86, 93, 94, 95, 96, 99, 110, 117, 118, 119, 120, 123, 133, 139, 140, 141, 142, 152, 160, 176, 178, 186, 187, 191, 201, 204], "excluded_lines": [], "executed_branches": [], "missing_branches": [[69, 70], [69, 71], [71, 72], [71, 75], [93, 94], [93, 95], [95, 96], [95, 99], [117, 118], [117, 119], [119, 120], [119, 123], [139, 140], [139, 141], [141, -126], [141, 142], [186, 187], [186, 191]], "functions": {"create_new_evidence": {"executed_lines": [31], "summary": {"covered_lines": 1, "num_statements": 2, "percent_covered": 50.0, "percent_covered_display": "50", "missing_lines": 1, "excluded_lines": 0, "num_branches": 0, "num_partial_branches": 0, "covered_branches": 0, "missing_branches": 0}, "missing_lines": [35], "excluded_lines": [], "executed_branches": [], "missing_branches": []}, "list_evidence": {"executed_lines": [], "summary": {"covered_lines": 0, "num_statements": 2, "percent_covered": 0.0, "percent_covered_display": "0", "missing_lines": 2, "excluded_lines": 0, "num_branches": 0, "num_partial_branches": 0, "covered_branches": 0, "missing_branches": 0}, "missing_lines": [47, 55], "excluded_lines": [], "executed_branches": [], "missing_branches": []}, "get_evidence_details": {"executed_lines": [], "summary": {"covered_lines": 0, "num_statements": 6, "percent_covered": 0.0, "percent_covered_display": "0", "missing_lines": 6, "excluded_lines": 0, "num_branches": 4, "num_partial_branches": 0, "covered_branches": 0, "missing_branches": 4}, "missing_lines": [65, 69, 70, 71, 72, 75], "excluded_lines": [], "executed_branches": [], "missing_branches": [[69, 70], [69, 71], [71, 72], [71, 75]]}, "update_evidence_item": {"executed_lines": [], "summary": {"covered_lines": 0, "num_statements": 6, "percent_covered": 0.0, "percent_covered_display": "0", "missing_lines": 6, "excluded_lines": 0, "num_branches": 4, "num_partial_branches": 0, "covered_branches": 0, "missing_branches": 4}, "missing_lines": [86, 93, 94, 95, 96, 99], "excluded_lines": [], "executed_branches": [], "missing_branches": [[93, 94], [93, 95], [95, 96], [95, 99]]}, "partial_update_evidence_item": {"executed_lines": [], "summary": {"covered_lines": 0, "num_statements": 6, "percent_covered": 0.0, "percent_covered_display": "0", "missing_lines": 6, "excluded_lines": 0, "num_branches": 4, "num_partial_branches": 0, "covered_branches": 0, "missing_branches": 4}, "missing_lines": [110, 117, 118, 119, 120, 123], "excluded_lines": [], "executed_branches": [], "missing_branches": [[117, 118], [117, 119], [119, 120], [119, 123]]}, "delete_evidence_item": {"executed_lines": [], "summary": {"covered_lines": 0, "num_statements": 5, "percent_covered": 0.0, "percent_covered_display": "0", "missing_lines": 5, "excluded_lines": 0, "num_branches": 4, "num_partial_branches": 0, "covered_branches": 0, "missing_branches": 4}, "missing_lines": [133, 139, 140, 141, 142], "excluded_lines": [], "executed_branches": [], "missing_branches": [[139, 140], [139, 141], [141, -126], [141, 142]]}, "bulk_update_evidence_status": {"executed_lines": [], "summary": {"covered_lines": 0, "num_statements": 2, "percent_covered": 0.0, "percent_covered_display": "0", "missing_lines": 2, "excluded_lines": 0, "num_branches": 0, "num_partial_branches": 0, "covered_branches": 0, "missing_branches": 0}, "missing_lines": [152, 160], "excluded_lines": [], "executed_branches": [], "missing_branches": []}, "upload_evidence_file_route": {"executed_lines": [], "summary": {"covered_lines": 0, "num_statements": 5, "percent_covered": 0.0, "percent_covered_display": "0", "missing_lines": 5, "excluded_lines": 0, "num_branches": 2, "num_partial_branches": 0, "covered_branches": 0, "missing_branches": 2}, "missing_lines": [176, 178, 186, 187, 191], "excluded_lines": [], "executed_branches": [], "missing_branches": [[186, 187], [186, 191]]}, "get_evidence_dashboard": {"executed_lines": [], "summary": {"covered_lines": 0, "num_statements": 2, "percent_covered": 0.0, "percent_covered_display": "0", "missing_lines": 2, "excluded_lines": 0, "num_branches": 0, "num_partial_branches": 0, "covered_branches": 0, "missing_branches": 0}, "missing_lines": [201, 204], "excluded_lines": [], "executed_branches": [], "missing_branches": []}, "": {"executed_lines": [1, 2, 4, 5, 7, 8, 17, 18, 19, 21, 24, 25, 38, 39, 58, 59, 78, 79, 102, 103, 126, 127, 145, 146, 167, 168, 194, 195], "summary": {"covered_lines": 28, "num_statements": 28, "percent_covered": 100.0, "percent_covered_display": "100", "missing_lines": 0, "excluded_lines": 0, "num_branches": 0, "num_partial_branches": 0, "covered_branches": 0, "missing_branches": 0}, "missing_lines": [], "excluded_lines": [], "executed_branches": [], "missing_branches": []}}, "classes": {"": {"executed_lines": [1, 2, 4, 5, 7, 8, 17, 18, 19, 21, 24, 25, 31, 38, 39, 58, 59, 78, 79, 102, 103, 126, 127, 145, 146, 167, 168, 194, 195], "summary": {"covered_lines": 29, "num_statements": 64, "percent_covered": 35.36585365853659, "percent_covered_display": "35", "missing_lines": 35, "excluded_lines": 0, "num_branches": 18, "num_partial_branches": 0, "covered_branches": 0, "missing_branches": 18}, "missing_lines": [35, 47, 55, 65, 69, 70, 71, 72, 75, 86, 93, 94, 95, 96, 99, 110, 117, 118, 119, 120, 1
[...]
executed_lines": [], "summary": {"covered_lines": 0, "num_statements": 23, "percent_covered": 0.0, "percent_covered_display": "0", "missing_lines": 23, "excluded_lines": 0, "num_branches": 0, "num_partial_branches": 0, "covered_branches": 0, "missing_branches": 0}, "missing_lines": [198, 199, 201, 202, 203, 205, 206, 207, 212, 213, 215, 216, 217, 219, 220, 222, 227, 228, 230, 231, 232, 234, 235], "excluded_lines": [], "executed_branches": [], "missing_branches": []}, "TestCircuitBreakerExceptionHandling": {"executed_lines": [], "summary": {"covered_lines": 0, "num_statements": 30, "percent_covered": 0.0, "percent_covered_display": "0", "missing_lines": 30, "excluded_lines": 0, "num_branches": 2, "num_partial_branches": 0, "covered_branches": 0, "missing_branches": 2}, "missing_lines": [245, 249, 251, 252, 255, 256, 258, 259, 262, 263, 265, 266, 271, 275, 277, 278, 281, 282, 284, 285, 290, 294, 296, 302, 303, 304, 306, 307, 309, 311], "excluded_lines": [], "executed_branches": [], "missing_branches": [[302, 303], [302, 311]]}, "TestCircuitBreakerDecorator": {"executed_lines": [], "summary": {"covered_lines": 0, "num_statements": 21, "percent_covered": 0.0, "percent_covered_display": "0", "missing_lines": 21, "excluded_lines": 0, "num_branches": 4, "num_partial_branches": 0, "covered_branches": 0, "missing_branches": 4}, "missing_lines": [321, 322, 324, 326, 327, 329, 330, 331, 332, 335, 336, 337, 339, 342, 343, 348, 350, 351, 353, 356, 357], "excluded_lines": [], "executed_branches": [], "missing_branches": [[330, 331], [330, 332], [335, 336], [335, 339]]}, "TestCircuitBreakerMetrics": {"executed_lines": [], "summary": {"covered_lines": 0, "num_statements": 32, "percent_covered": 0.0, "percent_covered_display": "0", "missing_lines": 32, "excluded_lines": 0, "num_branches": 2, "num_partial_branches": 0, "covered_branches": 0, "missing_branches": 2}, "missing_lines": [366, 367, 368, 370, 372, 373, 374, 375, 376, 377, 381, 383, 384, 387, 388, 393, 394, 396, 398, 400, 401, 402, 403, 406, 407, 410, 413, 415, 416, 418, 419, 420], "excluded_lines": [], "executed_branches": [], "missing_branches": [[401, 402], [401, 403]]}, "TestPreconfiguredCircuitBreakers": {"executed_lines": [], "summary": {"covered_lines": 0, "num_statements": 15, "percent_covered": 0.0, "percent_covered_display": "0", "missing_lines": 15, "excluded_lines": 0, "num_branches": 0, "num_partial_branches": 0, "covered_branches": 0, "missing_branches": 0}, "missing_lines": [429, 431, 432, 433, 434, 438, 440, 441, 442, 443, 447, 449, 450, 451, 452], "excluded_lines": [], "executed_branches": [], "missing_branches": []}, "TestCircuitBreakerConcurrency": {"executed_lines": [], "summary": {"covered_lines": 0, "num_statements": 23, "percent_covered": 0.0, "percent_covered_display": "0", "missing_lines": 23, "excluded_lines": 0, "num_branches": 2, "num_partial_branches": 0, "covered_branches": 0, "missing_branches": 2}, "missing_lines": [462, 463, 465, 467, 469, 470, 471, 472, 475, 476, 479, 480, 482, 483, 488, 491, 493, 494, 495, 496, 499, 500, 503], "excluded_lines": [], "executed_branches": [], "missing_branches": [[470, 471], [470, 472]]}, "": {"executed_lines": [], "summary": {"covered_lines": 0, "num_statements": 59, "percent_covered": 0.0, "percent_covered_display": "0", "missing_lines": 59, "excluded_lines": 0, "num_branches": 0, "num_partial_branches": 0, "covered_branches": 0, "missing_branches": 0}, "missing_lines": [8, 9, 10, 11, 12, 14, 22, 23, 26, 34, 50, 51, 72, 73, 94, 95, 115, 116, 155, 156, 191, 192, 195, 196, 209, 210, 224, 225, 238, 239, 242, 243, 268, 269, 287, 288, 314, 315, 318, 319, 345, 346, 360, 361, 364, 379, 390, 391, 423, 424, 427, 436, 445, 455, 456, 459, 460, 485, 486], "excluded_lines": [], "executed_branches": [], "missing_branches": []}}}, "tests/utils/__init__.py": {"executed_lines": [], "summary": {"covered_lines": 0, "num_statements": 0, "percent_covered": 100.0, "percent_covered_display": "100", "missing_lines": 0, "excluded_lines": 0, "num_branches": 0, "num_partial_branches": 0, "covered_branches": 0, "missing_branches": 0}, "missing_lines": [], "excluded_lines": [], "executed_branches": [], "missing_branches": [], "functions": {"": {"executed_lines": [], "summary": {"covered_lines": 0, "num_statements": 0, "percent_covered": 100.0, "percent_covered_display": "100", "missing_lines": 0, "excluded_lines": 0, "num_branches": 0, "num_partial_branches": 0, "covered_branches": 0, "missing_branches": 0}, "missing_lines": [], "excluded_lines": [], "executed_branches": [], "missing_branches": []}}, "classes": {"": {"executed_lines": [], "summary": {"covered_lines": 0, "num_statements": 0, "percent_covered": 100.0, "percent_covered_display": "100", "missing_lines": 0, "excluded_lines": 0, "num_branches": 0, "num_partial_branches": 0, "covered_branches": 0, "missing_branches": 0}, "missing_lines": [], "excluded_lines": [], "executed_branches": [], "missing_branches": []}}}, "workers/__init__.py": {"executed_lines": [], "summary": {"covered_lines": 0, "num_statements": 0, "percent_covered": 100.0, "percent_covered_display": "100", "missing_lines": 0, "excluded_lines": 0, "num_branches": 0, "num_partial_branches": 0, "covered_branches": 0, "missing_branches": 0}, "missing_lines": [], "excluded_lines": [], "executed_branches": [], "missing_branches": [], "functions": {"": {"executed_lines": [], "summary": {"covered_lines": 0, "num_statements": 0, "percent_covered": 100.0, "percent_covered_display": "100", "missing_lines": 0, "excluded_lines": 0, "num_branches": 0, "num_partial_branches": 0, "covered_branches": 0, "missing_branches": 0}, "missing_lines": [], "excluded_lines": [], "executed_branches": [], "missing_branches": []}}, "classes": {"": {"executed_lines": [], "summary": {"covered_lines": 0, "num_statements": 0, "percent_covered": 100.0, "percent_covered_display": "100", "missing_lines": 0, "excluded_lines": 0, "num_branches": 0, "num_partial_branches": 0, "covered_branches": 0, "missing_branches": 0}, "missing_lines": [], "excluded_lines": [], "executed_branches": [], "missing_branches": []}}}, "workers/compliance_tasks.py": {"executed_lines": [], "summary": {"covered_lines": 0, "num_statements": 79, "percent_covered": 0.0, "percent_covered_display": "0", "missing_lines": 79, "excluded_lines": 0, "num_branches": 10, "num_partial_branches": 0, "covered_branches": 0, "missing_branches": 10}, "missing_lines": [4, 5, 6, 7, 8, 9, 11, 12, 13, 14, 15, 21, 25, 27, 28, 29, 30, 31, 32, 33, 34, 36, 37, 38, 39, 40, 41, 42, 43, 45, 46, 52, 53, 54, 56, 58, 59, 60, 61, 62, 64, 65, 66, 67, 68, 69, 70, 71, 72, 74, 79, 80, 81, 85, 86, 88, 89, 90, 91, 92, 93, 94, 95, 96, 97, 98, 100, 101, 103, 104, 105, 106, 107, 108, 109, 110, 111, 112, 113], "excluded_lines": [], "executed_branches": [], "missing_branches": [[30, -25], [30, 31], [36, 37], [36, 45], [59, -56], [59, 60], [64, 65], [64, 74], [67, 64], [67, 68]], "functions": {"_update_all_compliance_scores_async": {"executed_lines": [], "summary": {"covered_lines": 0, "num_statements": 21, "percent_covered": 0.0, "percent_covered_display": "0", "missing_lines": 21, "excluded_lines": 0, "num_branches": 4, "num_partial_branches": 0, "covered_branches": 0, "missing_branches": 4}, "missing_lines": [27, 28, 29, 30, 31, 32, 33, 34, 36, 37, 38, 39, 40, 41, 42, 43, 45, 46, 52, 53, 54], "excluded_lines": [], "executed_branches": [], "missing_branches": [[30, -25], [30, 31], [36, 37], [36, 45]]}, "_check_compliance_alerts_async": {"executed_lines": [], "summary": {"covered_lines": 0, "num_statements": 18, "percent_covered": 0.0, "percent_covered_display": "0", "missing_lines": 18, "excluded_lines": 0, "num_branches": 6, "num_partial_branches": 0, "covered_branches": 0, "missing_branches": 6}, "missing_lines": [58, 59, 60, 61, 62, 64, 65, 66, 67, 68, 69, 70, 71, 72, 74, 79, 80, 81], "excluded_lines": [], "executed_branches": [], "missing_branches": [[59, -56], [59, 60], [64, 65], [64, 74], [67, 64], [67, 68]]}, "update_all_compliance_scores": {"executed_lines": [], "summary": {"covered_lines": 0, "num_statements": 11, "percent_covered": 0.0, "percent_covered_display": "0", "missing_lines": 11, "excluded_lines": 0, "num_branches": 0, "num_partial_branches": 0, "covered_branches": 0, "missing_branches": 0}, "missing_lines": [88, 89, 90, 91, 92, 93, 94, 95, 96, 97, 98], "excluded_lines": [], "executed_branches": [], "missing_branches": []}, "check_compliance_alerts": {"executed_lines": [], "summary": {"covered_lines": 0, "num_statements": 11, "percent_covered": 0.0, "percent_covered_display": "0", "missing_lines": 11, "excluded_lines": 0, "num_branches": 0, "num_partial_branches": 0, "covered_branches": 0, "missing_branches": 0}, "missing_lines": [103, 104, 105, 106, 107, 108, 109, 110, 111, 112, 113], "excluded_lines": [], "executed_branches": [], "missing_branches": []}, "": {"executed_lines": [], "summary": {"covered_lines": 0, "num_statements": 18, "percent_covered": 0.0, "percent_covered_display": "0", "missing_lines": 18, "excluded_lines": 0, "num_branches": 0, "num_partial_branches": 0, "covered_branches": 0, "missing_branches": 0}, "missing_lines": [4, 5, 6, 7, 8, 9, 11, 12, 13, 14, 15, 21, 25, 56, 85, 86, 100, 101], "excluded_lines": [], "executed_branches": [], "missing_branches": []}}, "classes": {"": {"executed_lines": [], "summary": {"covered_lines": 0, "num_statements": 79, "percent_covered": 0.0, "percent_covered_display": "0", "missing_lines": 79, "excluded_lines": 0, "num_branches": 10, "num_partial_branches": 0, "covered_branches": 0, "missing_branches": 10}, "missing_lines": [4, 5, 6, 7, 8, 9, 11, 12, 13, 14, 15, 21, 25, 27, 28, 29, 30, 31, 32, 33, 34, 36, 37, 38, 39, 40, 41, 42, 43, 45, 46, 52, 53, 54, 56, 58, 59, 60, 61, 62, 64, 65, 66, 67, 68, 69, 70, 71, 72, 74, 79, 80, 81, 85, 86, 88, 89, 90, 91, 92, 93, 94, 95, 96, 97, 98, 100, 101, 103, 104, 105, 106, 107, 108, 109, 110, 111, 112, 113], "excluded_lines": [], "executed_branches": [], "missing_branches": [[30, -25], [30, 31], [36, 37], [36, 45], [59, -56], [59, 60], [64, 65], [64, 74], [67, 64], [67, 68]]}}}, "workers/evidence_tasks.py": {"executed_lines": [], "summary": {"covered_lines": 0, "num_statements": 71, "percent_covered": 0.0, "percent_covered_display": "0", "missing_lines": 71, "excluded_lines": 0, "num_branches": 6, "num_partial_branches": 0, "covered_branches": 0, "missing_branches": 6}, "missing_lines": [5, 6, 7, 8, 9, 10, 11, 12, 14, 15, 16, 17, 18, 19, 25, 29, 31, 32, 33, 34, 35, 37, 38, 48, 50, 51, 52, 54, 55, 57, 58, 59, 60, 61, 62, 63, 64, 66, 68, 69, 70, 71, 77, 78, 80, 81, 82, 83, 84, 85, 86, 90, 91, 93, 94, 95, 96, 97, 98, 99, 101, 102, 103, 105, 106, 108, 109, 110, 111, 112, 113], "excluded_lines": [], "executed_branches": [], "missing_branches": [[31, -29], [31, 32], [33, 34], [33, 37], [68, -66], [68, 69]], "functions": {"_process_evidence_item_async": {"executed_lines": [], "summary": {"covered_lines": 0, "num_statements": 21, "percent_covered": 0.0, "percent_covered_display": "0", "missing_lines": 21, "excluded_lines": 0, "num_branches": 4, "num_partial_branches": 0, "covered_branches": 0, "missing_branches": 4}, "missing_lines": [31, 32, 33, 34, 35, 37, 38, 48, 50, 51, 52, 54, 55, 57, 58, 59, 60, 61, 62, 63, 64], "excluded_lines": [], "executed_branches": [], "missing_branches": [[31, -29], [31, 32], [33, 34], [33, 37]]}, "_sync_evidence_status_async": {"executed_lines": [], "summary": {"covered_lines": 0, "num_statements": 13, "percent_covered": 0.0, "percent_covered_display": "0", "missing_lines": 13, "excluded_lines": 0, "num_branches": 2, "num_partial_branches": 0, "covered_branches": 0, "missing_branches": 2}, "missing_lines": [68, 69, 70, 71, 77, 78, 80, 81, 82, 83, 84, 85, 86], "excluded_lines": [], "executed_branches": [], "missing_branches": [[68, -66], [68, 69]]}, "process_evidence_item": {"executed_lines": [], "summary": {"covered_lines": 0, "num_statements": 10, "percent_covered": 0.0, "percent_covered_display": "0", "missing_lines": 10, "excluded_lines": 0, "num_branches": 0, "num_partial_branches": 0, "covered_branches": 0, "missing_branches": 0}, "missing_lines": [93, 94, 95, 96, 97, 98, 99, 101, 102, 103], "excluded_lines": [], "executed_branches": [], "missing_branches": []}, "sync_evidence_status": {"executed_lines": [], "summary": {"covered_lines": 0, "num_statements": 6, "percent_covered": 0.0, "percent_covered_display": "0", "missing_lines": 6, "excluded_lines": 0, "num_branches": 0, "num_partial_branches": 0, "covered_branches": 0, "missing_branches": 0}, "missing_lines": [108, 109, 110, 111, 112, 113], "excluded_lines": [], "executed_branches": [], "missing_branches": []}, "": {"executed_lines": [], "summary": {"covered_lines": 0, "num_statements": 21, "percent_covered": 0.0, "percent_covered_display": "0", "missing_lines": 21, "excluded_lines": 0, "num_branches": 0, "num_partial_branches": 0, "covered_branches": 0, "missing_branches": 0}, "missing_lines": [5, 6, 7, 8, 9, 10, 11, 12, 14, 15, 16, 17, 18, 19, 25, 29, 66, 90, 91, 105, 106], "excluded_lines": [], "executed_branches": [], "missing_branches": []}}, "classes": {"": {"executed_lines": [], "summary": {"covered_lines": 0, "num_statements": 71, "percent_covered": 0.0, "percent_covered_display": "0", "missing_lines": 71, "excluded_lines": 0, "num_branches": 6, "num_partial_branches": 0, "covered_branches": 0, "missing_branches": 6}, "missing_lines": [5, 6, 7, 8, 9, 10, 11, 12, 14, 15, 16, 17, 18, 19, 25, 29, 31, 32, 33, 34, 35, 37, 38, 48, 50, 51, 52, 54, 55, 57, 58, 59, 60, 61, 62, 63, 64, 66, 68, 69, 70, 71, 77, 78, 80, 81, 82, 83, 84, 85, 86, 90, 91, 93, 94, 95, 96, 97, 98, 99, 101, 102, 103, 105, 106, 108, 109, 110, 111, 112, 113], "excluded_lines": [], "executed_branches": [], "missing_branches": [[31, -29], [31, 32], [33, 34], [33, 37], [68, -66], [68, 69]]}}}, "workers/reporting_tasks.py": {"executed_lines": [1, 5, 6, 7, 8, 9, 10, 11, 12, 13, 14, 15, 16, 17, 19, 20, 21, 22, 23, 24, 25, 33, 37, 52, 109, 134, 135, 146, 147, 153, 154, 159, 160], "summary": {"covered_lines": 32, "num_statements": 107, "percent_covered": 25.6, "percent_covered_display": "26", "missing_lines": 75, "excluded_lines": 0, "num_branches": 18, "num_partial_branches": 0, "covered_branches": 0, "missing_branches": 18}, "missing_lines": [40, 41, 42, 43, 44, 45, 47, 48, 54, 55, 56, 57, 58, 60, 61, 62, 64, 65, 72, 73, 74, 75, 76, 81, 82, 89, 90, 92, 93, 94, 96, 97, 98, 99, 101, 102, 103, 104, 105, 106, 107, 111, 112, 113, 115, 116, 117, 118, 119, 120, 121, 123, 124, 125, 126, 127, 128, 130, 137, 138, 139, 140, 142, 143, 144, 149, 150, 151, 156, 157, 162, 163, 164, 165, 166], "excluded_lines": [], "executed_branches": [], "missing_branches": [[42, 43], [42, 44], [55, -52], [55, 56], [60, 61], [60, 64], [73, 74], [73, 81], [111, -109], [111, 112], [116, 117], [116, 123], [118, 119], [118, 120], [124, 125], [124, 130], [126, 124], [126, 127]], "functions": {"_send_email_sync": {"executed_lines": [], "summary": {"covered_lines": 0, "num_statements": 8, "percent_covered": 0.0, "percent_covered_display": "0", "missing_lines": 8, "excluded_lines": 0, "num_branches": 2, "num_partial_branches": 0, "covered_branches": 0, "missing_branches": 2}, "missing_lines": [40, 41, 42, 43, 44, 45, 47, 48], "excluded_lines": [], "executed_branches": [], "missing_branches": [[42, 43], [42, 44]]}, "_generate_and_distribute_report_async": {"executed_lines": [], "summary": {"covered_lines": 0, "num_statements": 33, "percent_covered": 0.0, "percent_covered_display": "0", "missing_lines": 33, "excluded_lines": 0, "num_branches": 6, "num_partial_branches": 0, "covered_branches": 0, "missing_branches": 6}, "missing_lines": [54, 55, 56, 57, 58, 60, 61, 62, 64, 65, 72, 73, 74, 75, 76, 81, 82, 89, 90, 92, 93, 94, 96, 97, 98, 99, 101, 102, 103, 104, 105, 106, 107], "excluded_lines": [], "executed_branches": [], "missing_branches": [[55, -52], [55, 56], [60, 61], [60, 64], [73, 74], [73, 81]]}, "_send_report_summary_notifications_async": {"executed_lines": [], "summary": {"covered_lines": 0, "num_statements": 17, "percent_covered": 0.0, "percent_covered_display": "0", "missing_lines": 17, "excluded_lines": 0, "num_branches": 10, "num_partial_branches": 0, "covered_branches": 0, "missing_branches": 10}, "missing_lines": [111, 112, 113, 115, 116, 117, 118, 119, 120, 121, 123, 124, 125, 126, 127, 128, 130], "excluded_lines": [], "executed_branches": [], "missing_branches": [[111, -109], [111, 112], [116, 117], [116, 123], [118, 119], [118, 120], [124, 125], [124, 130], [126, 124], [126, 127]]}, "generate_and_distribute_report": {"executed_lines": [], "summary": {"covered_lines": 0, "num_statements": 7, "percent_covered": 0.0, "percent_covered_display": "0", "missing_lines": 7, "excluded_lines": 0, "num_branches": 0, "num_partial_branches": 0, "covered_branches": 0, "missing_branches": 0}, "missing_lines": [137, 138, 139, 140, 142, 143, 144], "excluded_lines": [], "executed_branches": [], "missing_branches": []}, "generate_report_on_demand": {"executed_lines": [], "summary": {"covered_lines": 0, "num_statements": 3, "percent_covered": 0.0, "percent_covered_display": "0", "missing_lines": 3, "excluded_lines": 0, "num_branches": 0, "num_partial_branches": 0, "covered_branches": 0, "missing_branches": 0}, "missing_lines": [149, 150, 151], "excluded_lines": [], "executed_branches": [], "missing_branches": []}, "cleanup_old_reports": {"executed_lines": [], "summary": {"covered_lines": 0, "num_statements": 2, "percent_covered": 0.0, "percent_covered_display": "0", "missing_lines": 2, "excluded_lines": 0, "num_branches": 0, "num_partial_branches": 0, "covered_branches": 0, "missing_branches": 0}, "missing_lines": [156, 157], "excluded_lines": [], "executed_branches": [], "missing_branches": []}, "send_report_summary_notifications": {"executed_lines": [], "summary": {"covered_lines": 0, "num_statements": 5, "percent_covered": 0.0, "percent_covered_display": "0", "missing_lines": 5, "excluded_lines": 0, "num_branches": 0, "num_partial_branches": 0, "covered_branches": 0, "missing_branches": 0}, "missing_lines": [162, 163, 164, 165, 166], "excluded_lines": [], "executed_branches": [], "missing_branches": []}, "": {"executed_lines": [1, 5, 6, 7, 8, 9, 10, 11, 12, 13, 14, 15, 16, 17, 19, 20, 21, 22, 23, 24, 25, 33, 37, 52, 109, 134, 135, 146, 147, 153, 154, 159, 160], "summary": {"covered_lines": 32, "num_statements": 32, "percent_covered": 100.0, "percent_covered_display": "100", "missing_lines": 0, "excluded_lines": 0, "num_branches": 0, "num_partial_branches": 0, "covered_branches": 0, "missing_branches": 0}, "missing_lines": [], "excluded_lines": [], "executed_branches": [], "missing_branches": []}}, "classes": {"": {"executed_lines": [1, 5, 6, 7, 8, 9, 10, 11, 12, 13, 14, 15, 16, 17, 19, 20, 21, 22, 23, 24, 25, 33, 37, 52, 109, 134, 135, 146, 147, 153, 154, 159, 160], "summary": {"covered_lines": 32, "num_statements": 107, "percent_covered": 25.6, "percent_covered_display": "26", "missing_lines": 75, "excluded_lines": 0, "num_branches": 18, "num_partial_branches": 0, "covered_branches": 0, "missing_branches": 18}, "missing_lines": [40, 41, 42, 43, 44, 45, 47, 48, 54, 55, 56, 57, 58, 60, 61, 62, 64, 65, 72, 73, 74, 75, 76, 81, 82, 89, 90, 92, 93, 94, 96, 97, 98, 99, 101, 102, 103, 104, 105, 106, 107, 111, 112, 113, 115, 116, 117, 118, 119, 120, 121, 123, 124, 125, 126, 127, 128, 130, 137, 138, 139, 140, 142, 143, 144, 149, 150, 151, 156, 157, 162, 163, 164, 165, 166], "excluded_lines": [], "executed_branches": [], "missing_branches": [[42, 43], [42, 44], [55, -52], [55, 56], [60, 61], [60, 64], [73, 74], [73, 81], [111, -109], [111, 112], [116, 117], [116, 123], [118, 119], [118, 120], [124, 125], [124, 130], [126, 124], [126, 127]]}}}}, "totals": {"covered_lines": 1992, "num_statements": 10137, "percent_covered": 17.21540414727042, "percent_covered_display": "17", "missing_lines": 8145, "excluded_lines": 0, "num_branches": 1678, "num_partial_branches": 42, "covered_branches": 42, "missing_branches": 1636}}