{"meta": {"format": 3, "version": "7.9.1", "timestamp": "2025-06-21T04:27:52.904231", "branch_coverage": true, "show_contexts": false}, "files": {"api/__init__.py": {"executed_lines": [], "summary": {"covered_lines": 0, "num_statements": 0, "percent_covered": 100.0, "percent_covered_display": "100", "missing_lines": 0, "excluded_lines": 0, "num_branches": 0, "num_partial_branches": 0, "covered_branches": 0, "missing_branches": 0}, "missing_lines": [], "excluded_lines": [], "executed_branches": [], "missing_branches": [], "functions": {"": {"executed_lines": [], "summary": {"covered_lines": 0, "num_statements": 0, "percent_covered": 100.0, "percent_covered_display": "100", "missing_lines": 0, "excluded_lines": 0, "num_branches": 0, "num_partial_branches": 0, "covered_branches": 0, "missing_branches": 0}, "missing_lines": [], "excluded_lines": [], "executed_branches": [], "missing_branches": []}}, "classes": {"": {"executed_lines": [], "summary": {"covered_lines": 0, "num_statements": 0, "percent_covered": 100.0, "percent_covered_display": "100", "missing_lines": 0, "excluded_lines": 0, "num_branches": 0, "num_partial_branches": 0, "covered_branches": 0, "missing_branches": 0}, "missing_lines": [], "excluded_lines": [], "executed_branches": [], "missing_branches": []}}}, "api/auth.py": {"executed_lines": [], "summary": {"covered_lines": 0, "num_statements": 51, "percent_covered": 0.0, "percent_covered_display": "0", "missing_lines": 51, "excluded_lines": 0, "num_branches": 8, "num_partial_branches": 0, "covered_branches": 0, "missing_branches": 8}, "missing_lines": [1, 2, 3, 5, 6, 7, 8, 9, 11, 12, 15, 16, 17, 18, 21, 24, 26, 28, 30, 32, 34, 36, 37, 38, 40, 41, 42, 43, 45, 47, 48, 49, 50, 51, 53, 55, 61, 62, 63, 64, 65, 66, 67, 69, 70, 71, 73, 75, 77, 78, 79], "excluded_lines": [], "executed_branches": [], "missing_branches": [[37, 38], [37, 40], [64, 65], [64, 69], [70, 71], [70, 73], [77, 78], [77, 79]], "functions": {"verify_password": {"executed_lines": [], "summary": {"covered_lines": 0, "num_statements": 1, "percent_covered": 0.0, "percent_covered_display": "0", "missing_lines": 1, "excluded_lines": 0, "num_branches": 0, "num_partial_branches": 0, "covered_branches": 0, "missing_branches": 0}, "missing_lines": [28], "excluded_lines": [], "executed_branches": [], "missing_branches": []}, "get_password_hash": {"executed_lines": [], "summary": {"covered_lines": 0, "num_statements": 1, "percent_covered": 0.0, "percent_covered_display": "0", "missing_lines": 1, "excluded_lines": 0, "num_branches": 0, "num_partial_branches": 0, "covered_branches": 0, "missing_branches": 0}, "missing_lines": [32], "excluded_lines": [], "executed_branches": [], "missing_branches": []}, "create_access_token": {"executed_lines": [], "summary": {"covered_lines": 0, "num_statements": 7, "percent_covered": 0.0, "percent_covered_display": "0", "missing_lines": 7, "excluded_lines": 0, "num_branches": 2, "num_partial_branches": 0, "covered_branches": 0, "missing_branches": 2}, "missing_lines": [36, 37, 38, 40, 41, 42, 43], "excluded_lines": [], "executed_branches": [], "missing_branches": [[37, 38], [37, 40]]}, "create_refresh_token": {"executed_lines": [], "summary": {"covered_lines": 0, "num_statements": 5, "percent_covered": 0.0, "percent_covered_display": "0", "missing_lines": 5, "excluded_lines": 0, "num_branches": 0, "num_partial_branches": 0, "covered_branches": 0, "missing_branches": 0}, "missing_lines": [47, 48, 49, 50, 51], "excluded_lines": [], "executed_branches": [], "missing_branches": []}, "get_current_user": {"executed_lines": [], "summary": {"covered_lines": 0, "num_statements": 12, "percent_covered": 0.0, "percent_covered_display": "0", "missing_lines": 12, "excluded_lines": 0, "num_branches": 4, "num_partial_branches": 0, "covered_branches": 0, "missing_branches": 4}, "missing_lines": [55, 61, 62, 63, 64, 65, 66, 67, 69, 70, 71, 73], "excluded_lines": [], "executed_branches": [], "missing_branches": [[64, 65], [64, 69], [70, 71], [70, 73]]}, "get_current_active_user": {"executed_lines": [], "summary": {"covered_lines": 0, "num_statements": 3, "percent_covered": 0.0, "percent_covered_display": "0", "missing_lines": 3, "excluded_lines": 0, "num_branches": 2, "num_partial_branches": 0, "covered_branches": 0, "missing_branches": 2}, "missing_lines": [77, 78, 79], "excluded_lines": [], "executed_branches": [], "missing_branches": [[77, 78], [77, 79]]}, "": {"executed_lines": [], "summary": {"covered_lines": 0, "num_statements": 22, "percent_covered": 0.0, "percent_covered_display": "0", "missing_lines": 22, "excluded_lines": 0, "num_branches": 0, "num_partial_branches": 0, "covered_branches": 0, "missing_branches": 0}, "missing_lines": [1, 2, 3, 5, 6, 7, 8, 9, 11, 12, 15, 16, 17, 18, 21, 24, 26, 30, 34, 45, 53, 75], "excluded_lines": [], "executed_branches": [], "missing_branches": []}}, "classes": {"": {"executed_lines": [], "summary": {"covered_lines": 0, "num_statements": 51, "percent_covered": 0.0, "percent_covered_display": "0", "missing_lines": 51, "excluded_lines": 0, "num_branches": 8, "num_partial_branches": 0, "covered_branches": 0, "missing_branches": 8}, "missing_lines": [1, 2, 3, 5, 6, 7, 8, 9, 11, 12, 15, 16, 17, 18, 21, 24, 26, 28, 30, 32, 34, 36, 37, 38, 40, 41, 42, 43, 45, 47, 48, 49, 50, 51, 53, 55, 61, 62, 63, 64, 65, 66, 67, 69, 70, 71, 73, 75, 77, 78, 79], "excluded_lines": [], "executed_branches": [], "missing_branches": [[37, 38], [37, 40], [64, 65], [64, 69], [70, 71], [70, 73], [77, 78], [77, 79]]}}}, "api/context.py": {"executed_lines": [1, 5, 6, 7, 10, 13], "summary": {"covered_lines": 5, "num_statements": 5, "percent_covered": 100.0, "percent_covered_display": "100", "missing_lines": 0, "excluded_lines": 0, "num_branches": 0, "num_partial_branches": 0, "covered_branches": 0, "missing_branches": 0}, "missing_lines": [], "excluded_lines": [], "executed_branches": [], "missing_branches": [], "functions": {"": {"executed_lines": [1, 5, 6, 7, 10, 13], "summary": {"covered_lines": 5, "num_statements": 5, "percent_covered": 100.0, "percent_covered_display": "100", "missing_lines": 0, "excluded_lines": 0, "num_branches": 0, "num_partial_branches": 0, "covered_branches": 0, "missing_branches": 0}, "missing_lines": [], "excluded_lines": [], "executed_branches": [], "missing_branches": []}}, "classes": {"": {"executed_lines": [1, 5, 6, 7, 10, 13], "summary": {"covered_lines": 5, "num_statements": 5, "percent_covered": 100.0, "percent_covered_display": "100", "missing_lines": 0, "excluded_lines": 0, "num_branches": 0, "num_partial_branches": 0, "covered_branches": 0, "missing_branches": 0}, "missing_lines": [], "excluded_lines": [], "executed_branches": [], "missing_branches": []}}}, "api/dependencies/__init__.py": {"executed_lines": [], "summary": {"covered_lines": 0, "num_statements": 0, "percent_covered": 100.0, "percent_covered_display": "100", "missing_lines": 0, "excluded_lines": 0, "num_branches": 0, "num_partial_branches": 0, "covered_branches": 0, "missing_branches": 0}, "missing_lines": [], "excluded_lines": [], "executed_branches": [], "missing_branches": [], "functions": {"": {"executed_lines": [], "summary": {"covered_lines": 0, "num_statements": 0, "percent_covered": 100.0, "percent_covered_display": "100", "missing_lines": 0, "excluded_lines": 0, "num_branches": 0, "num_partial_branches": 0, "covered_branches": 0, "missing_branches": 0}, "missing_lines": [], "excluded_lines": [], "executed_branches": [], "missing_branches": []}}, "classes": {"": {"executed_lines": [], "summary": {"covered_lines": 0, "num_statements": 0, "percent_covered": 100.0, "percent_covered_display": "100", "missing_lines": 0, "excluded_lines": 0, "num_branches": 0, "num_partial_branches": 0, "covered_branches": 0, "missing_branches": 0}, "missing_lines": [], "excluded_lines": [], "executed_branches": [], "missing_branches": []}}}, "api/dependencies/auth.py": {"executed_lines": [], "summary": {"covered_lines": 0, "num_statements": 142, "percent_covered": 0.0, "percent_covered_display": "0", "missing_lines": 142, "excluded_lines": 0, "num_branches": 44, "num_partial_branches": 0, "covered_branches": 0, "missing_branches": 44}, "missing_lines": [5, 6, 7, 8, 9, 11, 12, 13, 14, 15, 16, 17, 19, 20, 21, 22, 23, 26, 27, 28, 29, 31, 32, 35, 36, 39, 41, 45, 46, 48, 49, 50, 52, 53, 54, 55, 56, 57, 59, 61, 63, 65, 66, 68, 69, 70, 72, 75, 76, 77, 79, 81, 83, 84, 85, 86, 87, 89, 92, 93, 96, 97, 98, 100, 102, 104, 105, 108, 109, 110, 111, 112, 113, 115, 116, 117, 118, 120, 121, 123, 124, 126, 127, 128, 129, 131, 133, 134, 136, 137, 143, 144, 146, 147, 148, 149, 150, 152, 153, 154, 157, 158, 160, 161, 162, 164, 165, 166, 168, 169, 170, 171, 173, 174, 176, 177, 179, 181, 182, 183, 185, 186, 189, 191, 193, 194, 195, 197, 198, 199, 201, 202, 203, 205, 206, 207, 208, 210, 211, 213, 214, 220], "excluded_lines": [], "executed_branches": [], "missing_branches": [[45, 46], [45, 48], [48, 49], [48, 59], [65, 66], [65, 75], [83, 84], [83, 92], [97, 98], [97, 100], [104, 105], [104, 108], [108, 109], [108, 110], [110, 111], [110, 112], [112, 113], [112, 115], [116, 117], [116, 118], [128, 129], [128, 131], [153, 154], [153, 157], [157, 158], [157, 160], [161, 162], [161, 164], [165, 166], [165, 168], [176, 177], [176, 179], [182, 183], [182, 185], [185, 186], [185, 189], [194, 195], [194, 197], [198, 199], [198, 201], [202, 203], [202, 205], [213, 214], [213, 220]], "functions": {"get_redis_client": {"executed_lines": [], "summary": {"covered_lines": 0, "num_statements": 12, "percent_covered": 0.0, "percent_covered_display": "0", "missing_lines": 12, "excluded_lines": 0, "num_branches": 4, "num_partial_branches": 0, "covered_branches": 0, "missing_branches": 4}, "missing_lines": [45, 46, 48, 49, 50, 52, 53, 54, 55, 56, 57, 59], "excluded_lines": [], "executed_branches": [], "missing_branches": [[45, 46], [45, 48], [48, 49], [48, 59]]}, "blacklist_token": {"executed_lines": [], "summary": {"covered_lines": 0, "num_statements": 10, "percent_covered": 0.0, "percent_covered_display": "0", "missing_lines": 10, "excluded_lines": 0, "num_branches": 2, "num_partial_branches": 0, "covered_branches": 0, "missing_branches": 2}, "missing_lines": [63, 65, 66, 68, 69, 70, 72, 75, 76, 77], "excluded_lines": [], "executed_branches": [], "missing_branches": [[65, 66], [65, 75]]}, "is_token_blacklisted": {"executed_lines": [], "summary": {"covered_lines": 0, "num_statements": 13, "percent_covered": 0.0, "percent_covered_display": "0", "missing_lines": 13, "excluded_lines": 0, "num_branches": 4, "num_partial_branches": 0, "covered_branches": 0, "missing_branches": 4}, "missing_lines": [81, 83, 84, 85, 86, 87, 89, 92, 93, 96, 97, 98, 100], "excluded_lines": [], "executed_branches": [], "missing_branches": [[83, 84], [83, 92], [97, 98], [97, 100]]}, "validate_password": {"executed_lines": [], "summary": {"covered_lines": 0, "num_statements": 12, "percent_covered": 0.0, "percent_covered_display": "0", "missing_lines": 12, "excluded_lines": 0, "num_branches": 10, "num_partial_branches": 0, "covered_branches": 0, "missing_branches": 10}, "missing_lines": [104, 105, 108, 109, 110, 111, 112, 113, 115, 116, 117, 118], "excluded_lines": [], "executed_branches": [], "missing_branches": [[104, 105], [104, 108], [108, 109], [108, 110], [110, 111], [110, 112], [112, 113], [112, 115], [116, 117], [116, 118]]}, "verify_password": {"executed_lines": [], "summary": {"covered_lines": 0, "num_statements": 1, "percent_covered": 0.0, "percent_covered_display": "0", "missing_lines": 1, "excluded_lines": 0, "num_branches": 0, "num_partial_branches": 0, "covered_branches": 0, "missing_branches": 0}, "missing_lines": [121], "excluded_lines": [], "executed_branches": [], "missing_branches": []}, "get_password_hash": {"executed_lines": [], "summary": {"covered_lines": 0, "num_statements": 1, "percent_covered": 0.0, "percent_covered_display": "0", "missing_lines": 1, "excluded_lines": 0, "num_branches": 0, "num_partial_branches": 0, "covered_branches": 0, "missing_branches": 0}, "missing_lines": [124], "excluded_lines": [], "executed_branches": [], "missing_branches": []}, "create_token": {"executed_lines": [], "summary": {"covered_lines": 0, "num_statements": 6, "percent_covered": 0.0, "percent_covered_display": "0", "missing_lines": 6, "excluded_lines": 0, "num_branches": 2, "num_partial_branches": 0, "covered_branches": 0, "missing_branches": 2}, "missing_lines": [127, 128, 129, 131, 133, 134], "excluded_lines": [], "executed_branches": [], "missing_branches": [[128, 129], [128, 131]]}, "create_access_token": {"executed_lines": [], "summary": {"covered_lines": 0, "num_statements": 1, "percent_covered": 0.0, "percent_covered_display": "0", "missing_lines": 1, "excluded_lines": 0, "num_branches": 0, "num_partial_branches": 0, "covered_branches": 0, "missing_branches": 0}, "missing_lines": [137], "excluded_lines": [], "executed_branches": [], "missing_branches": []}, "create_refresh_token": {"executed_lines": [], "summary": {"covered_lines": 0, "num_statements": 1, "percent_covered": 0.0, "percent_covered_display": "0", "missing_lines": 1, "excluded_lines": 0, "num_branches": 0, "num_partial_branches": 0, "covered_branches": 0, "missing_branches": 0}, "missing_lines": [144], "excluded_lines": [], "executed_branches": [], "missing_branches": []}, "decode_token": {"executed_lines": [], "summary": {"covered_lines": 0, "num_statements": 4, "percent_covered": 0.0, "percent_covered_display": "0", "missing_lines": 4, "excluded_lines": 0, "num_branches": 0, "num_partial_branches": 0, "covered_branches": 0, "missing_branches": 0}, "missing_lines": [147, 148, 149, 150], "excluded_lines": [], "executed_branches": [], "missing_branches": []}, "get_current_user": {"executed_lines": [], "summary": {"covered_lines": 0, "num_statements": 19, "percent_covered": 0.0, "percent_covered_display": "0", "missing_lines": 19, "excluded_lines": 0, "num_branches": 10, "num_partial_branches": 0, "covered_branches": 0, "missing_branches": 10}, "missing_lines": [153, 154, 157, 158, 160, 161, 162, 164, 165, 166, 168, 169, 170, 171, 173, 174, 176, 177, 179], "excluded_lines": [], "executed_branches": [], "missing_branches": [[153, 154], [153, 157], [157, 158], [157, 160], [161, 162], [161, 164], [165, 166], [165, 168], [176, 177], [176, 179]]}, "get_current_active_user": {"executed_lines": [], "summary": {"covered_lines": 0, "num_statements": 6, "percent_covered": 0.0, "percent_covered_display": "0", "missing_lines": 6, "excluded_lines": 0, "num_branches": 4, "num_partial_branches": 0, "covered_branches": 0, "missing_branches": 4}, "missing_lines": [182, 183, 185, 186, 189, 191], "excluded_lines": [], "executed_branches": [], "missing_branches": [[182, 183], [182, 185], [185, 186], [185, 189]]}, "get_current_user_from_refresh_token": {"executed_lines": [], "summary": {"covered_lines": 0, "num_statements": 17, "percent_covered": 0.0, "percent_covered_display": "0", "missing_lines": 17, "excluded_lines": 0, "num_branches": 8, "num_partial_branches": 0, "covered_branches": 0, "missing_branches": 8}, "missing_lines": [194, 195, 197, 198, 199, 201, 202, 203, 205, 206, 207, 208, 210, 211, 213, 214, 220], "excluded_lines": [], "executed_branches": [], "missing_branches": [[194, 195], [194, 197], [198, 199], [198, 201], [202, 203], [202, 205], [213, 214], [213, 220]]}, "": {"executed_lines": [], "summary": {"covered_lines": 0, "num_statements": 39, "percent_covered": 0.0, "percent_covered_display": "0", "missing_lines": 39, "excluded_lines": 0, "num_branches": 0, "num_partial_branches": 0, "covered_branches": 0, "missing_branches": 0}, "missing_lines": [5, 6, 7, 8, 9, 11, 12, 13, 14, 15, 16, 17, 19, 20, 21, 22, 23, 26, 27, 28, 29, 31, 32, 35, 36, 39, 41, 61, 79, 102, 120, 123, 126, 136, 143, 146, 152, 181, 193], "excluded_lines": [], "executed_branches": [], "missing_branches": []}}, "classes": {"": {"executed_lines": [], "summary": {"covered_lines": 0, "num_statements": 142, "percent_covered": 0.0, "percent_covered_display": "0", "missing_lines": 142, "excluded_lines": 0, "num_branches": 44, "num_partial_branches": 0, "covered_branches": 0, "missing_branches": 44}, "missing_lines": [5, 6, 7, 8, 9, 11, 12, 13, 14, 15, 16, 17, 19, 20, 21, 22, 23, 26, 27, 28, 29, 31, 32, 35, 36, 39, 41, 45, 46, 48, 49, 50, 52, 53, 54, 55, 56, 57, 59, 61, 63, 65, 66, 68, 69, 70, 72, 75, 76, 77, 79, 81, 83, 84, 85, 86, 87, 89, 92, 93, 96, 97, 98, 100, 102, 104, 105, 108, 109, 110, 111, 112, 113, 115, 116, 117, 118, 120, 121, 123, 124, 126, 127, 128, 129, 131, 133, 134, 136, 137, 143, 144, 146, 147, 148, 149, 150, 152, 153, 154, 157, 158, 160, 161, 162, 164, 165, 166, 168, 169, 170, 171, 173, 174, 176, 177, 179, 181, 182, 183, 185, 186, 189, 191, 193, 194, 195, 197, 198, 199, 201, 202, 203, 205, 206, 207, 208, 210, 211, 213, 214, 220], "excluded_lines": [], "executed_branches": [], "missing_branches": [[45, 46], [45, 48], [48, 49], [48, 59], [65, 66], [65, 75], [83, 84], [83, 92], [97, 98], [97, 100], [104, 105], [104, 108], [108, 109], [108, 110], [110, 111], [110, 112], [112, 113], [112, 115], [116, 117], [116, 118], [128, 129], [128, 131], [153, 154], [153, 157], [157, 158], [157, 160], [161, 162], [161, 164], [165, 166], [165, 168], [176, 177], [176, 179], [182, 183], [182, 185], [185, 186], [185, 189], [194, 195], [194, 197], [198, 199], [198, 201], [202, 203], [202, 205], [213, 214], [213, 220]]}}}, "api/dependencies/database.py": {"executed_lines": [], "summary": {"covered_lines": 0, "num_statements": 2, "percent_covered": 0.0, "percent_covered_display": "0", "missing_lines": 2, "excluded_lines": 0, "num_branches": 0, "num_partial_branches": 0, "covered_branches": 0, "missing_branches": 0}, "missing_lines": [7, 11], "excluded_lines": [], "executed_branches": [], "missing_branches": [], "functions": {"": {"executed_lines": [], "summary": {"covered_lines": 0, "num_statements": 2, "percent_covered": 0.0, "percent_covered_display": "0", "missing_lines": 2, "excluded_lines": 0, "num_branches": 0, "num_partial_branches": 0, "covered_branches": 0, "missing_branches": 0}, "missing_lines": [7, 11], "excluded_lines": [], "executed_branches": [], "missing_branches": []}}, "classes": {"": {"executed_lines": [], "summary": {"covered_lines": 0, "num_statements": 2, "percent_covered": 0.0, "percent_covered_display": "0", "missing_lines": 2, "excluded_lines": 0, "num_branches": 0, "num_partial_branches": 0, "covered_branches": 0, "missing_branches": 0}, "missing_lines": [7, 11], "excluded_lines": [], "executed_branches": [], "missing_branches": []}}}, "api/integrations/__init__.py": {"executed_lines": [], "summary": {"covered_lines": 0, "num_statements": 0, "percent_covered": 100.0, "percent_covered_display": "100", "missing_lines": 0, "excluded_lines": 0, "num_branches": 0, "num_partial_branches": 0, "covered_branches": 0, "missing_branches": 0}, "missing_lines": [], "excluded_lines": [], "executed_branches": [], "missing_branches": [], "functions": {"": {"executed_lines": [], "summary": {"covered_lines": 0, "num_statements": 0, "percent_covered": 100.0, "percent_covered_display": "100", "missing_lines": 0, "excluded_lines": 0, "num_branches": 0, "num_partial_branches": 0, "covered_branches": 0, "missing_branches": 0}, "missing_lines": [], "excluded_lines": [], "executed_branches": [], "missing_branches": []}}, "classes": {"": {"executed_lines": [], "summary": {"covered_lines": 0, "num_statements": 0, "percent_covered": 100.0, "percent_covered_display": "100", "missing_lines": 0, "excluded_lines": 0, "num_branches": 0, "num_partial_branches": 0, "covered_branches": 0, "missing_branches": 0}, "missing_lines": [], "excluded_lines": [], "executed_branches": [], "missing_branches": []}}}, "api/integrations/base/__init__.py": {"executed_lines": [], "summary": {"covered_lines": 0, "num_statements": 0, "percent_covered": 100.0, "percent_covered_display": "100", "missing_lines": 0, "excluded_lines": 0, "num_branches": 0, "num_partial_branches": 0, "covered_branches": 0, "missing_branches": 0}, "missing_lines": [], "excluded_lines": [], "executed_branches": [], "missing_branches": [], "functions": {"": {"executed_lines": [], "summary": {"covered_lines": 0, "num_statements": 0, "percent_covered": 100.0, "percent_covered_display": "100", "missing_lines": 0, "excluded_lines": 0, "num_branches": 0, "num_partial_branches": 0, "covered_branches": 0, "missing_branches": 0}, "missing_lines": [], "excluded_lines": [], "executed_branches": [], "missing_branches": []}}, "classes": {"": {"executed_lines": [], "summary": {"covered_lines": 0, "num_statements": 0, "percent_covered": 100.0, "percent_covered_display": "100", "missing_lines": 0, "excluded_lines": 0, "num_branches": 0, "num_partial_branches": 0, "covered_branches": 0, "missing_branches": 0}, "missing_lines": [], "excluded_lines": [], "executed_branches": [], "missing_branches": []}}}, "api/integrations/base/base_integration.py": {"executed_lines": [], "summary": {"covered_lines": 0, "num_statements": 98, "percent_covered": 0.0, "percent_covered_display": "0", "missing_lines": 98, "excluded_lines": 0, "num_branches": 6, "num_partial_branches": 0, "covered_branches": 0, "missing_branches": 6}, "missing_lines": [7, 8, 9, 10, 11, 12, 13, 15, 16, 17, 19, 21, 22, 23, 24, 25, 26, 28, 29, 30, 31, 33, 34, 35, 36, 40, 41, 42, 43, 44, 45, 50, 51, 52, 53, 55, 56, 57, 59, 60, 61, 63, 64, 65, 67, 68, 69, 71, 72, 73, 74, 75, 76, 77, 78, 79, 81, 83, 84, 85, 88, 89, 91, 92, 93, 94, 95, 96, 97, 98, 100, 101, 102, 104, 105, 106, 107, 108, 109, 111, 112, 113, 114, 115, 116, 117, 118, 119, 120, 121, 123, 124, 126, 127, 129, 130, 132, 133], "excluded_lines": [], "executed_branches": [], "missing_branches": [[44, -41], [44, 45], [84, 85], [84, 91], [101, 102], [101, 111]], "functions": {"BaseIntegration.__init__": {"executed_lines": [], "summary": {"covered_lines": 0, "num_statements": 4, "percent_covered": 0.0, "percent_covered_display": "0", "missing_lines": 4, "excluded_lines": 0, "num_branches": 2, "num_partial_branches": 0, "covered_branches": 0, "missing_branches": 2}, "missing_lines": [42, 43, 44, 45], "excluded_lines": [], "executed_branches": [], "missing_branches": [[44, -41], [44, 45]]}, "BaseIntegration.provider_name": {"executed_lines": [], "summary": {"covered_lines": 0, "num_statements": 1, "percent_covered": 0.0, "percent_covered_display": "0", "missing_lines": 1, "excluded_lines": 0, "num_branches": 0, "num_partial_branches": 0, "covered_branches": 0, "missing_branches": 0}, "missing_lines": [53], "excluded_lines": [], "executed_branches": [], "missing_branches": []}, "BaseIntegration.test_connection": {"executed_lines": [], "summary": {"covered_lines": 0, "num_statements": 1, "percent_covered": 0.0, "percent_covered_display": "0", "missing_lines": 1, "excluded_lines": 0, "num_branches": 0, "num_partial_branches": 0, "covered_branches": 0, "missing_branches": 0}, "missing_lines": [57], "excluded_lines": [], "executed_branches": [], "missing_branches": []}, "BaseIntegration.authenticate": {"executed_lines": [], "summary": {"covered_lines": 0, "num_statements": 1, "percent_covered": 0.0, "percent_covered_display": "0", "missing_lines": 1, "excluded_lines": 0, "num_branches": 0, "num_partial_branches": 0, "covered_branches": 0, "missing_branches": 0}, "missing_lines": [61], "excluded_lines": [], "executed_branches": [], "missing_branches": []}, "BaseIntegration.collect_evidence": {"executed_lines": [], "summary": {"covered_lines": 0, "num_statements": 1, "percent_covered": 0.0, "percent_covered_display": "0", "missing_lines": 1, "excluded_lines": 0, "num_branches": 0, "num_partial_branches": 0, "covered_branches": 0, "missing_branches": 0}, "missing_lines": [65], "excluded_lines": [], "executed_branches": [], "missing_branches": []}, "BaseIntegration.get_available_evidence_types": {"executed_lines": [], "summary": {"covered_lines": 0, "num_statements": 1, "percent_covered": 0.0, "percent_covered_display": "0", "missing_lines": 1, "excluded_lines": 0, "num_branches": 0, "num_partial_branches": 0, "covered_branches": 0, "missing_branches": 0}, "missing_lines": [69], "excluded_lines": [], "executed_branches": [], "missing_branches": []}, "BaseIntegration.validate_credentials": {"executed_lines": [], "summary": {"covered_lines": 0, "num_statements": 9, "percent_covered": 0.0, "percent_covered_display": "0", "missing_lines": 9, "excluded_lines": 0, "num_branches": 0, "num_partial_branches": 0, "covered_branches": 0, "missing_branches": 0}, "missing_lines": [72, 73, 74, 75, 76, 77, 78, 79, 81], "excluded_lines": [], "executed_branches": [], "missing_branches": []}, "BaseIntegration.encrypt_credentials_to_str": {"executed_lines": [], "summary": {"covered_lines": 0, "num_statements": 12, "percent_covered": 0.0, "percent_covered_display": "0", "missing_lines": 12, "excluded_lines": 0, "num_branches": 2, "num_partial_branches": 0, "covered_branches": 0, "missing_branches": 2}, "missing_lines": [84, 85, 88, 89, 91, 92, 93, 94, 95, 96, 97, 98], "excluded_lines": [], "executed_branches": [], "missing_branches": [[84, 85], [84, 91]]}, "BaseIntegration.decrypt_credentials_from_str": {"executed_lines": [], "summary": {"covered_lines": 0, "num_statements": 19, "percent_covered": 0.0, "percent_covered_display": "0", "missing_lines": 19, "excluded_lines": 0, "num_branches": 2, "num_partial_branches": 0, "covered_branches": 0, "missing_branches": 2}, "missing_lines": [101, 102, 104, 105, 106, 107, 108, 109, 111, 112, 113, 114, 115, 116, 117, 118, 119, 120, 121], "excluded_lines": [], "executed_branches": [], "missing_branches": [[101, 102], [101, 111]]}, "": {"executed_lines": [], "summary": {"covered_lines": 0, "num_statements": 49, "percent_covered": 0.0, "percent_covered_display": "0", "missing_lines": 49, "excluded_lines": 0, "num_branches": 0, "num_partial_branches": 0, "covered_branches": 0, "missing_branches": 0}, "missing_lines": [7, 8, 9, 10, 11, 12, 13, 15, 16, 17, 19, 21, 22, 23, 24, 25, 26, 28, 29, 30, 31, 33, 34, 35, 36, 40, 41, 50, 51, 52, 55, 56, 59, 60, 63, 64, 67, 68, 71, 83, 100, 123, 124, 126, 127, 129, 130, 132, 133], "excluded_lines": [], "executed_branches": [], "missing_branches": []}}, "classes": {"IntegrationStatus": {"executed_lines": [], "summary": {"covered_lines": 0, "num_statements": 0, "percent_covered": 100.0, "percent_covered_display": "100", "missing_lines": 0, "excluded_lines": 0, "num_branches": 0, "num_partial_branches": 0, "covered_branches": 0, "missing_branches": 0}, "missing_lines": [], "excluded_lines": [], "executed_branches": [], "missing_branches": []}, "IntegrationConfig": {"executed_lines": [], "summary": {"covered_lines": 0, "num_statements": 0, "percent_covered": 100.0, "percent_covered_display": "100", "missing_lines": 0, "excluded_lines": 0, "num_branches": 0, "num_partial_branches": 0, "covered_branches": 0, "missing_branches": 0}, "missing_lines": [], "excluded_lines": [], "executed_branches": [], "missing_branches": []}, "BaseIntegration": {"executed_lines": [], "summary": {"covered_lines": 0, "num_statements": 49, "percent_covered": 0.0, "percent_covered_display": "0", "missing_lines": 49, "excluded_lines": 0, "num_branches": 6, "num_partial_branches": 0, "covered_branches": 0, "missing_branches": 6}, "missing_lines": [42, 43, 44, 45, 53, 57, 61, 65, 69, 72, 73, 74, 75, 76, 77, 78, 79, 81, 84, 85, 88, 89, 91, 92, 93, 94, 95, 96, 97, 98, 101, 102, 104, 105, 106, 107, 108, 109, 111, 112, 113, 114, 115, 116, 117, 118, 119, 120, 121], "excluded_lines": [], "executed_branches": [], "missing_branches": [[44, -41], [44, 45], [84, 85], [84, 91], [101, 102], [101, 111]]}, "IntegrationError": {"executed_lines": [], "summary": {"covered_lines": 0, "num_statements": 0, "percent_covered": 100.0, "percent_covered_display": "100", "missing_lines": 0, "excluded_lines": 0, "num_branches": 0, "num_partial_branches": 0, "covered_branches": 0, "missing_branches": 0}, "missing_lines": [], "excluded_lines": [], "executed_branches": [], "missing_branches": []}, "AuthenticationError": {"executed_lines": [], "summary": {"covered_lines": 0, "num_statements": 0, "percent_covered": 100.0, "percent_covered_display": "100", "missing_lines": 0, "excluded_lines": 0, "num_branches": 0, "num_partial_branches": 0, "covered_branches": 0, "missing_branches": 0}, "missing_lines": [], "excluded_lines": [], "executed_branches": [], "missing_branches": []}, "ConnectionError": {"executed_lines": [], "summary": {"covered_lines": 0, "num_statements": 0, "percent_covered": 100.0, "percent_covered_display": "100", "missing_lines": 0, "excluded_lines": 0, "num_branches": 0, "num_partial_branches": 0, "covered_branches": 0, "missing_branches": 0}, "missing_lines": [], "excluded_lines": [], "executed_branches": [], "missing_branches": []}, "EvidenceCollectionError": {"executed_lines": [], "summary": {"covered_lines": 0, "num_statements": 0, "percent_covered": 100.0, "percent_covered_display": "100", "missing_lines": 0, "excluded_lines": 0, "num_branches": 0, "num_partial_branches": 0, "covered_branches": 0, "missing_branches": 0}, "missing_lines": [], "excluded_lines": [], "executed_branches": [], "missing_branches": []}, "": {"executed_lines": [], "summary": {"covered_lines": 0, "num_statements": 49, "percent_covered": 0.0, "percent_covered_display": "0", "missing_lines": 49, "excluded_lines": 0, "num_branches": 0, "num_partial_branches": 0, "covered_branches": 0, "missing_branches": 0}, "missing_lines": [7, 8, 9, 10, 11, 12, 13, 15, 16, 17, 19, 21, 22, 23, 24, 25, 26, 28, 29, 30, 31, 33, 34, 35, 36, 40, 41, 50, 51, 52, 55, 56, 59, 60, 63, 64, 67, 68, 71, 83, 100, 123, 124, 126, 127, 129, 130, 132, 133], "excluded_lines": [], "executed_branches": [], "missing_branches": []}}}, "api/integrations/google_workspace_integration.py": {"executed_lines": [], "summary": {"covered_lines": 0, "num_statements": 142, "percent_covered": 0.0, "percent_covered_display": "0", "missing_lines": 142, "excluded_lines": 0, "num_branches": 28, "num_partial_branches": 0, "covered_branches": 0, "missing_branches": 28}, "missing_lines": [5, 6, 7, 10, 11, 12, 13, 14, 15, 16, 18, 20, 21, 22, 23, 24, 25, 27, 28, 29, 31, 32, 34, 35, 37, 38, 40, 41, 43, 44, 45, 47, 48, 50, 51, 53, 61, 63, 66, 72, 73, 74, 76, 78, 79, 80, 82, 83, 84, 85, 86, 87, 88, 90, 92, 93, 94, 95, 96, 98, 100, 101, 102, 103, 105, 106, 107, 108, 110, 112, 113, 114, 116, 117, 120, 121, 123, 125, 134, 135, 136, 138, 140, 142, 143, 144, 146, 147, 149, 152, 153, 155, 161, 164, 165, 179, 180, 193, 194, 195, 197, 198, 199, 201, 202, 204, 205, 206, 208, 210, 211, 217, 218, 219, 221, 222, 223, 224, 226, 228, 230, 237, 239, 241, 244, 245, 253, 255, 267, 268, 269, 271, 273, 275, 276, 283, 285, 297, 298, 299, 301, 303], "excluded_lines": [], "executed_branches": [], "missing_branches": [[78, 79], [78, 82], [94, 95], [94, 105], [113, 114], [113, 116], [116, 117], [116, 120], [121, 123], [121, 138], [143, 144], [143, 146], [164, 165], [164, 179], [179, 180], [179, 193], [194, 195], [194, 197], [198, 199], [198, 201], [222, 223], [222, 228], [223, 224], [223, 226], [244, 245], [244, 253], [275, 276], [275, 283]], "functions": {"GoogleWorkspaceIntegration.provider_name": {"executed_lines": [], "summary": {"covered_lines": 0, "num_statements": 1, "percent_covered": 0.0, "percent_covered_display": "0", "missing_lines": 1, "excluded_lines": 0, "num_branches": 0, "num_partial_branches": 0, "covered_branches": 0, "missing_branches": 0}, "missing_lines": [74], "excluded_lines": [], "executed_branches": [], "missing_branches": []}, "GoogleWorkspaceIntegration.test_connection": {"executed_lines": [], "summary": {"covered_lines": 0, "num_statements": 10, "percent_covered": 0.0, "percent_covered_display": "0", "missing_lines": 10, "excluded_lines": 0, "num_branches": 2, "num_partial_branches": 0, "covered_branches": 0, "missing_branches": 2}, "missing_lines": [78, 79, 80, 82, 83, 84, 85, 86, 87, 88], "excluded_lines": [], "executed_branches": [], "missing_branches": [[78, 79], [78, 82]]}, "GoogleWorkspaceIntegration.authenticate": {"executed_lines": [], "summary": {"covered_lines": 0, "num_statements": 14, "percent_covered": 0.0, "percent_covered_display": "0", "missing_lines": 14, "excluded_lines": 0, "num_branches": 2, "num_partial_branches": 0, "covered_branches": 0, "missing_branches": 2}, "missing_lines": [92, 93, 94, 95, 96, 98, 100, 101, 102, 103, 105, 106, 107, 108], "excluded_lines": [], "executed_branches": [], "missing_branches": [[94, 95], [94, 105]]}, "GoogleWorkspaceIntegration._get_credentials": {"executed_lines": [], "summary": {"covered_lines": 0, "num_statements": 13, "percent_covered": 0.0, "percent_covered_display": "0", "missing_lines": 13, "excluded_lines": 0, "num_branches": 6, "num_partial_branches": 0, "covered_branches": 0, "missing_branches": 6}, "missing_lines": [112, 113, 114, 116, 117, 120, 121, 123, 125, 134, 135, 136, 138], "excluded_lines": [], "executed_branches": [], "missing_branches": [[113, 114], [113, 116], [116, 117], [116, 120], [121, 123], [121, 138]]}, "GoogleWorkspaceIntegration.collect_evidence": {"executed_lines": [], "summary": {"covered_lines": 0, "num_statements": 25, "percent_covered": 0.0, "percent_covered_display": "0", "missing_lines": 25, "excluded_lines": 0, "num_branches": 10, "num_partial_branches": 0, "covered_branches": 0, "missing_branches": 10}, "missing_lines": [142, 143, 144, 146, 147, 149, 152, 153, 155, 161, 164, 165, 179, 180, 193, 194, 195, 197, 198, 199, 201, 202, 204, 205, 206], "excluded_lines": [], "executed_branches": [], "missing_branches": [[143, 144], [143, 146], [164, 165], [164, 179], [179, 180], [179, 193], [194, 195], [194, 197], [198, 199], [198, 201]]}, "GoogleWorkspaceIntegration._fetch_activities": {"executed_lines": [], "summary": {"covered_lines": 0, "num_statements": 13, "percent_covered": 0.0, "percent_covered_display": "0", "missing_lines": 13, "excluded_lines": 0, "num_branches": 4, "num_partial_branches": 0, "covered_branches": 0, "missing_branches": 4}, "missing_lines": [210, 211, 217, 218, 219, 221, 222, 223, 224, 226, 228, 230, 237], "excluded_lines": [], "executed_branches": [], "missing_branches": [[222, 223], [222, 228], [223, 224], [223, 226]]}, "GoogleWorkspaceIntegration._collect_user_evidence": {"executed_lines": [], "summary": {"covered_lines": 0, "num_statements": 8, "percent_covered": 0.0, "percent_covered_display": "0", "missing_lines": 8, "excluded_lines": 0, "num_branches": 2, "num_partial_branches": 0, "covered_branches": 0, "missing_branches": 2}, "missing_lines": [241, 244, 245, 253, 255, 267, 268, 269], "excluded_lines": [], "executed_branches": [], "missing_branches": [[244, 245], [244, 253]]}, "GoogleWorkspaceIntegration._collect_group_evidence": {"executed_lines": [], "summary": {"covered_lines": 0, "num_statements": 8, "percent_covered": 0.0, "percent_covered_display": "0", "missing_lines": 8, "excluded_lines": 0, "num_branches": 2, "num_partial_branches": 0, "covered_branches": 0, "missing_branches": 2}, "missing_lines": [273, 275, 276, 283, 285, 297, 298, 299], "excluded_lines": [], "executed_branches": [], "missing_branches": [[275, 276], [275, 283]]}, "GoogleWorkspaceIntegration.get_supported_evidence_types": {"executed_lines": [], "summary": {"covered_lines": 0, "num_statements": 1, "percent_covered": 0.0, "percent_covered_display": "0", "missing_lines": 1, "excluded_lines": 0, "num_branches": 0, "num_partial_branches": 0, "covered_branches": 0, "missing_branches": 0}, "missing_lines": [303], "excluded_lines": [], "executed_branches": [], "missing_branches": []}, "": {"executed_lines": [], "summary": {"covered_lines": 0, "num_statements": 49, "percent_covered": 0.0, "percent_covered_display": "0", "missing_lines": 49, "excluded_lines": 0, "num_branches": 0, "num_partial_branches": 0, "covered_branches": 0, "missing_branches": 0}, "missing_lines": [5, 6, 7, 10, 11, 12, 13, 14, 15, 16, 18, 20, 21, 22, 23, 24, 25, 27, 28, 29, 31, 32, 34, 35, 37, 38, 40, 41, 43, 44, 45, 47, 48, 50, 51, 53, 61, 63, 66, 72, 73, 76, 90, 110, 140, 208, 239, 271, 301], "excluded_lines": [], "executed_branches": [], "missing_branches": []}}, "classes": {"GoogleWorkspaceIntegration": {"executed_lines": [], "summary": {"covered_lines": 0, "num_statements": 93, "percent_covered": 0.0, "percent_covered_display": "0", "missing_lines": 93, "excluded_lines": 0, "num_branches": 28, "num_partial_branches": 0, "covered_branches": 0, "missing_branches": 28}, "missing_lines": [74, 78, 79, 80, 82, 83, 84, 85, 86, 87, 88, 92, 93, 94, 95, 96, 98, 100, 101, 102, 103, 105, 106, 107, 108, 112, 113, 114, 116, 117, 120, 121, 123, 125, 134, 135, 136, 138, 142, 143, 144, 146, 147, 149, 152, 153, 155, 161, 164, 165, 179, 180, 193, 194, 195, 197, 198, 199, 201, 202, 204, 205, 206, 210, 211, 217, 218, 219, 221, 222, 223, 224, 226, 228, 230, 237, 241, 244, 245, 253, 255, 267, 268, 269, 273, 275, 276, 283, 285, 297, 298, 299, 303], "excluded_lines": [], "executed_branches": [], "missing_branches": [[78, 79], [78, 82], [94, 95], [94, 105], [113, 114], [113, 116], [116, 117], [116, 120], [121, 123], [121, 138], [143, 144], [143, 146], [164, 165], [164, 179], [179, 180], [179, 193], [194, 195], [194, 197], [198, 199], [198, 201], [222, 223], [222, 228], [223, 224], [223, 226], [244, 245], [244, 253], [275, 276], [275, 283]]}, "": {"executed_lines": [], "summary": {"covered_lines": 0, "num_statements": 49, "percent_covered": 0.0, "percent_covered_display": "0", "missing_lines": 49, "excluded_lines": 0, "num_branches": 0, "num_partial_branches": 0, "covered_branches": 0, "missing_branches": 0}, "missing_lines": [5, 6, 7, 10, 11, 12, 13, 14, 15, 16, 18, 20, 21, 22, 23, 24, 25, 27, 28, 29, 31, 32, 34, 35, 37, 38, 40, 41, 43, 44, 45, 47, 48, 50, 51, 53, 61, 63, 66, 72, 73, 76, 90, 110, 140, 208, 239, 271, 301], "excluded_lines": [], "executed_branches": [], "missing_branches": []}}}, "api/integrations/oauth_config.py": {"executed_lines": [], "summary": {"covered_lines": 0, "num_statements": 28, "percent_covered": 0.0, "percent_covered_display": "0", "missing_lines": 28, "excluded_lines": 0, "num_branches": 2, "num_partial_branches": 0, "covered_branches": 0, "missing_branches": 2}, "missing_lines": [6, 9, 13, 14, 15, 16, 25, 26, 27, 28, 29, 34, 35, 37, 38, 39, 41, 43, 45, 55, 57, 59, 61, 70, 71, 73, 75, 78], "excluded_lines": [], "executed_branches": [], "missing_branches": [[70, 71], [70, 73]], "functions": {"OAuth2Config.get_google_oauth_url": {"executed_lines": [], "summary": {"covered_lines": 0, "num_statements": 3, "percent_covered": 0.0, "percent_covered_display": "0", "missing_lines": 3, "excluded_lines": 0, "num_branches": 0, "num_partial_branches": 0, "covered_branches": 0, "missing_branches": 0}, "missing_lines": [43, 45, 55], "excluded_lines": [], "executed_branches": [], "missing_branches": []}, "OAuth2Config.get_microsoft_oauth_url": {"executed_lines": [], "summary": {"covered_lines": 0, "num_statements": 6, "percent_covered": 0.0, "percent_covered_display": "0", "missing_lines": 6, "excluded_lines": 0, "num_branches": 2, "num_partial_branches": 0, "covered_branches": 0, "missing_branches": 2}, "missing_lines": [59, 61, 70, 71, 73, 75], "excluded_lines": [], "executed_branches": [], "missing_branches": [[70, 71], [70, 73]]}, "": {"executed_lines": [], "summary": {"covered_lines": 0, "num_statements": 19, "percent_covered": 0.0, "percent_covered_display": "0", "missing_lines": 19, "excluded_lines": 0, "num_branches": 0, "num_partial_branches": 0, "covered_branches": 0, "missing_branches": 0}, "missing_lines": [6, 9, 13, 14, 15, 16, 25, 26, 27, 28, 29, 34, 35, 37, 38, 39, 41, 57, 78], "excluded_lines": [], "executed_branches": [], "missing_branches": []}}, "classes": {"OAuth2Config": {"executed_lines": [], "summary": {"covered_lines": 0, "num_statements": 9, "percent_covered": 0.0, "percent_covered_display": "0", "missing_lines": 9, "excluded_lines": 0, "num_branches": 2, "num_partial_branches": 0, "covered_branches": 0, "missing_branches": 2}, "missing_lines": [43, 45, 55, 59, 61, 70, 71, 73, 75], "excluded_lines": [], "executed_branches": [], "missing_branches": [[70, 71], [70, 73]]}, "OAuth2Config.Config": {"executed_lines": [], "summary": {"covered_lines": 0, "num_statements": 0, "percent_covered": 100.0, "percent_covered_display": "100", "missing_lines": 0, "excluded_lines": 0, "num_branches": 0, "num_partial_branches": 0, "covered_branches": 0, "missing_branches": 0}, "missing_lines": [], "excluded_lines": [], "executed_branches": [], "missing_branches": []}, "": {"executed_lines": [], "summary": {"covered_lines": 0, "num_statements": 19, "percent_covered": 0.0, "percent_covered_display": "0", "missing_lines": 19, "excluded_lines": 0, "num_branches": 0, "num_partial_branches": 0, "covered_branches": 0, "missing_branches": 0}, "missing_lines": [6, 9, 13, 14, 15, 16, 25, 26, 27, 28, 29, 34, 35, 37, 38, 39, 41, 57, 78], "excluded_lines": [], "executed_branches": [], "missing_branches": []}}}, "api/middleware/__init__.py": {"executed_lines": [], "summary": {"covered_lines": 0, "num_statements": 0, "percent_covered": 100.0, "percent_covered_display": "100", "missing_lines": 0, "excluded_lines": 0, "num_branches": 0, "num_partial_branches": 0, "covered_branches": 0, "missing_branches": 0}, "missing_lines": [], "excluded_lines": [], "executed_branches": [], "missing_branches": [], "functions": {"": {"executed_lines": [], "summary": {"covered_lines": 0, "num_statements": 0, "percent_covered": 100.0, "percent_covered_display": "100", "missing_lines": 0, "excluded_lines": 0, "num_branches": 0, "num_partial_branches": 0, "covered_branches": 0, "missing_branches": 0}, "missing_lines": [], "excluded_lines": [], "executed_branches": [], "missing_branches": []}}, "classes": {"": {"executed_lines": [], "summary": {"covered_lines": 0, "num_statements": 0, "percent_covered": 100.0, "percent_covered_display": "100", "missing_lines": 0, "excluded_lines": 0, "num_branches": 0, "num_partial_branches": 0, "covered_branches": 0, "missing_branches": 0}, "missing_lines": [], "excluded_lines": [], "executed_branches": [], "missing_branches": []}}}, "api/middleware/error_handler.py": {"executed_lines": [], "summary": {"covered_lines": 0, "num_statements": 27, "percent_covered": 0.0, "percent_covered_display": "0", "missing_lines": 27, "excluded_lines": 0, "num_branches": 0, "num_partial_branches": 0, "covered_branches": 0, "missing_branches": 0}, "missing_lines": [8, 9, 11, 12, 13, 14, 16, 17, 18, 20, 22, 30, 31, 32, 34, 36, 40, 52, 54, 58, 71, 73, 78, 90, 92, 93, 98], "excluded_lines": [], "executed_branches": [], "missing_branches": [], "functions": {"error_handler_middleware": {"executed_lines": [], "summary": {"covered_lines": 0, "num_statements": 16, "percent_covered": 0.0, "percent_covered_display": "0", "missing_lines": 16, "excluded_lines": 0, "num_branches": 0, "num_partial_branches": 0, "covered_branches": 0, "missing_branches": 0}, "missing_lines": [30, 31, 32, 34, 36, 40, 52, 54, 58, 71, 73, 78, 90, 92, 93, 98], "excluded_lines": [], "executed_branches": [], "missing_branches": []}, "": {"executed_lines": [], "summary": {"covered_lines": 0, "num_statements": 11, "percent_covered": 0.0, "percent_covered_display": "0", "missing_lines": 11, "excluded_lines": 0, "num_branches": 0, "num_partial_branches": 0, "covered_branches": 0, "missing_branches": 0}, "missing_lines": [8, 9, 11, 12, 13, 14, 16, 17, 18, 20, 22], "excluded_lines": [], "executed_branches": [], "missing_branches": []}}, "classes": {"": {"executed_lines": [], "summary": {"covered_lines": 0, "num_statements": 27, "percent_covered": 0.0, "percent_covered_display": "0", "missing_lines": 27, "excluded_lines": 0, "num_branches": 0, "num_partial_branches": 0, "covered_branches": 0, "missing_branches": 0}, "missing_lines": [8, 9, 11, 12, 13, 14, 16, 17, 18, 20, 22, 30, 31, 32, 34, 36, 40, 52, 54, 58, 71, 73, 78, 90, 92, 93, 98], "excluded_lines": [], "executed_branches": [], "missing_branches": []}}}, "api/middleware/rate_limiter.py": {"executed_lines": [], "summary": {"covered_lines": 0, "num_statements": 57, "percent_covered": 0.0, "percent_covered_display": "0", "missing_lines": 57, "excluded_lines": 0, "num_branches": 16, "num_partial_branches": 0, "covered_branches": 0, "missing_branches": 16}, "missing_lines": [1, 2, 4, 5, 8, 9, 10, 11, 12, 13, 15, 17, 18, 21, 22, 25, 26, 29, 35, 36, 37, 40, 41, 43, 45, 46, 48, 53, 56, 58, 61, 62, 63, 65, 66, 68, 71, 72, 75, 78, 80, 81, 99, 102, 103, 104, 105, 107, 109, 111, 113, 114, 116, 117, 119, 120, 126], "excluded_lines": [], "executed_branches": [], "missing_branches": [[21, 22], [21, 25], [25, 26], [25, 29], [35, 36], [35, 40], [61, 62], [61, 65], [71, 72], [71, 75], [80, 81], [80, 99], [113, 114], [113, 116], [119, -111], [119, 120]], "functions": {"RateLimiter.__init__": {"executed_lines": [], "summary": {"covered_lines": 0, "num_statements": 4, "percent_covered": 0.0, "percent_covered_display": "0", "missing_lines": 4, "excluded_lines": 0, "num_branches": 0, "num_partial_branches": 0, "covered_branches": 0, "missing_branches": 0}, "missing_lines": [10, 11, 12, 13], "excluded_lines": [], "executed_branches": [], "missing_branches": []}, "RateLimiter.check_rate_limit": {"executed_lines": [], "summary": {"covered_lines": 0, "num_statements": 12, "percent_covered": 0.0, "percent_covered_display": "0", "missing_lines": 12, "excluded_lines": 0, "num_branches": 6, "num_partial_branches": 0, "covered_branches": 0, "missing_branches": 6}, "missing_lines": [17, 18, 21, 22, 25, 26, 29, 35, 36, 37, 40, 41], "excluded_lines": [], "executed_branches": [], "missing_branches": [[21, 22], [21, 25], [25, 26], [25, 29], [35, 36], [35, 40]]}, "RateLimiter._cleanup_old_entries": {"executed_lines": [], "summary": {"covered_lines": 0, "num_statements": 4, "percent_covered": 0.0, "percent_covered_display": "0", "missing_lines": 4, "excluded_lines": 0, "num_branches": 0, "num_partial_branches": 0, "covered_branches": 0, "missing_branches": 0}, "missing_lines": [45, 46, 48, 53], "excluded_lines": [], "executed_branches": [], "missing_branches": []}, "rate_limit_middleware": {"executed_lines": [], "summary": {"covered_lines": 0, "num_statements": 12, "percent_covered": 0.0, "percent_covered_display": "0", "missing_lines": 12, "excluded_lines": 0, "num_branches": 4, "num_partial_branches": 0, "covered_branches": 0, "missing_branches": 4}, "missing_lines": [71, 72, 75, 78, 80, 81, 99, 102, 103, 104, 105, 107], "excluded_lines": [], "executed_branches": [], "missing_branches": [[71, 72], [71, 75], [80, 81], [80, 99]]}, "auth_rate_limit": {"executed_lines": [], "summary": {"covered_lines": 0, "num_statements": 2, "percent_covered": 0.0, "percent_covered_display": "0", "missing_lines": 2, "excluded_lines": 0, "num_branches": 0, "num_partial_branches": 0, "covered_branches": 0, "missing_branches": 0}, "missing_lines": [111, 126], "excluded_lines": [], "executed_branches": [], "missing_branches": []}, "auth_rate_limit.check_limit": {"executed_lines": [], "summary": {"covered_lines": 0, "num_statements": 6, "percent_covered": 0.0, "percent_covered_display": "0", "missing_lines": 6, "excluded_lines": 0, "num_branches": 4, "num_partial_branches": 0, "covered_branches": 0, "missing_branches": 4}, "missing_lines": [113, 114, 116, 117, 119, 120], "excluded_lines": [], "executed_branches": [], "missing_branches": [[113, 114], [113, 116], [119, -111], [119, 120]]}, "": {"executed_lines": [], "summary": {"covered_lines": 0, "num_statements": 17, "percent_covered": 0.0, "percent_covered_display": "0", "missing_lines": 17, "excluded_lines": 0, "num_branches": 2, "num_partial_branches": 0, "covered_branches": 0, "missing_branches": 2}, "missing_lines": [1, 2, 4, 5, 8, 9, 15, 43, 56, 58, 61, 62, 63, 65, 66, 68, 109], "excluded_lines": [], "executed_branches": [], "missing_branches": [[61, 62], [61, 65]]}}, "classes": {"RateLimiter": {"executed_lines": [], "summary": {"covered_lines": 0, "num_statements": 20, "percent_covered": 0.0, "percent_covered_display": "0", "missing_lines": 20, "excluded_lines": 0, "num_branches": 6, "num_partial_branches": 0, "covered_branches": 0, "missing_branches": 6}, "missing_lines": [10, 11, 12, 13, 17, 18, 21, 22, 25, 26, 29, 35, 36, 37, 40, 41, 45, 46, 48, 53], "excluded_lines": [], "executed_branches": [], "missing_branches": [[21, 22], [21, 25], [25, 26], [25, 29], [35, 36], [35, 40]]}, "": {"executed_lines": [], "summary": {"covered_lines": 0, "num_statements": 37, "percent_covered": 0.0, "percent_covered_display": "0", "missing_lines": 37, "excluded_lines": 0, "num_branches": 10, "num_partial_branches": 0, "covered_branches": 0, "missing_branches": 10}, "missing_lines": [1, 2, 4, 5, 8, 9, 15, 43, 56, 58, 61, 62, 63, 65, 66, 68, 71, 72, 75, 78, 80, 81, 99, 102, 103, 104, 105, 107, 109, 111, 113, 114, 116, 117, 119, 120, 126], "excluded_lines": [], "executed_branches": [], "missing_branches": [[61, 62], [61, 65], [71, 72], [71, 75], [80, 81], [80, 99], [113, 114], [113, 116], [119, -111], [119, 120]]}}}, "api/middleware/security_headers.py": {"executed_lines": [], "summary": {"covered_lines": 0, "num_statements": 13, "percent_covered": 0.0, "percent_covered_display": "0", "missing_lines": 13, "excluded_lines": 0, "num_branches": 2, "num_partial_branches": 0, "covered_branches": 0, "missing_branches": 2}, "missing_lines": [1, 4, 6, 9, 10, 11, 12, 13, 14, 15, 18, 19, 21], "excluded_lines": [], "executed_branches": [], "missing_branches": [[18, 19], [18, 21]], "functions": {"security_headers_middleware": {"executed_lines": [], "summary": {"covered_lines": 0, "num_statements": 11, "percent_covered": 0.0, "percent_covered_display": "0", "missing_lines": 11, "excluded_lines": 0, "num_branches": 2, "num_partial_branches": 0, "covered_branches": 0, "missing_branches": 2}, "missing_lines": [6, 9, 10, 11, 12, 13, 14, 15, 18, 19, 21], "excluded_lines": [], "executed_branches": [], "missing_branches": [[18, 19], [18, 21]]}, "": {"executed_lines": [], "summary": {"covered_lines": 0, "num_statements": 2, "percent_covered": 0.0, "percent_covered_display": "0", "missing_lines": 2, "excluded_lines": 0, "num_branches": 0, "num_partial_branches": 0, "covered_branches": 0, "missing_branches": 0}, "missing_lines": [1, 4], "excluded_lines": [], "executed_branches": [], "missing_branches": []}}, "classes": {"": {"executed_lines": [], "summary": {"covered_lines": 0, "num_statements": 13, "percent_covered": 0.0, "percent_covered_display": "0", "missing_lines": 13, "excluded_lines": 0, "num_branches": 2, "num_partial_branches": 0, "covered_branches": 0, "missing_branches": 2}, "missing_lines": [1, 4, 6, 9, 10, 11, 12, 13, 14, 15, 18, 19, 21], "excluded_lines": [], "executed_branches": [], "missing_branches": [[18, 19], [18, 21]]}}}, "api/request_id_middleware.py": {"executed_lines": [], "summary": {"covered_lines": 0, "num_statements": 16, "percent_covered": 0.0, "percent_covered_display": "0", "missing_lines": 16, "excluded_lines": 0, "num_branches": 0, "num_partial_branches": 0, "covered_branches": 0, "missing_branches": 0}, "missing_lines": [5, 6, 8, 9, 10, 12, 15, 20, 24, 27, 29, 32, 35, 37, 38, 40], "excluded_lines": [], "executed_branches": [], "missing_branches": [], "functions": {"RequestIDMiddleware.dispatch": {"executed_lines": [], "summary": {"covered_lines": 0, "num_statements": 8, "percent_covered": 0.0, "percent_covered_display": "0", "missing_lines": 8, "excluded_lines": 0, "num_branches": 0, "num_partial_branches": 0, "covered_branches": 0, "missing_branches": 0}, "missing_lines": [24, 27, 29, 32, 35, 37, 38, 40], "excluded_lines": [], "executed_branches": [], "missing_branches": []}, "": {"executed_lines": [], "summary": {"covered_lines": 0, "num_statements": 8, "percent_covered": 0.0, "percent_covered_display": "0", "missing_lines": 8, "excluded_lines": 0, "num_branches": 0, "num_partial_branches": 0, "covered_branches": 0, "missing_branches": 0}, "missing_lines": [5, 6, 8, 9, 10, 12, 15, 20], "excluded_lines": [], "executed_branches": [], "missing_branches": []}}, "classes": {"RequestIDMiddleware": {"executed_lines": [], "summary": {"covered_lines": 0, "num_statements": 8, "percent_covered": 0.0, "percent_covered_display": "0", "missing_lines": 8, "excluded_lines": 0, "num_branches": 0, "num_partial_branches": 0, "covered_branches": 0, "missing_branches": 0}, "missing_lines": [24, 27, 29, 32, 35, 37, 38, 40], "excluded_lines": [], "executed_branches": [], "missing_branches": []}, "": {"executed_lines": [], "summary": {"covered_lines": 0, "num_statements": 8, "percent_covered": 0.0, "percent_covered_display": "0", "missing_lines": 8, "excluded_lines": 0, "num_branches": 0, "num_partial_branches": 0, "covered_branches": 0, "missing_branches": 0}, "missing_lines": [5, 6, 8, 9, 10, 12, 15, 20], "excluded_lines": [], "executed_branches": [], "missing_branches": []}}}, "api/routers/__init__.py": {"executed_lines": [], "summary": {"covered_lines": 0, "num_statements": 0, "percent_covered": 100.0, "percent_covered_display": "100", "missing_lines": 0, "excluded_lines": 0, "num_branches": 0, "num_partial_branches": 0, "covered_branches": 0, "missing_branches": 0}, "missing_lines": [], "excluded_lines": [], "executed_branches": [], "missing_branches": [], "functions": {"": {"executed_lines": [], "summary": {"covered_lines": 0, "num_statements": 0, "percent_covered": 100.0, "percent_covered_display": "100", "missing_lines": 0, "excluded_lines": 0, "num_branches": 0, "num_partial_branches": 0, "covered_branches": 0, "missing_branches": 0}, "missing_lines": [], "excluded_lines": [], "executed_branches": [], "missing_branches": []}}, "classes": {"": {"executed_lines": [], "summary": {"covered_lines": 0, "num_statements": 0, "percent_covered": 100.0, "percent_covered_display": "100", "missing_lines": 0, "excluded_lines": 0, "num_branches": 0, "num_partial_branches": 0, "covered_branches": 0, "missing_branches": 0}, "missing_lines": [], "excluded_lines": [], "executed_branches": [], "missing_branches": []}}}, "api/routers/assessments.py": {"executed_lines": [], "summary": {"covered_lines": 0, "num_statements": 73, "percent_covered": 0.0, "percent_covered_display": "0", "missing_lines": 73, "excluded_lines": 0, "num_branches": 6, "num_partial_branches": 0, "covered_branches": 0, "missing_branches": 6}, "missing_lines": [1, 2, 4, 5, 6, 8, 9, 10, 16, 17, 20, 21, 22, 23, 26, 27, 28, 31, 32, 33, 34, 37, 38, 40, 42, 43, 50, 53, 63, 64, 73, 82, 84, 85, 91, 92, 93, 95, 96, 101, 102, 103, 105, 106, 110, 111, 112, 113, 117, 119, 120, 124, 125, 126, 128, 129, 135, 136, 143, 145, 146, 153, 155, 156, 158, 159, 164, 171, 173, 174, 179, 180, 181], "excluded_lines": [], "executed_branches": [], "missing_branches": [[63, 64], [63, 82], [112, 113], [112, 117], [158, 159], [158, 164]], "functions": {"quick_assessment": {"executed_lines": [], "summary": {"covered_lines": 0, "num_statements": 6, "percent_covered": 0.0, "percent_covered_display": "0", "missing_lines": 6, "excluded_lines": 0, "num_branches": 2, "num_partial_branches": 0, "covered_branches": 0, "missing_branches": 2}, "missing_lines": [50, 53, 63, 64, 73, 82], "excluded_lines": [], "executed_branches": [], "missing_branches": [[63, 64], [63, 82]]}, "create_assessment": {"executed_lines": [], "summary": {"covered_lines": 0, "num_statements": 3, "percent_covered": 0.0, "percent_covered_display": "0", "missing_lines": 3, "excluded_lines": 0, "num_branches": 0, "num_partial_branches": 0, "covered_branches": 0, "missing_branches": 0}, "missing_lines": [91, 92, 93], "excluded_lines": [], "executed_branches": [], "missing_branches": []}, "start_assessment": {"executed_lines": [], "summary": {"covered_lines": 0, "num_statements": 3, "percent_covered": 0.0, "percent_covered_display": "0", "missing_lines": 3, "excluded_lines": 0, "num_branches": 0, "num_partial_branches": 0, "covered_branches": 0, "missing_branches": 0}, "missing_lines": [101, 102, 103], "excluded_lines": [], "executed_branches": [], "missing_branches": []}, "get_current_session": {"executed_lines": [], "summary": {"covered_lines": 0, "num_statements": 5, "percent_covered": 0.0, "percent_covered_display": "0", "missing_lines": 5, "excluded_lines": 0, "num_branches": 2, "num_partial_branches": 0, "covered_branches": 0, "missing_branches": 2}, "missing_lines": [110, 111, 112, 113, 117], "excluded_lines": [], "executed_branches": [], "missing_branches": [[112, 113], [112, 117]]}, "get_questions": {"executed_lines": [], "summary": {"covered_lines": 0, "num_statements": 3, "percent_covered": 0.0, "percent_covered_display": "0", "missing_lines": 3, "excluded_lines": 0, "num_branches": 0, "num_partial_branches": 0, "covered_branches": 0, "missing_branches": 0}, "missing_lines": [124, 125, 126], "excluded_lines": [], "executed_branches": [], "missing_branches": []}, "update_response": {"executed_lines": [], "summary": {"covered_lines": 0, "num_statements": 3, "percent_covered": 0.0, "percent_covered_display": "0", "missing_lines": 3, "excluded_lines": 0, "num_branches": 0, "num_partial_branches": 0, "covered_branches": 0, "missing_branches": 0}, "missing_lines": [135, 136, 143], "excluded_lines": [], "executed_branches": [], "missing_branches": []}, "update_responses": {"executed_lines": [], "summary": {"covered_lines": 0, "num_statements": 7, "percent_covered": 0.0, "percent_covered_display": "0", "missing_lines": 7, "excluded_lines": 0, "num_branches": 2, "num_partial_branches": 0, "covered_branches": 0, "missing_branches": 2}, "missing_lines": [153, 155, 156, 158, 159, 164, 171], "excluded_lines": [], "executed_branches": [], "missing_branches": [[158, 159], [158, 164]]}, "complete_assessment": {"executed_lines": [], "summary": {"covered_lines": 0, "num_statements": 3, "percent_covered": 0.0, "percent_covered_display": "0", "missing_lines": 3, "excluded_lines": 0, "num_branches": 0, "num_partial_branches": 0, "covered_branches": 0, "missing_branches": 0}, "missing_lines": [179, 180, 181], "excluded_lines": [], "executed_branches": [], "missing_branches": []}, "": {"executed_lines": [], "summary": {"covered_lines": 0, "num_statements": 40, "percent_covered": 0.0, "percent_covered_display": "0", "missing_lines": 40, "excluded_lines": 0, "num_branches": 0, "num_partial_branches": 0, "covered_branches": 0, "missing_branches": 0}, "missing_lines": [1, 2, 4, 5, 6, 8, 9, 10, 16, 17, 20, 21, 22, 23, 26, 27, 28, 31, 32, 33, 34, 37, 38, 40, 42, 43, 84, 85, 95, 96, 105, 106, 119, 120, 128, 129, 145, 146, 173, 174], "excluded_lines": [], "executed_branches": [], "missing_branches": []}}, "classes": {"QuickAssessmentRequest": {"executed_lines": [], "summary": {"covered_lines": 0, "num_statements": 0, "percent_covered": 100.0, "percent_covered_display": "100", "missing_lines": 0, "excluded_lines": 0, "num_branches": 0, "num_partial_branches": 0, "covered_branches": 0, "missing_branches": 0}, "missing_lines": [], "excluded_lines": [], "executed_branches": [], "missing_branches": []}, "FrameworkInfo": {"executed_lines": [], "summary": {"covered_lines": 0, "num_statements": 0, "percent_covered": 100.0, "percent_covered_display": "100", "missing_lines": 0, "excluded_lines": 0, "num_branches": 0, "num_partial_branches": 0, "covered_branches": 0, "missing_branches": 0}, "missing_lines": [], "excluded_lines": [], "executed_branches": [], "missing_branches": []}, "QuickRecommendation": {"executed_lines": [], "summary": {"covered_lines": 0, "num_statements": 0, "percent_covered": 100.0, "percent_covered_display": "100", "missing_lines": 0, "excluded_lines": 0, "num_branches": 0, "num_partial_branches": 0, "covered_branches": 0, "missing_branches": 0}, "missing_lines": [], "excluded_lines": [], "executed_branches": [], "missing_branches": []}, "QuickAssessmentResponse": {"executed_lines": [], "summary": {"covered_lines": 0, "num_statements": 0, "percent_covered": 100.0, "percent_covered_display": "100", "missing_lines": 0, "excluded_lines": 0, "num_branches": 0, "num_partial_branches": 0, "covered_branches": 0, "missing_branches": 0}, "missing_lines": [], "excluded_lines": [], "executed_branches": [], "missing_branches": []}, "": {"executed_lines": [], "summary": {"covered_lines": 0, "num_statements": 73, "percent_covered": 0.0, "percent_covered_display": "0", "missing_lines": 73, "excluded_lines": 0, "num_branches": 6, "num_partial_branches": 0, "covered_branches": 0, "missing_branches": 6}, "missing_lines": [1, 2, 4, 5, 6, 8, 9, 10, 16, 17, 20, 21, 22, 23, 26, 27, 28, 31, 32, 33, 34, 37, 38, 40, 42, 43, 50, 53, 63, 64, 73, 82, 84, 85, 91, 92, 93, 95, 96, 101, 102, 103, 105, 106, 110, 111, 112, 113, 117, 119, 120, 124, 125, 126, 128, 129, 135, 136, 143, 145, 146, 153, 155, 156, 158, 159, 164, 171, 173, 174, 179, 180, 181], "excluded_lines": [], "executed_branches": [], "missing_branches": [[63, 64], [63, 82], [112, 113], [112, 117], [158, 159], [158, 164]]}}}, "api/routers/auth.py": {"executed_lines": [], "summary": {"covered_lines": 0, "num_statements": 66, "percent_covered": 0.0, "percent_covered_display": "0", "missing_lines": 66, "excluded_lines": 0, "num_branches": 14, "num_partial_branches": 0, "covered_branches": 0, "missing_branches": 14}, "missing_lines": [1, 2, 4, 5, 6, 8, 17, 18, 19, 21, 22, 23, 24, 25, 27, 29, 35, 37, 38, 39, 45, 46, 47, 53, 54, 60, 61, 62, 64, 66, 67, 72, 73, 74, 81, 82, 85, 87, 93, 94, 100, 101, 102, 109, 110, 113, 115, 121, 122, 126, 128, 129, 130, 135, 136, 137, 138, 144, 145, 147, 153, 154, 156, 158, 159, 161], "excluded_lines": [], "executed_branches": [], "missing_branches": [[38, 39], [38, 45], [46, 47], [46, 53], [73, 74], [73, 81], [101, 102], [101, 109], [129, 130], [129, 135], [137, 138], [137, 144], [158, 159], [158, 161]], "functions": {"register": {"executed_lines": [], "summary": {"covered_lines": 0, "num_statements": 12, "percent_covered": 0.0, "percent_covered_display": "0", "missing_lines": 12, "excluded_lines": 0, "num_branches": 4, "num_partial_branches": 0, "covered_branches": 0, "missing_branches": 4}, "missing_lines": [37, 38, 39, 45, 46, 47, 53, 54, 60, 61, 62, 64], "excluded_lines": [], "executed_branches": [], "missing_branches": [[38, 39], [38, 45], [46, 47], [46, 53]]}, "login_for_access_token": {"executed_lines": [], "summary": {"covered_lines": 0, "num_statements": 7, "percent_covered": 0.0, "percent_covered_display": "0", "missing_lines": 7, "excluded_lines": 0, "num_branches": 2, "num_partial_branches": 0, "covered_branches": 0, "missing_branches": 2}, "missing_lines": [72, 73, 74, 81, 82, 85, 87], "excluded_lines": [], "executed_branches": [], "missing_branches": [[73, 74], [73, 81]]}, "login": {"executed_lines": [], "summary": {"covered_lines": 0, "num_statements": 7, "percent_covered": 0.0, "percent_covered_display": "0", "missing_lines": 7, "excluded_lines": 0, "num_branches": 2, "num_partial_branches": 0, "covered_branches": 0, "missing_branches": 2}, "missing_lines": [100, 101, 102, 109, 110, 113, 115], "excluded_lines": [], "executed_branches": [], "missing_branches": [[101, 102], [101, 109]]}, "refresh_token": {"executed_lines": [], "summary": {"covered_lines": 0, "num_statements": 11, "percent_covered": 0.0, "percent_covered_display": "0", "missing_lines": 11, "excluded_lines": 0, "num_branches": 4, "num_partial_branches": 0, "covered_branches": 0, "missing_branches": 4}, "missing_lines": [126, 128, 129, 130, 135, 136, 137, 138, 144, 145, 147], "excluded_lines": [], "executed_branches": [], "missing_branches": [[129, 130], [129, 135], [137, 138], [137, 144]]}, "logout": {"executed_lines": [], "summary": {"covered_lines": 0, "num_statements": 4, "percent_covered": 0.0, "percent_covered_display": "0", "missing_lines": 4, "excluded_lines": 0, "num_branches": 2, "num_partial_branches": 0, "covered_branches": 0, "missing_branches": 2}, "missing_lines": [156, 158, 159, 161], "excluded_lines": [], "executed_branches": [], "missing_branches": [[158, 159], [158, 161]]}, "": {"executed_lines": [], "summary": {"covered_lines": 0, "num_statements": 25, "percent_covered": 0.0, "percent_covered_display": "0", "missing_lines": 25, "excluded_lines": 0, "num_branches": 0, "num_partial_branches": 0, "covered_branches": 0, "missing_branches": 0}, "missing_lines": [1, 2, 4, 5, 6, 8, 17, 18, 19, 21, 22, 23, 24, 25, 27, 29, 35, 66, 67, 93, 94, 121, 122, 153, 154], "excluded_lines": [], "executed_branches": [], "missing_branches": []}}, "classes": {"LoginRequest": {"executed_lines": [], "summary": {"covered_lines": 0, "num_statements": 0, "percent_covered": 100.0, "percent_covered_display": "100", "missing_lines": 0, "excluded_lines": 0, "num_branches": 0, "num_partial_branches": 0, "covered_branches": 0, "missing_branches": 0}, "missing_lines": [], "excluded_lines": [], "executed_branches": [], "missing_branches": []}, "": {"executed_lines": [], "summary": {"covered_lines": 0, "num_statements": 66, "percent_covered": 0.0, "percent_covered_display": "0", "missing_lines": 66, "excluded_lines": 0, "num_branches": 14, "num_partial_branches": 0, "covered_branches": 0, "missing_branches": 14}, "missing_lines": [1, 2, 4, 5, 6, 8, 17, 18, 19, 21, 22, 23, 24, 25, 27, 29, 35, 37, 38, 39, 45, 46, 47, 53, 54, 60, 61, 62, 64, 66, 67, 72, 73, 74, 81, 82, 85, 87, 93, 94, 100, 101, 102, 109, 110, 113, 115, 121, 122, 126, 128, 129, 130, 135, 136, 137, 138, 144, 145, 147, 153, 154, 156, 158, 159, 161], "excluded_lines": [], "executed_branches": [], "missing_branches": [[38, 39], [38, 45], [46, 47], [46, 53], [73, 74], [73, 81], [101, 102], [101, 109], [129, 130], [129, 135], [137, 138], [137, 144], [158, 159], [158, 161]]}}}, "api/routers/business_profiles.py": {"executed_lines": [], "summary": {"covered_lines": 0, "num_statements": 50, "percent_covered": 0.0, "percent_covered_display": "0", "missing_lines": 50, "excluded_lines": 0, "num_branches": 12, "num_partial_branches": 0, "covered_branches": 0, "missing_branches": 12}, "missing_lines": [1, 3, 4, 5, 7, 8, 9, 10, 11, 13, 15, 16, 22, 23, 24, 25, 26, 32, 34, 37, 45, 46, 47, 49, 54, 55, 56, 58, 60, 61, 65, 66, 67, 68, 69, 73, 75, 76, 81, 82, 83, 84, 85, 90, 92, 93, 94, 96, 97, 99], "excluded_lines": [], "executed_branches": [], "missing_branches": [[25, 26], [25, 32], [45, 46], [45, 49], [46, 45], [46, 47], [68, 69], [68, 73], [84, 85], [84, 90], [93, 94], [93, 96]], "functions": {"create_business_profile": {"executed_lines": [], "summary": {"covered_lines": 0, "num_statements": 16, "percent_covered": 0.0, "percent_covered_display": "0", "missing_lines": 16, "excluded_lines": 0, "num_branches": 6, "num_partial_branches": 0, "covered_branches": 0, "missing_branches": 6}, "missing_lines": [22, 23, 24, 25, 26, 32, 34, 37, 45, 46, 47, 49, 54, 55, 56, 58], "excluded_lines": [], "executed_branches": [], "missing_branches": [[25, 26], [25, 32], [45, 46], [45, 49], [46, 45], [46, 47]]}, "get_business_profile": {"executed_lines": [], "summary": {"covered_lines": 0, "num_statements": 6, "percent_covered": 0.0, "percent_covered_display": "0", "missing_lines": 6, "excluded_lines": 0, "num_branches": 2, "num_partial_branches": 0, "covered_branches": 0, "missing_branches": 2}, "missing_lines": [65, 66, 67, 68, 69, 73], "excluded_lines": [], "executed_branches": [], "missing_branches": [[68, 69], [68, 73]]}, "update_business_profile": {"executed_lines": [], "summary": {"covered_lines": 0, "num_statements": 12, "percent_covered": 0.0, "percent_covered_display": "0", "missing_lines": 12, "excluded_lines": 0, "num_branches": 4, "num_partial_branches": 0, "covered_branches": 0, "missing_branches": 4}, "missing_lines": [81, 82, 83, 84, 85, 90, 92, 93, 94, 96, 97, 99], "excluded_lines": [], "executed_branches": [], "missing_branches": [[84, 85], [84, 90], [93, 94], [93, 96]]}, "": {"executed_lines": [], "summary": {"covered_lines": 0, "num_statements": 16, "percent_covered": 0.0, "percent_covered_display": "0", "missing_lines": 16, "excluded_lines": 0, "num_branches": 0, "num_partial_branches": 0, "covered_branches": 0, "missing_branches": 0}, "missing_lines": [1, 3, 4, 5, 7, 8, 9, 10, 11, 13, 15, 16, 60, 61, 75, 76], "excluded_lines": [], "executed_branches": [], "missing_branches": []}}, "classes": {"": {"executed_lines": [], "summary": {"covered_lines": 0, "num_statements": 50, "percent_covered": 0.0, "percent_covered_display": "0", "missing_lines": 50, "excluded_lines": 0, "num_branches": 12, "num_partial_branches": 0, "covered_branches": 0, "missing_branches": 12}, "missing_lines": [1, 3, 4, 5, 7, 8, 9, 10, 11, 13, 15, 16, 22, 23, 24, 25, 26, 32, 34, 37, 45, 46, 47, 49, 54, 55, 56, 58, 60, 61, 65, 66, 67, 68, 69, 73, 75, 76, 81, 82, 83, 84, 85, 90, 92, 93, 94, 96, 97, 99], "excluded_lines": [], "executed_branches": [], "missing_branches": [[25, 26], [25, 32], [45, 46], [45, 49], [46, 45], [46, 47], [68, 69], [68, 73], [84, 85], [84, 90], [93, 94], [93, 96]]}}}, "api/routers/chat.py": {"executed_lines": [], "summary": {"covered_lines": 0, "num_statements": 138, "percent_covered": 0.0, "percent_covered_display": "0", "missing_lines": 138, "excluded_lines": 0, "num_branches": 18, "num_partial_branches": 0, "covered_branches": 0, "missing_branches": 18}, "missing_lines": [5, 6, 7, 8, 9, 10, 11, 13, 14, 15, 16, 17, 18, 19, 25, 28, 30, 32, 33, 39, 41, 45, 46, 52, 59, 60, 62, 65, 66, 69, 75, 78, 86, 93, 95, 97, 99, 108, 109, 110, 111, 113, 114, 121, 123, 129, 137, 138, 139, 143, 147, 156, 163, 164, 165, 167, 168, 174, 175, 180, 181, 183, 187, 196, 197, 198, 199, 200, 202, 203, 210, 212, 218, 219, 222, 226, 227, 230, 234, 237, 243, 244, 247, 248, 256, 263, 266, 268, 270, 272, 273, 274, 275, 276, 277, 279, 280, 286, 287, 292, 293, 295, 296, 298, 300, 301, 302, 303, 304, 305, 307, 308, 314, 315, 319, 320, 322, 323, 328, 330, 331, 332, 333, 334, 336, 337, 343, 344, 348, 349, 351, 352, 357, 359, 360, 361, 362, 363], "excluded_lines": [], "executed_branches": [], "missing_branches": [[45, 46], [45, 52], [65, 66], [65, 97], [138, 139], [138, 156], [180, 181], [180, 183], [218, 219], [218, 222], [226, 227], [226, 230], [292, 293], [292, 295], [319, 320], [319, 322], [348, 349], [348, 351]], "functions": {"create_conversation": {"executed_lines": [], "summary": {"covered_lines": 0, "num_statements": 22, "percent_covered": 0.0, "percent_covered_display": "0", "missing_lines": 22, "excluded_lines": 0, "num_branches": 4, "num_partial_branches": 0, "covered_branches": 0, "missing_branches": 4}, "missing_lines": [39, 41, 45, 46, 52, 59, 60, 62, 65, 66, 69, 75, 78, 86, 93, 95, 97, 99, 108, 109, 110, 111], "excluded_lines": [], "executed_branches": [], "missing_branches": [[45, 46], [45, 52], [65, 66], [65, 97]]}, "list_conversations": {"executed_lines": [], "summary": {"covered_lines": 0, "num_statements": 12, "percent_covered": 0.0, "percent_covered_display": "0", "missing_lines": 12, "excluded_lines": 0, "num_branches": 2, "num_partial_branches": 0, "covered_branches": 0, "missing_branches": 2}, "missing_lines": [121, 123, 129, 137, 138, 139, 143, 147, 156, 163, 164, 165], "excluded_lines": [], "executed_branches": [], "missing_branches": [[138, 139], [138, 156]]}, "get_conversation": {"executed_lines": [], "summary": {"covered_lines": 0, "num_statements": 11, "percent_covered": 0.0, "percent_covered_display": "0", "missing_lines": 11, "excluded_lines": 0, "num_branches": 2, "num_partial_branches": 0, "covered_branches": 0, "missing_branches": 2}, "missing_lines": [174, 175, 180, 181, 183, 187, 196, 197, 198, 199, 200], "excluded_lines": [], "executed_branches": [], "missing_branches": [[180, 181], [180, 183]]}, "send_message": {"executed_lines": [], "summary": {"covered_lines": 0, "num_statements": 25, "percent_covered": 0.0, "percent_covered_display": "0", "missing_lines": 25, "excluded_lines": 0, "num_branches": 4, "num_partial_branches": 0, "covered_branches": 0, "missing_branches": 4}, "missing_lines": [210, 212, 218, 219, 222, 226, 227, 230, 234, 237, 243, 244, 247, 248, 256, 263, 266, 268, 270, 272, 273, 274, 275, 276, 277], "excluded_lines": [], "executed_branches": [], "missing_branches": [[218, 219], [218, 222], [226, 227], [226, 230]]}, "delete_conversation": {"executed_lines": [], "summary": {"covered_lines": 0, "num_statements": 13, "percent_covered": 0.0, "percent_covered_display": "0", "missing_lines": 13, "excluded_lines": 0, "num_branches": 2, "num_partial_branches": 0, "covered_branches": 0, "missing_branches": 2}, "missing_lines": [286, 287, 292, 293, 295, 296, 298, 300, 301, 302, 303, 304, 305], "excluded_lines": [], "executed_branches": [], "missing_branches": [[292, 293], [292, 295]]}, "get_evidence_recommendations": {"executed_lines": [], "summary": {"covered_lines": 0, "num_statements": 12, "percent_covered": 0.0, "percent_covered_display": "0", "missing_lines": 12, "excluded_lines": 0, "num_branches": 2, "num_partial_branches": 0, "covered_branches": 0, "missing_branches": 2}, "missing_lines": [314, 315, 319, 320, 322, 323, 328, 330, 331, 332, 333, 334], "excluded_lines": [], "executed_branches": [], "missing_branches": [[319, 320], [319, 322]]}, "analyze_compliance_gap": {"executed_lines": [], "summary": {"covered_lines": 0, "num_statements": 12, "percent_covered": 0.0, "percent_covered_display": "0", "missing_lines": 12, "excluded_lines": 0, "num_branches": 2, "num_partial_branches": 0, "covered_branches": 0, "missing_branches": 2}, "missing_lines": [343, 344, 348, 349, 351, 352, 357, 359, 360, 361, 362, 363], "excluded_lines": [], "executed_branches": [], "missing_branches": [[348, 349], [348, 351]]}, "": {"executed_lines": [], "summary": {"covered_lines": 0, "num_statements": 31, "percent_covered": 0.0, "percent_covered_display": "0", "missing_lines": 31, "excluded_lines": 0, "num_branches": 0, "num_partial_branches": 0, "covered_branches": 0, "missing_branches": 0}, "missing_lines": [5, 6, 7, 8, 9, 10, 11, 13, 14, 15, 16, 17, 18, 19, 25, 28, 30, 32, 33, 113, 114, 167, 168, 202, 203, 279, 280, 307, 308, 336, 337], "excluded_lines": [], "executed_branches": [], "missing_branches": []}}, "classes": {"": {"executed_lines": [], "summary": {"covered_lines": 0, "num_statements": 138, "percent_covered": 0.0, "percent_covered_display": "0", "missing_lines": 138, "excluded_lines": 0, "num_branches": 18, "num_partial_branches": 0, "covered_branches": 0, "missing_branches": 18}, "missing_lines": [5, 6, 7, 8, 9, 10, 11, 13, 14, 15, 16, 17, 18, 19, 25, 28, 30, 32, 33, 39, 41, 45, 46, 52, 59, 60, 62, 65, 66, 69, 75, 78, 86, 93, 95, 97, 99, 108, 109, 110, 111, 113, 114, 121, 123, 129, 137, 138, 139, 143, 147, 156, 163, 164, 165, 167, 168, 174, 175, 180, 181, 183, 187, 196, 197, 198, 199, 200, 202, 203, 210, 212, 218, 219, 222, 226, 227, 230, 234, 237, 243, 244, 247, 248, 256, 263, 266, 268, 270, 272, 273, 274, 275, 276, 277, 279, 280, 286, 287, 292, 293, 295, 296, 298, 300, 301, 302, 303, 304, 305, 307, 308, 314, 315, 319, 320, 322, 323, 328, 330, 331, 332, 333, 334, 336, 337, 343, 344, 348, 349, 351, 352, 357, 359, 360, 361, 362, 363], "excluded_lines": [], "executed_branches": [], "missing_branches": [[45, 46], [45, 52], [65, 66], [65, 97], [138, 139], [138, 156], [180, 181], [180, 183], [218, 219], [218, 222], [226, 227], [226, 230], [292, 293], [292, 295], [319, 320], [319, 322], [348, 349], [348, 351]]}}}, "api/routers/evidence.py": {"executed_lines": [], "summary": {"covered_lines": 0, "num_statements": 111, "percent_covered": 0.0, "percent_covered_display": "0", "missing_lines": 111, "excluded_lines": 0, "num_branches": 36, "num_partial_branches": 0, "covered_branches": 0, "missing_branches": 36}, "missing_lines": [1, 2, 4, 5, 7, 8, 17, 18, 19, 21, 24, 25, 31, 35, 38, 39, 51, 60, 61, 62, 63, 64, 65, 66, 67, 68, 69, 72, 73, 74, 75, 76, 79, 84, 86, 87, 96, 99, 100, 105, 106, 109, 110, 122, 130, 131, 132, 135, 136, 137, 148, 156, 157, 164, 179, 180, 187, 205, 206, 212, 216, 217, 218, 219, 222, 225, 226, 233, 240, 241, 242, 243, 246, 249, 250, 257, 264, 265, 266, 267, 270, 273, 274, 280, 286, 287, 288, 289, 292, 293, 299, 307, 314, 315, 323, 327, 328, 329, 330, 333, 344, 345, 353, 355, 363, 364, 368, 371, 372, 378, 381], "excluded_lines": [], "executed_branches": [], "missing_branches": [[60, 61], [60, 72], [62, 63], [62, 64], [64, 65], [64, 66], [66, 67], [66, 68], [68, 69], [68, 72], [86, 87], [86, 96], [136, 137], [136, 148], [216, 217], [216, 218], [218, 219], [218, 222], [240, 241], [240, 242], [242, 243], [242, 246], [264, 265], [264, 266], [266, 267], [266, 270], [286, 287], [286, 288], [288, -273], [288, 289], [327, 328], [327, 329], [329, 330], [329, 333], [363, 364], [363, 368]], "functions": {"create_new_evidence": {"executed_lines": [], "summary": {"covered_lines": 0, "num_statements": 2, "percent_covered": 0.0, "percent_covered_display": "0", "missing_lines": 2, "excluded_lines": 0, "num_branches": 0, "num_partial_branches": 0, "covered_branches": 0, "missing_branches": 0}, "missing_lines": [31, 35], "excluded_lines": [], "executed_branches": [], "missing_branches": []}, "list_evidence": {"executed_lines": [], "summary": {"covered_lines": 0, "num_statements": 21, "percent_covered": 0.0, "percent_covered_display": "0", "missing_lines": 21, "excluded_lines": 0, "num_branches": 12, "num_partial_branches": 0, "covered_branches": 0, "missing_branches": 12}, "missing_lines": [51, 60, 61, 62, 63, 64, 65, 66, 67, 68, 69, 72, 73, 74, 75, 76, 79, 84, 86, 87, 96], "excluded_lines": [], "executed_branches": [], "missing_branches": [[60, 61], [60, 72], [62, 63], [62, 64], [64, 65], [64, 66], [66, 67], [66, 68], [68, 69], [68, 72], [86, 87], [86, 96]]}, "get_evidence_statistics": {"executed_lines": [], "summary": {"covered_lines": 0, "num_statements": 2, "percent_covered": 0.0, "percent_covered_display": "0", "missing_lines": 2, "excluded_lines": 0, "num_branches": 0, "num_partial_branches": 0, "covered_branches": 0, "missing_branches": 0}, "missing_lines": [105, 106], "excluded_lines": [], "executed_branches": [], "missing_branches": []}, "search_evidence_items": {"executed_lines": [], "summary": {"covered_lines": 0, "num_statements": 8, "percent_covered": 0.0, "percent_covered_display": "0", "missing_lines": 8, "excluded_lines": 0, "num_branches": 2, "num_partial_branches": 0, "covered_branches": 0, "missing_branches": 2}, "missing_lines": [122, 130, 131, 132, 135, 136, 137, 148], "excluded_lines": [], "executed_branches": [], "missing_branches": [[136, 137], [136, 148]]}, "validate_evidence_quality": {"executed_lines": [], "summary": {"covered_lines": 0, "num_statements": 1, "percent_covered": 0.0, "percent_covered_display": "0", "missing_lines": 1, "excluded_lines": 0, "num_branches": 0, "num_partial_branches": 0, "covered_branches": 0, "missing_branches": 0}, "missing_lines": [164], "excluded_lines": [], "executed_branches": [], "missing_branches": []}, "identify_evidence_requirements": {"executed_lines": [], "summary": {"covered_lines": 0, "num_statements": 1, "percent_covered": 0.0, "percent_covered_display": "0", "missing_lines": 1, "excluded_lines": 0, "num_branches": 0, "num_partial_branches": 0, "covered_branches": 0, "missing_branches": 0}, "missing_lines": [187], "excluded_lines": [], "executed_branches": [], "missing_branches": []}, "get_evidence_details": {"executed_lines": [], "summary": {"covered_lines": 0, "num_statements": 6, "percent_covered": 0.0, "percent_covered_display": "0", "missing_lines": 6, "excluded_lines": 0, "num_branches": 4, "num_partial_branches": 0, "covered_branches": 0, "missing_branches": 4}, "missing_lines": [212, 216, 217, 218, 219, 222], "excluded_lines": [], "executed_branches": [], "missing_branches": [[216, 217], [216, 218], [218, 219], [218, 222]]}, "update_evidence_item": {"executed_lines": [], "summary": {"covered_lines": 0, "num_statements": 6, "percent_covered": 0.0, "percent_covered_display": "0", "missing_lines": 6, "excluded_lines": 0, "num_branches": 4, "num_partial_branches": 0, "covered_branches": 0, "missing_branches": 4}, "missing_lines": [233, 240, 241, 242, 243, 246], "excluded_lines": [], "executed_branches": [], "missing_branches": [[240, 241], [240, 242], [242, 243], [242, 246]]}, "partial_update_evidence_item": {"executed_lines": [], "su
[...]
[], "missing_branches": [[31, -29], [31, 32], [33, 34], [33, 37]]}, "_sync_evidence_status_async": {"executed_lines": [], "summary": {"covered_lines": 0, "num_statements": 13, "percent_covered": 0.0, "percent_covered_display": "0", "missing_lines": 13, "excluded_lines": 0, "num_branches": 2, "num_partial_branches": 0, "covered_branches": 0, "missing_branches": 2}, "missing_lines": [68, 69, 70, 71, 77, 78, 80, 81, 82, 83, 84, 85, 86], "excluded_lines": [], "executed_branches": [], "missing_branches": [[68, -66], [68, 69]]}, "process_evidence_item": {"executed_lines": [], "summary": {"covered_lines": 0, "num_statements": 10, "percent_covered": 0.0, "percent_covered_display": "0", "missing_lines": 10, "excluded_lines": 0, "num_branches": 0, "num_partial_branches": 0, "covered_branches": 0, "missing_branches": 0}, "missing_lines": [93, 94, 95, 96, 97, 98, 99, 101, 102, 103], "excluded_lines": [], "executed_branches": [], "missing_branches": []}, "sync_evidence_status": {"executed_lines": [], "summary": {"covered_lines": 0, "num_statements": 6, "percent_covered": 0.0, "percent_covered_display": "0", "missing_lines": 6, "excluded_lines": 0, "num_branches": 0, "num_partial_branches": 0, "covered_branches": 0, "missing_branches": 0}, "missing_lines": [108, 109, 110, 111, 112, 113], "excluded_lines": [], "executed_branches": [], "missing_branches": []}, "": {"executed_lines": [], "summary": {"covered_lines": 0, "num_statements": 21, "percent_covered": 0.0, "percent_covered_display": "0", "missing_lines": 21, "excluded_lines": 0, "num_branches": 0, "num_partial_branches": 0, "covered_branches": 0, "missing_branches": 0}, "missing_lines": [5, 6, 7, 8, 9, 10, 11, 12, 14, 15, 16, 17, 18, 19, 25, 29, 66, 90, 91, 105, 106], "excluded_lines": [], "executed_branches": [], "missing_branches": []}}, "classes": {"": {"executed_lines": [], "summary": {"covered_lines": 0, "num_statements": 71, "percent_covered": 0.0, "percent_covered_display": "0", "missing_lines": 71, "excluded_lines": 0, "num_branches": 6, "num_partial_branches": 0, "covered_branches": 0, "missing_branches": 6}, "missing_lines": [5, 6, 7, 8, 9, 10, 11, 12, 14, 15, 16, 17, 18, 19, 25, 29, 31, 32, 33, 34, 35, 37, 38, 48, 50, 51, 52, 54, 55, 57, 58, 59, 60, 61, 62, 63, 64, 66, 68, 69, 70, 71, 77, 78, 80, 81, 82, 83, 84, 85, 86, 90, 91, 93, 94, 95, 96, 97, 98, 99, 101, 102, 103, 105, 106, 108, 109, 110, 111, 112, 113], "excluded_lines": [], "executed_branches": [], "missing_branches": [[31, -29], [31, 32], [33, 34], [33, 37], [68, -66], [68, 69]]}}}, "workers/monitoring_tasks.py": {"executed_lines": [], "summary": {"covered_lines": 0, "num_statements": 105, "percent_covered": 0.0, "percent_covered_display": "0", "missing_lines": 105, "excluded_lines": 0, "num_branches": 16, "num_partial_branches": 0, "covered_branches": 0, "missing_branches": 16}, "missing_lines": [5, 6, 7, 9, 10, 12, 13, 15, 18, 21, 22, 28, 29, 32, 35, 37, 44, 45, 47, 48, 49, 50, 57, 58, 64, 65, 68, 71, 72, 74, 75, 76, 77, 78, 79, 81, 82, 85, 87, 88, 89, 90, 91, 92, 94, 95, 97, 98, 100, 110, 116, 118, 120, 121, 122, 123, 130, 131, 137, 138, 141, 142, 143, 147, 150, 151, 152, 154, 167, 168, 170, 171, 172, 173, 180, 181, 187, 188, 190, 193, 194, 195, 198, 199, 200, 206, 207, 209, 224, 225, 227, 228, 229, 230, 238, 265, 267, 268, 271, 272, 274, 276, 278, 279, 283], "excluded_lines": [], "executed_branches": [], "missing_branches": [[74, 75], [74, 77], [77, 78], [77, 81], [87, 88], [87, 94], [89, 90], [89, 91], [91, 92], [91, 94], [94, 95], [94, 97], [97, 98], [97, 100], [271, 272], [271, 274]], "functions": {"collect_database_metrics": {"executed_lines": [], "summary": {"covered_lines": 0, "num_statements": 11, "percent_covered": 0.0, "percent_covered_display": "0", "missing_lines": 11, "excluded_lines": 0, "num_branches": 0, "num_partial_branches": 0, "covered_branches": 0, "missing_branches": 0}, "missing_lines": [28, 29, 32, 35, 37, 44, 45, 47, 48, 49, 50], "excluded_lines": [], "executed_branches": [], "missing_branches": []}, "database_health_check": {"executed_lines": [], "summary": {"covered_lines": 0, "num_statements": 32, "percent_covered": 0.0, "percent_covered_display": "0", "missing_lines": 32, "excluded_lines": 0, "num_branches": 14, "num_partial_branches": 0, "covered_branches": 0, "missing_branches": 14}, "missing_lines": [64, 65, 68, 71, 72, 74, 75, 76, 77, 78, 79, 81, 82, 85, 87, 88, 89, 90, 91, 92, 94, 95, 97, 98, 100, 110, 116, 118, 120, 121, 122, 123], "excluded_lines": [], "executed_branches": [], "missing_branches": [[74, 75], [74, 77], [77, 78], [77, 81], [87, 88], [87, 94], [89, 90], [89, 91], [91, 92], [91, 94], [94, 95], [94, 97], [97, 98], [97, 100]]}, "cleanup_monitoring_data": {"executed_lines": [], "summary": {"covered_lines": 0, "num_statements": 16, "percent_covered": 0.0, "percent_covered_display": "0", "missing_lines": 16, "excluded_lines": 0, "num_branches": 0, "num_partial_branches": 0, "covered_branches": 0, "missing_branches": 0}, "missing_lines": [137, 138, 141, 142, 143, 147, 150, 151, 152, 154, 167, 168, 170, 171, 172, 173], "excluded_lines": [], "executed_branches": [], "missing_branches": []}, "system_metrics_collection": {"executed_lines": [], "summary": {"covered_lines": 0, "num_statements": 18, "percent_covered": 0.0, "percent_covered_display": "0", "missing_lines": 18, "excluded_lines": 0, "num_branches": 0, "num_partial_branches": 0, "covered_branches": 0, "missing_branches": 0}, "missing_lines": [187, 188, 190, 193, 194, 195, 198, 199, 200, 206, 207, 209, 224, 225, 227, 228, 229, 230], "excluded_lines": [], "executed_branches": [], "missing_branches": []}, "register_monitoring_tasks": {"executed_lines": [], "summary": {"covered_lines": 0, "num_statements": 8, "percent_covered": 0.0, "percent_covered_display": "0", "missing_lines": 8, "excluded_lines": 0, "num_branches": 2, "num_partial_branches": 0, "covered_branches": 0, "missing_branches": 2}, "missing_lines": [267, 268, 271, 272, 274, 276, 278, 279], "excluded_lines": [], "executed_branches": [], "missing_branches": [[271, 272], [271, 274]]}, "": {"executed_lines": [], "summary": {"covered_lines": 0, "num_statements": 20, "percent_covered": 0.0, "percent_covered_display": "0", "missing_lines": 20, "excluded_lines": 0, "num_branches": 0, "num_partial_branches": 0, "covered_branches": 0, "missing_branches": 0}, "missing_lines": [5, 6, 7, 9, 10, 12, 13, 15, 18, 21, 22, 57, 58, 130, 131, 180, 181, 238, 265, 283], "excluded_lines": [], "executed_branches": [], "missing_branches": []}}, "classes": {"": {"executed_lines": [], "summary": {"covered_lines": 0, "num_statements": 105, "percent_covered": 0.0, "percent_covered_display": "0", "missing_lines": 105, "excluded_lines": 0, "num_branches": 16, "num_partial_branches": 0, "covered_branches": 0, "missing_branches": 16}, "missing_lines": [5, 6, 7, 9, 10, 12, 13, 15, 18, 21, 22, 28, 29, 32, 35, 37, 44, 45, 47, 48, 49, 50, 57, 58, 64, 65, 68, 71, 72, 74, 75, 76, 77, 78, 79, 81, 82, 85, 87, 88, 89, 90, 91, 92, 94, 95, 97, 98, 100, 110, 116, 118, 120, 121, 122, 123, 130, 131, 137, 138, 141, 142, 143, 147, 150, 151, 152, 154, 167, 168, 170, 171, 172, 173, 180, 181, 187, 188, 190, 193, 194, 195, 198, 199, 200, 206, 207, 209, 224, 225, 227, 228, 229, 230, 238, 265, 267, 268, 271, 272, 274, 276, 278, 279, 283], "excluded_lines": [], "executed_branches": [], "missing_branches": [[74, 75], [74, 77], [77, 78], [77, 81], [87, 88], [87, 94], [89, 90], [89, 91], [91, 92], [91, 94], [94, 95], [94, 97], [97, 98], [97, 100], [271, 272], [271, 274]]}}}, "workers/notification_tasks.py": {"executed_lines": [], "summary": {"covered_lines": 0, "num_statements": 100, "percent_covered": 0.0, "percent_covered_display": "0", "missing_lines": 100, "excluded_lines": 0, "num_branches": 12, "num_partial_branches": 0, "covered_branches": 0, "missing_branches": 12}, "missing_lines": [5, 6, 7, 8, 9, 10, 11, 12, 14, 15, 16, 17, 24, 28, 30, 32, 33, 34, 35, 36, 37, 38, 39, 43, 45, 46, 49, 51, 53, 54, 58, 59, 60, 64, 66, 67, 68, 69, 70, 71, 72, 74, 75, 76, 77, 78, 80, 82, 83, 84, 85, 86, 87, 88, 90, 91, 92, 93, 94, 95, 97, 99, 100, 101, 102, 103, 104, 105, 106, 107, 108, 112, 113, 115, 116, 117, 118, 119, 120, 121, 122, 124, 125, 127, 128, 129, 130, 131, 132, 133, 134, 136, 137, 139, 140, 141, 142, 143, 144, 145], "excluded_lines": [], "executed_branches": [], "missing_branches": [[67, -64], [67, 68], [71, 72], [71, 74], [83, -80], [83, 84], [87, 88], [87, 90], [99, -97], [99, 100], [103, 104], [103, 105]], "functions": {"_send_email_notification": {"executed_lines": [], "summary": {"covered_lines": 0, "num_statements": 9, "percent_covered": 0.0, "percent_covered_display": "0", "missing_lines": 9, "excluded_lines": 0, "num_branches": 0, "num_partial_branches": 0, "covered_branches": 0, "missing_branches": 0}, "missing_lines": [30, 32, 33, 34, 35, 36, 37, 38, 39], "excluded_lines": [], "executed_branches": [], "missing_branches": []}, "_prepare_alert_content": {"executed_lines": [], "summary": {"covered_lines": 0, "num_statements": 3, "percent_covered": 0.0, "percent_covered_display": "0", "missing_lines": 3, "excluded_lines": 0, "num_branches": 0, "num_partial_branches": 0, "covered_branches": 0, "missing_branches": 0}, "missing_lines": [45, 46, 49], "excluded_lines": [], "executed_branches": [], "missing_branches": []}, "_format_weekly_summary": {"executed_lines": [], "summary": {"covered_lines": 0, "num_statements": 5, "percent_covered": 0.0, "percent_covered_display": "0", "missing_lines": 5, "excluded_lines": 0, "num_branches": 0, "num_partial_branches": 0, "covered_branches": 0, "missing_branches": 0}, "missing_lines": [53, 54, 58, 59, 60], "excluded_lines": [], "executed_branches": [], "missing_branches": []}, "_send_compliance_alert_async": {"executed_lines": [], "summary": {"covered_lines": 0, "num_statements": 12, "percent_covered": 0.0, "percent_covered_display": "0", "missing_lines": 12, "excluded_lines": 0, "num_branches": 4, "num_partial_branches": 0, "covered_branches": 0, "missing_branches": 4}, "missing_lines": [66, 67, 68, 69, 70, 71, 72, 74, 75, 76, 77, 78], "excluded_lines": [], "executed_branches": [], "missing_branches": [[67, -64], [67, 68], [71, 72], [71, 74]]}, "_send_weekly_summary_async": {"executed_lines": [], "summary": {"covered_lines": 0, "num_statements": 13, "percent_covered": 0.0, "percent_covered_display": "0", "missing_lines": 13, "excluded_lines": 0, "num_branches": 4, "num_partial_branches": 0, "covered_branches": 0, "missing_branches": 4}, "missing_lines": [82, 83, 84, 85, 86, 87, 88, 90, 91, 92, 93, 94, 95], "excluded_lines": [], "executed_branches": [], "missing_branches": [[83, -80], [83, 84], [87, 88], [87, 90]]}, "_broadcast_notification_async": {"executed_lines": [], "summary": {"covered_lines": 0, "num_statements": 10, "percent_covered": 0.0, "percent_covered_display": "0", "missing_lines": 10, "excluded_lines": 0, "num_branches": 4, "num_partial_branches": 0, "covered_branches": 0, "missing_branches": 4}, "missing_lines": [99, 100, 101, 102, 103, 104, 105, 106, 107, 108], "excluded_lines": [], "executed_branches": [], "missing_branches": [[99, -97], [99, 100], [103, 104], [103, 105]]}, "send_compliance_alert": {"executed_lines": [], "summary": {"covered_lines": 0, "num_statements": 8, "percent_covered": 0.0, "percent_covered_display": "0", "missing_lines": 8, "excluded_lines": 0, "num_branches": 0, "num_partial_branches": 0, "covered_branches": 0, "missing_branches": 0}, "missing_lines": [115, 116, 117, 118, 119, 120, 121, 122], "excluded_lines": [], "executed_branches": [], "missing_branches": []}, "send_weekly_summary": {"executed_lines": [], "summary": {"covered_lines": 0, "num_statements": 8, "percent_covered": 0.0, "percent_covered_display": "0", "missing_lines": 8, "excluded_lines": 0, "num_branches": 0, "num_partial_branches": 0, "covered_branches": 0, "missing_branches": 0}, "missing_lines": [127, 128, 129, 130, 131, 132, 133, 134], "excluded_lines": [], "executed_branches": [], "missing_branches": []}, "broadcast_notification": {"executed_lines": [], "summary": {"covered_lines": 0, "num_statements": 7, "percent_covered": 0.0, "percent_covered_display": "0", "missing_lines": 7, "excluded_lines": 0, "num_branches": 0, "num_partial_branches": 0, "covered_branches": 0, "missing_branches": 0}, "missing_lines": [139, 140, 141, 142, 143, 144, 145], "excluded_lines": [], "executed_branches": [], "missing_branches": []}, "": {"executed_lines": [], "summary": {"covered_lines": 0, "num_statements": 25, "percent_covered": 0.0, "percent_covered_display": "0", "missing_lines": 25, "excluded_lines": 0, "num_branches": 0, "num_partial_branches": 0, "covered_branches": 0, "missing_branches": 0}, "missing_lines": [5, 6, 7, 8, 9, 10, 11, 12, 14, 15, 16, 17, 24, 28, 43, 51, 64, 80, 97, 112, 113, 124, 125, 136, 137], "excluded_lines": [], "executed_branches": [], "missing_branches": []}}, "classes": {"": {"executed_lines": [], "summary": {"covered_lines": 0, "num_statements": 100, "percent_covered": 0.0, "percent_covered_display": "0", "missing_lines": 100, "excluded_lines": 0, "num_branches": 12, "num_partial_branches": 0, "covered_branches": 0, "missing_branches": 12}, "missing_lines": [5, 6, 7, 8, 9, 10, 11, 12, 14, 15, 16, 17, 24, 28, 30, 32, 33, 34, 35, 36, 37, 38, 39, 43, 45, 46, 49, 51, 53, 54, 58, 59, 60, 64, 66, 67, 68, 69, 70, 71, 72, 74, 75, 76, 77, 78, 80, 82, 83, 84, 85, 86, 87, 88, 90, 91, 92, 93, 94, 95, 97, 99, 100, 101, 102, 103, 104, 105, 106, 107, 108, 112, 113, 115, 116, 117, 118, 119, 120, 121, 122, 124, 125, 127, 128, 129, 130, 131, 132, 133, 134, 136, 137, 139, 140, 141, 142, 143, 144, 145], "excluded_lines": [], "executed_branches": [], "missing_branches": [[67, -64], [67, 68], [71, 72], [71, 74], [83, -80], [83, 84], [87, 88], [87, 90], [99, -97], [99, 100], [103, 104], [103, 105]]}}}, "workers/reporting_tasks.py": {"executed_lines": [], "summary": {"covered_lines": 0, "num_statements": 107, "percent_covered": 0.0, "percent_covered_display": "0", "missing_lines": 107, "excluded_lines": 0, "num_branches": 18, "num_partial_branches": 0, "covered_branches": 0, "missing_branches": 18}, "missing_lines": [5, 6, 7, 8, 9, 10, 11, 12, 13, 14, 15, 16, 17, 19, 20, 21, 22, 23, 24, 25, 33, 37, 40, 41, 42, 43, 44, 45, 47, 48, 52, 54, 55, 56, 57, 58, 60, 61, 62, 64, 65, 72, 73, 74, 75, 76, 81, 82, 89, 90, 92, 93, 94, 96, 97, 98, 99, 101, 102, 103, 104, 105, 106, 107, 109, 111, 112, 113, 115, 116, 117, 118, 119, 120, 121, 123, 124, 125, 126, 127, 128, 130, 134, 135, 137, 138, 139, 140, 142, 143, 144, 146, 147, 149, 150, 151, 153, 154, 156, 157, 159, 160, 162, 163, 164, 165, 166], "excluded_lines": [], "executed_branches": [], "missing_branches": [[42, 43], [42, 44], [55, -52], [55, 56], [60, 61], [60, 64], [73, 74], [73, 81], [111, -109], [111, 112], [116, 117], [116, 123], [118, 119], [118, 120], [124, 125], [124, 130], [126, 124], [126, 127]], "functions": {"_send_email_sync": {"executed_lines": [], "summary": {"covered_lines": 0, "num_statements": 8, "percent_covered": 0.0, "percent_covered_display": "0", "missing_lines": 8, "excluded_lines": 0, "num_branches": 2, "num_partial_branches": 0, "covered_branches": 0, "missing_branches": 2}, "missing_lines": [40, 41, 42, 43, 44, 45, 47, 48], "excluded_lines": [], "executed_branches": [], "missing_branches": [[42, 43], [42, 44]]}, "_generate_and_distribute_report_async": {"executed_lines": [], "summary": {"covered_lines": 0, "num_statements": 33, "percent_covered": 0.0, "percent_covered_display": "0", "missing_lines": 33, "excluded_lines": 0, "num_branches": 6, "num_partial_branches": 0, "covered_branches": 0, "missing_branches": 6}, "missing_lines": [54, 55, 56, 57, 58, 60, 61, 62, 64, 65, 72, 73, 74, 75, 76, 81, 82, 89, 90, 92, 93, 94, 96, 97, 98, 99, 101, 102, 103, 104, 105, 106, 107], "excluded_lines": [], "executed_branches": [], "missing_branches": [[55, -52], [55, 56], [60, 61], [60, 64], [73, 74], [73, 81]]}, "_send_report_summary_notifications_async": {"executed_lines": [], "summary": {"covered_lines": 0, "num_statements": 17, "percent_covered": 0.0, "percent_covered_display": "0", "missing_lines": 17, "excluded_lines": 0, "num_branches": 10, "num_partial_branches": 0, "covered_branches": 0, "missing_branches": 10}, "missing_lines": [111, 112, 113, 115, 116, 117, 118, 119, 120, 121, 123, 124, 125, 126, 127, 128, 130], "excluded_lines": [], "executed_branches": [], "missing_branches": [[111, -109], [111, 112], [116, 117], [116, 123], [118, 119], [118, 120], [124, 125], [124, 130], [126, 124], [126, 127]]}, "generate_and_distribute_report": {"executed_lines": [], "summary": {"covered_lines": 0, "num_statements": 7, "percent_covered": 0.0, "percent_covered_display": "0", "missing_lines": 7, "excluded_lines": 0, "num_branches": 0, "num_partial_branches": 0, "covered_branches": 0, "missing_branches": 0}, "missing_lines": [137, 138, 139, 140, 142, 143, 144], "excluded_lines": [], "executed_branches": [], "missing_branches": []}, "generate_report_on_demand": {"executed_lines": [], "summary": {"covered_lines": 0, "num_statements": 3, "percent_covered": 0.0, "percent_covered_display": "0", "missing_lines": 3, "excluded_lines": 0, "num_branches": 0, "num_partial_branches": 0, "covered_branches": 0, "missing_branches": 0}, "missing_lines": [149, 150, 151], "excluded_lines": [], "executed_branches": [], "missing_branches": []}, "cleanup_old_reports": {"executed_lines": [], "summary": {"covered_lines": 0, "num_statements": 2, "percent_covered": 0.0, "percent_covered_display": "0", "missing_lines": 2, "excluded_lines": 0, "num_branches": 0, "num_partial_branches": 0, "covered_branches": 0, "missing_branches": 0}, "missing_lines": [156, 157], "excluded_lines": [], "executed_branches": [], "missing_branches": []}, "send_report_summary_notifications": {"executed_lines": [], "summary": {"covered_lines": 0, "num_statements": 5, "percent_covered": 0.0, "percent_covered_display": "0", "missing_lines": 5, "excluded_lines": 0, "num_branches": 0, "num_partial_branches": 0, "covered_branches": 0, "missing_branches": 0}, "missing_lines": [162, 163, 164, 165, 166], "excluded_lines": [], "executed_branches": [], "missing_branches": []}, "": {"executed_lines": [], "summary": {"covered_lines": 0, "num_statements": 32, "percent_covered": 0.0, "percent_covered_display": "0", "missing_lines": 32, "excluded_lines": 0, "num_branches": 0, "num_partial_branches": 0, "covered_branches": 0, "missing_branches": 0}, "missing_lines": [5, 6, 7, 8, 9, 10, 11, 12, 13, 14, 15, 16, 17, 19, 20, 21, 22, 23, 24, 25, 33, 37, 52, 109, 134, 135, 146, 147, 153, 154, 159, 160], "excluded_lines": [], "executed_branches": [], "missing_branches": []}}, "classes": {"": {"executed_lines": [], "summary": {"covered_lines": 0, "num_statements": 107, "percent_covered": 0.0, "percent_covered_display": "0", "missing_lines": 107, "excluded_lines": 0, "num_branches": 18, "num_partial_branches": 0, "covered_branches": 0, "missing_branches": 18}, "missing_lines": [5, 6, 7, 8, 9, 10, 11, 12, 13, 14, 15, 16, 17, 19, 20, 21, 22, 23, 24, 25, 33, 37, 40, 41, 42, 43, 44, 45, 47, 48, 52, 54, 55, 56, 57, 58, 60, 61, 62, 64, 65, 72, 73, 74, 75, 76, 81, 82, 89, 90, 92, 93, 94, 96, 97, 98, 99, 101, 102, 103, 104, 105, 106, 107, 109, 111, 112, 113, 115, 116, 117, 118, 119, 120, 121, 123, 124, 125, 126, 127, 128, 130, 134, 135, 137, 138, 139, 140, 142, 143, 144, 146, 147, 149, 150, 151, 153, 154, 156, 157, 159, 160, 162, 163, 164, 165, 166], "excluded_lines": [], "executed_branches": [], "missing_branches": [[42, 43], [42, 44], [55, -52], [55, 56], [60, 61], [60, 64], [73, 74], [73, 81], [111, -109], [111, 112], [116, 117], [116, 123], [118, 119], [118, 120], [124, 125], [124, 130], [126, 124], [126, 127]]}}}}, "totals": {"covered_lines": 1587, "num_statements": 10997, "percent_covered": 13.042462017919751, "percent_covered_display": "13", "missing_lines": 9410, "excluded_lines": 0, "num_branches": 1838, "num_partial_branches": 33, "covered_branches": 87, "missing_branches": 1751}}