
> ruleiq-frontend@1.0.0 typecheck /home/ubuntu/repos/ruleIQ/frontend
> tsc --noEmit

lib/logging/logger.ts(1,21): error TS2307: Cannot find module 'winston' or its corresponding type declarations.
lib/logging/logger.ts(9,29): error TS7031: Binding element 'level' implicitly has an 'any' type.
lib/logging/logger.ts(9,36): error TS7031: Binding element 'message' implicitly has an 'any' type.
lib/logging/logger.ts(9,45): error TS7031: Binding element 'timestamp' implicitly has an 'any' type.
lib/logging/logger.ts(9,56): error TS7031: Binding element 'stack' implicitly has an 'any' type.
lib/logging/logger.ts(21,19): error TS7031: Binding element 'level' implicitly has an 'any' type.
lib/logging/logger.ts(21,26): error TS7031: Binding element 'message' implicitly has an 'any' type.
lib/performance/monitoring.ts(132,70): error TS2339: Property 'navigationStart' does not exist on type 'PerformanceNavigationTiming'.
lib/performance/monitoring.ts(136,67): error TS2339: Property 'navigationStart' does not exist on type 'PerformanceNavigationTiming'.
lib/performance/monitoring.ts(209,16): error TS2304: Cannot find name 'gtag'.
lib/performance/monitoring.ts(210,7): error TS2304: Cannot find name 'gtag'.
lib/security/api.ts(91,18): error TS2339: Property 'ip' does not exist on type 'NextRequest'.
lib/security/csrf-middleware.ts(4,10): error TS2305: Module '"./csrf"' has no exported member 'CSRF_HEADER_NAME'.
lib/security/csrf-middleware.ts(37,37): error TS2339: Property 'get' does not exist on type 'Promise<ReadonlyRequestCookies>'.
lib/stores/dashboard.store.ts(254,32): error TS2339: Property 'getDashboardMetrics' does not exist on type 'DashboardService'.
lib/stores/dashboard.store.ts(255,32): error TS2339: Property 'getRecentActivity' does not exist on type 'DashboardService'.
lib/stores/dashboard.store.ts(363,56): error TS2339: Property 'getDashboardMetrics' does not exist on type 'DashboardService'.
lib/stores/dashboard.store.ts(379,59): error TS2339: Property 'getRecentActivity' does not exist on type 'DashboardService'.
lib/stores/evidence-collection.store.ts(8,53): error TS2305: Module '"@/types/api"' has no exported member 'CollectionPlanSummary'.
lib/stores/evidence.store.ts(255,9): error TS2322: Type '(data: BulkUpdateEvidenceRequest) => Promise<{ updated_count: number; failed_count: number; failed_ids?: string[] | undefined; } | undefined>' is not assignable to type '(data: BulkUpdateEvidenceRequest) => Promise<void>'.
  Type 'Promise<{ updated_count: number; failed_count: number; failed_ids?: string[] | undefined; } | undefined>' is not assignable to type 'Promise<void>'.
    Type '{ updated_count: number; failed_count: number; failed_ids?: string[] | undefined; } | undefined' is not assignable to type 'void'.
      Type '{ updated_count: number; failed_count: number; failed_ids?: string[] | undefined; }' is not assignable to type 'void'.
lib/stores/evidence.store.ts(255,29): error TS7030: Not all code paths return a value.
lib/stores/evidence.store.ts(512,17): error TS2769: No overload matches this call.
  Overload 1 of 2, '(partial: EvidenceState | Partial<EvidenceState> | ((state: EvidenceState) => EvidenceState | Partial<EvidenceState>), replace?: false | undefined, action?: Action | undefined): unknown', gave the following error.
    Type '{ status: "pending" | "rejected" | "collected" | "verified"; title: string; id: string; business_profile_id: string; framework_id: string; evidence_type: string; description?: string | undefined; ... 5 more ...; control_mapping?: string[] | undefined; }[]' is not assignable to type 'EvidenceItem[]'.
      Type '{ status: "pending" | "rejected" | "collected" | "verified"; title: string; id: string; business_profile_id: string; framework_id: string; evidence_type: string; description?: string | undefined; ... 5 more ...; control_mapping?: string[] | undefined; }' is missing the following properties from type 'EvidenceItem': control_id, source, tags
  Overload 2 of 2, '(state: EvidenceState | ((state: EvidenceState) => EvidenceState), replace: true, action?: Action | undefined): unknown', gave the following error.
    Type '{ status: "pending" | "rejected" | "collected" | "verified"; title: string; id: string; business_profile_id: string; framework_id: string; evidence_type: string; description?: string | undefined; ... 5 more ...; control_mapping?: string[] | undefined; }[]' is not assignable to type 'EvidenceItem[]'.
      Type '{ status: "pending" | "rejected" | "collected" | "verified"; title: string; id: string; business_profile_id: string; framework_id: string; evidence_type: string; description?: string | undefined; ... 5 more ...; control_mapping?: string[] | undefined; }' is missing the following properties from type 'EvidenceItem': control_id, source, tags
lib/stores/freemium-store.ts(282,13): error TS2322: Type 'string' is not assignable to type '"completed" | "in_progress" | "started" | "abandoned"'.
lib/stores/freemium-store.ts(336,7): error TS2322: Type '(answerData: AssessmentAnswerRequest) => Promise<{ is_complete: boolean; }>' is not assignable to type '(answerData: AssessmentAnswerRequest) => Promise<void>'.
  Type 'Promise<{ is_complete: boolean; }>' is not assignable to type 'Promise<void>'.
    Type '{ is_complete: boolean; }' is not assignable to type 'void'.
lib/stores/freemium-store.ts(344,13): error TS2322: Type 'number | undefined' is not assignable to type '"high" | "medium" | "low" | undefined'.
  Type 'number' is not assignable to type '"high" | "medium" | "low" | undefined'.
lib/stores/freemium-store.ts(658,13): error TS2698: Spread types may only be created from object types.
lib/stores/freemium-store.ts(705,15): error TS2322: Type 'number' is not assignable to type 'AssessmentProgress'.
lib/stores/freemium-store.ts(708,42): error TS2551: Property 'progressObj' does not exist on type 'FreemiumState & FreemiumActions & FreemiumStoreComputed'. Did you mean 'progress'?
lib/stores/freemium-store.ts(711,13): error TS2353: Object literal may only specify known properties, and 'progressObj' does not exist in type '(FreemiumState & FreemiumActions & FreemiumStoreComputed) | Partial<FreemiumState & FreemiumActions & FreemiumStoreComputed> | ((state: FreemiumState & ... 1 more ... & FreemiumStoreComputed) => (FreemiumState & ... 1 more ... & FreemiumStoreComputed) | Partial<...>)'.
lib/stores/freemium-store.ts(739,11): error TS2322: Type 'number' is not assignable to type 'AssessmentProgress'.
lib/stores/freemium-store.ts(743,19): error TS2551: Property 'progressObj' does not exist on type 'FreemiumState & FreemiumActions & FreemiumStoreComputed'. Did you mean 'progress'?
lib/stores/freemium-store.ts(745,13): error TS2353: Object literal may only specify known properties, and 'progressObj' does not exist in type '(FreemiumState & FreemiumActions & FreemiumStoreComputed) | Partial<FreemiumState & FreemiumActions & FreemiumStoreComputed> | ((state: FreemiumState & ... 1 more ... & FreemiumStoreComputed) => (FreemiumState & ... 1 more ... & FreemiumStoreComputed) | Partial<...>)'.
lib/stores/freemium-store.ts(746,24): error TS2551: Property 'progressObj' does not exist on type 'FreemiumState & FreemiumActions & FreemiumStoreComputed'. Did you mean 'progress'?
lib/stores/freemium-store.ts(804,13): error TS2345: Argument of type '{ utmSource: string | null; utmCampaign: string | null; utmMedium: string | null; utmTerm: string | null; utmContent: string | null; email: string | null; leadId: string | null; ... 30 more ...; responseCount: number; }' is not assignable to parameter of type '(FreemiumState & FreemiumActions & FreemiumStoreComputed) | Partial<FreemiumState & FreemiumActions & FreemiumStoreComputed> | ((state: FreemiumState & ... 1 more ... & FreemiumStoreComputed) => (FreemiumState & ... 1 more ... & FreemiumStoreComputed) | Partial<...>)'.
  Type '{ utmSource: string | null; utmCampaign: string | null; utmMedium: string | null; utmTerm: string | null; utmContent: string | null; email: string | null; leadId: string | null; ... 30 more ...; responseCount: number; }' is not assignable to type 'Partial<FreemiumState & FreemiumActions & FreemiumStoreComputed>'.
    Types of property 'isSessionExpired' are incompatible.
      Type 'boolean' is not assignable to type '(boolean & (() => boolean)) | undefined'.
lib/stores/freemium-store.ts(823,11): error TS2322: Type 'boolean' is not assignable to type 'boolean & (() => boolean)'.
lib/stores/freemium-store.ts(829,11): error TS2322: Type 'boolean' is not assignable to type 'boolean & (() => boolean)'.
lib/stores/freemium-store.ts(841,11): error TS2322: Type 'boolean' is not assignable to type 'boolean & (() => boolean)'.
lib/stores/freemium-store.ts(1039,13): error TS2698: Spread types may only be created from object types.
lib/stores/freemium-store.ts(1064,15): error TS2322: Type 'number' is not assignable to type 'AssessmentProgress'.
lib/stores/freemium-store.ts(1067,42): error TS2551: Property 'progressObj' does not exist on type 'FreemiumState & FreemiumActions & FreemiumStoreComputed'. Did you mean 'progress'?
lib/stores/freemium-store.ts(1070,13): error TS2353: Object literal may only specify known properties, and 'progressObj' does not exist in type '(FreemiumState & FreemiumActions & FreemiumStoreComputed) | Partial<FreemiumState & FreemiumActions & FreemiumStoreComputed> | ((state: FreemiumState & ... 1 more ... & FreemiumStoreComputed) => (FreemiumState & ... 1 more ... & FreemiumStoreComputed) | Partial<...>)'.
lib/stores/freemium-store.ts(1095,11): error TS2322: Type 'number' is not assignable to type 'AssessmentProgress'.
lib/stores/freemium-store.ts(1099,19): error TS2551: Property 'progressObj' does not exist on type 'FreemiumState & FreemiumActions & FreemiumStoreComputed'. Did you mean 'progress'?
lib/stores/freemium-store.ts(1101,13): error TS2353: Object literal may only specify known properties, and 'progressObj' does not exist in type '(FreemiumState & FreemiumActions & FreemiumStoreComputed) | Partial<FreemiumState & FreemiumActions & FreemiumStoreComputed> | ((state: FreemiumState & ... 1 more ... & FreemiumStoreComputed) => (FreemiumState & ... 1 more ... & FreemiumStoreComputed) | Partial<...>)'.
lib/stores/freemium-store.ts(1102,24): error TS2551: Property 'progressObj' does not exist on type 'FreemiumState & FreemiumActions & FreemiumStoreComputed'. Did you mean 'progress'?
lib/stores/freemium-store.ts(1148,13): error TS2345: Argument of type '{ utmSource: string | null; utmCampaign: string | null; utmMedium: string | null; utmTerm: string | null; utmContent: string | null; email: string | null; leadId: string | null; ... 30 more ...; responseCount: number; }' is not assignable to parameter of type '(FreemiumState & FreemiumActions & FreemiumStoreComputed) | Partial<FreemiumState & FreemiumActions & FreemiumStoreComputed> | ((state: FreemiumState & ... 1 more ... & FreemiumStoreComputed) => (FreemiumState & ... 1 more ... & FreemiumStoreComputed) | Partial<...>)'.
  Type '{ utmSource: string | null; utmCampaign: string | null; utmMedium: string | null; utmTerm: string | null; utmContent: string | null; email: string | null; leadId: string | null; ... 30 more ...; responseCount: number; }' is not assignable to type 'Partial<FreemiumState & FreemiumActions & FreemiumStoreComputed>'.
    Types of property 'isSessionExpired' are incompatible.
      Type 'boolean' is not assignable to type '(boolean & (() => boolean)) | undefined'.
lib/stores/freemium-store.ts(1158,31): error TS2345: Argument of type '{ leadId: string | null; email: string | null; leadScore: number; leadStatus: string; session: FreemiumSession | null; sessionToken: string | null; sessionExpiry: string | null; ... 30 more ...; responseCount: number; }' is not assignable to parameter of type '(FreemiumState & FreemiumActions & FreemiumStoreComputed) | Partial<FreemiumState & FreemiumActions & FreemiumStoreComputed> | ((state: FreemiumState & ... 1 more ... & FreemiumStoreComputed) => (FreemiumState & ... 1 more ... & FreemiumStoreComputed) | Partial<...>)'.
  Type '{ leadId: string | null; email: string | null; leadScore: number; leadStatus: string; session: FreemiumSession | null; sessionToken: string | null; sessionExpiry: string | null; ... 30 more ...; responseCount: number; }' is not assignable to type 'Partial<FreemiumState & FreemiumActions & FreemiumStoreComputed>'.
    Types of property 'isSessionExpired' are incompatible.
      Type 'boolean' is not assignable to type '(boolean & (() => boolean)) | undefined'.
lib/stores/freemium-store.ts(1159,33): error TS2322: Type 'Promise<{ is_complete: boolean; }>' is not assignable to type 'Promise<void>'.
  Type '{ is_complete: boolean; }' is not assignable to type 'void'.
lib/stores/freemium-store.ts(1208,11): error TS2322: Type 'boolean' is not assignable to type 'boolean & (() => boolean)'.
lib/stores/freemium-store.ts(1214,11): error TS2322: Type 'boolean' is not assignable to type 'boolean & (() => boolean)'.
lib/stores/freemium-store.ts(1226,11): error TS2322: Type 'boolean' is not assignable to type 'boolean & (() => boolean)'.
lib/stores/voice.store.ts(151,15): error TS1361: 'VoiceErrorCode' cannot be used as a value because it was imported using 'import type'.
lib/stores/voice.store.ts(199,15): error TS1361: 'VoiceErrorCode' cannot be used as a value because it was imported using 'import type'.
lib/stores/voice.store.ts(241,15): error TS1361: 'VoiceErrorCode' cannot be used as a value because it was imported using 'import type'.
lib/stores/voice.store.ts(345,15): error TS1361: 'VoiceErrorCode' cannot be used as a value because it was imported using 'import type'.
lib/stripe/client.ts(143,3): error TS2322: Type 'readonly ["1 Business Profile", "Basic Compliance Assessment", "Framework Recommendations", "Standard Support", "Basic Reporting"] | readonly ["5 Business Profiles", "Advanced Compliance Assessment", ... 4 more ..., "Advanced Reporting & Analytics"] | readonly [...]' is not assignable to type 'string[]'.
  The type 'readonly ["1 Business Profile", "Basic Compliance Assessment", "Framework Recommendations", "Standard Support", "Basic Reporting"]' is 'readonly' and cannot be assigned to the mutable type 'string[]'.
lib/stripe/client.ts(147,33): error TS2339: Property 'popular' does not exist on type '{ readonly id: "starter"; readonly name: "Starter"; readonly price: 29; readonly currency: "gbp"; readonly interval: "month"; readonly stripePriceId: string | undefined; readonly features: readonly [...]; readonly maxProfiles: 1; } | { ...; } | { ...; }'.
  Property 'popular' does not exist on type '{ readonly id: "starter"; readonly name: "Starter"; readonly price: 29; readonly currency: "gbp"; readonly interval: "month"; readonly stripePriceId: string | undefined; readonly features: readonly ["1 Business Profile", "Basic Compliance Assessment", "Framework Recommendations", "Standard Support", "Basic Reporting...'.
lib/tanstack-query/hooks/index.ts(12,1): error TS2308: Module './use-dashboard' has already exported a member named 'useComplianceScore'. Consider explicitly re-exporting to resolve the ambiguity.
lib/tanstack-query/hooks/use-assessments.ts(16,3): error TS2305: Module '"@/types/api"' has no exported member 'CreateAssessmentRequest'.
lib/tanstack-query/hooks/use-assessments.ts(17,3): error TS2305: Module '"@/types/api"' has no exported member 'UpdateAssessmentRequest'.
lib/tanstack-query/hooks/use-assessments.ts(18,3): error TS2305: Module '"@/types/api"' has no exported member 'SubmitResponseRequest'.
lib/tanstack-query/hooks/use-assessments.ts(42,5): error TS2769: No overload matches this call.
  Overload 1 of 3, '(options: DefinedInitialDataOptions<PaginatedResponse<Assessment>, ApiError, PaginatedResponse<Assessment>, readonly unknown[]>, queryClient?: QueryClient | undefined): DefinedUseQueryResult<...>', gave the following error.
    Type '() => Promise<{ items: Assessment[]; total: number; }>' is not assignable to type 'QueryFunction<PaginatedResponse<Assessment>, readonly unknown[]>'.
      Type 'Promise<{ items: Assessment[]; total: number; }>' is not assignable to type 'PaginatedResponse<Assessment> | Promise<PaginatedResponse<Assessment>>'.
        Type 'Promise<{ items: Assessment[]; total: number; }>' is not assignable to type 'Promise<PaginatedResponse<Assessment>>'.
          Type '{ items: Assessment[]; total: number; }' is missing the following properties from type 'PaginatedResponse<Assessment>': page, page_size, total_pages
  Overload 2 of 3, '(options: UndefinedInitialDataOptions<PaginatedResponse<Assessment>, ApiError, PaginatedResponse<Assessment>, readonly unknown[]>, queryClient?: QueryClient | undefined): UseQueryResult<...>', gave the following error.
    Type '() => Promise<{ items: Assessment[]; total: number; }>' is not assignable to type 'unique symbol | QueryFunction<PaginatedResponse<Assessment>, readonly unknown[], never> | undefined'.
      Type '() => Promise<{ items: Assessment[]; total: number; }>' is not assignable to type 'QueryFunction<PaginatedResponse<Assessment>, readonly unknown[], never>'.
        Type 'Promise<{ items: Assessment[]; total: number; }>' is not assignable to type 'PaginatedResponse<Assessment> | Promise<PaginatedResponse<Assessment>>'.
          Type 'Promise<{ items: Assessment[]; total: number; }>' is not assignable to type 'Promise<PaginatedResponse<Assessment>>'.
            Type '{ items: Assessment[]; total: number; }' is missing the following properties from type 'PaginatedResponse<Assessment>': page, page_size, total_pages
  Overload 3 of 3, '(options: UseQueryOptions<PaginatedResponse<Assessment>, ApiError, PaginatedResponse<Assessment>, readonly unknown[]>, queryClient?: QueryClient | undefined): UseQueryResult<...>', gave the following error.
    Type '() => Promise<{ items: Assessment[]; total: number; }>' is not assignable to type 'unique symbol | QueryFunction<PaginatedResponse<Assessment>, readonly unknown[], never> | undefined'.
      Type '() => Promise<{ items: Assessment[]; total: number; }>' is not assignable to type 'QueryFunction<PaginatedResponse<Assessment>, readonly unknown[], never>'.
        Type 'Promise<{ items: Assessment[]; total: number; }>' is not assignable to type 'PaginatedResponse<Assessment> | Promise<PaginatedResponse<Assessment>>'.
          Type 'Promise<{ items: Assessment[]; total: number; }>' is not assignable to type 'Promise<PaginatedResponse<Assessment>>'.
            Type '{ items: Assessment[]; total: number; }' is missing the following properties from type 'PaginatedResponse<Assessment>': page, page_size, total_pages
lib/tanstack-query/hooks/use-assessments.ts(124,63): error TS2339: Property 'submitResponse' does not exist on type 'AssessmentService'.
lib/tanstack-query/hooks/use-assessments.ts(156,57): error TS2551: Property 'startQuickAssessment' does not exist on type 'AssessmentService'. Did you mean 'getQuickAssessment'?
lib/tanstack-query/hooks/use-business-profile.ts(10,3): error TS2305: Module '"@/types/api"' has no exported member 'CreateBusinessProfileRequest'.
lib/tanstack-query/hooks/use-business-profile.ts(11,3): error TS2305: Module '"@/types/api"' has no exported member 'UpdateBusinessProfileRequest'.
lib/tanstack-query/hooks/use-business-profile.ts(32,52): error TS2339: Property 'getCurrentProfile' does not exist on type 'BusinessProfileService'.
lib/tanstack-query/hooks/use-business-profile.ts(45,43): error TS2551: Property 'getProfiles' does not exist on type 'BusinessProfileService'. Did you mean 'getProfile'?
lib/tanstack-query/hooks/use-business-profile.ts(54,5): error TS2769: No overload matches this call.
  Overload 1 of 3, '(options: DefinedInitialDataOptions<BusinessProfile, ApiError, BusinessProfile, readonly unknown[]>, queryClient?: QueryClient | undefined): DefinedUseQueryResult<...>', gave the following error.
    Type '() => Promise<BusinessProfile | null>' is not assignable to type 'QueryFunction<BusinessProfile, readonly unknown[]>'.
      Type 'Promise<BusinessProfile | null>' is not assignable to type 'BusinessProfile | Promise<BusinessProfile>'.
        Type 'Promise<BusinessProfile | null>' is not assignable to type 'Promise<BusinessProfile>'.
          Type 'BusinessProfile | null' is not assignable to type 'BusinessProfile'.
            Type 'null' is not assignable to type 'BusinessProfile'.
  Overload 2 of 3, '(options: UndefinedInitialDataOptions<BusinessProfile, ApiError, BusinessProfile, readonly unknown[]>, queryClient?: QueryClient | undefined): UseQueryResult<...>', gave the following error.
    Type '() => Promise<BusinessProfile | null>' is not assignable to type 'unique symbol | QueryFunction<BusinessProfile, readonly unknown[], never> | undefined'.
      Type '() => Promise<BusinessProfile | null>' is not assignable to type 'QueryFunction<BusinessProfile, readonly unknown[], never>'.
        Type 'Promise<BusinessProfile | null>' is not assignable to type 'BusinessProfile | Promise<BusinessProfile>'.
          Type 'Promise<BusinessProfile | null>' is not assignable to type 'Promise<BusinessProfile>'.
            Type 'BusinessProfile | null' is not assignable to type 'BusinessProfile'.
              Type 'null' is not assignable to type 'BusinessProfile'.
  Overload 3 of 3, '(options: UseQueryOptions<BusinessProfile, ApiError, BusinessProfile, readonly unknown[]>, queryClient?: QueryClient | undefined): UseQueryResult<...>', gave the following error.
    Type '() => Promise<BusinessProfile | null>' is not assignable to type 'unique symbol | QueryFunction<BusinessProfile, readonly unknown[], never> | undefined'.
      Type '() => Promise<BusinessProfile | null>' is not assignable to type 'QueryFunction<BusinessProfile, readonly unknown[], never>'.
        Type 'Promise<BusinessProfile | null>' is not assignable to type 'BusinessProfile | Promise<BusinessProfile>'.
          Type 'Promise<BusinessProfile | null>' is not assignable to type 'Promise<BusinessProfile>'.
            Type 'BusinessProfile | null' is not assignable to type 'BusinessProfile'.
              Type 'null' is not assignable to type 'BusinessProfile'.
lib/tanstack-query/hooks/use-business-profile.ts(54,54): error TS2554: Expected 0 arguments, but got 1.
lib/tanstack-query/hooks/use-business-profile.ts(68,80): error TS2551: Property 'createProfile' does not exist on type 'BusinessProfileService'. Did you mean 'getProfile'?
lib/tanstack-query/hooks/use-business-profile.ts(71,18): error TS2345: Argument of type 'import("/home/ubuntu/repos/ruleIQ/frontend/types/api").BusinessProfile' is not assignable to parameter of type 'import("/home/ubuntu/repos/ruleIQ/frontend/types/business-profile").BusinessProfile'.
  Type 'BusinessProfile' is missing the following properties from type 'BusinessProfile': data_types, assessment_completed, assessment_data
lib/tanstack-query/hooks/use-business-profile.ts(93,5): error TS2322: Type '({ id, data }: { id: string; data: UpdateBusinessProfileRequest; }) => Promise<BusinessProfile>' is not assignable to type 'MutationFunction<BusinessProfile, { id: string; data: UpdateBusinessProfileRequest; }>'.
  Type 'Promise<import("/home/ubuntu/repos/ruleIQ/frontend/types/business-profile").BusinessProfile>' is not assignable to type 'Promise<import("/home/ubuntu/repos/ruleIQ/frontend/types/api").BusinessProfile>'.
    Type 'import("/home/ubuntu/repos/ruleIQ/frontend/types/business-profile").BusinessProfile' is not assignable to type 'import("/home/ubuntu/repos/ruleIQ/frontend/types/api").BusinessProfile'.
      Types of property 'id' are incompatible.
        Type 'string | undefined' is not assignable to type 'string'.
          Type 'undefined' is not assignable to type 'string'.
lib/tanstack-query/hooks/use-business-profile.ts(93,72): error TS2345: Argument of type 'string' is not assignable to parameter of type 'BusinessProfile'.
lib/tanstack-query/hooks/use-business-profile.ts(97,20): error TS2345: Argument of type 'import("/home/ubuntu/repos/ruleIQ/frontend/types/api").BusinessProfile' is not assignable to parameter of type 'import("/home/ubuntu/repos/ruleIQ/frontend/types/business-profile").BusinessProfile'.
  Type 'BusinessProfile' is missing the following properties from type 'BusinessProfile': data_types, assessment_completed, assessment_data
lib/tanstack-query/hooks/use-business-profile.ts(115,70): error TS2554: Expected 0 arguments, but got 1.
lib/tanstack-query/hooks/use-business-profile.ts(139,56): error TS2551: Property 'setActiveProfile' does not exist on type 'BusinessProfileService'. Did you mean 'saveProfile'?
lib/tanstack-query/hooks/use-business-profile.ts(142,18): error TS2345: Argument of type 'import("/home/ubuntu/repos/ruleIQ/frontend/types/api").BusinessProfile' is not assignable to parameter of type 'import("/home/ubuntu/repos/ruleIQ/frontend/types/business-profile").BusinessProfile'.
  Type 'BusinessProfile' is missing the following properties from type 'BusinessProfile': data_types, assessment_completed, assessment_data
lib/tanstack-query/hooks/use-business-profile.ts(156,43): error TS2339: Property 'getComplianceOverview' does not exist on type 'BusinessProfileService'.
lib/tanstack-query/hooks/use-compliance.ts(15,3): error TS2305: Module '"@/types/api"' has no exported member 'ComplianceScore'.
lib/tanstack-query/hooks/use-compliance.ts(16,3): error TS2305: Module '"@/types/api"' has no exported member 'ComplianceRequirement'.
lib/tanstack-query/hooks/use-compliance.ts(17,3): error TS2305: Module '"@/types/api"' has no exported member 'ComplianceSummary'.
lib/tanstack-query/hooks/use-compliance.ts(18,3): error TS2305: Module '"@/types/api"' has no exported member 'ComplianceGap'.
lib/tanstack-query/hooks/use-compliance.ts(19,3): error TS2724: '"@/types/api"' has no exported member named 'ComplianceTask'. Did you mean 'ComplianceStatus'?
lib/tanstack-query/hooks/use-compliance.ts(20,3): error TS2305: Module '"@/types/api"' has no exported member 'ComplianceEvidence'.
lib/tanstack-query/hooks/use-compliance.ts(52,5): error TS2769: No overload matches this call.
  Overload 1 of 3, '(options: DefinedInitialDataOptions<ComplianceStatus, ApiError, ComplianceStatus, readonly unknown[]>, queryClient?: QueryClient | undefined): DefinedUseQueryResult<...>', gave the following error.
    Type '() => Promise<ComplianceStatus[]>' is not assignable to type 'QueryFunction<ComplianceStatus, readonly unknown[]>'.
      Type 'Promise<ComplianceStatus[]>' is not assignable to type 'ComplianceStatus | Promise<ComplianceStatus>'.
        Type 'Promise<ComplianceStatus[]>' is not assignable to type 'Promise<ComplianceStatus>'.
          Type 'ComplianceStatus[]' is missing the following properties from type 'ComplianceStatus': framework, overall_compliance_percentage, status, by_domain, risk_summary
  Overload 2 of 3, '(options: UndefinedInitialDataOptions<ComplianceStatus, ApiError, ComplianceStatus, readonly unknown[]>, queryClient?: QueryClient | undefined): UseQueryResult<...>', gave the following error.
    Type '() => Promise<ComplianceStatus[]>' is not assignable to type 'unique symbol | QueryFunction<ComplianceStatus, readonly unknown[], never> | undefined'.
      Type '() => Promise<ComplianceStatus[]>' is not assignable to type 'QueryFunction<ComplianceStatus, readonly unknown[], never>'.
        Type 'Promise<ComplianceStatus[]>' is not assignable to type 'ComplianceStatus | Promise<ComplianceStatus>'.
          Type 'Promise<ComplianceStatus[]>' is not assignable to type 'Promise<ComplianceStatus>'.
            Type 'ComplianceStatus[]' is missing the following properties from type 'ComplianceStatus': framework, overall_compliance_percentage, status, by_domain, risk_summary
  Overload 3 of 3, '(options: UseQueryOptions<ComplianceStatus, ApiError, ComplianceStatus, readonly unknown[]>, queryClient?: QueryClient | undefined): UseQueryResult<...>', gave the following error.
    Type '() => Promise<ComplianceStatus[]>' is not assignable to type 'unique symbol | QueryFunction<ComplianceStatus, readonly unknown[], never> | undefined'.
      Type '() => Promise<ComplianceStatus[]>' is not assignable to type 'QueryFunction<ComplianceStatus, readonly unknown[], never>'.
        Type 'Promise<ComplianceStatus[]>' is not assignable to type 'ComplianceStatus | Promise<ComplianceStatus>'.
          Type 'Promise<ComplianceStatus[]>' is not assignable to type 'Promise<ComplianceStatus>'.
            Type 'ComplianceStatus[]' is missing the following properties from type 'ComplianceStatus': framework, overall_compliance_percentage, status, by_domain, risk_summary
lib/tanstack-query/hooks/use-compliance.ts(52,58): error TS2345: Argument of type 'string | undefined' is not assignable to parameter of type 'string'.
  Type 'undefined' is not assignable to type 'string'.
lib/tanstack-query/hooks/use-compliance.ts(65,38): error TS2339: Property 'getComplianceScore' does not exist on type 'ComplianceService'.
lib/tanstack-query/hooks/use-compliance.ts(77,38): error TS2339: Property 'getRequirements' does not exist on type 'ComplianceService'.
lib/tanstack-query/hooks/use-compliance.ts(90,38): error TS2339: Property 'getComplianceSummary' does not exist on type 'ComplianceService'.
lib/tanstack-query/hooks/use-compliance.ts(103,38): error TS2551: Property 'getComplianceGaps' does not exist on type 'ComplianceService'. Did you mean 'getComplianceTasks'?
lib/tanstack-query/hooks/use-compliance.ts(119,38): error TS2339: Property 'getTasks' does not exist on type 'ComplianceService'.
lib/tanstack-query/hooks/use-compliance.ts(131,38): error TS2339: Property 'getEvidenceForRequirement' does not exist on type 'ComplianceService'.
lib/tanstack-query/hooks/use-compliance.ts(149,25): error TS2339: Property 'updateRequirementStatus' does not exist on type 'ComplianceService'.
lib/tanstack-query/hooks/use-compliance.ts(166,45): error TS2339: Property 'createTask' does not exist on type 'ComplianceService'.
lib/tanstack-query/hooks/use-compliance.ts(182,57): error TS2339: Property 'updateTask' does not exist on type 'ComplianceService'.
lib/tanstack-query/hooks/use-compliance.ts(203,25): error TS2339: Property 'attachEvidence' does not exist on type 'ComplianceService'.
lib/tanstack-query/hooks/use-compliance.ts(224,25): error TS2339: Property 'runComplianceCheck' does not exist on type 'ComplianceService'.
lib/tanstack-query/hooks/use-compliance.ts(249,25): error TS2339: Property 'exportComplianceReport' does not exist on type 'ComplianceService'.
lib/tanstack-query/hooks/use-dashboard.ts(7,15): error TS2305: Module '"@/lib/api/dashboard.service"' has no exported member 'UserDashboard'.
lib/tanstack-query/hooks/use-dashboard.ts(7,30): error TS2305: Module '"@/lib/api/dashboard.service"' has no exported member 'WidgetData'.
lib/tanstack-query/hooks/use-dashboard.ts(37,37): error TS2339: Property 'getWidgetData' does not exist on type 'DashboardService'.
lib/tanstack-query/hooks/use-dashboard.ts(48,24): error TS2339: Property 'insights' does not exist on type '{ stats: DashboardStats; recent_activity: DashboardActivity[]; pending_tasks: DashboardTask[]; ai_insights: DashboardInsight[]; framework_progress: FrameworkProgress[]; upcoming_deadlines: { ...; }[]; compliance_trends: { ...; }[]; }'.
lib/tanstack-query/hooks/use-dashboard.ts(73,34): error TS2339: Property 'compliance_score' does not exist on type '{ stats: DashboardStats; recent_activity: DashboardActivity[]; pending_tasks: DashboardTask[]; ai_insights: DashboardInsight[]; framework_progress: FrameworkProgress[]; upcoming_deadlines: { ...; }[]; compliance_trends: { ...; }[]; }'.
lib/tanstack-query/hooks/use-dashboard.ts(74,31): error TS2551: Property 'framework_scores' does not exist on type '{ stats: DashboardStats; recent_activity: DashboardActivity[]; pending_tasks: DashboardTask[]; ai_insights: DashboardInsight[]; framework_progress: FrameworkProgress[]; upcoming_deadlines: { ...; }[]; compliance_trends: { ...; }[]; }'. Did you mean 'framework_progress'?
lib/tanstack-query/hooks/use-evidence.ts(15,3): error TS2305: Module '"@/types/api"' has no exported member 'CreateEvidenceRequest'.
lib/tanstack-query/hooks/use-evidence.ts(16,3): error TS2305: Module '"@/types/api"' has no exported member 'UpdateEvidenceRequest'.
lib/tanstack-query/hooks/use-evidence.ts(17,3): error TS2305: Module '"@/types/api"' has no exported member 'BulkUpdateRequest'.
lib/tanstack-query/hooks/use-evidence.ts(52,5): error TS2769: No overload matches this call.
  Overload 1 of 3, '(options: DefinedInitialDataOptions<PaginatedResponse<EvidenceItem>, ApiError, PaginatedResponse<EvidenceItem>, readonly unknown[]>, queryClient?: QueryClient | undefined): DefinedUseQueryResult<...>', gave the following error.
    Type '() => Promise<{ items: EvidenceItem[]; total: number; }>' is not assignable to type 'QueryFunction<PaginatedResponse<EvidenceItem>, readonly unknown[]>'.
      Type 'Promise<{ items: EvidenceItem[]; total: number; }>' is not assignable to type 'PaginatedResponse<EvidenceItem> | Promise<PaginatedResponse<EvidenceItem>>'.
        Type 'Promise<{ items: EvidenceItem[]; total: number; }>' is not assignable to type 'Promise<PaginatedResponse<EvidenceItem>>'.
          Type '{ items: EvidenceItem[]; total: number; }' is missing the following properties from type 'PaginatedResponse<EvidenceItem>': page, page_size, total_pages
  Overload 2 of 3, '(options: UndefinedInitialDataOptions<PaginatedResponse<EvidenceItem>, ApiError, PaginatedResponse<EvidenceItem>, readonly unknown[]>, queryClient?: QueryClient | undefined): UseQueryResult<...>', gave the following error.
    Type '() => Promise<{ items: EvidenceItem[]; total: number; }>' is not assignable to type 'unique symbol | QueryFunction<PaginatedResponse<EvidenceItem>, readonly unknown[], never> | undefined'.
      Type '() => Promise<{ items: EvidenceItem[]; total: number; }>' is not assignable to type 'QueryFunction<PaginatedResponse<EvidenceItem>, readonly unknown[], never>'.
        Type 'Promise<{ items: EvidenceItem[]; total: number; }>' is not assignable to type 'PaginatedResponse<EvidenceItem> | Promise<PaginatedResponse<EvidenceItem>>'.
          Type 'Promise<{ items: EvidenceItem[]; total: number; }>' is not assignable to type 'Promise<PaginatedResponse<EvidenceItem>>'.
            Type '{ items: EvidenceItem[]; total: number; }' is missing the following properties from type 'PaginatedResponse<EvidenceItem>': page, page_size, total_pages
  Overload 3 of 3, '(options: UseQueryOptions<PaginatedResponse<EvidenceItem>, ApiError, PaginatedResponse<EvidenceItem>, readonly unknown[]>, queryClient?: QueryClient | undefined): UseQueryResult<...>', gave the following error.
    Type '() => Promise<{ items: EvidenceItem[]; total: number; }>' is not assignable to type 'unique symbol | QueryFunction<PaginatedResponse<EvidenceItem>, readonly unknown[], never> | undefined'.
      Type '() => Promise<{ items: EvidenceItem[]; total: number; }>' is not assignable to type 'QueryFunction<PaginatedResponse<EvidenceItem>, readonly unknown[], never>'.
        Type 'Promise<{ items: EvidenceItem[]; total: number; }>' is not assignable to type 'PaginatedResponse<EvidenceItem> | Promise<PaginatedResponse<EvidenceItem>>'.
          Type 'Promise<{ items: EvidenceItem[]; total: number; }>' is not assignable to type 'Promise<PaginatedResponse<EvidenceItem>>'.
            Type '{ items: EvidenceItem[]; total: number; }' is missing the following properties from type 'PaginatedResponse<EvidenceItem>': page, page_size, total_pages
lib/tanstack-query/hooks/use-evidence.ts(61,36): error TS2551: Property 'getEvidenceById' does not exist on type 'EvidenceService'. Did you mean 'getEvidence'?
lib/tanstack-query/hooks/use-evidence.ts(71,36): error TS2551: Property 'getEvidenceStats' does not exist on type 'EvidenceService'. Did you mean 'getEvidence'?
lib/tanstack-query/hooks/use-evidence.ts(80,36): error TS2339: Property 'getEvidenceByControl' does not exist on type 'EvidenceService'.
lib/tanstack-query/hooks/use-evidence.ts(133,57): error TS2551: Property 'uploadEvidence' does not exist on type 'EvidenceService'. Did you mean 'uploadEvidenceFile'?
lib/tanstack-query/hooks/use-evidence.ts(167,62): error TS2339: Property 'bulkUpdate' does not exist on type 'EvidenceService'.
lib/tanstack-query/hooks/use-evidence.ts(181,52): error TS2339: Property 'bulkDelete' does not exist on type 'EvidenceService'.
lib/tanstack-query/hooks/use-frameworks.ts(14,3): error TS2305: Module '"@/types/api"' has no exported member 'Framework'.
lib/tanstack-query/hooks/use-frameworks.ts(15,3): error TS2305: Module '"@/types/api"' has no exported member 'FrameworkControl'.
lib/tanstack-query/hooks/use-frameworks.ts(16,3): error TS2305: Module '"@/types/api"' has no exported member 'FrameworkMapping'.
lib/tanstack-query/hooks/use-frameworks.ts(17,3): error TS2305: Module '"@/types/api"' has no exported member 'FrameworkCategory'.
lib/tanstack-query/hooks/use-frameworks.ts(51,5): error TS2769: No overload matches this call.
  Overload 1 of 3, '(options: DefinedInitialDataOptions<PaginatedResponse<Framework>, ApiError, PaginatedResponse<Framework>, readonly unknown[]>, queryClient?: QueryClient | undefined): DefinedUseQueryResult<...>', gave the following error.
    Type '() => Promise<ComplianceFramework[]>' is not assignable to type 'QueryFunction<PaginatedResponse<Framework>, readonly unknown[]>'.
      Type 'Promise<ComplianceFramework[]>' is not assignable to type 'PaginatedResponse<Framework> | Promise<PaginatedResponse<Framework>>'.
        Type 'Promise<ComplianceFramework[]>' is not assignable to type 'Promise<PaginatedResponse<Framework>>'.
          Type 'ComplianceFramework[]' is missing the following properties from type 'PaginatedResponse<Framework>': items, total, page, page_size, total_pages
  Overload 2 of 3, '(options: UndefinedInitialDataOptions<PaginatedResponse<Framework>, ApiError, PaginatedResponse<Framework>, readonly unknown[]>, queryClient?: QueryClient | undefined): UseQueryResult<...>', gave the following error.
    Type '() => Promise<ComplianceFramework[]>' is not assignable to type 'unique symbol | QueryFunction<PaginatedResponse<Framework>, readonly unknown[], never> | undefined'.
      Type '() => Promise<ComplianceFramework[]>' is not assignable to type 'QueryFunction<PaginatedResponse<Framework>, readonly unknown[], never>'.
        Type 'Promise<ComplianceFramework[]>' is not assignable to type 'PaginatedResponse<Framework> | Promise<PaginatedResponse<Framework>>'.
          Type 'Promise<ComplianceFramework[]>' is not assignable to type 'Promise<PaginatedResponse<Framework>>'.
            Type 'ComplianceFramework[]' is missing the following properties from type 'PaginatedResponse<Framework>': items, total, page, page_size, total_pages
  Overload 3 of 3, '(options: UseQueryOptions<PaginatedResponse<Framework>, ApiError, PaginatedResponse<Framework>, readonly unknown[]>, queryClient?: QueryClient | undefined): UseQueryResult<...>', gave the following error.
    Type '() => Promise<ComplianceFramework[]>' is not assignable to type 'unique symbol | QueryFunction<PaginatedResponse<Framework>, readonly unknown[], never> | undefined'.
      Type '() => Promise<ComplianceFramework[]>' is not assignable to type 'QueryFunction<PaginatedResponse<Framework>, readonly unknown[], never>'.
        Type 'Promise<ComplianceFramework[]>' is not assignable to type 'PaginatedResponse<Framework> | Promise<PaginatedResponse<Framework>>'.
          Type 'Promise<ComplianceFramework[]>' is not assignable to type 'Promise<PaginatedResponse<Framework>>'.
            Type 'ComplianceFramework[]' is missing the following properties from type 'PaginatedResponse<Framework>': items, total, page, page_size, total_pages
lib/tanstack-query/hooks/use-frameworks.ts(51,51): error TS2554: Expected 0 arguments, but got 1.
lib/tanstack-query/hooks/use-frameworks.ts(73,5): error TS2769: No overload matches this call.
  Overload 1 of 3, '(options: DefinedInitialDataOptions<FrameworkControl[], ApiError, FrameworkControl[], readonly unknown[]>, queryClient?: QueryClient | undefined): DefinedUseQueryResult<FrameworkControl[], ApiError>', gave the following error.
    Type '() => Promise<{ framework: string; total_controls: number; controls: Array<{ control_id: string; control_name: string; description: string; category: string; priority: string; evidence_required: string[]; }>; }>' is not assignable to type 'QueryFunction<FrameworkControl[], readonly unknown[]>'.
      Type 'Promise<{ framework: string; total_controls: number; controls: { control_id: string; control_name: string; description: string; category: string; priority: string; evidence_required: string[]; }[]; }>' is not assignable to type 'FrameworkControl[] | Promise<FrameworkControl[]>'.
        Type 'Promise<{ framework: string; total_controls: number; controls: { control_id: string; control_name: string; description: string; category: string; priority: string; evidence_required: string[]; }[]; }>' is not assignable to type 'Promise<FrameworkControl[]>'.
          Type '{ framework: string; total_controls: number; controls: { control_id: string; control_name: string; description: string; category: string; priority: string; evidence_required: string[]; }[]; }' is missing the following properties from type 'FrameworkControl[]': length, pop, push, concat, and 35 more.
  Overload 2 of 3, '(options: UndefinedInitialDataOptions<FrameworkControl[], ApiError, FrameworkControl[], readonly unknown[]>, queryClient?: QueryClient | undefined): UseQueryResult<FrameworkControl[], ApiError>', gave the following error.
    Type '() => Promise<{ framework: string; total_controls: number; controls: Array<{ control_id: string; control_name: string; description: string; category: string; priority: string; evidence_required: string[]; }>; }>' is not assignable to type 'unique symbol | QueryFunction<FrameworkControl[], readonly unknown[], never> | undefined'.
      Type '() => Promise<{ framework: string; total_controls: number; controls: Array<{ control_id: string; control_name: string; description: string; category: string; priority: string; evidence_required: string[]; }>; }>' is not assignable to type 'QueryFunction<FrameworkControl[], readonly unknown[], never>'.
        Type 'Promise<{ framework: string; total_controls: number; controls: { control_id: string; control_name: string; description: string; category: string; priority: string; evidence_required: string[]; }[]; }>' is not assignable to type 'FrameworkControl[] | Promise<FrameworkControl[]>'.
          Type 'Promise<{ framework: string; total_controls: number; controls: { control_id: string; control_name: string; description: string; category: string; priority: string; evidence_required: string[]; }[]; }>' is not assignable to type 'Promise<FrameworkControl[]>'.
            Type '{ framework: string; total_controls: number; controls: { control_id: string; control_name: string; description: string; category: string; priority: string; evidence_required: string[]; }[]; }' is missing the following properties from type 'FrameworkControl[]': length, pop, push, concat, and 35 more.
  Overload 3 of 3, '(options: UseQueryOptions<FrameworkControl[], ApiError, FrameworkControl[], readonly unknown[]>, queryClient?: QueryClient | undefined): UseQueryResult<FrameworkControl[], ApiError>', gave the following error.
    Type '() => Promise<{ framework: string; total_controls: number; controls: Array<{ control_id: string; control_name: string; description: string; category: string; priority: string; evidence_required: string[]; }>; }>' is not assignable to type 'unique symbol | QueryFunction<FrameworkControl[], readonly unknown[], never> | undefined'.
      Type '() => Promise<{ framework: string; total_controls: number; controls: Array<{ control_id: string; control_name: string; description: string; category: string; priority: string; evidence_required: string[]; }>; }>' is not assignable to type 'QueryFunction<FrameworkControl[], readonly unknown[], never>'.
        Type 'Promise<{ framework: string; total_controls: number; controls: { control_id: string; control_name: string; description: string; category: string; priority: string; evidence_required: string[]; }[]; }>' is not assignable to type 'FrameworkControl[] | Promise<FrameworkControl[]>'.
          Type 'Promise<{ framework: string; total_controls: number; controls: { control_id: string; control_name: string; description: string; category: string; priority: string; evidence_required: string[]; }[]; }>' is not assignable to type 'Promise<FrameworkControl[]>'.
            Type '{ framework: string; total_controls: number; controls: { control_id: string; control_name: string; description: string; category: string; priority: string; evidence_required: string[]; }[]; }' is missing the following properties from type 'FrameworkControl[]': length, pop, push, concat, and 35 more.
lib/tanstack-query/hooks/use-frameworks.ts(87,37): error TS2551: Property 'getFrameworkControl' does not exist on type 'FrameworkService'. Did you mean 'getFrameworkControls'?
lib/tanstack-query/hooks/use-frameworks.ts(100,37): error TS2339: Property 'getFrameworkMappings' does not exist on type 'FrameworkService'.
lib/tanstack-query/hooks/use-frameworks.ts(113,37): error TS2339: Property 'getFrameworkCategories' does not exist on type 'FrameworkService'.
lib/tanstack-query/hooks/use-frameworks.ts(126,37): error TS2339: Property 'getApplicableFrameworks' does not exist on type 'FrameworkService'.
lib/tanstack-query/hooks/use-frameworks.ts(138,65): error TS2345: Argument of type 'string | undefined' is not assignable to parameter of type 'string'.
  Type 'undefined' is not assignable to type 'string'.
lib/tanstack-query/hooks/use-frameworks.ts(151,24): error TS2339: Property 'enableFramework' does not exist on type 'FrameworkService'.
lib/tanstack-query/hooks/use-frameworks.ts(173,24): error TS2339: Property 'disableFramework' does not exist on type 'FrameworkService'.
lib/tanstack-query/hooks/use-frameworks.ts(204,24): error TS2339: Property 'updateControlStatus' does not exist on type 'FrameworkService'.
lib/tanstack-query/hooks/use-frameworks.ts(225,58): error TS2339: Property 'importFramework' does not exist on type 'FrameworkService'.
lib/tanstack-query/hooks/use-frameworks.ts(244,24): error TS2551: Property 'exportFramework' does not exist on type 'FrameworkService'. Did you mean 'getFramework'?
lib/tanstack-query/hooks/use-freemium.ts(25,16): error TS2345: Argument of type 'string | undefined' is not assignable to parameter of type 'string | null'.
  Type 'undefined' is not assignable to type 'string | null'.
lib/tanstack-query/hooks/use-freemium.ts(39,54): error TS2339: Property 'incrementProgress' does not exist on type 'FreemiumState & FreemiumActions & FreemiumStoreComputed'.
lib/tanstack-query/hooks/use-freemium.ts(46,5): error TS2769: No overload matches this call.
  Overload 1 of 3, '(options: DefinedInitialDataOptions<unknown, any, unknown, readonly ["freemium", "assessment", string]>, queryClient?: QueryClient | undefined): DefinedUseQueryResult<...>', gave the following error.
    Object literal may only specify known properties, and 'onSuccess' does not exist in type 'DefinedInitialDataOptions<unknown, any, unknown, readonly ["freemium", "assessment", string]>'.
  Overload 2 of 3, '(options: UndefinedInitialDataOptions<FreemiumAssessmentStartResponse, any, FreemiumAssessmentStartResponse, readonly ["freemium", "assessment", string]>, queryClient?: QueryClient | undefined): UseQueryResult<...>', gave the following error.
    Object literal may only specify known properties, and 'onSuccess' does not exist in type 'UndefinedInitialDataOptions<FreemiumAssessmentStartResponse, any, FreemiumAssessmentStartResponse, readonly ["freemium", "assessment", string]>'.
  Overload 3 of 3, '(options: UseQueryOptions<FreemiumAssessmentStartResponse, any, FreemiumAssessmentStartResponse, readonly ["freemium", "assessment", string]>, queryClient?: QueryClient | undefined): UseQueryResult<...>', gave the following error.
    Object literal may only specify known properties, and 'onSuccess' does not exist in type 'UseQueryOptions<FreemiumAssessmentStartResponse, any, FreemiumAssessmentStartResponse, readonly ["freemium", "assessment", string]>'.
lib/tanstack-query/hooks/use-freemium.ts(46,17): error TS7006: Parameter 'data' implicitly has an 'any' type.
lib/tanstack-query/hooks/use-freemium.ts(70,5): error TS2339: Property 'incrementProgress' does not exist on type 'FreemiumState & FreemiumActions & FreemiumStoreComputed'.
lib/tanstack-query/hooks/use-freemium.ts(71,5): error TS2339: Property 'markAssessmentComplete' does not exist on type 'FreemiumState & FreemiumActions & FreemiumStoreComputed'.
lib/tanstack-query/hooks/use-freemium.ts(83,27): error TS2339: Property 'question_id' does not exist on type 'FreemiumAnswerResponse'.
lib/tanstack-query/hooks/use-freemium.ts(84,37): error TS2339: Property 'question_id' does not exist on type 'FreemiumAnswerResponse'.
lib/tanstack-query/hooks/use-freemium.ts(114,5): error TS2769: No overload matches this call.
  Overload 1 of 3, '(options: DefinedInitialDataOptions<unknown, any, unknown, readonly ["freemium", "results", string]>, queryClient?: QueryClient | undefined): DefinedUseQueryResult<unknown, any>', gave the following error.
    Object literal may only specify known properties, and 'onSuccess' does not exist in type 'DefinedInitialDataOptions<unknown, any, unknown, readonly ["freemium", "results", string]>'.
  Overload 2 of 3, '(options: UndefinedInitialDataOptions<AssessmentResultsResponse, any, AssessmentResultsResponse, readonly ["freemium", "results", string]>, queryClient?: QueryClient | undefined): UseQueryResult<...>', gave the following error.
    Object literal may only specify known properties, and 'onSuccess' does not exist in type 'UndefinedInitialDataOptions<AssessmentResultsResponse, any, AssessmentResultsResponse, readonly ["freemium", "results", string]>'.
  Overload 3 of 3, '(options: UseQueryOptions<AssessmentResultsResponse, any, AssessmentResultsResponse, readonly ["freemium", "results", string]>, queryClient?: QueryClient | undefined): UseQueryResult<...>', gave the following error.
    Object literal may only specify known properties, and 'onSuccess' does not exist in type 'UseQueryOptions<AssessmentResultsResponse, any, AssessmentResultsResponse, readonly ["freemium", "results", string]>'.
lib/tanstack-query/hooks/use-freemium.ts(131,18): error TS2339: Property 'trackConversionEvent' does not exist on type 'FreemiumState & FreemiumActions & FreemiumStoreComputed'.
lib/tanstack-query/hooks/use-freemium.ts(182,32): error TS2554: Expected 1 arguments, but got 2.
lib/tanstack-query/hooks/use-infinite-scroll.ts(37,47): error TS2322: Type 'unknown' is not assignable to type 'number'.
lib/tanstack-query/hooks/use-infinite-scroll.ts(59,23): error TS2551: Property 'pages' does not exist on type 'PaginatedResponse<TData>'. Did you mean 'page'?
lib/tanstack-query/hooks/use-infinite-scroll.ts(59,38): error TS7006: Parameter 'page' implicitly has an 'any' type.
lib/tanstack-query/hooks/use-infinite-scroll.ts(60,23): error TS2551: Property 'pages' does not exist on type 'PaginatedResponse<TData>'. Did you mean 'page'?
lib/tanstack-query/hooks/use-integrations.ts(15,3): error TS2305: Module '"@/types/api"' has no exported member 'IntegrationConfig'.
lib/tanstack-query/hooks/use-integrations.ts(16,3): error TS2305: Module '"@/types/api"' has no exported member 'IntegrationStatus'.
lib/tanstack-query/hooks/use-integrations.ts(17,3): error TS2305: Module '"@/types/api"' has no exported member 'IntegrationProvider'.
lib/tanstack-query/hooks/use-integrations.ts(18,3): error TS2724: '"@/types/api"' has no exported member named 'IntegrationLog'. Did you mean 'Integration'?
lib/tanstack-query/hooks/use-integrations.ts(19,3): error TS2305: Module '"@/types/api"' has no exported member 'SyncResult'.
lib/tanstack-query/hooks/use-integrations.ts(50,5): error TS2769: No overload matches this call.
  Overload 1 of 3, '(options: DefinedInitialDataOptions<PaginatedResponse<Integration>, ApiError, PaginatedResponse<Integration>, readonly unknown[]>, queryClient?: QueryClient | undefined): DefinedUseQueryResult<...>', gave the following error.
    Type '() => Promise<Integration[]>' is not assignable to type 'QueryFunction<PaginatedResponse<Integration>, readonly unknown[]>'.
      Type 'Promise<Integration[]>' is not assignable to type 'PaginatedResponse<Integration> | Promise<PaginatedResponse<Integration>>'.
        Type 'Promise<Integration[]>' is not assignable to type 'Promise<PaginatedResponse<Integration>>'.
          Type 'Integration[]' is missing the following properties from type 'PaginatedResponse<Integration>': items, total, page, page_size, total_pages
  Overload 2 of 3, '(options: UndefinedInitialDataOptions<PaginatedResponse<Integration>, ApiError, PaginatedResponse<Integration>, readonly unknown[]>, queryClient?: QueryClient | undefined): UseQueryResult<...>', gave the following error.
    Type '() => Promise<Integration[]>' is not assignable to type 'unique symbol | QueryFunction<PaginatedResponse<Integration>, readonly unknown[], never> | undefined'.
      Type '() => Promise<Integration[]>' is not assignable to type 'QueryFunction<PaginatedResponse<Integration>, readonly unknown[], never>'.
        Type 'Promise<Integration[]>' is not assignable to type 'PaginatedResponse<Integration> | Promise<PaginatedResponse<Integration>>'.
          Type 'Promise<Integration[]>' is not assignable to type 'Promise<PaginatedResponse<Integration>>'.
            Type 'Integration[]' is missing the following properties from type 'PaginatedResponse<Integration>': items, total, page, page_size, total_pages
  Overload 3 of 3, '(options: UseQueryOptions<PaginatedResponse<Integration>, ApiError, PaginatedResponse<Integration>, readonly unknown[]>, queryClient?: QueryClient | undefined): UseQueryResult<...>', gave the following error.
    Type '() => Promise<Integration[]>' is not assignable to type 'unique symbol | QueryFunction<PaginatedResponse<Integration>, readonly unknown[], never> | undefined'.
      Type '() => Promise<Integration[]>' is not assignable to type 'QueryFunction<PaginatedResponse<Integration>, readonly unknown[], never>'.
        Type 'Promise<Integration[]>' is not assignable to type 'PaginatedResponse<Integration> | Promise<PaginatedResponse<Integration>>'.
          Type 'Promise<Integration[]>' is not assignable to type 'Promise<PaginatedResponse<Integration>>'.
            Type 'Integration[]' is missing the following properties from type 'PaginatedResponse<Integration>': items, total, page, page_size, total_pages
lib/tanstack-query/hooks/use-integrations.ts(50,55): error TS2554: Expected 0 arguments, but got 1.
lib/tanstack-query/hooks/use-integrations.ts(59,39): error TS2551: Property 'getIntegration' does not exist on type 'IntegrationService'. Did you mean 'getIntegrations'?
lib/tanstack-query/hooks/use-integrations.ts(72,39): error TS2551: Property 'getIntegrationStatus' does not exist on type 'IntegrationService'. Did you mean 'getIntegrations'?
lib/tanstack-query/hooks/use-integrations.ts(93,5): error TS2769: No overload matches this call.
  Overload 1 of 3, '(options: DefinedInitialDataOptions<PaginatedResponse<IntegrationLog>, ApiError, PaginatedResponse<IntegrationLog>, readonly unknown[]>, queryClient?: QueryClient | undefined): DefinedUseQueryResult<...>', gave the following error.
    Type '() => Promise<{ logs: Array<{ timestamp: string; event_type: string; status: string; details: any; }>; total: number; }>' is not assignable to type 'QueryFunction<PaginatedResponse<IntegrationLog>, readonly unknown[]>'.
      Type 'Promise<{ logs: { timestamp: string; event_type: string; status: string; details: any; }[]; total: number; }>' is not assignable to type 'PaginatedResponse<IntegrationLog> | Promise<PaginatedResponse<IntegrationLog>>'.
        Type 'Promise<{ logs: { timestamp: string; event_type: string; status: string; details: any; }[]; total: number; }>' is not assignable to type 'Promise<PaginatedResponse<IntegrationLog>>'.
          Type '{ logs: { timestamp: string; event_type: string; status: string; details: any; }[]; total: number; }' is missing the following properties from type 'PaginatedResponse<IntegrationLog>': items, page, page_size, total_pages
  Overload 2 of 3, '(options: UndefinedInitialDataOptions<PaginatedResponse<IntegrationLog>, ApiError, PaginatedResponse<IntegrationLog>, readonly unknown[]>, queryClient?: QueryClient | undefined): UseQueryResult<...>', gave the following error.
    Type '() => Promise<{ logs: Array<{ timestamp: string; event_type: string; status: string; details: any; }>; total: number; }>' is not assignable to type 'unique symbol | QueryFunction<PaginatedResponse<IntegrationLog>, readonly unknown[], never> | undefined'.
      Type '() => Promise<{ logs: Array<{ timestamp: string; event_type: string; status: string; details: any; }>; total: number; }>' is not assignable to type 'QueryFunction<PaginatedResponse<IntegrationLog>, readonly unknown[], never>'.
        Type 'Promise<{ logs: { timestamp: string; event_type: string; status: string; details: any; }[]; total: number; }>' is not assignable to type 'PaginatedResponse<IntegrationLog> | Promise<PaginatedResponse<IntegrationLog>>'.
          Type 'Promise<{ logs: { timestamp: string; event_type: string; status: string; details: any; }[]; total: number; }>' is not assignable to type 'Promise<PaginatedResponse<IntegrationLog>>'.
            Type '{ logs: { timestamp: string; event_type: string; status: string; details: any; }[]; total: number; }' is missing the following properties from type 'PaginatedResponse<IntegrationLog>': items, page, page_size, total_pages
  Overload 3 of 3, '(options: UseQueryOptions<PaginatedResponse<IntegrationLog>, ApiError, PaginatedResponse<IntegrationLog>, readonly unknown[]>, queryClient?: QueryClient | undefined): UseQueryResult<...>', gave the following error.
    Type '() => Promise<{ logs: Array<{ timestamp: string; event_type: string; status: string; details: any; }>; total: number; }>' is not assignable to type 'unique symbol | QueryFunction<PaginatedResponse<IntegrationLog>, readonly unknown[], never> | undefined'.
      Type '() => Promise<{ logs: Array<{ timestamp: string; event_type: string; status: string; details: any; }>; total: number; }>' is not assignable to type 'QueryFunction<PaginatedResponse<IntegrationLog>, readonly unknown[], never>'.
        Type 'Promise<{ logs: { timestamp: string; event_type: string; status: string; details: any; }[]; total: number; }>' is not assignable to type 'PaginatedResponse<IntegrationLog> | Promise<PaginatedResponse<IntegrationLog>>'.
          Type 'Promise<{ logs: { timestamp: string; event_type: string; status: string; details: any; }[]; total: number; }>' is not assignable to type 'Promise<PaginatedResponse<IntegrationLog>>'.
            Type '{ logs: { timestamp: string; event_type: string; status: string; details: any; }[]; total: number; }' is missing the following properties from type 'PaginatedResponse<IntegrationLog>': items, page, page_size, total_pages
lib/tanstack-query/hooks/use-integrations.ts(103,39): error TS2339: Property 'getProviders' does not exist on type 'IntegrationService'.
lib/tanstack-query/hooks/use-integrations.ts(115,39): error TS2339: Property 'getProvider' does not exist on type 'IntegrationService'.
lib/tanstack-query/hooks/use-integrations.ts(128,39): error TS2339: Property 'getProviderConfigs' does not exist on type 'IntegrationService'.
lib/tanstack-query/hooks/use-integrations.ts(141,39): error TS2339: Property 'getSyncHistory' does not exist on type 'IntegrationService'.
lib/tanstack-query/hooks/use-integrations.ts(154,46): error TS2551: Property 'createIntegration' does not exist on type 'IntegrationService'. Did you mean 'getIntegrations'?
lib/tanstack-query/hooks/use-integrations.ts(171,54): error TS2551: Property 'updateIntegration' does not exist on type 'IntegrationService'. Did you mean 'testIntegration'?
lib/tanstack-query/hooks/use-integrations.ts(186,52): error TS2551: Property 'deleteIntegration' does not exist on type 'IntegrationService'. Did you mean 'getIntegrations'?
lib/tanstack-query/hooks/use-integrations.ts(201,56): error TS2339: Property 'testConnection' does not exist on type 'IntegrationService'.
lib/tanstack-query/hooks/use-integrations.ts(213,52): error TS2339: Property 'enableIntegration' does not exist on type 'IntegrationService'.
lib/tanstack-query/hooks/use-integrations.ts(231,52): error TS2339: Property 'disableIntegration' does not exist on type 'IntegrationService'.
lib/tanstack-query/hooks/use-integrations.ts(249,75): error TS2345: Argument of type 'boolean | undefined' is not assignable to parameter of type '{ full_sync?: boolean | undefined; data_types?: string[] | undefined; } | undefined'.
  Type 'false' has no properties in common with type '{ full_sync?: boolean | undefined; data_types?: string[] | undefined; }'.
lib/tanstack-query/hooks/use-integrations.ts(266,52): error TS2339: Property 'refreshCredentials' does not exist on type 'IntegrationService'.
lib/tanstack-query/hooks/use-integrations.ts(286,26): error TS2339: Property 'exportData' does not exist on type 'IntegrationService'.
lib/tanstack-query/hooks/use-integrations.ts(297,66): error TS2339: Property 'bulkSync' does not exist on type 'IntegrationService'.
lib/tanstack-query/hooks/use-monitoring.ts(30,38): error TS2551: Property 'getSystemHealth' does not exist on type 'MonitoringService'. Did you mean 'getSystemAlerts'?
lib/tanstack-query/hooks/use-monitoring.ts(40,38): error TS2339: Property 'getMetrics' does not exist on type 'MonitoringService'.
lib/tanstack-query/hooks/use-monitoring.ts(50,38): error TS2551: Property 'getPerformanceMetrics' does not exist on type 'MonitoringService'. Did you mean 'getApiPerformanceMetrics'?
lib/tanstack-query/hooks/use-monitoring.ts(68,38): error TS2339: Property 'getAlerts' does not exist on type 'MonitoringService'.
lib/tanstack-query/hooks/use-monitoring.ts(78,38): error TS2339: Property 'getAlert' does not exist on type 'MonitoringService'.
lib/tanstack-query/hooks/use-monitoring.ts(88,38): error TS2551: Property 'getSystemStatus' does not exist on type 'MonitoringService'. Did you mean 'getSystemAlerts'?
lib/tanstack-query/hooks/use-monitoring.ts(128,51): error TS2345: Argument of type '{ severity?: string | undefined; service?: string | undefined; start_date?: string | undefined; end_date?: string | undefined; page?: number | undefined; page_size?: number | undefined; } | undefined' is not assignable to parameter of type '{ severity?: "warning" | "error" | "info" | undefined; start_date?: string | undefined; end_date?: string | undefined; search?: string | undefined; page?: number | undefined; page_size?: number | undefined; } | undefined'.
  Type '{ severity?: string | undefined; service?: string | undefined; start_date?: string | undefined; end_date?: string | undefined; page?: number | undefined; page_size?: number | undefined; }' is not assignable to type '{ severity?: "warning" | "error" | "info" | undefined; start_date?: string | undefined; end_date?: string | undefined; search?: string | undefined; page?: number | undefined; page_size?: number | undefined; }'.
    Types of property 'severity' are incompatible.
      Type 'string | undefined' is not assignable to type '"warning" | "error" | "info" | undefined'.
        Type 'string' is not assignable to type '"warning" | "error" | "info" | undefined'.
lib/tanstack-query/hooks/use-monitoring.ts(140,54): error TS2339: Property 'acknowledgeAlert' does not exist on type 'MonitoringService'.
lib/tanstack-query/hooks/use-monitoring.ts(174,45): error TS2339: Property 'createAlert' does not exist on type 'MonitoringService'.
lib/tanstack-query/hooks/use-monitoring.ts(195,25): error TS2339: Property 'exportLogs' does not exist on type 'MonitoringService'.
lib/tanstack-query/hooks/use-monitoring.ts(209,25): error TS2339: Property 'testAlertNotification' does not exist on type 'MonitoringService'.
lib/tanstack-query/hooks/use-mutation-with-toast.ts(62,25): error TS2552: Cannot find name 'variables'. Did you mean '_variables'?
lib/tanstack-query/hooks/use-policies.ts(15,3): error TS2305: Module '"@/types/api"' has no exported member 'GeneratePolicyRequest'.
lib/tanstack-query/hooks/use-policies.ts(16,3): error TS2305: Module '"@/types/api"' has no exported member 'UpdatePolicyRequest'.
lib/tanstack-query/hooks/use-policies.ts(17,3): error TS2305: Module '"@/types/api"' has no exported member 'PolicyTemplate'.
lib/tanstack-query/hooks/use-policies.ts(41,5): error TS2769: No overload matches this call.
  Overload 1 of 3, '(options: DefinedInitialDataOptions<PaginatedResponse<Policy>, ApiError, PaginatedResponse<Policy>, readonly unknown[]>, queryClient?: QueryClient | undefined): DefinedUseQueryResult<...>', gave the following error.
    Type '() => Promise<{ policies: Policy[]; }>' is not assignable to type 'QueryFunction<PaginatedResponse<Policy>, readonly unknown[]>'.
      Type 'Promise<{ policies: Policy[]; }>' is not assignable to type 'PaginatedResponse<Policy> | Promise<PaginatedResponse<Policy>>'.
        Type 'Promise<{ policies: Policy[]; }>' is not assignable to type 'Promise<PaginatedResponse<Policy>>'.
          Type '{ policies: Policy[]; }' is missing the following properties from type 'PaginatedResponse<Policy>': items, total, page, page_size, total_pages
  Overload 2 of 3, '(options: UndefinedInitialDataOptions<PaginatedResponse<Policy>, ApiError, PaginatedResponse<Policy>, readonly unknown[]>, queryClient?: QueryClient | undefined): UseQueryResult<...>', gave the following error.
    Type '() => Promise<{ policies: Policy[]; }>' is not assignable to type 'unique symbol | QueryFunction<PaginatedResponse<Policy>, readonly unknown[], never> | undefined'.
      Type '() => Promise<{ policies: Policy[]; }>' is not assignable to type 'QueryFunction<PaginatedResponse<Policy>, readonly unknown[], never>'.
        Type 'Promise<{ policies: Policy[]; }>' is not assignable to type 'PaginatedResponse<Policy> | Promise<PaginatedResponse<Policy>>'.
          Type 'Promise<{ policies: Policy[]; }>' is not assignable to type 'Promise<PaginatedResponse<Policy>>'.
            Type '{ policies: Policy[]; }' is missing the following properties from type 'PaginatedResponse<Policy>': items, total, page, page_size, total_pages
  Overload 3 of 3, '(options: UseQueryOptions<PaginatedResponse<Policy>, ApiError, PaginatedResponse<Policy>, readonly unknown[]>, queryClient?: QueryClient | undefined): UseQueryResult<...>', gave the following error.
    Type '() => Promise<{ policies: Policy[]; }>' is not assignable to type 'unique symbol | QueryFunction<PaginatedResponse<Policy>, readonly unknown[], never> | undefined'.
      Type '() => Promise<{ policies: Policy[]; }>' is not assignable to type 'QueryFunction<PaginatedResponse<Policy>, readonly unknown[], never>'.
        Type 'Promise<{ policies: Policy[]; }>' is not assignable to type 'PaginatedResponse<Policy> | Promise<PaginatedResponse<Policy>>'.
          Type 'Promise<{ policies: Policy[]; }>' is not assignable to type 'Promise<PaginatedResponse<Policy>>'.
            Type '{ policies: Policy[]; }' is missing the following properties from type 'PaginatedResponse<Policy>': items, total, page, page_size, total_pages
lib/tanstack-query/hooks/use-policies.ts(60,34): error TS2339: Property 'getTemplates' does not exist on type 'PolicyService'.
lib/tanstack-query/hooks/use-policies.ts(69,34): error TS2551: Property 'getPolicyTypes' does not exist on type 'PolicyService'. Did you mean 'getPolicies'?
lib/tanstack-query/hooks/use-policies.ts(98,49): error TS2339: Property 'updatePolicy' does not exist on type 'PolicyService'.
lib/tanstack-query/hooks/use-policies.ts(113,47): error TS2339: Property 'deletePolicy' does not exist on type 'PolicyService'.
lib/tanstack-query/hooks/use-policies.ts(127,21): error TS2339: Property 'downloadPolicy' does not exist on type 'PolicyService'.
lib/tanstack-query/hooks/use-policies.ts(136,47): error TS2554: Expected 2 arguments, but got 1.
lib/tanstack-query/hooks/use-reports.ts(15,3): error TS2305: Module '"@/types/api"' has no exported member 'CreateReportRequest'.
lib/tanstack-query/hooks/use-reports.ts(16,3): error TS2305: Module '"@/types/api"' has no exported member 'UpdateReportRequest'.
lib/tanstack-query/hooks/use-reports.ts(17,3): error TS2305: Module '"@/types/api"' has no exported member 'ReportTemplate'.
lib/tanstack-query/hooks/use-reports.ts(18,3): error TS2305: Module '"@/types/api"' has no exported member 'ReportSchedule'.
lib/tanstack-query/hooks/use-reports.ts(47,34): error TS2551: Property 'getReports' does not exist on type 'ReportService'. Did you mean 'getReport'?
lib/tanstack-query/hooks/use-reports.ts(66,34): error TS2339: Property 'getTemplates' does not exist on type 'ReportService'.
lib/tanstack-query/hooks/use-reports.ts(75,34): error TS2339: Property 'getSchedules' does not exist on type 'ReportService'.
lib/tanstack-query/hooks/use-reports.ts(104,49): error TS2339: Property 'updateReport' does not exist on type 'ReportService'.
lib/tanstack-query/hooks/use-reports.ts(133,40): error TS2554: Expected 1 arguments, but got 2.
lib/tanstack-query/hooks/use-reports.ts(144,84): error TS2554: Expected 1 arguments, but got 2.
lib/tanstack-query/hooks/use-reports.ts(158,51): error TS2339: Property 'shareReport' does not exist on type 'ReportService'.
lib/ui-utils.ts(240,3): error TS2322: Type '"md"' is not assignable to type '"sm" | "lg" | "xl" | "default" | "icon"'.
playwright.visual.config.ts(160,7): error TS2769: No overload matches this call.
  The last overload gave the following error.
    Object literal may only specify known properties, and 'fonts' does not exist in type '{ animations?: "allow" | "disabled" | undefined; caret?: "hide" | "initial" | undefined; maxDiffPixels?: number | undefined; maxDiffPixelRatio?: number | undefined; scale?: "css" | "device" | undefined; stylePath?: string | ... 1 more ... | undefined; threshold?: number | undefined; pathTemplate?: string | undefined...'.
scripts/qa-a11y-tracker.ts(210,69): error TS7006: Parameter 'v' implicitly has an 'any' type.
scripts/qa-a11y-tracker.ts(217,28): error TS7006: Parameter 'n' implicitly has an 'any' type.
scripts/qa-a11y-tracker.ts(227,56): error TS7006: Parameter 'p' implicitly has an 'any' type.
scripts/qa-a11y-tracker.ts(235,70): error TS7006: Parameter 'i' implicitly has an 'any' type.
scripts/qa-a11y-tracker.ts(240,28): error TS7006: Parameter 'n' implicitly has an 'any' type.
scripts/qa-pr-analyzer.ts(365,11): error TS2304: Cannot find name 'ava'.
scripts/qa-pr-analyzer.ts(380,10): error TS2304: Cannot find name 'AvaQAAutomation'.
sentry.client.config.ts(27,9): error TS2353: Object literal may only specify known properties, and 'sessionSampleRate' does not exist in type 'ReplayConfiguration'.
src/components/magicui/number-ticker.tsx(33,13): error TS7030: Not all code paths return a value.
src/config/env.ts(82,3): error TS2741: Property 'NODE_ENV' is missing in type '{ NEXT_PUBLIC_API_URL: string; NEXT_PUBLIC_WEBSOCKET_URL: string; NEXT_PUBLIC_AUTH_DOMAIN: string; NEXT_PUBLIC_JWT_EXPIRES_IN: string; NEXT_PUBLIC_ENABLE_ANALYTICS: boolean; NEXT_PUBLIC_ENABLE_SENTRY: boolean; NEXT_PUBLIC_ENABLE_MOCK_DATA: boolean; NEXT_PUBLIC_ENV: "development" | ... 1 more ... | "test"; NEXT_PUBLI...' but required in type '{ NODE_ENV: "development" | "production" | "test"; NEXT_PUBLIC_API_URL: string; NEXT_PUBLIC_WEBSOCKET_URL: string; NEXT_PUBLIC_AUTH_DOMAIN: string; NEXT_PUBLIC_JWT_EXPIRES_IN: string; ... 9 more ...; SENTRY_AUTH_TOKEN?: string | undefined; }'.
tests/__mocks__/lucide-react.ts(15,12): error TS2339: Property 'displayName' does not exist on type 'Mock<({ className, ...props }: any) => { type: string; props: any; }>'.
tests/accessibility/accessibility.test.tsx(1,41): error TS7016: Could not find a declaration file for module 'jest-axe'. '/home/ubuntu/repos/ruleIQ/frontend/node_modules/.pnpm/jest-axe@10.0.0/node_modules/jest-axe/index.js' implicitly has an 'any' type.
  Try `npm i --save-dev @types/jest-axe` if it exists or add a new declaration (.d.ts) file containing `declare module 'jest-axe';`
tests/accessibility/accessibility.test.tsx(5,10): error TS2614: Module '"@/components/login-form-demo"' has no exported member 'LoginForm'. Did you mean to use 'import LoginForm from "@/components/login-form-demo"' instead?
tests/accessibility/accessibility.test.tsx(124,37): error TS2739: Type '{}' is missing the following properties from type 'AssessmentWizardProps': framework, assessmentId, businessProfileId, onComplete
tests/accessibility/keyboard-navigation.test.tsx(143,31): error TS18048: 'menuTest.menuItemCount' is possibly 'undefined'.
tests/accessibility/keyboard-navigation.test.tsx(446,34): error TS18048: 'gridNavTest.cellCount' is possibly 'undefined'.
tests/accessibility/utils.ts(2,51): error TS7016: Could not find a declaration file for module 'jest-axe'. '/home/ubuntu/repos/ruleIQ/frontend/node_modules/.pnpm/jest-axe@10.0.0/node_modules/jest-axe/index.js' implicitly has an 'any' type.
  Try `npm i --save-dev @types/jest-axe` if it exists or add a new declaration (.d.ts) file containing `declare module 'jest-axe';`
tests/accessibility/utils.ts(67,15): error TS7006: Parameter 'node' implicitly has an 'any' type.
tests/accessibility/utils.ts(96,28): error TS2339: Property 'includes' does not exist on type 'NodeListOf<Element>'.
tests/accessibility/utils.ts(172,6): error TS7006: Parameter 'violation' implicitly has an 'any' type.
tests/ai-fallback.test.ts(8,13): error TS2540: Cannot assign to 'NODE_ENV' because it is a read-only property.
tests/ai-fallback.test.ts(246,34): error TS7030: Not all code paths return a value.
tests/ai-fallback.test.ts(271,14): error TS18048: 'response' is possibly 'undefined'.
tests/ai-fallback.test.ts(272,14): error TS18048: 'response' is possibly 'undefined'.
tests/ai-fallback.test.ts(273,14): error TS18048: 'response' is possibly 'undefined'.
tests/ai-helper-methods.test.ts(8,13): error TS2540: Cannot assign to 'NODE_ENV' because it is a read-only property.
tests/ai-integration.test.ts(44,11): error TS2353: Object literal may only specify known properties, and 'weight' does not exist in type 'AssessmentSection'.
tests/ai-integration.test.ts(314,9): error TS2322: Type '{ id: string; title: string; description: string; priority: "high"; category: string; estimatedEffort: string; timeline: string; }[]' is not assignable to type 'Recommendation[]'.
  Type '{ id: string; title: string; description: string; priority: "high"; category: string; estimatedEffort: string; timeline: string; }' is missing the following properties from type 'Recommendation': gapId, impact, effort, estimatedTime
tests/ai-service-integration.test.ts(15,13): error TS2540: Cannot assign to 'NODE_ENV' because it is a read-only property.
tests/ai-service-integration.test.ts(27,7): error TS2353: Object literal may only specify known properties, and 'size' does not exist in type 'Partial<BusinessProfile>'.
tests/ai-service-integration.test.ts(34,7): error TS2353: Object literal may only specify known properties, and 'size' does not exist in type 'Partial<BusinessProfile>'.
tests/ai-service-integration.test.ts(41,7): error TS2353: Object literal may only specify known properties, and 'size' does not exist in type 'Partial<BusinessProfile>'.
tests/ai-service-integration.test.ts(180,71): error TS2345: Argument of type '{ current_question_id: string; user_response: string; framework_id: string; context: { business_profile: Partial<BusinessProfile>; current_answers: { company_size: string; ... 7 more ...; compliance_budget: string; }; }; }' is not assignable to parameter of type 'AIFollowUpRequest'.
  Type '{ current_question_id: string; user_response: string; framework_id: string; context: { business_profile: Partial<BusinessProfile>; current_answers: { company_size: string; ... 7 more ...; compliance_budget: string; }; }; }' is missing the following properties from type 'AIFollowUpRequest': question_id, question_text, user_answer, assessment_context
tests/ai-service-integration.test.ts(183,37): error TS2339: Property 'questions' does not exist on type 'AIFollowUpResponse'.
tests/ai-service-integration.test.ts(184,23): error TS2339: Property 'questions' does not exist on type 'AIFollowUpResponse'.
tests/ai-service-integration.test.ts(251,66): error TS2345: Argument of type '{ gaps: { id: string; questionId: string; section: string; severity: "high"; description: string; impact: string; currentState: string; targetState: string; }[]; business_profile: Partial<BusinessProfile>; existing_policies: string[]; industry_context: string; timeline_preferences: string; }' is not assignable to parameter of type 'AIRecommendationRequest'.
  Types of property 'gaps' are incompatible.
    Type '{ id: string; questionId: string; section: string; severity: "high"; description: string; impact: string; currentState: string; targetState: string; }[]' is not assignable to type 'Gap[]'.
      Type '{ id: string; questionId: string; section: string; severity: "high"; description: string; impact: string; currentState: string; targetState: string; }' is missing the following properties from type 'Gap': questionText, category, expectedAnswer
tests/api/api-services-msw.test.ts(1,10): error TS2300: Duplicate identifier 'setupAuthMocks'.
tests/api/api-services-msw.test.ts(3,10): error TS2300: Duplicate identifier 'setupAuthMocks'.
tests/api/api-services-msw.test.ts(53,40): error TS2554: Expected 2 arguments, but got 1.
tests/api/api-services-msw.test.ts(59,21): error TS2339: Property 'user' does not exist on type 'void'.
tests/api/api-services-msw.test.ts(60,21): error TS2339: Property 'user' does not exist on type 'void'.
tests/api/api-services-msw.test.ts(61,21): error TS2339: Property 'tokens' does not exist on type 'void'.
tests/api/api-services-msw.test.ts(73,21): error TS2554: Expected 2 arguments, but got 1.
tests/api/api-services-msw.test.ts(95,40): error TS2554: Expected 2-3 arguments, but got 1.
tests/api/api-services-msw.test.ts(96,21): error TS2339: Property 'user' does not exist on type 'void'.
tests/api/api-services-msw.test.ts(102,14): error TS18047: 'result' is possibly 'null'.
tests/api/api-services-msw.test.ts(103,14): error TS18047: 'result' is possibly 'null'.
tests/api/api-services-msw.test.ts(104,14): error TS18047: 'result' is possibly 'null'.
tests/api/api-services-msw.test.ts(104,21): error TS2551: Property 'is_active' does not exist on type 'User'. Did you mean 'isActive'?
tests/api/api-services-msw.test.ts(117,21): error TS2339: Property 'page' does not exist on type '{ items: Assessment[]; total: number; }'.
tests/api/api-services-msw.test.ts(118,21): error TS2339: Property 'size' does not exist on type '{ items: Assessment[]; total: number; }'.
tests/api/api-services-msw.test.ts(200,69): error TS2345: Argument of type '{ status: string; notes: string; }' is not assignable to parameter of type 'UpdateEvidenceRequest'.
  Types of property 'status' are incompatible.
    Type 'string' is not assignable to type '"pending" | "approved" | "rejected" | "needs_review" | undefined'.
tests/api/api-services-msw.test.ts(218,14): error TS18047: 'result' is possibly 'null'.
tests/api/api-services-msw.test.ts(219,14): error TS18047: 'result' is possibly 'null'.
tests/api/api-services-msw.test.ts(220,14): error TS18047: 'result' is possibly 'null'.
tests/api/api-services-msw.test.ts(302,21): error TS2554: Expected 2-3 arguments, but got 1.
tests/api/api-services-simple.test.ts(1,10): error TS2300: Duplicate identifier 'setupAuthMocks'.
tests/api/api-services-simple.test.ts(3,10): error TS2300: Duplicate identifier 'setupAuthMocks'.
tests/api/api-services-simple.test.ts(56,40): error TS2554: Expected 2 arguments, but got 1.
tests/api/api-services-simple.test.ts(62,21): error TS2339: Property 'user' does not exist on type 'void'.
tests/api/api-services-simple.test.ts(63,21): error TS2339: Property 'tokens' does not exist on type 'void'.
tests/api/api-services-simple.test.ts(81,21): error TS2554: Expected 2 arguments, but got 1.
tests/api/api-services-simple.test.ts(134,21): error TS2339: Property 'user' does not exist on type 'Assessment'.
tests/api/api-services-simple.test.ts(134,48): error TS2339: Property 'user' does not exist on type '{ status: string; name: string; framework_id: string; business_profile_id: string; id: string; }'.
tests/api/api-services-simple.test.ts(135,21): error TS2339: Property 'tokens' does not exist on type 'Assessment'.
tests/api/api-services-simple.test.ts(135,50): error TS2339: Property 'tokens' does not exist on type '{ status: string; name: string; framework_id: string; business_profile_id: string; id: string; }'.
tests/api/api-services-simple.test.ts(177,44): error TS2551: Property 'uploadEvidence' does not exist on type 'EvidenceService'. Did you mean 'uploadEvidenceFile'?
tests/api/api-services-simple.test.ts(222,51): error TS2551: Property 'createProfile' does not exist on type 'BusinessProfileService'. Did you mean 'getProfile'?
tests/api/api-services.test.ts(1,10): error TS2300: Duplicate identifier 'setupAuthMocks'.
tests/api/api-services.test.ts(3,10): error TS2300: Duplicate identifier 'setupAuthMocks'.
tests/api/api-services.test.ts(41,10): error TS2305: Module '"@/lib/api/error-handler"' has no exported member 'ApiError'.
tests/api/api-services.test.ts(86,40): error TS2554: Expected 2 arguments, but got 1.
tests/api/api-services.test.ts(117,21): error TS2554: Expected 2 arguments, but got 1.
tests/api/api-services.test.ts(145,25): error TS2554: Expected 2-3 arguments, but got 1.
tests/api/api-services.test.ts(371,44): error TS2551: Property 'uploadEvidence' does not exist on type 'EvidenceService'. Did you mean 'uploadEvidenceFile'?
tests/api/api-services.test.ts(395,69): error TS2345: Argument of type '{ status: string; notes: string; }' is not assignable to parameter of type 'UpdateEvidenceRequest'.
  Types of property 'status' are incompatible.
    Type 'string' is not assignable to type '"pending" | "approved" | "rejected" | "needs_review" | undefined'.
tests/api/api-services.test.ts(464,51): error TS2551: Property 'createProfile' does not exist on type 'BusinessProfileService'. Did you mean 'getProfile'?
tests/api/api-services.test.ts(488,51): error TS2554: Expected 2 arguments, but got 1.
tests/api/api-services.test.ts(543,21): error TS2554: Expected 2-3 arguments, but got 1.
tests/api/api-services.test.ts(588,25): error TS2554: Expected 2 arguments, but got 1.
tests/api/freemium-service.test.ts(36,8): error TS2307: Cannot find module '../../lib/api/types/freemium' or its corresponding type declarations.
tests/api/freemium-service.test.ts(145,21): error TS2339: Property 'duplicate' does not exist on type 'FreemiumEmailCaptureResponse'.
tests/api/freemium-service.test.ts(271,21): error TS2339: Property 'session_resumed' does not exist on type 'FreemiumAssessmentStartResponse'.
tests/api/freemium-service.test.ts(423,21): error TS2339: Property 'fallback_mode' does not exist on type 'FreemiumAnswerResponse'.
tests/components/accessibility.test.tsx(3,41): error TS7016: Could not find a declaration file for module 'jest-axe'. '/home/ubuntu/repos/ruleIQ/frontend/node_modules/.pnpm/jest-axe@10.0.0/node_modules/jest-axe/index.js' implicitly has an 'any' type.
  Try `npm i --save-dev @types/jest-axe` if it exists or add a new declaration (.d.ts) file containing `declare module 'jest-axe';`
tests/components/ai/AIGuidancePanel.test.tsx(45,3): error TS2561: Object literal may only specify known properties, but 'business_profile_id' does not exist in type 'UserContext'. Did you mean to write 'business_profile'?
tests/components/ai/AIHelpTooltip.test.tsx(49,3): error TS2322: Type '"yes_no"' is not assignable to type 'QuestionType'.
tests/components/ai/AIHelpTooltip.test.tsx(54,3): error TS2561: Object literal may only specify known properties, but 'business_profile_id' does not exist in type 'UserContext'. Did you mean to write 'business_profile'?
tests/components/ai/AIHelpTooltip.test.tsx(164,42): error TS2353: Object literal may only specify known properties, and 'request_id' does not exist in type 'AIHelpResponse | PromiseLike<AIHelpResponse>'.
tests/components/ai/AIHelpTooltip.test.tsx(223,69): error TS2345: Argument of type '{ status: string; }' is not assignable to parameter of type 'void'.
tests/components/ai/AIHelpTooltip.test.tsx(261,69): error TS2345: Argument of type '{ status: string; }' is not assignable to parameter of type 'void'.
tests/components/ai/ai-components-memory-leak.test.tsx(70,24): error TS2322: Type '{ id: string; text: string; type: "boolean"; required: boolean; }' is not assignable to type 'Question'.
  Types of property 'type' are incompatible.
    Type '"boolean"' is not assignable to type 'QuestionType'.
tests/components/ai/ai-components-memory-leak.test.tsx(70,67): error TS2559: Type '{ company_name: string; industry: string; }' has no properties in common with type 'UserContext'.
tests/components/ai/ai-components-memory-leak.test.tsx(74,17): error TS2304: Cannot find name 'assessmentAIService'.
tests/components/ai/ai-components-memory-leak.test.tsx(98,24): error TS2322: Type '{ id: string; text: string; type: "boolean"; required: boolean; }' is not assignable to type 'Question'.
  Types of property 'type' are incompatible.
    Type '"boolean"' is not assignable to type 'QuestionType'.
tests/components/ai/ai-components-memory-leak.test.tsx(98,67): error TS2559: Type '{ company_name: string; industry: string; }' has no properties in common with type 'UserContext'.
tests/components/ai/ai-components-memory-leak.test.tsx(120,24): error TS2322: Type '{ id: string; text: string; type: "boolean"; required: boolean; }' is not assignable to type 'Question'.
  Types of property 'type' are incompatible.
    Type '"boolean"' is not assignable to type 'QuestionType'.
tests/components/ai/ai-components-memory-leak.test.tsx(138,28): error TS2339: Property 'toHaveNoMemoryLeaks' does not exist on type 'Assertion<MemoryLeakDetector>'.
tests/components/ai/ai-components-memory-leak.test.tsx(156,26): error TS2322: Type '{ id: string; text: string; type: "boolean"; required: boolean; }' is not assignable to type 'Question'.
  Types of property 'type' are incompatible.
    Type '"boolean"' is not assignable to type 'QuestionType'.
tests/components/ai/ai-components-memory-leak.test.tsx(178,17): error TS2304: Cannot find name 'assessmentAIService'.
tests/components/ai/ai-components-memory-leak.test.tsx(183,26): error TS2322: Type '{ id: string; text: string; type: "boolean"; required: boolean; }' is not assignable to type 'Question'.
  Types of property 'type' are incompatible.
    Type '"boolean"' is not assignable to type 'QuestionType'.
tests/components/ai/ai-components-memory-leak.test.tsx(249,28): error TS2322: Type '{ id: string; text: string; type: "boolean"; required: boolean; }' is not assignable to type 'Question'.
  Types of property 'type' are incompatible.
    Type '"boolean"' is not assignable to type 'QuestionType'.
tests/components/ai/ai-components-memory-leak.test.tsx(250,28): error TS2322: Type '{ id: string; text: string; type: "boolean"; required: boolean; }' is not assignable to type 'Question'.
  Types of property 'type' are incompatible.
    Type '"boolean"' is not assignable to type 'QuestionType'.
tests/components/ai/ai-components-memory-leak.test.tsx(262,28): error TS2322: Type '{ id: string; text: string; type: "boolean"; required: boolean; }' is not assignable to type 'Question'.
  Types of property 'type' are incompatible.
    Type '"boolean"' is not assignable to type 'QuestionType'.
tests/components/ai/ai-components-memory-leak.test.tsx(263,30): error TS2322: Type '{ id: string; text: string; type: "boolean"; required: boolean; }' is not assignable to type 'Question'.
  Types of property 'type' are incompatible.
    Type '"boolean"' is not assignable to type 'QuestionType'.
tests/components/ai/ai-components-memory-leak.test.tsx(275,24): error TS2322: Type '{ id: string; text: string; type: "boolean"; required: boolean; }' is not assignable to type 'Question'.
  Types of property 'type' are incompatible.
    Type '"boolean"' is not assignable to type 'QuestionType'.
tests/components/ai/ai-components-memory-leak.test.tsx(303,28): error TS2339: Property 'toHaveNoMemoryLeaks' does not exist on type 'Assertion<MemoryLeakDetector>'.
tests/components/assessments/auto-save-indicator-memory-leak.test.tsx(116,26): error TS2339: Property 'toHaveNoMemoryLeaks' does not exist on type 'Assertion<MemoryLeakDetector>'.
tests/components/auth/auth-flow-memory-leak.test.tsx(244,7): error TS2322: Type '"Registration failed"' is not assignable to type 'null'.
tests/components/auth/auth-flow.test.tsx(1,84): error TS2307: Cannot find module '../utils/form-test-helpers' or its corresponding type declarations.
tests/components/dashboard/dashboard-widgets.test.tsx(43,15): error TS2741: Property 'data' is missing in type '{ score: number; trend: "up"; previousScore: number; frameworks: { name: string; score: number; status: string; }[]; }' but required in type 'ComplianceScoreWidgetProps'.
tests/components/dashboard/dashboard-widgets.test.tsx(50,15): error TS2741: Property 'data' is missing in type '{ score: number; trend: "up"; previousScore: number; frameworks: { name: string; score: number; status: string; }[]; }' but required in type 'ComplianceScoreWidgetProps'.
tests/components/dashboard/dashboard-widgets.test.tsx(57,15): error TS2741: Property 'data' is missing in type '{ score: number; trend: "up"; previousScore: number; frameworks: { name: string; score: number; status: string; }[]; }' but required in type 'ComplianceScoreWidgetProps'.
tests/components/dashboard/dashboard-widgets.test.tsx(67,15): error TS2741: Property 'data' is missing in type '{ score: number; trend: "down"; previousScore: number; frameworks: { name: string; score: number; status: string; }[]; }' but required in type 'ComplianceScoreWidgetProps'.
tests/components/dashboard/dashboard-widgets.test.tsx(75,52): error TS2322: Type '{ onViewDetails: Mock<Procedure>; score: number; trend: "up"; previousScore: number; frameworks: { name: string; score: number; status: string; }[]; }' is not assignable to type 'IntrinsicAttributes & ComplianceScoreWidgetProps'.
  Property 'onViewDetails' does not exist on type 'IntrinsicAttributes & ComplianceScoreWidgetProps'.
tests/components/dashboard/dashboard-widgets.test.tsx(105,34): error TS2322: Type '({ id: string; title: string; priority: "high"; dueDate: Date; framework: string; type: string; } | { id: string; title: string; priority: "medium"; dueDate: Date; framework: string; type: string; })[]' is not assignable to type 'DashboardTask[]'.
  Type '{ id: string; title: string; priority: "high"; dueDate: Date; framework: string; type: string; } | { id: string; title: string; priority: "medium"; dueDate: Date; framework: string; type: string; }' is not assignable to type 'DashboardTask'.
    Property 'status' is missing in type '{ id: string; title: string; priority: "high"; dueDate: Date; framework: string; type: string; }' but required in type 'DashboardTask'.
tests/components/dashboard/dashboard-widgets.test.tsx(113,34): error TS2322: Type '({ id: string; title: string; priority: "high"; dueDate: Date; framework: string; type: string; } | { id: string; title: string; priority: "medium"; dueDate: Date; framework: string; type: string; })[]' is not assignable to type 'DashboardTask[]'.
  Type '{ id: string; title: string; priority: "high"; dueDate: Date; framework: string; type: string; } | { id: string; title: string; priority: "medium"; dueDate: Date; framework: string; type: string; }' is not assignable to type 'DashboardTask'.
    Property 'status' is missing in type '{ id: string; title: string; priority: "high"; dueDate: Date; framework: string; type: string; }' but required in type 'DashboardTask'.
tests/components/dashboard/dashboard-widgets.test.tsx(120,34): error TS2322: Type '({ id: string; title: string; priority: "high"; dueDate: Date; framework: string; type: string; } | { id: string; title: string; priority: "medium"; dueDate: Date; framework: string; type: string; })[]' is not assignable to type 'DashboardTask[]'.
  Type '{ id: string; title: string; priority: "high"; dueDate: Date; framework: string; type: string; } | { id: string; title: string; priority: "medium"; dueDate: Date; framework: string; type: string; }' is not assignable to type 'DashboardTask'.
    Property 'status' is missing in type '{ id: string; title: string; priority: "high"; dueDate: Date; framework: string; type: string; }' but required in type 'DashboardTask'.
tests/components/dashboard/dashboard-widgets.test.tsx(135,34): error TS2322: Type '({ id: string; title: string; priority: "high"; dueDate: Date; framework: string; type: string; } | { id: string; title: string; priority: "medium"; dueDate: Date; framework: string; type: string; })[]' is not assignable to type 'DashboardTask[]'.
  Type '{ id: string; title: string; priority: "high"; dueDate: Date; framework: string; type: string; } | { id: string; title: string; priority: "medium"; dueDate: Date; framework: string; type: string; }' is not assignable to type 'DashboardTask'.
    Property 'status' is missing in type '{ id: string; title: string; priority: "high"; dueDate: Date; framework: string; type: string; }' but required in type 'DashboardTask'.
tests/components/dashboard/dashboard-widgets.test.tsx(150,34): error TS2322: Type '({ dueDate: Date; id: string; title: string; priority: "high"; framework: string; type: string; } | { dueDate: Date; id: string; title: string; priority: "medium"; framework: string; type: string; })[]' is not assignable to type 'DashboardTask[]'.
  Type '{ dueDate: Date; id: string; title: string; priority: "high"; framework: string; type: string; } | { dueDate: Date; id: string; title: string; priority: "medium"; framework: string; type: string; }' is not assignable to type 'DashboardTask'.
    Property 'status' is missing in type '{ dueDate: Date; id: string; title: string; priority: "high"; framework: string; type: string; }' but required in type 'DashboardTask'.
tests/components/dashboard/dashboard-widgets.test.tsx(249,36): error TS2322: Type '({ id: string; type: "assessment_completed"; title: string; description: string; timestamp: Date; user: string; metadata: { score: number; filename?: undefined; }; } | { id: string; type: "evidence_uploaded"; ... 4 more ...; metadata: { ...; }; })[]' is not assignable to type 'Activity[]'.
  Type '{ id: string; type: "assessment_completed"; title: string; description: string; timestamp: Date; user: string; metadata: { score: number; filename?: undefined; }; } | { id: string; type: "evidence_uploaded"; ... 4 more ...; metadata: { ...; }; }' is not assignable to type 'Activity'.
    Type '{ id: string; type: "assessment_completed"; title: string; description: string; timestamp: Date; user: string; metadata: { score: number; filename?: undefined; }; }' is not assignable to type 'Activity'.
      Types of property 'type' are incompatible.
        Type '"assessment_completed"' is not assignable to type '"assessment" | "evidence" | "report"'.
tests/components/dashboard/dashboard-widgets.test.tsx(257,36): error TS2322: Type '({ id: string; type: "assessment_completed"; title: string; description: string; timestamp: Date; user: string; metadata: { score: number; filename?: undefined; }; } | { id: string; type: "evidence_uploaded"; ... 4 more ...; metadata: { ...; }; })[]' is not assignable to type 'Activity[]'.
  Type '{ id: string; type: "assessment_completed"; title: string; description: string; timestamp: Date; user: string; metadata: { score: number; filename?: undefined; }; } | { id: string; type: "evidence_uploaded"; ... 4 more ...; metadata: { ...; }; }' is not assignable to type 'Activity'.
    Type '{ id: string; type: "assessment_completed"; title: string; description: string; timestamp: Date; user: string; metadata: { score: number; filename?: undefined; }; }' is not assignable to type 'Activity'.
      Types of property 'type' are incompatible.
        Type '"assessment_completed"' is not assignable to type '"assessment" | "evidence" | "report"'.
tests/components/dashboard/dashboard-widgets.test.tsx(264,36): error TS2322: Type '({ id: string; type: "assessment_completed"; title: string; description: string; timestamp: Date; user: string; metadata: { score: number; filename?: undefined; }; } | { id: string; type: "evidence_uploaded"; ... 4 more ...; metadata: { ...; }; })[]' is not assignable to type 'Activity[]'.
  Type '{ id: string; type: "assessment_completed"; title: string; description: string; timestamp: Date; user: string; metadata: { score: number; filename?: undefined; }; } | { id: string; type: "evidence_uploaded"; ... 4 more ...; metadata: { ...; }; }' is not assignable to type 'Activity'.
    Type '{ id: string; type: "assessment_completed"; title: string; description: string; timestamp: Date; user: string; metadata: { score: number; filename?: undefined; }; }' is not assignable to type 'Activity'.
      Types of property 'type' are incompatible.
        Type '"assessment_completed"' is not assignable to type '"assessment" | "evidence" | "report"'.
tests/components/dashboard/dashboard-widgets.test.tsx(277,36): error TS2322: Type '({ id: string; type: "assessment_completed"; title: string; description: string; timestamp: Date; user: string; metadata: { score: number; filename?: undefined; }; } | { id: string; type: "evidence_uploaded"; ... 4 more ...; metadata: { ...; }; })[]' is not assignable to type 'Activity[]'.
  Type '{ id: string; type: "assessment_completed"; title: string; description: string; timestamp: Date; user: string; metadata: { score: number; filename?: undefined; }; } | { id: string; type: "evidence_uploaded"; ... 4 more ...; metadata: { ...; }; }' is not assignable to type 'Activity'.
    Type '{ id: string; type: "assessment_completed"; title: string; description: string; timestamp: Date; user: string; metadata: { score: number; filename?: undefined; }; }' is not assignable to type 'Activity'.
      Types of property 'type' are incompatible.
        Type '"assessment_completed"' is not assignable to type '"assessment" | "evidence" | "report"'.
tests/components/dashboard/dashboard-widgets.test.tsx(285,36): error TS2322: Type '({ id: string; type: "assessment_completed"; title: string; description: string; timestamp: Date; user: string; metadata: { score: number; filename?: undefined; }; } | { id: string; type: "evidence_uploaded"; ... 4 more ...; metadata: { ...; }; })[]' is not assignable to type 'Activity[]'.
  Type '{ id: string; type: "assessment_completed"; title: string; description: string; timestamp: Date; user: string; metadata: { score: number; filename?: undefined; }; } | { id: string; type: "evidence_uploaded"; ... 4 more ...; metadata: { ...; }; }' is not assignable to type 'Activity'.
    Type '{ id: string; type: "assessment_completed"; title: string; description: string; timestamp: Date; user: string; metadata: { score: number; filename?: undefined; }; }' is not assignable to type 'Activity'.
      Types of property 'type' are incompatible.
        Type '"assessment_completed"' is not assignable to type '"assessment" | "evidence" | "report"'.
tests/components/dashboard/dashboard-widgets.test.tsx(301,36): error TS2322: Type '({ timestamp: Date; id: string; type: "assessment_completed"; title: string; description: string; user: string; metadata: { score: number; filename?: undefined; }; } | { timestamp: Date; ... 5 more ...; metadata: { ...; }; })[]' is not assignable to type 'Activity[]'.
  Type '{ timestamp: Date; id: string; type: "assessment_completed"; title: string; description: string; user: string; metadata: { score: number; filename?: undefined; }; } | { timestamp: Date; ... 5 more ...; metadata: { ...; }; }' is not assignable to type 'Activity'.
    Type '{ timestamp: Date; id: string; type: "assessment_completed"; title: string; description: string; user: string; metadata: { score: number; filename?: undefined; }; }' is not assignable to type 'Activity'.
      Types of property 'type' are incompatible.
        Type '"assessment_completed"' is not assignable to type '"assessment" | "evidence" | "report"'.
tests/components/dashboard/dashboard-widgets.test.tsx(316,15): error TS2741: Property 'data' is missing in type '{ score: number; trend: "up"; previousScore: number; frameworks: never[]; }' but required in type 'ComplianceScoreWidgetProps'.
tests/components/dashboard/dashboard-widgets.test.tsx(333,34): error TS2322: Type '{ id: string; title: string; priority: "high"; dueDate: Date; framework: string; type: string; }[]' is not assignable to type 'DashboardTask[]'.
  Property 'status' is missing in type '{ id: string; title: string; priority: "high"; dueDate: Date; framework: string; type: string; }' but required in type 'DashboardTask'.
tests/components/evidence/evidence-management.test.tsx(163,45): error TS2322: Type '{ isUploading: boolean; uploadProgress: number; onUpload: Mock<Procedure>; frameworkId: string; controlReference: string; maxFileSize: number; acceptedFileTypes: string[]; }' is not assignable to type 'IntrinsicAttributes & EvidenceUploadProps'.
  Property 'isUploading' does not exist on type 'IntrinsicAttributes & EvidenceUploadProps'.
tests/components/evidence/evidence-management.test.tsx(170,45): error TS2322: Type '{ allowMultiple: boolean; onUpload: Mock<Procedure>; frameworkId: string; controlReference: string; maxFileSize: number; acceptedFileTypes: string[]; }' is not assignable to type 'IntrinsicAttributes & EvidenceUploadProps'.
  Property 'allowMultiple' does not exist on type 'IntrinsicAttributes & EvidenceUploadProps'.
tests/components/evidence/evidence-management.test.tsx(216,28): error TS2322: Type '({ id: string; name: string; filename: string; status: "approved"; framework: string; control_reference: string; uploaded_at: Date; file_size: number; file_type: string; } | { id: string; ... 7 more ...; file_type: string; })[]' is not assignable to type 'Evidence[]'.
  Type '{ id: string; name: string; filename: string; status: "approved"; framework: string; control_reference: string; uploaded_at: Date; file_size: number; file_type: string; } | { id: string; ... 7 more ...; file_type: string; }' is not assignable to type 'Evidence'.
    Type '{ id: string; name: string; filename: string; status: "approved"; framework: string; control_reference: string; uploaded_at: Date; file_size: number; file_type: string; }' is missing the following properties from type 'Evidence': type, uploadDate
tests/components/evidence/evidence-management.test.tsx(223,28): error TS2322: Type '({ id: string; name: string; filename: string; status: "approved"; framework: string; control_reference: string; uploaded_at: Date; file_size: number; file_type: string; } | { id: string; ... 7 more ...; file_type: string; })[]' is not assignable to type 'Evidence[]'.
  Type '{ id: string; name: string; filename: string; status: "approved"; framework: string; control_reference: string; uploaded_at: Date; file_size: number; file_type: string; } | { id: string; ... 7 more ...; file_type: string; }' is not assignable to type 'Evidence'.
    Type '{ id: string; name: string; filename: string; status: "approved"; framework: string; control_reference: string; uploaded_at: Date; file_size: number; file_type: string; }' is missing the following properties from type 'Evidence': type, uploadDate
tests/components/evidence/evidence-management.test.tsx(230,28): error TS2322: Type '({ id: string; name: string; filename: string; status: "approved"; framework: string; control_reference: string; uploaded_at: Date; file_size: number; file_type: string; } | { id: string; ... 7 more ...; file_type: string; })[]' is not assignable to type 'Evidence[]'.
  Type '{ id: string; name: string; filename: string; status: "approved"; framework: string; control_reference: string; uploaded_at: Date; file_size: number; file_type: string; } | { id: string; ... 7 more ...; file_type: string; }' is not assignable to type 'Evidence'.
    Type '{ id: string; name: string; filename: string; status: "approved"; framework: string; control_reference: string; uploaded_at: Date; file_size: number; file_type: string; }' is missing the following properties from type 'Evidence': type, uploadDate
tests/components/evidence/evidence-management.test.tsx(237,28): error TS2322: Type '({ id: string; name: string; filename: string; status: "approved"; framework: string; control_reference: string; uploaded_at: Date; file_size: number; file_type: string; } | { id: string; ... 7 more ...; file_type: string; })[]' is not assignable to type 'Evidence[]'.
  Type '{ id: string; name: string; filename: string; status: "approved"; framework: string; control_reference: string; uploaded_at: Date; file_size: number; file_type: string; } | { id: string; ... 7 more ...; file_type: string; }' is not assignable to type 'Evidence'.
    Type '{ id: string; name: string; filename: string; status: "approved"; framework: string; control_reference: string; uploaded_at: Date; file_size: number; file_type: string; }' is missing the following properties from type 'Evidence': type, uploadDate
tests/components/evidence/evidence-management.test.tsx(252,11): error TS2322: Type '({ id: string; name: string; filename: string; status: "approved"; framework: string; control_reference: string; uploaded_at: Date; file_size: number; file_type: string; } | { id: string; ... 7 more ...; file_type: string; })[]' is not assignable to type 'Evidence[]'.
  Type '{ id: string; name: string; filename: string; status: "approved"; framework: string; control_reference: string; uploaded_at: Date; file_size: number; file_type: string; } | { id: string; ... 7 more ...; file_type: string; }' is not assignable to type 'Evidence'.
    Type '{ id: string; name: string; filename: string; status: "approved"; framework: string; control_reference: string; uploaded_at: Date; file_size: number; file_type: string; }' is missing the following properties from type 'Evidence': type, uploadDate
tests/components/evidence/evidence-management.test.tsx(269,28): error TS2322: Type '({ id: string; name: string; filename: string; status: "approved"; framework: string; control_reference: string; uploaded_at: Date; file_size: number; file_type: string; } | { id: string; ... 7 more ...; file_type: string; })[]' is not assignable to type 'Evidence[]'.
  Type '{ id: string; name: string; filename: string; status: "approved"; framework: string; control_reference: string; uploaded_at: Date; file_size: number; file_type: string; } | { id: string; ... 7 more ...; file_type: string; }' is not assignable to type 'Evidence'.
    Type '{ id: string; name: string; filename: string; status: "approved"; framework: string; control_reference: string; uploaded_at: Date; file_size: number; file_type: string; }' is missing the following properties from type 'Evidence': type, uploadDate
tests/components/evidence/evidence-management.test.tsx(284,42): error TS2322: Type '{ evidence: never[]; isLoading: boolean; }' is not assignable to type 'IntrinsicAttributes & EvidenceListProps'.
  Property 'isLoading' does not exist on type 'IntrinsicAttributes & EvidenceListProps'.
tests/components/evidence/evidence-management.test.tsx(307,30): error TS2739: Type '{ id: string; name: string; filename: string; status: "approved"; framework: string; control_reference: string; uploaded_at: Date; file_size: number; file_type: string; download_url: string; description: string; version: string; }' is missing the following properties from type 'Evidence': type, uploadDate
tests/components/evidence/evidence-management.test.tsx(315,30): error TS2739: Type '{ id: string; name: string; filename: string; status: "approved"; framework: string; control_reference: string; uploaded_at: Date; file_size: number; file_type: string; download_url: string; description: string; version: string; }' is missing the following properties from type 'Evidence': type, uploadDate
tests/components/evidence/evidence-management.test.tsx(324,30): error TS2739: Type '{ id: string; name: string; filename: string; status: "approved"; framework: string; control_reference: string; uploaded_at: Date; file_size: number; file_type: string; download_url: string; description: string; version: string; }' is missing the following properties from type 'Evidence': type, uploadDate
tests/components/evidence/evidence-management.test.tsx(331,30): error TS2739: Type '{ id: string; name: string; filename: string; status: "approved"; framework: string; control_reference: string; uploaded_at: Date; file_size: number; file_type: string; download_url: string; description: string; version: string; }' is missing the following properties from type 'Evidence': type, uploadDate
tests/components/evidence/evidence-management.test.tsx(346,11): error TS2739: Type '{ status: "pending"; id: string; name: string; filename: string; framework: string; control_reference: string; uploaded_at: Date; file_size: number; file_type: string; download_url: string; description: string; version: string; }' is missing the following properties from type 'Evidence': type, uploadDate
tests/components/evidence/evidence-management.test.tsx(364,30): error TS2739: Type '{ id: string; name: string; filename: string; status: "approved"; framework: string; control_reference: string; uploaded_at: Date; file_size: number; file_type: string; download_url: string; description: string; version: string; }' is missing the following properties from type 'Evidence': type, uploadDate
tests/components/evidence/evidence-management.test.tsx(489,28): error TS2322: Type '{ id: string; name: string; filename: string; status: "approved"; framework: string; control_reference: string; uploaded_at: Date; file_size: number; file_type: string; }[]' is not assignable to type 'Evidence[]'.
  Type '{ id: string; name: string; filename: string; status: "approved"; framework: string; control_reference: string; uploaded_at: Date; file_size: number; file_type: string; }' is missing the following properties from type 'Evidence': type, uploadDate
tests/components/freemium/freemium-assessment-flow.test.tsx(112,59): error TS2345: Argument of type '{ question_id: string; question_text: string; question_type: string; options: string[]; help_text: string; validation_rules: { required: boolean; }; progress: number; total_questions: null; }' is not assignable to parameter of type 'FreemiumAssessmentStartResponse'.
  Type '{ question_id: string; question_text: string; question_type: string; options: string[]; help_text: string; validation_rules: { required: boolean; }; progress: number; total_questions: null; }' is missing the following properties from type 'FreemiumAssessmentStartResponse': session_id, session_token, personalization_applied, expires_at
tests/components/freemium/freemium-assessment-flow.test.tsx(131,59): error TS2345: Argument of type '{ question_id: string; question_text: string; question_type: string; options: string[]; help_text: string; validation_rules: { required: boolean; }; progress: number; total_questions: null; }' is not assignable to parameter of type 'FreemiumAssessmentStartResponse'.
  Type '{ question_id: string; question_text: string; question_type: string; options: string[]; help_text: string; validation_rules: { required: boolean; }; progress: number; total_questions: null; }' is missing the following properties from type 'FreemiumAssessmentStartResponse': session_id, session_token, personalization_applied, expires_at
tests/components/freemium/freemium-assessment-flow.test.tsx(167,59): error TS2345: Argument of type '{ question_id: string; question_text: string; question_type: string; options: string[]; help_text: string; validation_rules: { required: boolean; }; progress: number; total_questions: null; }' is not assignable to parameter of type 'FreemiumAssessmentStartResponse'.
  Type '{ question_id: string; question_text: string; question_type: string; options: string[]; help_text: string; validation_rules: { required: boolean; }; progress: number; total_questions: null; }' is missing the following properties from type 'FreemiumAssessmentStartResponse': session_id, session_token, personalization_applied, expires_at
tests/components/freemium/freemium-assessment-flow.test.tsx(195,59): error TS2345: Argument of type '{ question_id: string; question_text: string; question_type: string; options: undefined; validation_rules: { required: boolean; min_length: number; max_length: number; }; help_text: string; progress: number; total_questions: null; }' is not assignable to parameter of type 'FreemiumAssessmentStartResponse'.
  Type '{ question_id: string; question_text: string; question_type: string; options: undefined; validation_rules: { required: boolean; min_length: number; max_length: number; }; help_text: string; progress: number; total_questions: null; }' is missing the following properties from type 'FreemiumAssessmentStartResponse': session_id, session_token, personalization_applied, expires_at
tests/components/freemium/freemium-assessment-flow.test.tsx(210,24): error TS2339: Property 'value' does not exist on type 'HTMLElement'.
tests/components/freemium/freemium-assessment-flow.test.tsx(223,59): error TS2345: Argument of type '{ question_id: string; question_text: string; question_type: string; options: string[]; validation_rules: { required: boolean; min_selections: number; }; help_text: string; progress: number; total_questions: null; }' is not assignable to parameter of type 'FreemiumAssessmentStartResponse'.
  Type '{ question_id: string; question_text: string; question_type: string; options: string[]; validation_rules: { required: boolean; min_selections: number; }; help_text: string; progress: number; total_questions: null; }' is missing the following properties from type 'FreemiumAssessmentStartResponse': session_id, session_token, personalization_applied, expires_at
tests/components/freemium/freemium-assessment-flow.test.tsx(255,59): error TS2345: Argument of type '{ question_id: string; question_text: string; question_type: string; options: string[]; validation_rules: { required: boolean; min: number; max: number; }; help_text: string; progress: number; total_questions: null; }' is not assignable to parameter of type 'FreemiumAssessmentStartResponse'.
  Type '{ question_id: string; question_text: string; question_type: string; options: string[]; validation_rules: { required: boolean; min: number; max: number; }; help_text: string; progress: number; total_questions: null; }' is missing the following properties from type 'FreemiumAssessmentStartResponse': session_id, session_token, personalization_applied, expires_at
tests/components/freemium/freemium-assessment-flow.test.tsx(270,21): error TS2339: Property 'value' does not exist on type 'HTMLElement'.
tests/components/freemium/freemium-assessment-flow.test.tsx(278,59): error TS2345: Argument of type '{ question_id: string; question_text: string; question_type: string; options: string[]; help_text: string; validation_rules: { required: boolean; }; progress: number; total_questions: null; }' is not assignable to parameter of type 'FreemiumAssessmentStartResponse'.
  Type '{ question_id: string; question_text: string; question_type: string; options: string[]; help_text: string; validation_rules: { required: boolean; }; progress: number; total_questions: null; }' is missing the following properties from type 'FreemiumAssessmentStartResponse': session_id, session_token, personalization_applied, expires_at
tests/components/freemium/freemium-assessment-flow.test.tsx(289,58): error TS2345: Argument of type '{ question_id: string; question_text: string; question_type: string; options: string[]; progress: number; assessment_complete: boolean; }' is not assignable to parameter of type 'FreemiumAnswerResponse'.
  Type '{ question_id: string; question_text: string; question_type: string; options: string[]; progress: number; assessment_complete: boolean; }' is missing the following properties from type 'FreemiumAnswerResponse': is_complete, session_token, answer_recorded
tests/components/freemium/freemium-assessment-flow.test.tsx(335,59): error TS2345: Argument of type '{ question_id: string; question_text: string; question_type: string; options: string[]; help_text: string; validation_rules: { required: boolean; }; progress: number; total_questions: null; }' is not assignable to parameter of type 'FreemiumAssessmentStartResponse'.
  Type '{ question_id: string; question_text: string; question_type: string; options: string[]; help_text: string; validation_rules: { required: boolean; }; progress: number; total_questions: null; }' is missing the following properties from type 'FreemiumAssessmentStartResponse': session_id, session_token, personalization_applied, expires_at
tests/components/freemium/freemium-assessment-flow.test.tsx(359,59): error TS2345: Argument of type '{ question_id: string; question_text: string; question_type: string; options: string[]; help_text: string; validation_rules: { required: boolean; }; progress: number; total_questions: null; }' is not assignable to parameter of type 'FreemiumAssessmentStartResponse'.
  Type '{ question_id: string; question_text: string; question_type: string; options: string[]; help_text: string; validation_rules: { required: boolean; }; progress: number; total_questions: null; }' is missing the following properties from type 'FreemiumAssessmentStartResponse': session_id, session_token, personalization_applied, expires_at
tests/components/freemium/freemium-assessment-flow.test.tsx(367,58): error TS2345: Argument of type '{ assessment_complete: boolean; redirect_to_results: boolean; progress: number; }' is not assignable to parameter of type 'FreemiumAnswerResponse'.
  Type '{ assessment_complete: boolean; redirect_to_results: boolean; progress: number; }' is missing the following properties from type 'FreemiumAnswerResponse': is_complete, session_token, answer_recorded
tests/components/freemium/freemium-assessment-flow.test.tsx(398,59): error TS2345: Argument of type '{ progress: number; question_id: string; question_text: string; question_type: string; options: string[]; help_text: string; validation_rules: { required: boolean; }; total_questions: null; }' is not assignable to parameter of type 'FreemiumAssessmentStartResponse'.
  Type '{ progress: number; question_id: string; question_text: string; question_type: string; options: string[]; help_text: string; validation_rules: { required: boolean; }; total_questions: null; }' is missing the following properties from type 'FreemiumAssessmentStartResponse': session_id, session_token, personalization_applied, expires_at
tests/components/freemium/freemium-assessment-flow.test.tsx(421,59): error TS2345: Argument of type '{ progress: number; current_step: number; total_questions: number; question_id: string; question_text: string; question_type: string; options: string[]; help_text: string; validation_rules: { ...; }; }' is not assignable to parameter of type 'FreemiumAssessmentStartResponse'.
  Type '{ progress: number; current_step: number; total_questions: number; question_id: string; question_text: string; question_type: string; options: string[]; help_text: string; validation_rules: { ...; }; }' is missing the following properties from type 'FreemiumAssessmentStartResponse': session_id, session_token, personalization_applied, expires_at
tests/components/freemium/freemium-assessment-flow.test.tsx(441,59): error TS2345: Argument of type '{ progress: number; estimated_time_remaining: string; question_id: string; question_text: string; question_type: string; options: string[]; help_text: string; validation_rules: { required: boolean; }; total_questions: null; }' is not assignable to parameter of type 'FreemiumAssessmentStartResponse'.
  Type '{ progress: number; estimated_time_remaining: string; question_id: string; question_text: string; question_type: string; options: string[]; help_text: string; validation_rules: { required: boolean; }; total_questions: null; }' is missing the following properties from type 'FreemiumAssessmentStartResponse': session_id, session_token, personalization_applied, expires_at
tests/components/freemium/freemium-assessment-flow.test.tsx(478,32): error TS2345: Argument of type '{ question_id: string; question_text: string; question_type: string; options: string[]; help_text: string; validation_rules: { required: boolean; }; progress: number; total_questions: null; }' is not assignable to parameter of type 'FreemiumAssessmentStartResponse'.
  Type '{ question_id: string; question_text: string; question_type: string; options: string[]; help_text: string; validation_rules: { required: boolean; }; progress: number; total_questions: null; }' is missing the following properties from type 'FreemiumAssessmentStartResponse': session_id, session_token, personalization_applied, expires_at
tests/components/freemium/freemium-assessment-flow.test.tsx(501,59): error TS2345: Argument of type '{ question_id: string; question_text: string; question_type: string; options: string[]; help_text: string; validation_rules: { required: boolean; }; progress: number; total_questions: null; }' is not assignable to parameter of type 'FreemiumAssessmentStartResponse'.
  Type '{ question_id: string; question_text: string; question_type: string; options: string[]; help_text: string; validation_rules: { required: boolean; }; progress: number; total_questions: null; }' is missing the following properties from type 'FreemiumAssessmentStartResponse': session_id, session_token, personalization_applied, expires_at
tests/components/freemium/freemium-assessment-flow.test.tsx(533,9): error TS2353: Object literal may only specify known properties, and 'fallback_mode' does not exist in type 'FreemiumAssessmentStartResponse'.
tests/components/freemium/freemium-assessment-flow.test.tsx(564,59): error TS2345: Argument of type '{ question_id: string; question_text: string; progress: number; session_resumed: boolean; previous_responses: { q1_business_type: string; q2_employee_count: string; }; question_type: string; options: string[]; help_text: string; validation_rules: { ...; }; total_questions: null; }' is not assignable to parameter of type 'FreemiumAssessmentStartResponse'.
  Type '{ question_id: string; question_text: string; progress: number; session_resumed: boolean; previous_responses: { q1_business_type: string; q2_employee_count: string; }; question_type: string; options: string[]; help_text: string; validation_rules: { ...; }; total_questions: null; }' is missing the following properties from type 'FreemiumAssessmentStartResponse': session_id, session_token, personalization_applied, expires_at
tests/components/freemium/freemium-assessment-flow.test.tsx(582,59): error TS2345: Argument of type '{ question_id: string; question_text: string; question_type: string; options: string[]; help_text: string; validation_rules: { required: boolean; }; progress: number; total_questions: null; }' is not assignable to parameter of type 'FreemiumAssessmentStartResponse'.
  Type '{ question_id: string; question_text: string; question_type: string; options: string[]; help_text: string; validation_rules: { required: boolean; }; progress: number; total_questions: null; }' is missing the following properties from type 'FreemiumAssessmentStartResponse': session_id, session_token, personalization_applied, expires_at
tests/components/freemium/freemium-assessment-flow.test.tsx(606,59): error TS2345: Argument of type '{ question_id: string; question_text: string; question_type: string; options: string[]; help_text: string; validation_rules: { required: boolean; }; progress: number; total_questions: null; }' is not assignable to parameter of type 'FreemiumAssessmentStartResponse'.
  Type '{ question_id: string; question_text: string; question_type: string; options: string[]; help_text: string; validation_rules: { required: boolean; }; progress: number; total_questions: null; }' is missing the following properties from type 'FreemiumAssessmentStartResponse': session_id, session_token, personalization_applied, expires_at
tests/components/freemium/freemium-assessment-flow.test.tsx(629,59): error TS2345: Argument of type '{ question_id: string; question_text: string; question_type: string; options: string[]; help_text: string; validation_rules: { required: boolean; }; progress: number; total_questions: null; }' is not assignable to parameter of type 'FreemiumAssessmentStartResponse'.
  Type '{ question_id: string; question_text: string; question_type: string; options: string[]; help_text: string; validation_rules: { required: boolean; }; progress: number; total_questions: null; }' is missing the following properties from type 'FreemiumAssessmentStartResponse': session_id, session_token, personalization_applied, expires_at
tests/components/freemium/freemium-assessment-flow.test.tsx(655,59): error TS2345: Argument of type '{ question_id: string; question_text: string; question_type: string; options: string[]; help_text: string; validation_rules: { required: boolean; }; progress: number; total_questions: null; }' is not assignable to parameter of type 'FreemiumAssessmentStartResponse'.
  Type '{ question_id: string; question_text: string; question_type: string; options: string[]; help_text: string; validation_rules: { required: boolean; }; progress: number; total_questions: null; }' is missing the following properties from type 'FreemiumAssessmentStartResponse': session_id, session_token, personalization_applied, expires_at
tests/components/freemium/freemium-assessment-flow.test.tsx(661,9): error TS2322: Type 'number' is not assignable to type '{ current_question: number; total_questions_estimate: number; progress_percentage: number; }'.
tests/components/freemium/freemium-assessment-flow.test.tsx(696,59): error TS2345: Argument of type '{ question_id: string; question_text: string; question_type: string; options: string[]; help_text: string; validation_rules: { required: boolean; }; progress: number; total_questions: null; }' is not assignable to parameter of type 'FreemiumAssessmentStartResponse'.
  Type '{ question_id: string; question_text: string; question_type: string; options: string[]; help_text: string; validation_rules: { required: boolean; }; progress: number; total_questions: null; }' is missing the following properties from type 'FreemiumAssessmentStartResponse': session_id, session_token, personalization_applied, expires_at
tests/components/freemium/freemium-assessment-flow.test.tsx(715,9): error TS2353: Object literal may only specify known properties, and 'next_question_preview' does not exist in type 'FreemiumAssessmentStartResponse'.
tests/components/freemium/freemium-email-capture.test.tsx(20,10): error TS2305: Module '"msw"' has no exported member 'rest'.
tests/components/freemium/freemium-email-capture.test.tsx(271,51): error TS2339: Property 'useSearchParams' does not exist on type 'MockedObject<Promise<MockedObjectDeep<ESModuleExports>>>'.
tests/components/freemium/freemium-email-capture.test.tsx(325,9): error TS2353: Object literal may only specify known properties, and 'success' does not exist in type 'FreemiumEmailCaptureResponse'.
tests/components/freemium/freemium-email-capture.test.tsx(395,9): error TS2353: Object literal may only specify known properties, and 'success' does not exist in type 'FreemiumEmailCaptureResponse'.
tests/components/freemium/freemium-email-capture.test.tsx(437,11): error TS2353: Object literal may only specify known properties, and 'success' does not exist in type 'FreemiumEmailCaptureResponse | PromiseLike<FreemiumEmailCaptureResponse>'.
tests/components/freemium/freemium-email-capture.test.tsx(496,9): error TS2353: Object literal may only specify known properties, and 'success' does not exist in type 'FreemiumEmailCaptureResponse'.
tests/components/freemium/freemium-email-capture.test.tsx(553,9): error TS2353: Object literal may only specify known properties, and 'success' does not exist in type 'FreemiumEmailCaptureResponse'.
tests/components/freemium/freemium-email-capture.test.tsx(676,25): error TS2339: Property 'value' does not exist on type 'HTMLElement'.
tests/components/freemium/freemium-results.test.tsx(174,54): error TS2345: Argument of type '{ compliance_gaps: { framework: string; severity: string; gap_description: string; impact_score: number; remediation_effort: string; potential_fine: string; priority: number; }[]; risk_score: number; ... 7 more ...; sharing: { ...; }; }' is not assignable to parameter of type 'AssessmentResultsResponse'.
  Property 'session_id' is missing in type '{ compliance_gaps: { framework: string; severity: string; gap_description: string; impact_score: number; remediation_effort: string; potential_fine: string; priority: number; }[]; risk_score: number; ... 7 more ...; sharing: { ...; }; }' but required in type 'AssessmentResultsResponse'.
tests/components/freemium/freemium-results.test.tsx(192,54): error TS2345: Argument of type '{ compliance_gaps: { framework: string; severity: string; gap_description: string; impact_score: number; remediation_effort: string; potential_fine: string; priority: number; }[]; risk_score: number; ... 7 more ...; sharing: { ...; }; }' is not assignable to parameter of type 'AssessmentResultsResponse'.
  Property 'session_id' is missing in type '{ compliance_gaps: { framework: string; severity: string; gap_description: string; impact_score: number; remediation_effort: string; potential_fine: string; priority: number; }[]; risk_score: number; ... 7 more ...; sharing: { ...; }; }' but required in type 'AssessmentResultsResponse'.
tests/components/freemium/freemium-results.test.tsx(209,54): error TS2345: Argument of type '{ compliance_gaps: { framework: string; severity: string; gap_description: string; impact_score: number; remediation_effort: string; potential_fine: string; priority: number; }[]; risk_score: number; ... 7 more ...; sharing: { ...; }; }' is not assignable to parameter of type 'AssessmentResultsResponse'.
  Property 'session_id' is missing in type '{ compliance_gaps: { framework: string; severity: string; gap_description: string; impact_score: number; remediation_effort: string; potential_fine: string; priority: number; }[]; risk_score: number; ... 7 more ...; sharing: { ...; }; }' but required in type 'AssessmentResultsResponse'.
tests/components/freemium/freemium-results.test.tsx(234,54): error TS2345: Argument of type '{ compliance_gaps: { framework: string; severity: string; gap_description: string; impact_score: number; remediation_effort: string; potential_fine: string; priority: number; }[]; risk_score: number; ... 7 more ...; sharing: { ...; }; }' is not assignable to parameter of type 'AssessmentResultsResponse'.
  Property 'session_id' is missing in type '{ compliance_gaps: { framework: string; severity: string; gap_description: string; impact_score: number; remediation_effort: string; potential_fine: string; priority: number; }[]; risk_score: number; ... 7 more ...; sharing: { ...; }; }' but required in type 'AssessmentResultsResponse'.
tests/components/freemium/freemium-results.test.tsx(250,54): error TS2345: Argument of type '{ compliance_gaps: { framework: string; severity: string; gap_description: string; impact_score: number; remediation_effort: string; potential_fine: string; priority: number; }[]; risk_score: number; ... 7 more ...; sharing: { ...; }; }' is not assignable to parameter of type 'AssessmentResultsResponse'.
  Property 'session_id' is missing in type '{ compliance_gaps: { framework: string; severity: string; gap_description: string; impact_score: number; remediation_effort: string; potential_fine: string; priority: number; }[]; risk_score: number; ... 7 more ...; sharing: { ...; }; }' but required in type 'AssessmentResultsResponse'.
tests/components/freemium/freemium-results.test.tsx(270,54): error TS2345: Argument of type '{ compliance_gaps: { framework: string; severity: string; gap_description: string; impact_score: number; remediation_effort: string; potential_fine: string; priority: number; }[]; risk_score: number; ... 7 more ...; sharing: { ...; }; }' is not assignable to parameter of type 'AssessmentResultsResponse'.
  Property 'session_id' is missing in type '{ compliance_gaps: { framework: string; severity: string; gap_description: string; impact_score: number; remediation_effort: string; potential_fine: string; priority: number; }[]; risk_score: number; ... 7 more ...; sharing: { ...; }; }' but required in type 'AssessmentResultsResponse'.
tests/components/freemium/freemium-results.test.tsx(287,54): error TS2345: Argument of type '{ compliance_gaps: { framework: string; severity: string; gap_description: string; impact_score: number; remediation_effort: string; potential_fine: string; priority: number; }[]; risk_score: number; ... 7 more ...; sharing: { ...; }; }' is not assignable to parameter of type 'AssessmentResultsResponse'.
  Property 'session_id' is missing in type '{ compliance_gaps: { framework: string; severity: string; gap_description: string; impact_score: number; remediation_effort: string; potential_fine: string; priority: number; }[]; risk_score: number; ... 7 more ...; sharing: { ...; }; }' but required in type 'AssessmentResultsResponse'.
tests/components/freemium/freemium-results.test.tsx(306,54): error TS2345: Argument of type '{ compliance_gaps: { framework: string; severity: string; gap_description: string; impact_score: number; remediation_effort: string; potential_fine: string; priority: number; }[]; risk_score: number; ... 7 more ...; sharing: { ...; }; }' is not assignable to parameter of type 'AssessmentResultsResponse'.
  Property 'session_id' is missing in type '{ compliance_gaps: { framework: string; severity: string; gap_description: string; impact_score: number; remediation_effort: string; potential_fine: string; priority: number; }[]; risk_score: number; ... 7 more ...; sharing: { ...; }; }' but required in type 'AssessmentResultsResponse'.
tests/components/freemium/freemium-results.test.tsx(327,54): error TS2345: Argument of type '{ risk_score: number; risk_level: string; compliance_gaps: { framework: string; severity: string; gap_description: string; impact_score: number; remediation_effort: string; potential_fine: string; priority: number; }[]; ... 6 more ...; sharing: { ...; }; }' is not assignable to parameter of type 'AssessmentResultsResponse'.
  Property 'session_id' is missing in type '{ risk_score: number; risk_level: string; compliance_gaps: { framework: string; severity: string; gap_description: string; impact_score: number; remediation_effort: string; potential_fine: string; priority: number; }[]; ... 6 more ...; sharing: { ...; }; }' but required in type 'AssessmentResultsResponse'.
tests/components/freemium/freemium-results.test.tsx(346,54): error TS2345: Argument of type '{ compliance_gaps: { framework: string; severity: string; gap_description: string; impact_score: number; remediation_effort: string; potential_fine: string; priority: number; }[]; risk_score: number; ... 7 more ...; sharing: { ...; }; }' is not assignable to parameter of type 'AssessmentResultsResponse'.
  Property 'session_id' is missing in type '{ compliance_gaps: { framework: string; severity: string; gap_description: string; impact_score: number; remediation_effort: string; potential_fine: string; priority: number; }[]; risk_score: number; ... 7 more ...; sharing: { ...; }; }' but required in type 'AssessmentResultsResponse'.
tests/components/freemium/freemium-results.test.tsx(364,54): error TS2345: Argument of type '{ compliance_gaps: { framework: string; severity: string; gap_description: string; impact_score: number; remediation_effort: string; potential_fine: string; priority: number; }[]; risk_score: number; ... 7 more ...; sharing: { ...; }; }' is not assignable to parameter of type 'AssessmentResultsResponse'.
  Property 'session_id' is missing in type '{ compliance_gaps: { framework: string; severity: string; gap_description: string; impact_score: number; remediation_effort: string; potential_fine: string; priority: number; }[]; risk_score: number; ... 7 more ...; sharing: { ...; }; }' but required in type 'AssessmentResultsResponse'.
tests/components/freemium/freemium-results.test.tsx(383,54): error TS2345: Argument of type '{ compliance_gaps: { framework: string; severity: string; gap_description: string; impact_score: number; remediation_effort: string; potential_fine: string; priority: number; }[]; risk_score: number; ... 7 more ...; sharing: { ...; }; }' is not assignable to parameter of type 'AssessmentResultsResponse'.
  Property 'session_id' is missing in type '{ compliance_gaps: { framework: string; severity: string; gap_description: string; impact_score: number; remediation_effort: string; potential_fine: string; priority: number; }[]; risk_score: number; ... 7 more ...; sharing: { ...; }; }' but required in type 'AssessmentResultsResponse'.
tests/components/freemium/freemium-results.test.tsx(405,54): error TS2345: Argument of type '{ compliance_gaps: { framework: string; severity: string; gap_description: string; impact_score: number; remediation_effort: string; potential_fine: string; priority: number; }[]; risk_score: number; ... 7 more ...; sharing: { ...; }; }' is not assignable to parameter of type 'AssessmentResultsResponse'.
  Property 'session_id' is missing in type '{ compliance_gaps: { framework: string; severity: string; gap_description: string; impact_score: number; remediation_effort: string; potential_fine: string; priority: number; }[]; risk_score: number; ... 7 more ...; sharing: { ...; }; }' but required in type 'AssessmentResultsResponse'.
tests/components/freemium/freemium-results.test.tsx(423,54): error TS2345: Argument of type '{ compliance_gaps: { framework: string; severity: string; gap_description: string; impact_score: number; remediation_effort: string; potential_fine: string; priority: number; }[]; risk_score: number; ... 7 more ...; sharing: { ...; }; }' is not assignable to parameter of type 'AssessmentResultsResponse'.
  Property 'session_id' is missing in type '{ compliance_gaps: { framework: string; severity: string; gap_description: string; impact_score: number; remediation_effort: string; potential_fine: string; priority: number; }[]; risk_score: number; ... 7 more ...; sharing: { ...; }; }' but required in type 'AssessmentResultsResponse'.
tests/components/freemium/freemium-results.test.tsx(442,54): error TS2345: Argument of type '{ compliance_gaps: { framework: string; severity: string; gap_description: string; impact_score: number; remediation_effort: string; potential_fine: string; priority: number; }[]; risk_score: number; ... 7 more ...; sharing: { ...; }; }' is not assignable to parameter of type 'AssessmentResultsResponse'.
  Property 'session_id' is missing in type '{ compliance_gaps: { framework: string; severity: string; gap_description: string; impact_score: number; remediation_effort: string; potential_fine: string; priority: number; }[]; risk_score: number; ... 7 more ...; sharing: { ...; }; }' but required in type 'AssessmentResultsResponse'.
tests/components/freemium/freemium-results.test.tsx(443,61): error TS2353: Object literal may only specify known properties, and 'success' does not exist in type 'ConversionTrackingResponse'.
tests/components/freemium/freemium-results.test.tsx(469,54): error TS2345: Argument of type '{ compliance_gaps: { framework: string; severity: string; gap_description: string; impact_score: number; remediation_effort: string; potential_fine: string; priority: number; }[]; risk_score: number; ... 7 more ...; sharing: { ...; }; }' is not assignable to parameter of type 'AssessmentResultsResponse'.
  Property 'session_id' is missing in type '{ compliance_gaps: { framework: string; severity: string; gap_description: string; impact_score: number; remediation_effort: string; potential_fine: string; priority: number; }[]; risk_score: number; ... 7 more ...; sharing: { ...; }; }' but required in type 'AssessmentResultsResponse'.
tests/components/freemium/freemium-results.test.tsx(486,54): error TS2345: Argument of type '{ compliance_gaps: { framework: string; severity: string; gap_description: string; impact_score: number; remediation_effort: string; potential_fine: string; priority: number; }[]; risk_score: number; ... 7 more ...; sharing: { ...; }; }' is not assignable to parameter of type 'AssessmentResultsResponse'.
  Property 'session_id' is missing in type '{ compliance_gaps: { framework: string; severity: string; gap_description: string; impact_score: number; remediation_effort: string; potential_fine: string; priority: number; }[]; risk_score: number; ... 7 more ...; sharing: { ...; }; }' but required in type 'AssessmentResultsResponse'.
tests/components/freemium/freemium-results.test.tsx(503,54): error TS2345: Argument of type '{ compliance_gaps: { framework: string; severity: string; gap_description: string; impact_score: number; remediation_effort: string; potential_fine: string; priority: number; }[]; risk_score: number; ... 7 more ...; sharing: { ...; }; }' is not assignable to parameter of type 'AssessmentResultsResponse'.
  Property 'session_id' is missing in type '{ compliance_gaps: { framework: string; severity: string; gap_description: string; impact_score: number; remediation_effort: string; potential_fine: string; priority: number; }[]; risk_score: number; ... 7 more ...; sharing: { ...; }; }' but required in type 'AssessmentResultsResponse'.
tests/components/freemium/freemium-results.test.tsx(534,54): error TS2345: Argument of type '{ compliance_gaps: { framework: string; severity: string; gap_description: string; impact_score: number; remediation_effort: string; potential_fine: string; priority: number; }[]; risk_score: number; ... 7 more ...; sharing: { ...; }; }' is not assignable to parameter of type 'AssessmentResultsResponse'.
  Property 'session_id' is missing in type '{ compliance_gaps: { framework: string; severity: string; gap_description: string; impact_score: number; remediation_effort: string; potential_fine: string; priority: number; }[]; risk_score: number; ... 7 more ...; sharing: { ...; }; }' but required in type 'AssessmentResultsResponse'.
tests/components/freemium/freemium-results.test.tsx(563,54): error TS2345: Argument of type '{ sharing: { enabled: boolean; }; compliance_gaps: { framework: string; severity: string; gap_description: string; impact_score: number; remediation_effort: string; potential_fine: string; priority: number; }[]; ... 7 more ...; trial_offer: { ...; }; }' is not assignable to parameter of type 'AssessmentResultsResponse'.
  Property 'session_id' is missing in type '{ sharing: { enabled: boolean; }; compliance_gaps: { framework: string; severity: string; gap_description: string; impact_score: number; remediation_effort: string; potential_fine: string; priority: number; }[]; ... 7 more ...; trial_offer: { ...; }; }' but required in type 'AssessmentResultsResponse'.
tests/components/freemium/freemium-results.test.tsx(601,32): error TS2345: Argument of type '{ compliance_gaps: { framework: string; severity: string; gap_description: string; impact_score: number; remediation_effort: string; potential_fine: string; priority: number; }[]; risk_score: number; ... 7 more ...; sharing: { ...; }; }' is not assignable to parameter of type 'AssessmentResultsResponse'.
  Property 'session_id' is missing in type '{ compliance_gaps: { framework: string; severity: string; gap_description: string; impact_score: number; remediation_effort: string; potential_fine: string; priority: number; }[]; risk_score: number; ... 7 more ...; sharing: { ...; }; }' but required in type 'AssessmentResultsResponse'.
tests/components/freemium/freemium-results.test.tsx(649,54): error TS2345: Argument of type '{ compliance_gaps: never[]; risk_score: number; risk_level: string; recommendations: never[]; priority_actions: never[]; }' is not assignable to parameter of type 'AssessmentResultsResponse'.
  Property 'session_id' is missing in type '{ compliance_gaps: never[]; risk_score: number; risk_level: string; recommendations: never[]; priority_actions: never[]; }' but required in type 'AssessmentResultsResponse'.
tests/components/freemium/freemium-results.test.tsx(666,54): error TS2345: Argument of type '{ compliance_gaps: { framework: string; severity: string; gap_description: string; impact_score: number; remediation_effort: string; potential_fine: string; priority: number; }[]; risk_score: number; ... 7 more ...; sharing: { ...; }; }' is not assignable to parameter of type 'AssessmentResultsResponse'.
  Property 'session_id' is missing in type '{ compliance_gaps: { framework: string; severity: string; gap_description: string; impact_score: number; remediation_effort: string; potential_fine: string; priority: number; }[]; risk_score: number; ... 7 more ...; sharing: { ...; }; }' but required in type 'AssessmentResultsResponse'.
tests/components/freemium/freemium-results.test.tsx(684,54): error TS2345: Argument of type '{ compliance_gaps: { framework: string; severity: string; gap_description: string; impact_score: number; remediation_effort: string; potential_fine: string; priority: number; }[]; risk_score: number; ... 7 more ...; sharing: { ...; }; }' is not assignable to parameter of type 'AssessmentResultsResponse'.
  Property 'session_id' is missing in type '{ compliance_gaps: { framework: string; severity: string; gap_description: string; impact_score: number; remediation_effort: string; potential_fine: string; priority: number; }[]; risk_score: number; ... 7 more ...; sharing: { ...; }; }' but required in type 'AssessmentResultsResponse'.
tests/components/freemium/freemium-results.test.tsx(704,54): error TS2345: Argument of type '{ compliance_gaps: { framework: string; severity: string; gap_description: string; impact_score: number; remediation_effort: string; potential_fine: string; priority: number; }[]; risk_score: number; ... 7 more ...; sharing: { ...; }; }' is not assignable to parameter of type 'AssessmentResultsResponse'.
  Property 'session_id' is missing in type '{ compliance_gaps: { framework: string; severity: string; gap_description: string; impact_score: number; remediation_effort: string; potential_fine: string; priority: number; }[]; risk_score: number; ... 7 more ...; sharing: { ...; }; }' but required in type 'AssessmentResultsResponse'.
tests/components/freemium/freemium-results.test.tsx(732,54): error TS2345: Argument of type '{ compliance_gaps: { framework: string; severity: string; gap_description: string; impact_score: number; remediation_effort: string; potential_fine: string; priority: number; }[]; risk_score: number; ... 7 more ...; sharing: { ...; }; }' is not assignable to parameter of type 'AssessmentResultsResponse'.
  Property 'session_id' is missing in type '{ compliance_gaps: { framework: string; severity: string; gap_description: string; impact_score: number; remediation_effort: string; potential_fine: string; priority: number; }[]; risk_score: number; ... 7 more ...; sharing: { ...; }; }' but required in type 'AssessmentResultsResponse'.
tests/components/freemium/freemium-results.test.tsx(749,54): error TS2345: Argument of type '{ compliance_gaps: { framework: string; severity: string; gap_description: string; impact_score: number; remediation_effort: string; potential_fine: string; priority: number; }[]; risk_score: number; ... 7 more ...; sharing: { ...; }; }' is not assignable to parameter of type 'AssessmentResultsResponse'.
  Property 'session_id' is missing in type '{ compliance_gaps: { framework: string; severity: string; gap_description: string; impact_score: number; remediation_effort: string; potential_fine: string; priority: number; }[]; risk_score: number; ... 7 more ...; sharing: { ...; }; }' but required in type 'AssessmentResultsResponse'.
tests/components/freemium/freemium-results.test.tsx(774,54): error TS2345: Argument of type '{ compliance_gaps: { framework: string; severity: string; gap_description: string; impact_score: number; remediation_effort: string; potential_fine: string; priority: number; }[]; risk_score: number; ... 7 more ...; sharing: { ...; }; }' is not assignable to parameter of type 'AssessmentResultsResponse'.
  Property 'session_id' is missing in type '{ compliance_gaps: { framework: string; severity: string; gap_description: string; impact_score: number; remediation_effort: string; potential_fine: string; priority: number; }[]; risk_score: number; ... 7 more ...; sharing: { ...; }; }' but required in type 'AssessmentResultsResponse'.
tests/components/freemium/freemium-results.test.tsx(790,54): error TS2345: Argument of type '{ compliance_gaps: { framework: string; severity: string; gap_description: string; impact_score: number; remediation_effort: string; potential_fine: string; priority: number; }[]; risk_score: number; ... 7 more ...; sharing: { ...; }; }' is not assignable to parameter of type 'AssessmentResultsResponse'.
  Property 'session_id' is missing in type '{ compliance_gaps: { framework: string; severity: string; gap_description: string; impact_score: number; remediation_effort: string; potential_fine: string; priority: number; }[]; risk_score: number; ... 7 more ...; sharing: { ...; }; }' but required in type 'AssessmentResultsResponse'.
tests/components/memory-leak-detection.test.tsx(128,49): error TS2322: Type '{ id: string; text: string; type: "boolean"; required: boolean; }' is not assignable to type 'Question'.
  Types of property 'type' are incompatible.
    Type '"boolean"' is not assignable to type 'QuestionType'.
tests/components/memory-leak-detection.test.tsx(150,49): error TS2322: Type '{ id: string; text: string; type: "boolean"; required: boolean; }' is not assignable to type 'Question'.
  Types of property 'type' are incompatible.
    Type '"boolean"' is not assignable to type 'QuestionType'.
tests/components/memory-leak-detection.test.tsx(179,26): error TS2322: Type '{ id: string; text: string; type: "boolean"; required: boolean; }' is not assignable to type 'Question'.
  Types of property 'type' are incompatible.
    Type '"boolean"' is not assignable to type 'QuestionType'.
tests/components/memory-leak-detection.test.tsx(292,51): error TS2322: Type '{ id: string; text: string; type: "boolean"; required: boolean; }' is not assignable to type 'Question'.
  Types of property 'type' are incompatible.
    Type '"boolean"' is not assignable to type 'QuestionType'.
tests/components/memory-leak-detection.test.tsx(315,47): error TS2304: Cannot find name 'eventListeners'.
tests/components/memory-leak-detection.test.tsx(316,29): error TS18046: 'set' is of type 'unknown'.
tests/components/memory-leak-detection.test.tsx(322,45): error TS2304: Cannot find name 'eventListeners'.
tests/components/memory-leak-detection.test.tsx(323,29): error TS18046: 'set' is of type 'unknown'.
tests/components/memory-leak-detection.test.tsx(327,14): error TS18046: 'finalListenerCount' is of type 'unknown'.
tests/components/memory-leak-detection.test.tsx(332,33): error TS2304: Cannot find name 'activeTimers'.
tests/components/memory-leak-detection.test.tsx(336,14): error TS2304: Cannot find name 'activeTimers'.
tests/components/memory-leak-detection.test.tsx(341,36): error TS2304: Cannot find name 'activeIntervals'.
tests/components/memory-leak-detection.test.tsx(345,14): error TS2304: Cannot find name 'activeIntervals'.
tests/components/ui/button.test.tsx(39,9): error TS7053: Element implicitly has an 'any' type because expression of type 'any' can't be used to index type '{ default: string; secondary: string; destructive: string; outline: string; ghost: string; link: string; }'.
tests/components/ui/button.test.tsx(40,9): error TS7053: Element implicitly has an 'any' type because expression of type 'any' can't be used to index type '{ default: string; sm: string; lg: string; icon: string; }'.
tests/critical-fixes/auth-guard-protection.test.tsx(152,7): error TS2322: Type '{ id: string; email: string; is_active: boolean; }' is not assignable to type 'null'.
tests/critical-fixes/auth-guard-protection.test.tsx(350,7): error TS2322: Type '{ id: string; email: string; }' is not assignable to type 'null'.
tests/critical-fixes/business-profile-service.test.tsx(168,27): error TS18049: 'body' is possibly 'null' or 'undefined'.
tests/critical-fixes/business-profile-service.test.tsx(168,32): error TS2339: Property 'company_name' does not exist on type 'string | number | boolean | Record<string, any> | DefaultRequestMultipartBody'.
  Property 'company_name' does not exist on type 'string'.
tests/critical-fixes/business-profile-service.test.tsx(169,23): error TS18049: 'body' is possibly 'null' or 'undefined'.
tests/critical-fixes/business-profile-service.test.tsx(169,28): error TS2339: Property 'industry' does not exist on type 'string | number | boolean | Record<string, any> | DefaultRequestMultipartBody'.
  Property 'industry' does not exist on type 'string'.
tests/critical-fixes/business-profile-service.test.tsx(170,29): error TS18049: 'body' is possibly 'null' or 'undefined'.
tests/critical-fixes/business-profile-service.test.tsx(170,34): error TS2339: Property 'employee_count' does not exist on type 'string | number | boolean | Record<string, any> | DefaultRequestMultipartBody'.
  Property 'employee_count' does not exist on type 'string'.
tests/critical-fixes/business-profile-service.test.tsx(171,25): error TS18049: 'body' is possibly 'null' or 'undefined'.
tests/critical-fixes/business-profile-service.test.tsx(171,30): error TS2339: Property 'data_types' does not exist on type 'string | number | boolean | Record<string, any> | DefaultRequestMultipartBody'.
  Property 'data_types' does not exist on type 'string'.
tests/critical-fixes/business-profile-service.test.tsx(172,31): error TS18049: 'body' is possibly 'null' or 'undefined'.
tests/critical-fixes/business-profile-service.test.tsx(172,36): error TS2339: Property 'storage_location' does not exist on type 'string | number | boolean | Record<string, any> | DefaultRequestMultipartBody'.
  Property 'storage_location' does not exist on type 'string'.
tests/critical-fixes/business-profile-service.test.tsx(173,29): error TS18049: 'body' is possibly 'null' or 'undefined'.
tests/critical-fixes/business-profile-service.test.tsx(173,34): error TS2339: Property 'operates_in_uk' does not exist on type 'string | number | boolean | Record<string, any> | DefaultRequestMultipartBody'.
  Property 'operates_in_uk' does not exist on type 'string'.
tests/critical-fixes/business-profile-service.test.tsx(174,31): error TS18049: 'body' is possibly 'null' or 'undefined'.
tests/critical-fixes/business-profile-service.test.tsx(174,36): error TS2339: Property 'uk_data_subjects' does not exist on type 'string | number | boolean | Record<string, any> | DefaultRequestMultipartBody'.
  Property 'uk_data_subjects' does not exist on type 'string'.
tests/critical-fixes/business-profile-service.test.tsx(175,38): error TS18049: 'body' is possibly 'null' or 'undefined'.
tests/critical-fixes/business-profile-service.test.tsx(175,43): error TS2339: Property 'regulatory_requirements' does not exist on type 'string | number | boolean | Record<string, any> | DefaultRequestMultipartBody'.
  Property 'regulatory_requirements' does not exist on type 'string'.
tests/critical-fixes/business-profile-service.test.tsx(181,81): error TS2345: Argument of type '{ company_name: string; industry: string; employee_count: number; data_types: string[]; storage_location: string; operates_in_uk: boolean; uk_data_subjects: boolean; regulatory_requirements: string[]; }' is not assignable to parameter of type 'CreateBusinessProfileRequest'.
  Property 'company_size' is missing in type '{ company_name: string; industry: string; employee_count: number; data_types: string[]; storage_location: string; operates_in_uk: boolean; uk_data_subjects: boolean; regulatory_requirements: string[]; }' but required in type 'CreateBusinessProfileRequest'.
tests/critical-fixes/business-profile-service.test.tsx(204,27): error TS18049: 'body' is possibly 'null' or 'undefined'.
tests/critical-fixes/business-profile-service.test.tsx(204,32): error TS2339: Property 'company_name' does not exist on type 'string | number | boolean | Record<string, any> | DefaultRequestMultipartBody'.
  Property 'company_name' does not exist on type 'string'.
tests/critical-fixes/business-profile-service.test.tsx(205,23): error TS18049: 'body' is possibly 'null' or 'undefined'.
tests/critical-fixes/business-profile-service.test.tsx(205,28): error TS2339: Property 'industry' does not exist on type 'string | number | boolean | Record<string, any> | DefaultRequestMultipartBody'.
  Property 'industry' does not exist on type 'string'.
tests/critical-fixes/business-profile-service.test.tsx(206,29): error TS18049: 'body' is possibly 'null' or 'undefined'.
tests/critical-fixes/business-profile-service.test.tsx(206,34): error TS2339: Property 'employee_count' does not exist on type 'string | number | boolean | Record<string, any> | DefaultRequestMultipartBody'.
  Property 'employee_count' does not exist on type 'string'.
tests/critical-fixes/oauth2-browser-integration.test.tsx(185,11): error TS2561: Object literal may only specify known properties, but 'is_active' does not exist in type 'User'. Did you mean to write 'isActive'?
tests/critical-fixes/oauth2-browser-integration.test.tsx(271,11): error TS2561: Object literal may only specify known properties, but 'is_active' does not exist in type 'User'. Did you mean to write 'isActive'?
tests/critical-fixes/oauth2-browser-integration.test.tsx(394,11): error TS2561: Object literal may only specify known properties, but 'is_active' does not exist in type 'User'. Did you mean to write 'isActive'?
tests/css/themes.test.tsx(450,27): error TS2304: Cannot find name 'vi'.
tests/css/themes.test.tsx(450,55): error TS7006: Parameter 'query' implicitly has an 'any' type.
tests/css/themes.test.tsx(454,27): error TS2304: Cannot find name 'vi'.
tests/css/themes.test.tsx(455,30): error TS2304: Cannot find name 'vi'.
tests/css/themes.test.tsx(456,22): error TS2304: Cannot find name 'vi'.
tests/css/themes.test.tsx(457,25): error TS2304: Cannot find name 'vi'.
tests/css/themes.test.tsx(458,24): error TS2304: Cannot find name 'vi'.
tests/e2e/accessibility.test.ts(124,12): error TS7006: Parameter 'modal' implicitly has an 'any' type.
tests/e2e/accessibility.test.ts(124,19): error TS7006: Parameter 'focused' implicitly has an 'any' type.
tests/e2e/accessibility.test.ts(128,11): error TS2554: Expected 1-2 arguments, but got 3.
tests/e2e/business-profile.test.ts(20,49): error TS2345: Argument of type '{ readonly companyName: "TechStart Solutions"; readonly industry: "Technology"; readonly employeeCount: "10-50"; readonly dataTypes: readonly ["personal_data", "financial_data", "health_data"]; readonly description: "A technology startup focused on SaaS solutions"; readonly website: "https://techstart.example.com"; ...' is not assignable to parameter of type '{ companyName: string; industry: string; employeeCount: string; dataTypes: string[]; }'.
  Types of property 'dataTypes' are incompatible.
    The type 'readonly ["personal_data", "financial_data", "health_data"]' is 'readonly' and cannot be assigned to the mutable type 'string[]'.
tests/e2e/business-profile.test.ts(131,49): error TS2345: Argument of type '{ readonly companyName: "TechStart Solutions"; readonly industry: "Technology"; readonly employeeCount: "10-50"; readonly dataTypes: readonly ["personal_data", "financial_data", "health_data"]; readonly description: "A technology startup focused on SaaS solutions"; readonly website: "https://techstart.example.com"; ...' is not assignable to parameter of type '{ companyName: string; industry: string; employeeCount: string; dataTypes: string[]; }'.
  Types of property 'dataTypes' are incompatible.
    The type 'readonly ["personal_data", "financial_data", "health_data"]' is 'readonly' and cannot be assigned to the mutable type 'string[]'.
tests/e2e/business-profile.test.ts(178,49): error TS2345: Argument of type '{ readonly companyName: "FinServ Corp"; readonly industry: "Financial Services"; readonly employeeCount: "100-500"; readonly dataTypes: readonly ["personal_data", "financial_data", "payment_data"]; readonly description: "Financial services company providing investment advice"; readonly website: "https://finserv.exam...' is not assignable to parameter of type '{ companyName: string; industry: string; employeeCount: string; dataTypes: string[]; }'.
  Types of property 'dataTypes' are incompatible.
    The type 'readonly ["personal_data", "financial_data", "payment_data"]' is 'readonly' and cannot be assigned to the mutable type 'string[]'.
tests/e2e/evidence-management.test.ts(20,47): error TS2345: Argument of type '{ readonly companyName: "TechStart Solutions"; readonly industry: "Technology"; readonly employeeCount: "10-50"; readonly dataTypes: readonly ["personal_data", "financial_data", "health_data"]; readonly description: "A technology startup focused on SaaS solutions"; readonly website: "https://techstart.example.com"; ...' is not assignable to parameter of type '{ companyName: string; industry: string; employeeCount: string; dataTypes: string[]; }'.
  Types of property 'dataTypes' are incompatible.
    The type 'readonly ["personal_data", "financial_data", "health_data"]' is 'readonly' and cannot be assigned to the mutable type 'string[]'.
tests/e2e/freemium-assessment.e2e.test.ts(17,23): error TS2307: Cannot find module '@faker-js/faker' or its corresponding type declarations.
tests/e2e/freemium-assessment.e2e.test.ts(170,13): error TS7034: Variable 'issues' implicitly has type 'any[]' in some locations where its type cannot be determined.
tests/e2e/freemium-assessment.e2e.test.ts(202,14): error TS7005: Variable 'issues' implicitly has an 'any[]' type.
tests/e2e/freemium-assessment.e2e.test.ts(262,49): error TS2345: Argument of type 'string | undefined' is not assignable to parameter of type 'string'.
  Type 'undefined' is not assignable to type 'string'.
tests/e2e/freemium-assessment.e2e.test.ts(264,46): error TS2345: Argument of type 'string[] | undefined' is not assignable to parameter of type 'string[]'.
  Type 'undefined' is not assignable to type 'string[]'.
tests/e2e/freemium-assessment.e2e.test.ts(433,34): error TS2345: Argument of type 'string | null' is not assignable to parameter of type 'string'.
  Type 'null' is not assignable to type 'string'.
tests/e2e/freemium-assessment.e2e.test.ts(598,24): error TS2339: Property 'hadRecentInput' does not exist on type 'PerformanceEntry'.
tests/e2e/freemium-assessment.e2e.test.ts(599,33): error TS2339: Property 'value' does not exist on type 'PerformanceEntry'.
tests/e2e/freemium-assessment.e2e.test.ts(617,33): error TS2339: Property 'timing' does not exist on type 'Response'.
tests/e2e/utils/test-helpers.ts(167,23): error TS2341: Property 'page' is private and only accessible within class 'TestHelpers'.
tests/e2e/utils/test-helpers.ts(174,16): error TS2341: Property 'page' is private and only accessible within class 'TestHelpers'.
tests/e2e/utils/test-helpers.ts(221,16): error TS2341: Property 'page' is private and only accessible within class 'TestHelpers'.
tests/e2e/utils/test-helpers.ts(222,16): error TS2341: Property 'page' is private and only accessible within class 'TestHelpers'.
tests/e2e/utils/test-helpers.ts(230,18): error TS2341: Property 'page' is private and only accessible within class 'TestHelpers'.
tests/e2e/utils/test-helpers.ts(253,16): error TS2341: Property 'page' is private and only accessible within class 'TestHelpers'.
tests/e2e/utils/test-helpers.ts(257,16): error TS2341: Property 'page' is private and only accessible within class 'TestHelpers'.
tests/e2e/utils/test-helpers.ts(265,18): error TS2341: Property 'page' is private and only accessible within class 'TestHelpers'.
tests/e2e/utils/test-helpers.ts(266,18): error TS2341: Property 'page' is private and only accessible within class 'TestHelpers'.
tests/e2e/utils/test-helpers.ts(278,16): error TS2341: Property 'page' is private and only accessible within class 'TestHelpers'.
tests/e2e/utils/test-helpers.ts(294,16): error TS2341: Property 'page' is private and only accessible within class 'TestHelpers'.
tests/fixes/ai-integration.test.fix.ts(7,3): error TS2304: Cannot find name 'vi'.
tests/fixes/ai-integration.test.fix.ts(7,13): error TS2304: Cannot find name 'assessmentAIService'.
tests/fixes/ai-integration.test.fix.ts(11,3): error TS2304: Cannot find name 'engine'.
tests/fixes/ai-integration.test.fix.ts(11,16): error TS2304: Cannot find name 'QuestionnaireEngine'.
tests/fixes/ai-integration.test.fix.ts(11,36): error TS2304: Cannot find name 'mockFramework'.
tests/fixes/ai-integration.test.fix.ts(11,51): error TS2304: Cannot find name 'mockContext'.
tests/fixes/ai-integration.test.fix.ts(16,3): error TS2304: Cannot find name 'engine'.
tests/fixes/ai-integration.test.fix.ts(18,25): error TS2304: Cannot find name 'engine'.
tests/fixes/ai-integration.test.fix.ts(21,10): error TS2304: Cannot find name 'engine'.
tests/fixes/ai-integration.test.fix.ts(24,27): error TS2304: Cannot find name 'engine'.
tests/integration/ai-assessment-flow.test.tsx(321,11): error TS2322: Type 'Promise<AIRecommendationResponse> | Promise<{ recommendations: { id: string; gapId: string; title: string; description: string; priority: "immediate"; ... 4 more ...; estimatedTime: string; }[]; implementation_plan: { ...; }; success_metrics: { ...; }[]; } | { ...; }>' is not assignable to type 'Promise<AIRecommendationResponse>'.
  Type 'Promise<{ recommendations: { id: string; gapId: string; title: string; description: string; priority: "immediate"; category: string; impact: string; effort: string; estimatedEffort: string; estimatedTime: string; }[]; implementation_plan: { ...; }; success_metrics: { ...; }[]; } | { ...; }>' is not assignable to type 'Promise<AIRecommendationResponse>'.
    Type '{ recommendations: { id: string; gapId: string; title: string; description: string; priority: "immediate"; category: string; impact: string; effort: string; estimatedEffort: string; estimatedTime: string; }[]; implementation_plan: { ...; }; success_metrics: { ...; }[]; } | { ...; }' is not assignable to type 'AIRecommendationResponse'.
      Type '{ recommendations: { id: string; gapId: string; title: string; description: string; priority: "immediate"; category: string; impact: string; effort: string; estimatedEffort: string; estimatedTime: string; }[]; implementation_plan: { ...; }; success_metrics: { ...; }[]; }' is not assignable to type 'AIRecommendationResponse'.
        The types of 'implementation_plan.phases' are incompatible between these types.
          Type '{ name: string; duration_weeks: number; tasks: string[]; }[]' is not assignable to type '{ phase_number: number; phase_name: string; duration_weeks: number; tasks: string[]; dependencies: string[]; }[]'.
            Type '{ name: string; duration_weeks: number; tasks: string[]; }' is missing the following properties from type '{ phase_number: number; phase_name: string; duration_weeks: number; tasks: string[]; dependencies: string[]; }': phase_number, phase_name, dependencies
tests/integration/ai-assessment-flow.test.tsx(322,65): error TS2345: Argument of type '{ recommendations: { id: string; gapId: string; title: string; description: string; priority: "immediate"; category: string; impact: string; effort: string; estimatedEffort: string; estimatedTime: string; }[]; implementation_plan: { ...; }; success_metrics: { ...; }[]; } | { ...; }' is not assignable to parameter of type 'AIRecommendationResponse | PromiseLike<AIRecommendationResponse>'.
  Type '{ recommendations: { id: string; gapId: string; title: string; description: string; priority: "immediate"; category: string; impact: string; effort: string; estimatedEffort: string; estimatedTime: string; }[]; implementation_plan: { ...; }; success_metrics: { ...; }[]; }' is not assignable to type 'AIRecommendationResponse | PromiseLike<AIRecommendationResponse>'.
    Type '{ recommendations: { id: string; gapId: string; title: string; description: string; priority: "immediate"; category: string; impact: string; effort: string; estimatedEffort: string; estimatedTime: string; }[]; implementation_plan: { ...; }; success_metrics: { ...; }[]; }' is not assignable to type 'AIRecommendationResponse'.
      The types of 'implementation_plan.phases' are incompatible between these types.
        Type '{ name: string; duration_weeks: number; tasks: string[]; }[]' is not assignable to type '{ phase_number: number; phase_name: string; duration_weeks: number; tasks: string[]; dependencies: string[]; }[]'.
          Type '{ name: string; duration_weeks: number; tasks: string[]; }' is missing the following properties from type '{ phase_number: number; phase_name: string; duration_weeks: number; tasks: string[]; dependencies: string[]; }': phase_number, phase_name, dependencies
tests/integration/ai-assessment-flow.test.tsx(529,7): error TS2345: Argument of type '{ recommendations: { id: string; gapId: string; title: string; description: string; priority: "immediate"; category: string; impact: string; effort: string; estimatedEffort: string; estimatedTime: string; }[]; implementation_plan: { ...; }; success_metrics: { ...; }[]; }' is not assignable to parameter of type 'AIRecommendationResponse'.
  The types of 'implementation_plan.phases' are incompatible between these types.
    Type '{ name: string; duration_weeks: number; tasks: string[]; }[]' is not assignable to type '{ phase_number: number; phase_name: string; duration_weeks: number; tasks: string[]; dependencies: string[]; }[]'.
      Type '{ name: string; duration_weeks: number; tasks: string[]; }' is missing the following properties from type '{ phase_number: number; phase_name: string; duration_weeks: number; tasks: string[]; dependencies: string[]; }': phase_number, phase_name, dependencies
tests/integration/auth-flow.test.tsx(78,54): error TS2345: Argument of type '{ access_token: string; refresh_token: string; user: { id: string; email: string; full_name: string; is_active: boolean; }; }' is not assignable to parameter of type 'void'.
tests/integration/auth-flow.test.tsx(192,54): error TS2345: Argument of type '{ access_token: string; refresh_token: string; user: { id: string; email: string; full_name: string; is_active: boolean; }; }' is not assignable to parameter of type 'void'.
tests/integration/auth-flow.test.tsx(232,57): error TS2345: Argument of type '{ access_token: string; refresh_token: string; user: { id: string; email: string; full_name: string; is_active: boolean; }; }' is not assignable to parameter of type 'void'.
tests/integration/auth-flow.test.tsx(368,61): error TS2345: Argument of type '{ access_token: string; refresh_token: string; }' is not assignable to parameter of type 'void'.
tests/integration/freemium-user-journey.test.tsx(21,24): error TS2724: '"react-router-dom"' has no exported member named 'Routes'. Did you mean 'Route'?
tests/integration/freemium-user-journey.test.tsx(38,5): error TS2698: Spread types may only be created from object types.
tests/integration/freemium-user-journey.test.tsx(68,33): error TS2769: No overload matches this call.
  Overload 1 of 2, '(props: RouteProps<"/freemium", {}> & OmitNative<{}, keyof RouteProps<string, { [x: string]: string | undefined; }>>): Route<{}, "/freemium">', gave the following error.
    Type '{ path: "/freemium"; element: Element; }' is not assignable to type 'IntrinsicAttributes & IntrinsicClassAttributes<Route<{}, "/freemium">> & Readonly<RouteProps<"/freemium", {}> & OmitNative<...>>'.
      Property 'element' does not exist on type 'IntrinsicAttributes & IntrinsicClassAttributes<Route<{}, "/freemium">> & Readonly<RouteProps<"/freemium", {}> & OmitNative<...>>'.
  Overload 2 of 2, '(props: RouteProps<"/freemium", {}> & OmitNative<{}, keyof RouteProps<string, { [x: string]: string | undefined; }>>, context: any): Route<...>', gave the following error.
    Type '{ path: "/freemium"; element: Element; }' is not assignable to type 'IntrinsicAttributes & IntrinsicClassAttributes<Route<{}, "/freemium">> & Readonly<RouteProps<"/freemium", {}> & OmitNative<...>>'.
      Property 'element' does not exist on type 'IntrinsicAttributes & IntrinsicClassAttributes<Route<{}, "/freemium">> & Readonly<RouteProps<"/freemium", {}> & OmitNative<...>>'.
tests/integration/freemium-user-journey.test.tsx(69,44): error TS2769: No overload matches this call.
  Overload 1 of 2, '(props: RouteProps<"/freemium/assessment", {}> & OmitNative<{}, keyof RouteProps<string, { [x: string]: string | undefined; }>>): Route<...>', gave the following error.
    Type '{ path: "/freemium/assessment"; element: Element; }' is not assignable to type 'IntrinsicAttributes & IntrinsicClassAttributes<Route<{}, "/freemium/assessment">> & Readonly<RouteProps<"/freemium/assessment", {}> & OmitNative<...>>'.
      Property 'element' does not exist on type 'IntrinsicAttributes & IntrinsicClassAttributes<Route<{}, "/freemium/assessment">> & Readonly<RouteProps<"/freemium/assessment", {}> & OmitNative<...>>'.
  Overload 2 of 2, '(props: RouteProps<"/freemium/assessment", {}> & OmitNative<{}, keyof RouteProps<string, { [x: string]: string | undefined; }>>, context: any): Route<...>', gave the following error.
    Type '{ path: "/freemium/assessment"; element: Element; }' is not assignable to type 'IntrinsicAttributes & IntrinsicClassAttributes<Route<{}, "/freemium/assessment">> & Readonly<RouteProps<"/freemium/assessment", {}> & OmitNative<...>>'.
      Property 'element' does not exist on type 'IntrinsicAttributes & IntrinsicClassAttributes<Route<{}, "/freemium/assessment">> & Readonly<RouteProps<"/freemium/assessment", {}> & OmitNative<...>>'.
tests/integration/freemium-user-journey.test.tsx(70,41): error TS2769: No overload matches this call.
  Overload 1 of 2, '(props: RouteProps<"/freemium/results", {}> & OmitNative<{}, keyof RouteProps<string, { [x: string]: string | undefined; }>>): Route<{}, "/freemium/results">', gave the following error.
    Type '{ path: "/freemium/results"; element: Element; }' is not assignable to type 'IntrinsicAttributes & IntrinsicClassAttributes<Route<{}, "/freemium/results">> & Readonly<RouteProps<"/freemium/results", {}> & OmitNative<...>>'.
      Property 'element' does not exist on type 'IntrinsicAttributes & IntrinsicClassAttributes<Route<{}, "/freemium/results">> & Readonly<RouteProps<"/freemium/results", {}> & OmitNative<...>>'.
  Overload 2 of 2, '(props: RouteProps<"/freemium/results", {}> & OmitNative<{}, keyof RouteProps<string, { [x: string]: string | undefined; }>>, context: any): Route<...>', gave the following error.
    Type '{ path: "/freemium/results"; element: Element; }' is not assignable to type 'IntrinsicAttributes & IntrinsicClassAttributes<Route<{}, "/freemium/results">> & Readonly<RouteProps<"/freemium/results", {}> & OmitNative<...>>'.
      Property 'element' does not exist on type 'IntrinsicAttributes & IntrinsicClassAttributes<Route<{}, "/freemium/results">> & Readonly<RouteProps<"/freemium/results", {}> & OmitNative<...>>'.
tests/integration/freemium-user-journey.test.tsx(70,51): error TS2741: Property 'token' is missing in type '{}' but required in type 'FreemiumResultsProps'.
tests/integration/freemium-user-journey.test.tsx(193,9): error TS2353: Object literal may only specify known properties, and 'success' does not exist in type 'FreemiumEmailCaptureResponse'.
tests/integration/freemium-user-journey.test.tsx(198,59): error TS2345: Argument of type '{ question_id: string; question_text: string; question_type: string; options: string[]; help_text: string; validation_rules: { required: boolean; min_selections?: undefined; }; progress: number; } | { ...; }' is not assignable to parameter of type 'FreemiumAssessmentStartResponse'.
  Type '{ question_id: string; question_text: string; question_type: string; options: string[]; help_text: string; validation_rules: { required: boolean; min_selections?: undefined; }; progress: number; }' is missing the following properties from type 'FreemiumAssessmentStartResponse': session_id, session_token, personalization_applied, expires_at
tests/integration/freemium-user-journey.test.tsx(203,64): error TS2345: Argument of type '{ assessment_complete: false; question_id: string; question_text: string; question_type: string; options: string[]; help_text: string; validation_rules: { required: boolean; min_selections?: undefined; }; progress: number; answer_recorded: true; } | { ...; }' is not assignable to parameter of type 'FreemiumAnswerResponse'.
  Type '{ assessment_complete: false; question_id: string; question_text: string; question_type: string; options: string[]; help_text: string; validation_rules: { required: boolean; min_selections?: undefined; }; progress: number; answer_recorded: true; }' is missing the following properties from type 'FreemiumAnswerResponse': is_complete, session_token
tests/integration/freemium-user-journey.test.tsx(215,9): error TS2322: Type 'number' is not assignable to type '{ current_question: number; total_questions_estimate: number; progress_percentage: number; }'.
tests/integration/freemium-user-journey.test.tsx(218,54): error TS2345: Argument of type '{ compliance_gaps: { framework: string; severity: string; gap_description: string; impact_score: number; remediation_effort: string; potential_fine: string; }[]; risk_score: number; risk_level: string; business_impact: string; recommendations: string[]; priority_actions: string[]; trial_offer: { ...; }; }' is not assignable to parameter of type 'AssessmentResultsResponse'.
  Property 'session_id' is missing in type '{ compliance_gaps: { framework: string; severity: string; gap_description: string; impact_score: number; remediation_effort: string; potential_fine: string; }[]; risk_score: number; risk_level: string; business_impact: string; recommendations: string[]; priority_actions: string[]; trial_offer: { ...; }; }' but required in type 'AssessmentResultsResponse'.
tests/integration/freemium-user-journey.test.tsx(220,9): error TS2353: Object literal may only specify known properties, and 'tracked' does not exist in type 'ConversionTrackingResponse'.
tests/integration/freemium-user-journey.test.tsx(279,24): error TS7053: Element implicitly has an 'any' type because expression of type 'string' can't be used to index type '{ q1_business_type: string; q2_employee_count: string; q3_data_handling: string[]; q4_current_compliance: string; q5_compliance_goals: string[]; }'.
  No index signature with a parameter of type 'string' was found on type '{ q1_business_type: string; q2_employee_count: string; q3_data_handling: string[]; q4_current_compliance: string; q5_compliance_goals: string[]; }'.
tests/integration/freemium-user-journey.test.tsx(374,9): error TS2353: Object literal may only specify known properties, and 'success' does not exist in type 'FreemiumEmailCaptureResponse'.
tests/integration/freemium-user-journey.test.tsx(382,32): error TS2345: Argument of type '{ question_id: string; question_text: string; question_type: string; options: string[]; help_text: string; validation_rules: { required: boolean; min_selections?: undefined; }; progress: number; } | { ...; }' is not assignable to parameter of type 'FreemiumAssessmentStartResponse'.
  Type '{ question_id: string; question_text: string; question_type: string; options: string[]; help_text: string; validation_rules: { required: boolean; min_selections?: undefined; }; progress: number; }' is missing the following properties from type 'FreemiumAssessmentStartResponse': session_id, session_token, personalization_applied, expires_at
tests/integration/freemium-user-journey.test.tsx(422,9): error TS2353: Object literal may only specify known properties, and 'success' does not exist in type 'FreemiumEmailCaptureResponse'.
tests/integration/freemium-user-journey.test.tsx(427,59): error TS2345: Argument of type '{ question_id: string; question_text: string; question_type: string; options: string[]; help_text: string; validation_rules: { required: boolean; min_selections?: undefined; }; progress: number; } | { ...; }' is not assignable to parameter of type 'FreemiumAssessmentStartResponse'.
  Type '{ question_id: string; question_text: string; question_type: string; options: string[]; help_text: string; validation_rules: { required: boolean; min_selections?: undefined; }; progress: number; }' is missing the following properties from type 'FreemiumAssessmentStartResponse': session_id, session_token, personalization_applied, expires_at
tests/integration/freemium-user-journey.test.tsx(470,9): error TS2353: Object literal may only specify known properties, and 'success' does not exist in type 'FreemiumEmailCaptureResponse'.
tests/integration/freemium-user-journey.test.tsx(478,9): error TS2345: Argument of type '{ fallback_mode: boolean; ai_service_available: boolean; question_id: string; question_text: string; question_type: string; options: string[]; help_text: string; validation_rules: { required: boolean; min_selections?: undefined; }; progress: number; } | { ...; }' is not assignable to parameter of type 'FreemiumAssessmentStartResponse'.
  Object literal may only specify known properties, and 'fallback_mode' does not exist in type 'FreemiumAssessmentStartResponse'.
tests/integration/freemium-user-journey.test.tsx(485,9): error TS2345: Argument of type '{ fallback_mode: boolean; assessment_complete: false; question_id: string; question_text: string; question_type: string; options: string[]; help_text: string; validation_rules: { required: boolean; min_selections?: undefined; }; progress: number; answer_recorded: true; } | { ...; }' is not assignable to parameter of type 'FreemiumAnswerResponse'.
  Object literal may only specify known properties, and 'fallback_mode' does not exist in type 'FreemiumAnswerResponse'.
tests/integration/freemium-user-journey.test.tsx(531,9): error TS2322: Type '"multi_select"' is not assignable to type '"scale" | "text" | "multiple_choice" | "yes_no"'.
tests/integration/freemium-user-journey.test.tsx(533,9): error TS2322: Type 'number' is not assignable to type '{ current_question: number; total_questions_estimate: number; progress_percentage: number; }'.
tests/integration/freemium-user-journey.test.tsx(547,13): error TS2353: Object literal may only specify known properties, and ''q1_business_type'' does not exist in type 'AssessmentResponse[]'.
tests/integration/freemium-user-journey.test.tsx(550,11): error TS2322: Type 'number' is not assignable to type 'AssessmentProgress'.
tests/integration/freemium-user-journey.test.tsx(594,16): error TS7053: Element implicitly has an 'any' type because expression of type 'any' can't be used to index type '{ 'freemium-email': string; 'freemium-utm': string; 'freemium-consent': string; }'.
tests/integration/freemium-user-journey.test.tsx(594,41): error TS7053: Element implicitly has an 'any' type because expression of type 'any' can't be used to index type '{ 'freemium-token': string; 'freemium-responses': string; }'.
tests/integration/freemium-user-journey.test.tsx(598,26): error TS2304: Cannot find name 'renderHook'.
tests/integration/freemium-user-journey.test.tsx(616,9): error TS2353: Object literal may only specify known properties, and 'success' does not exist in type 'FreemiumEmailCaptureResponse'.
tests/integration/freemium-user-journey.test.tsx(621,54): error TS2345: Argument of type '{ compliance_gaps: { framework: string; severity: string; gap_description: string; impact_score: number; remediation_effort: string; potential_fine: string; }[]; risk_score: number; risk_level: string; business_impact: string; recommendations: string[]; priority_actions: string[]; trial_offer: { ...; }; }' is not assignable to parameter of type 'AssessmentResultsResponse'.
  Property 'session_id' is missing in type '{ compliance_gaps: { framework: string; severity: string; gap_description: string; impact_score: number; remediation_effort: string; potential_fine: string; }[]; risk_score: number; risk_level: string; business_impact: string; recommendations: string[]; priority_actions: string[]; trial_offer: { ...; }; }' but required in type 'AssessmentResultsResponse'.
tests/integration/freemium-user-journey.test.tsx(623,9): error TS2353: Object literal may only specify known properties, and 'tracked' does not exist in type 'ConversionTrackingResponse'.
tests/integration/freemium-user-journey.test.tsx(671,9): error TS2353: Object literal may only specify known properties, and 'trial_offer' does not exist in type 'AssessmentResultsResponse'.
tests/integration/freemium-user-journey.test.tsx(680,9): error TS2353: Object literal may only specify known properties, and 'tracked' does not exist in type 'ConversionTrackingResponse'.
tests/integration/freemium-user-journey.test.tsx(725,9): error TS2353: Object literal may only specify known properties, and 'success' does not exist in type 'FreemiumEmailCaptureResponse'.
tests/integration/freemium-user-journey.test.tsx(769,9): error TS2353: Object literal may only specify known properties, and 'success' does not exist in type 'FreemiumEmailCaptureResponse'.
tests/integration/freemium-user-journey.test.tsx(775,9): error TS2353: Object literal may only specify known properties, and 'tracked' does not exist in type 'ConversionTrackingResponse'.
tests/integration/user-workflows.test.tsx(125,57): error TS2345: Argument of type '{ user: { id: string; email: string; }; tokens: { access_token: string; refresh_token: string; }; }' is not assignable to parameter of type 'void'.
tests/integration/user-workflows.test.tsx(208,7): error TS2322: Type '{ id: string; email: string; }' is not assignable to type 'null'.
tests/integration/user-workflows.test.tsx(211,43): error TS2307: Cannot find module '@/components/business-profile/profile-wizard' or its corresponding type declarations.
tests/integration/user-workflows.test.tsx(265,7): error TS2322: Type '{ id: string; email: string; }' is not assignable to type 'null'.
tests/integration/user-workflows.test.tsx(266,7): error TS2322: Type '{ id: string; company_name: string; }' is not assignable to type 'null'.
tests/integration/user-workflows.test.tsx(270,9): error TS2322: Type '{ id: string; name: string; description: string; sections: { id: string; title: string; questions: { id: string; type: string; text: string; options: { value: string; label: string; }[]; validation: { required: true; }; }[]; }[]; }' is not assignable to type 'never'.
tests/integration/user-workflows.test.tsx(332,7): error TS2322: Type '{ id: string; email: string; }' is not assignable to type 'null'.
tests/integration/user-workflows.test.tsx(358,13): error TS2739: Type '{ id: string; name: string; sections: { id: string; title: string; questions: { id: string; type: string; text: string; validation: { required: boolean; minLength: number; }; }[]; }[]; }' is missing the following properties from type 'AssessmentFramework': description, version, scoringMethod
tests/integration/user-workflows.test.tsx(402,7): error TS2322: Type '{ id: string; email: string; }' is not assignable to type 'null'.
tests/integration/user-workflows.test.tsx(409,51): error TS2322: Type '{ onUpload: Mock<Procedure>; frameworkId: string; controlReference: string; }' is not assignable to type 'IntrinsicAttributes & EvidenceUploadProps'.
  Property 'frameworkId' does not exist on type 'IntrinsicAttributes & EvidenceUploadProps'.
tests/integration/user-workflows.test.tsx(444,9): error TS2322: Type '{ id: string; name: string; framework: string; status: string; uploaded_at: Date; }' is not assignable to type 'never'.
tests/integration/user-workflows.test.tsx(451,9): error TS2322: Type '{ id: string; name: string; framework: string; status: string; uploaded_at: Date; }' is not assignable to type 'never'.
tests/integration/user-workflows.test.tsx(493,7): error TS2322: Type '{ id: string; email: string; preferences: { persona: string; }; }' is not assignable to type 'null'.
tests/integration/user-workflows.test.tsx(499,7): error TS2322: Type '{ id: string; company_name: string; compliance_frameworks: string[]; }' is not assignable to type 'null'.
tests/integration/user-workflows.test.tsx(526,7): error TS2322: Type '{ id: string; email: string; }' is not assignable to type 'null'.
tests/integration/user-workflows.test.tsx(529,22): error TS2307: Cannot find module '@/components/dashboard/widgets/compliance-score-widget' or its corresponding type declarations.
tests/integration/user-workflows.test.tsx(633,7): error TS2322: Type '{ id: string; email: string; }' is not assignable to type 'null'.
tests/integration/user-workflows.test.tsx(662,25): error TS2311: Cannot find name 'await'. Did you mean to write this in an async function?
tests/integration/user-workflows.test.tsx(662,32): error TS1308: 'await' expressions are only allowed within async functions and at the top levels of modules.
tests/mocks/emergency-lucide-mock.ts(39,3): error TS7053: Element implicitly has an 'any' type because expression of type 'string' can't be used to index type '{}'.
  No index signature with a parameter of type 'string' was found on type '{}'.
tests/mocks/emergency-lucide-mock.ts(46,14): error TS7053: Element implicitly has an 'any' type because expression of type 'string | symbol' can't be used to index type '{}'.
  No index signature with a parameter of type 'string' was found on type '{}'.
tests/mocks/emergency-lucide-mock.ts(51,5): error TS7053: Element implicitly has an 'any' type because expression of type 'string | symbol' can't be used to index type '{}'.
  No index signature with a parameter of type 'string' was found on type '{}'.
tests/performance/css-performance.test.ts(63,21): error TS18048: 'entry.text' is possibly 'undefined'.
tests/performance/css-performance.test.ts(74,30): error TS18048: 'entry.text' is possibly 'undefined'.
tests/performance/mobile-performance.test.ts(346,20): error TS2339: Property 'evaluateOnNewDocument' does not exist on type 'Page'.
tests/performance/mobile-performance.test.ts(399,11): error TS2322: Type '(fn: any, delay: any, ...args: any[]) => number' is not assignable to type '((handler: TimerHandler, timeout?: number | undefined, ...arguments: any[]) => number) & { (handler: TimerHandler, timeout?: number | undefined, ...arguments: any[]): number; <TArgs extends any[]>(callback: (...args: TArgs) => void, delay?: number | undefined, ...args: TArgs): Timeout; (callback: (_: void) => void, ...'.
  Type '(fn: any, delay: any, ...args: any[]) => number' is not assignable to type '{ (handler: TimerHandler, timeout?: number | undefined, ...arguments: any[]): number; <TArgs extends any[]>(callback: (...args: TArgs) => void, delay?: number | undefined, ...args: TArgs): Timeout; (callback: (_: void) => void, delay?: number | undefined): Timeout; }'.
    Type 'number' is not assignable to type 'Timeout'.
tests/performance/mobile-performance.test.ts(399,42): error TS7006: Parameter 'fn' implicitly has an 'any' type.
tests/performance/mobile-performance.test.ts(399,46): error TS7006: Parameter 'delay' implicitly has an 'any' type.
tests/performance/mobile-performance.test.ts(399,53): error TS7019: Rest parameter 'args' implicitly has an 'any[]' type.
tests/performance/performance.test.ts(32,39): error TS2339: Property 'processingStart' does not exist on type 'PerformanceEntry'.
tests/performance/performance.test.ts(55,11): error TS18046: 'vitals' is of type 'unknown'.
tests/performance/performance.test.ts(55,30): error TS18046: 'vitals' is of type 'unknown'.
tests/performance/performance.test.ts(56,11): error TS18046: 'vitals' is of type 'unknown'.
tests/performance/performance.test.ts(56,30): error TS18046: 'vitals' is of type 'unknown'.
tests/performance/performance.test.ts(57,11): error TS18046: 'vitals' is of type 'unknown'.
tests/performance/performance.test.ts(57,30): error TS18046: 'vitals' is of type 'unknown'.
tests/performance/performance.test.ts(79,78): error TS2339: Property 'navigationStart' does not exist on type 'PerformanceNavigationTiming'.
tests/performance/performance.test.ts(80,62): error TS2339: Property 'navigationStart' does not exist on type 'PerformanceNavigationTiming'.
tests/performance/performance.test.ts(190,14): error TS18046: 'longTasks' is of type 'unknown'.
tests/performance/performance.test.ts(193,7): error TS18046: 'longTasks' is of type 'unknown'.
tests/performance/performance.test.ts(193,26): error TS7006: Parameter 'duration' implicitly has an 'any' type.
tests/run-memory-leak-tests.ts(81,13): error TS2322: Type '{ eventListeners: string; timers: string; intervals: string; abortControllers: string; } | undefined' is not assignable to type '{ eventListeners: number; timers: number; intervals: number; abortControllers: number; } | undefined'.
  Type '{ eventListeners: string; timers: string; intervals: string; abortControllers: string; }' is not assignable to type '{ eventListeners: number; timers: number; intervals: number; abortControllers: number; }'.
    Types of property 'eventListeners' are incompatible.
      Type 'string' is not assignable to type 'number'.
tests/setup-broken-1183-lines.ts(4,32): error TS2339: Property 'form' does not exist on type 'HTMLElement'.
tests/setup-broken-1183-lines.ts(28,32): error TS2339: Property 'form' does not exist on type 'HTMLElement'.
tests/setup-broken-1183-lines.ts(52,32): error TS2339: Property 'form' does not exist on type 'HTMLElement'.
tests/setup-broken-1183-lines.ts(87,13): error TS2540: Cannot assign to 'NODE_ENV' because it is a read-only property.
tests/setup-broken-1183-lines.ts(91,10): error TS2395: Individual declarations in merged declaration 'server' must be all exported or all local.
tests/setup-broken-1183-lines.ts(91,10): error TS2440: Import declaration conflicts with local declaration of 'server'.
tests/setup-broken-1183-lines.ts(223,3): error TS2322: Type '<T>(obj: any, prop: string, descriptor: PropertyDescriptor) => unknown' is not assignable to type '<T>(o: T, p: PropertyKey, attributes: PropertyDescriptor & ThisType<any>) => T'.
  Type 'unknown' is not assignable to type 'T'.
    'T' could be instantiated with an arbitrary type which could be unrelated to 'unknown'.
tests/setup-broken-1183-lines.ts(442,14): error TS2395: Individual declarations in merged declaration 'server' must be all exported or all local.
tests/setup-broken-1183-lines.ts(452,17): error TS7006: Parameter 'bits' implicitly has an 'any' type.
tests/setup-broken-1183-lines.ts(452,23): error TS7006: Parameter 'name' implicitly has an 'any' type.
tests/setup-broken-1183-lines.ts(453,12): error TS2339: Property 'bits' does not exist on type 'MockFile'.
tests/setup-broken-1183-lines.ts(454,12): error TS2339: Property 'name' does not exist on type 'MockFile'.
tests/setup-broken-1183-lines.ts(455,12): error TS2339: Property 'type' does not exist on type 'MockFile'.
tests/setup-broken-1183-lines.ts(455,27): error TS2339: Property 'type' does not exist on type '{}'.
tests/setup-broken-1183-lines.ts(456,12): error TS2339: Property 'size' does not exist on type 'MockFile'.
tests/setup-broken-1183-lines.ts(456,32): error TS7006: Parameter 'acc' implicitly has an 'any' type.
tests/setup-broken-1183-lines.ts(456,37): error TS7006: Parameter 'bit' implicitly has an 'any' type.
tests/setup-broken-1183-lines.ts(465,12): error TS2339: Property 'readyState' does not exist on type 'MockFileReader'.
tests/setup-broken-1183-lines.ts(466,12): error TS2339: Property 'result' does not exist on type 'MockFileReader'.
tests/setup-broken-1183-lines.ts(467,12): error TS2339: Property 'error' does not exist on type 'MockFileReader'.
tests/setup-broken-1183-lines.ts(470,19): error TS7006: Parameter 'file' implicitly has an 'any' type.
tests/setup-broken-1183-lines.ts(471,12): error TS2339: Property 'readyState' does not exist on type 'MockFileReader'.
tests/setup-broken-1183-lines.ts(472,12): error TS2339: Property 'result' does not exist on type 'MockFileReader'.
tests/setup-broken-1183-lines.ts(473,16): error TS2339: Property 'onload' does not exist on type 'MockFileReader'.
tests/setup-broken-1183-lines.ts(473,29): error TS2339: Property 'onload' does not exist on type 'MockFileReader'.
tests/setup-broken-1183-lines.ts(476,16): error TS7006: Parameter 'file' implicitly has an 'any' type.
tests/setup-broken-1183-lines.ts(477,12): error TS2339: Property 'readyState' does not exist on type 'MockFileReader'.
tests/setup-broken-1183-lines.ts(478,12): error TS2339: Property 'result' does not exist on type 'MockFileReader'.
tests/setup-broken-1183-lines.ts(479,16): error TS2339: Property 'onload' does not exist on type 'MockFileReader'.
tests/setup-broken-1183-lines.ts(479,29): error TS2339: Property 'onload' does not exist on type 'MockFileReader'.
tests/setup-broken-1183-lines.ts(668,19): error TS7006: Parameter 'submitter' implicitly has an 'any' type.
tests/setup-broken-1183-lines.ts(692,10): error TS2300: Duplicate identifier 'LucideIconMocks'.
tests/setup-broken-1183-lines.ts(739,10): error TS2300: Duplicate identifier 'LucideProxy'.
tests/setup-broken-1183-lines.ts(749,19): error TS7006: Parameter 'submitter' implicitly has an 'any' type.
tests/setup-broken-1183-lines.ts(773,10): error TS2300: Duplicate identifier 'LucideIconMocks'.
tests/setup-broken-1183-lines.ts(820,10): error TS2300: Duplicate identifier 'LucideProxy'.
tests/setup-broken-1183-lines.ts(1012,17): error TS7006: Parameter 'bits' implicitly has an 'any' type.
tests/setup-broken-1183-lines.ts(1012,23): error TS7006: Parameter 'name' implicitly has an 'any' type.
tests/setup-broken-1183-lines.ts(1013,12): error TS2339: Property 'bits' does not exist on type 'MockFile'.
tests/setup-broken-1183-lines.ts(1014,12): error TS2339: Property 'name' does not exist on type 'MockFile'.
tests/setup-broken-1183-lines.ts(1015,12): error TS2339: Property 'type' does not exist on type 'MockFile'.
tests/setup-broken-1183-lines.ts(1015,27): error TS2339: Property 'type' does not exist on type '{}'.
tests/setup-broken-1183-lines.ts(1016,12): error TS2339: Property 'size' does not exist on type 'MockFile'.
tests/setup-broken-1183-lines.ts(1016,32): error TS7006: Parameter 'acc' implicitly has an 'any' type.
tests/setup-broken-1183-lines.ts(1016,37): error TS7006: Parameter 'bit' implicitly has an 'any' type.
tests/setup-broken-1183-lines.ts(1025,12): error TS2339: Property 'readyState' does not exist on type 'MockFileReader'.
tests/setup-broken-1183-lines.ts(1026,12): error TS2339: Property 'result' does not exist on type 'MockFileReader'.
tests/setup-broken-1183-lines.ts(1027,12): error TS2339: Property 'error' does not exist on type 'MockFileReader'.
tests/setup-broken-1183-lines.ts(1030,19): error TS7006: Parameter 'file' implicitly has an 'any' type.
tests/setup-broken-1183-lines.ts(1031,12): error TS2339: Property 'readyState' does not exist on type 'MockFileReader'.
tests/setup-broken-1183-lines.ts(1032,12): error TS2339: Property 'result' does not exist on type 'MockFileReader'.
tests/setup-broken-1183-lines.ts(1033,16): error TS2339: Property 'onload' does not exist on type 'MockFileReader'.
tests/setup-broken-1183-lines.ts(1033,29): error TS2339: Property 'onload' does not exist on type 'MockFileReader'.
tests/setup-broken-1183-lines.ts(1036,16): error TS7006: Parameter 'file' implicitly has an 'any' type.
tests/setup-broken-1183-lines.ts(1037,12): error TS2339: Property 'readyState' does not exist on type 'MockFileReader'.
tests/setup-broken-1183-lines.ts(1038,12): error TS2339: Property 'result' does not exist on type 'MockFileReader'.
tests/setup-broken-1183-lines.ts(1039,16): error TS2339: Property 'onload' does not exist on type 'MockFileReader'.
tests/setup-broken-1183-lines.ts(1039,29): error TS2339: Property 'onload' does not exist on type 'MockFileReader'.
tests/setup-broken-1183-lines.ts(1104,1): error TS2741: Property '__promisify__' is missing in type '(callback: any, delay: any) => Timeout' but required in type 'typeof setTimeout'.
tests/setup-broken-1183-lines.ts(1104,22): error TS7006: Parameter 'callback' implicitly has an 'any' type.
tests/setup-broken-1183-lines.ts(1104,32): error TS7006: Parameter 'delay' implicitly has an 'any' type.
tests/setup-broken.ts(9,32): error TS2339: Property 'form' does not exist on type 'HTMLElement'.
tests/setup-broken.ts(34,13): error TS2540: Cannot assign to 'NODE_ENV' because it is a read-only property.
tests/setup-broken.ts(45,13): error TS2540: Cannot assign to 'NODE_ENV' because it is a read-only property.
tests/setup-broken.ts(49,10): error TS2395: Individual declarations in merged declaration 'server' must be all exported or all local.
tests/setup-broken.ts(49,10): error TS2440: Import declaration conflicts with local declaration of 'server'.
tests/setup-broken.ts(181,3): error TS2322: Type '<T>(obj: any, prop: string, descriptor: PropertyDescriptor) => unknown' is not assignable to type '<T>(o: T, p: PropertyKey, attributes: PropertyDescriptor & ThisType<any>) => T'.
  Type 'unknown' is not assignable to type 'T'.
    'T' could be instantiated with an arbitrary type which could be unrelated to 'unknown'.
tests/setup-broken.ts(400,14): error TS2395: Individual declarations in merged declaration 'server' must be all exported or all local.
tests/setup-broken.ts(410,17): error TS7006: Parameter 'bits' implicitly has an 'any' type.
tests/setup-broken.ts(410,23): error TS7006: Parameter 'name' implicitly has an 'any' type.
tests/setup-broken.ts(411,12): error TS2339: Property 'bits' does not exist on type 'MockFile'.
tests/setup-broken.ts(412,12): error TS2339: Property 'name' does not exist on type 'MockFile'.
tests/setup-broken.ts(413,12): error TS2339: Property 'type' does not exist on type 'MockFile'.
tests/setup-broken.ts(413,27): error TS2339: Property 'type' does not exist on type '{}'.
tests/setup-broken.ts(414,12): error TS2339: Property 'size' does not exist on type 'MockFile'.
tests/setup-broken.ts(414,32): error TS7006: Parameter 'acc' implicitly has an 'any' type.
tests/setup-broken.ts(414,37): error TS7006: Parameter 'bit' implicitly has an 'any' type.
tests/setup-broken.ts(423,12): error TS2339: Property 'readyState' does not exist on type 'MockFileReader'.
tests/setup-broken.ts(424,12): error TS2339: Property 'result' does not exist on type 'MockFileReader'.
tests/setup-broken.ts(425,12): error TS2339: Property 'error' does not exist on type 'MockFileReader'.
tests/setup-broken.ts(428,19): error TS7006: Parameter 'file' implicitly has an 'any' type.
tests/setup-broken.ts(429,12): error TS2339: Property 'readyState' does not exist on type 'MockFileReader'.
tests/setup-broken.ts(430,12): error TS2339: Property 'result' does not exist on type 'MockFileReader'.
tests/setup-broken.ts(431,16): error TS2339: Property 'onload' does not exist on type 'MockFileReader'.
tests/setup-broken.ts(431,29): error TS2339: Property 'onload' does not exist on type 'MockFileReader'.
tests/setup-broken.ts(434,16): error TS7006: Parameter 'file' implicitly has an 'any' type.
tests/setup-broken.ts(435,12): error TS2339: Property 'readyState' does not exist on type 'MockFileReader'.
tests/setup-broken.ts(436,12): error TS2339: Property 'result' does not exist on type 'MockFileReader'.
tests/setup-broken.ts(437,16): error TS2339: Property 'onload' does not exist on type 'MockFileReader'.
tests/setup-broken.ts(437,29): error TS2339: Property 'onload' does not exist on type 'MockFileReader'.
tests/setup-broken.ts(626,20): error TS7006: Parameter 'submitter' implicitly has an 'any' type.
tests/setup-broken.ts(653,10): error TS2300: Duplicate identifier 'LucideIconMocks'.
tests/setup-broken.ts(702,10): error TS2300: Duplicate identifier 'LucideProxy'.
tests/setup-broken.ts(712,20): error TS7006: Parameter 'submitter' implicitly has an 'any' type.
tests/setup-broken.ts(739,10): error TS2300: Duplicate identifier 'LucideIconMocks'.
tests/setup-broken.ts(788,10): error TS2300: Duplicate identifier 'LucideProxy'.
tests/setup-broken.ts(980,17): error TS7006: Parameter 'bits' implicitly has an 'any' type.
tests/setup-broken.ts(980,23): error TS7006: Parameter 'name' implicitly has an 'any' type.
tests/setup-broken.ts(981,12): error TS2339: Property 'bits' does not exist on type 'MockFile'.
tests/setup-broken.ts(982,12): error TS2339: Property 'name' does not exist on type 'MockFile'.
tests/setup-broken.ts(983,12): error TS2339: Property 'type' does not exist on type 'MockFile'.
tests/setup-broken.ts(983,27): error TS2339: Property 'type' does not exist on type '{}'.
tests/setup-broken.ts(984,12): error TS2339: Property 'size' does not exist on type 'MockFile'.
tests/setup-broken.ts(984,32): error TS7006: Parameter 'acc' implicitly has an 'any' type.
tests/setup-broken.ts(984,37): error TS7006: Parameter 'bit' implicitly has an 'any' type.
tests/setup-broken.ts(993,12): error TS2339: Property 'readyState' does not exist on type 'MockFileReader'.
tests/setup-broken.ts(994,12): error TS2339: Property 'result' does not exist on type 'MockFileReader'.
tests/setup-broken.ts(995,12): error TS2339: Property 'error' does not exist on type 'MockFileReader'.
tests/setup-broken.ts(998,19): error TS7006: Parameter 'file' implicitly has an 'any' type.
tests/setup-broken.ts(999,12): error TS2339: Property 'readyState' does not exist on type 'MockFileReader'.
tests/setup-broken.ts(1000,12): error TS2339: Property 'result' does not exist on type 'MockFileReader'.
tests/setup-broken.ts(1001,16): error TS2339: Property 'onload' does not exist on type 'MockFileReader'.
tests/setup-broken.ts(1001,29): error TS2339: Property 'onload' does not exist on type 'MockFileReader'.
tests/setup-broken.ts(1004,16): error TS7006: Parameter 'file' implicitly has an 'any' type.
tests/setup-broken.ts(1005,12): error TS2339: Property 'readyState' does not exist on type 'MockFileReader'.
tests/setup-broken.ts(1006,12): error TS2339: Property 'result' does not exist on type 'MockFileReader'.
tests/setup-broken.ts(1007,16): error TS2339: Property 'onload' does not exist on type 'MockFileReader'.
tests/setup-broken.ts(1007,29): error TS2339: Property 'onload' does not exist on type 'MockFileReader'.
tests/setup-broken.ts(1078,1): error TS2741: Property '__promisify__' is missing in type '(callback: any, delay: any) => Timeout' but required in type 'typeof setTimeout'.
tests/setup-broken.ts(1078,22): error TS7006: Parameter 'callback' implicitly has an 'any' type.
tests/setup-broken.ts(1078,32): error TS7006: Parameter 'delay' implicitly has an 'any' type.
tests/stores/auth-store-working.test.ts(160,19): error TS2345: Argument of type '{ id: string; email: string; name: string; created_at: string; is_active: boolean; }' is not assignable to parameter of type 'User'.
  Type '{ id: string; email: string; name: string; created_at: string; is_active: boolean; }' is missing the following properties from type 'User': role, isActive, createdAt, updatedAt
tests/stores/auth-store-working.test.ts(191,19): error TS2345: Argument of type '{ id: string; email: string; name: string; created_at: string; is_active: boolean; }' is not assignable to parameter of type 'User'.
  Type '{ id: string; email: string; name: string; created_at: string; is_active: boolean; }' is missing the following properties from type 'User': role, isActive, createdAt, updatedAt
tests/stores/auth.store.test.ts(156,32): error TS2345: Argument of type '{ id: string; email: string; name: string; created_at: string; is_active: boolean; }' is not assignable to parameter of type 'User'.
  Type '{ id: string; email: string; name: string; created_at: string; is_active: boolean; }' is missing the following properties from type 'User': role, isActive, createdAt, updatedAt
tests/stores/business-profile.store.test.ts(51,22): error TS2345: Argument of type '{ id: string; company_name: string; industry: string; employee_count: string; data_types: string[]; description: string; created_at: string; updated_at: string; }' is not assignable to parameter of type 'Partial<BusinessProfileFormData>'.
  Types of property 'employee_count' are incompatible.
    Type 'string' is not assignable to type 'number'.
tests/stores/business-profile.store.test.ts(61,18): error TS2345: Argument of type '{ id: string; company_name: string; industry: string; employee_count: string; data_types: string[]; description: string; created_at: string; updated_at: string; }' is not assignable to parameter of type 'BusinessProfile'.
  Type '{ id: string; company_name: string; industry: string; employee_count: string; data_types: string[]; description: string; created_at: string; updated_at: string; }' is missing the following properties from type 'BusinessProfile': country, data_sensitivity, handles_personal_data, processes_payments, and 11 more.
tests/stores/business-profile.store.test.ts(77,18): error TS2345: Argument of type '{ id: string; company_name: string; industry: string; employee_count: string; data_types: string[]; description: string; created_at: string; updated_at: string; }' is not assignable to parameter of type 'BusinessProfile'.
  Type '{ id: string; company_name: string; industry: string; employee_count: string; data_types: string[]; description: string; created_at: string; updated_at: string; }' is missing the following properties from type 'BusinessProfile': country, data_sensitivity, handles_personal_data, processes_payments, and 11 more.
tests/stores/business-profile.store.test.ts(88,29): error TS2339: Property 'description' does not exist on type 'BusinessProfile'.
tests/stores/business-profile.store.test.ts(141,9): error TS2322: Type 'string' is not assignable to type 'number'.
tests/stores/business-profile.store.test.ts(231,70): error TS2345: Argument of type '{ id: string; company_name: string; industry: string; employee_count: string; data_types: string[]; description: string; created_at: string; updated_at: string; }' is not assignable to parameter of type 'BusinessProfile'.
  Type '{ id: string; company_name: string; industry: string; employee_count: string; data_types: string[]; description: string; created_at: string; updated_at: string; }' is missing the following properties from type 'BusinessProfile': country, data_sensitivity, handles_personal_data, processes_payments, and 11 more.
tests/stores/business-profile.store.test.ts(266,71): error TS2345: Argument of type '{ id: string; company_name: string; industry: string; employee_count: string; data_types: string[]; description: string; created_at: string; updated_at: string; }' is not assignable to parameter of type 'BusinessProfile'.
  Type '{ id: string; company_name: string; industry: string; employee_count: string; data_types: string[]; description: string; created_at: string; updated_at: string; }' is missing the following properties from type 'BusinessProfile': country, data_sensitivity, handles_personal_data, processes_payments, and 11 more.
tests/stores/business-profile.store.test.ts(270,22): error TS2345: Argument of type '{ company_name: string; industry: string; employee_count: string; data_types: string[]; }' is not assignable to parameter of type 'Partial<BusinessProfileFormData>'.
  Types of property 'employee_count' are incompatible.
    Type 'string' is not assignable to type 'number'.
tests/stores/business-profile.store.test.ts(271,25): error TS2345: Argument of type '{ company_name: string; industry: string; employee_count: string; data_types: string[]; }' is not assignable to parameter of type 'BusinessProfileFormData'.
  Type '{ company_name: string; industry: string; employee_count: string; data_types: string[]; }' is missing the following properties from type 'BusinessProfileFormData': country, data_sensitivity, handles_personal_data, processes_payments, and 11 more.
tests/stores/business-profile.store.test.ts(291,25): error TS2345: Argument of type '{ company_name: string; industry: string; }' is not assignable to parameter of type 'BusinessProfileFormData'.
  Type '{ company_name: string; industry: string; }' is missing the following properties from type 'BusinessProfileFormData': country, employee_count, data_sensitivity, data_types, and 13 more.
tests/stores/business-profile.store.test.ts(312,9): error TS2322: Type 'string' is not assignable to type 'number'.
tests/stores/business-profile.store.test.ts(338,9): error TS2322: Type 'string' is not assignable to type 'number'.
tests/stores/comprehensive-store.test.ts(53,17): error TS2353: Object literal may only specify known properties, and 'access' does not exist in type 'AuthTokens'.
tests/stores/comprehensive-store.test.ts(59,7): error TS2322: Type 'null' is not assignable to type '(() => Promise<void>) | undefined'.
tests/stores/comprehensive-store.test.ts(67,7): error TS2353: Object literal may only specify known properties, and 'frameworks' does not exist in type 'AssessmentState | Partial<AssessmentState> | ((state: AssessmentState) => AssessmentState | Partial<...>)'.
tests/stores/comprehensive-store.test.ts(85,7): error TS2353: Object literal may only specify known properties, and 'layout' does not exist in type 'DashboardState | Partial<DashboardState> | ((state: DashboardState) => DashboardState | Partial<DashboardState>)'.
tests/stores/comprehensive-store.test.ts(108,54): error TS2345: Argument of type '{ tokens: { access_token: string; refresh_token: string; }; user: { id: string; email: string; created_at: string; is_active: boolean; permissions: string[]; role: string; }; }' is not assignable to parameter of type 'void'.
tests/stores/comprehensive-store.test.ts(114,19): error TS2554: Expected 2 arguments, but got 1.
tests/stores/comprehensive-store.test.ts(123,14): error TS18047: 'state.tokens' is possibly 'null'.
tests/stores/comprehensive-store.test.ts(123,27): error TS2339: Property 'access' does not exist on type 'AuthTokens'.
tests/stores/comprehensive-store.test.ts(134,15): error TS2554: Expected 2 arguments, but got 1.
tests/stores/comprehensive-store.test.ts(155,29): error TS2339: Property 'post' does not exist on type '{ login: (email: string, password: string) => Promise<void>; register: (email: string, password: string, fullName?: string | undefined) => Promise<void>; logout: () => void; ... 15 more ...; isLoading: () => boolean; }'.
tests/stores/comprehensive-store.test.ts(160,19): error TS2551: Property 'refreshTokens' does not exist on type 'AuthState'. Did you mean 'refreshToken'?
tests/stores/comprehensive-store.test.ts(163,14): error TS18047: 'state.tokens' is possibly 'null'.
tests/stores/comprehensive-store.test.ts(163,27): error TS2339: Property 'access' does not exist on type 'AuthTokens'.
tests/stores/comprehensive-store.test.ts(172,9): error TS2353: Object literal may only specify known properties, and 'permissions' does not exist in type 'AuthState | Partial<AuthState> | ((state: AuthState) => AuthState | Partial<AuthState>)'.
tests/stores/comprehensive-store.test.ts(178,20): error TS2339: Property 'hasPermission' does not exist on type 'AuthState'.
tests/stores/comprehensive-store.test.ts(179,20): error TS2339: Property 'hasPermission' does not exist on type 'AuthState'.
tests/stores/comprehensive-store.test.ts(180,20): error TS2339: Property 'hasRole' does not exist on type 'AuthState'.
tests/stores/comprehensive-store.test.ts(181,20): error TS2339: Property 'hasRole' does not exist on type 'AuthState'.
tests/stores/comprehensive-store.test.ts(182,20): error TS2339: Property 'hasAnyPermission' does not exist on type 'AuthState'.
tests/stores/comprehensive-store.test.ts(183,20): error TS2339: Property 'hasAllPermissions' does not exist on type 'AuthState'.
tests/stores/comprehensive-store.test.ts(184,20): error TS2339: Property 'hasAllPermissions' does not exist on type 'AuthState'.
tests/stores/comprehensive-store.test.ts(191,19): error TS2353: Object literal may only specify known properties, and 'access' does not exist in type 'AuthTokens'.
tests/stores/comprehensive-store.test.ts(200,14): error TS18047: 'state.tokens' is possibly 'null'.
tests/stores/comprehensive-store.test.ts(200,27): error TS2339: Property 'access' does not exist on type 'AuthTokens'.
tests/stores/comprehensive-store.test.ts(310,50): error TS2353: Object literal may only specify known properties, and 'title' does not exist in type 'UpdateAssessmentRequest'.
tests/stores/freemium-store.test.ts(55,7): error TS2740: Type '{}' is missing the following properties from type 'AssessmentResponse[]': length, pop, push, concat, and 35 more.
tests/stores/freemium-store.test.ts(56,7): error TS2322: Type 'number' is not assignable to type 'AssessmentProgress'.
tests/stores/freemium-store.test.ts(418,39): error TS7015: Element implicitly has an 'any' type because index expression is not of type 'number'.
tests/stores/freemium-store.test.ts(480,16): error TS7053: Element implicitly has an 'any' type because expression of type 'any' can't be used to index type '{ 'freemium-email': string; 'freemium-utm': string; 'freemium-consent': string; }'.
tests/stores/freemium-store.test.ts(487,16): error TS7053: Element implicitly has an 'any' type because expression of type 'any' can't be used to index type '{ 'freemium-token': string; }'.
tests/stores/freemium-store.test.ts(601,11): error TS2322: Type 'number' is not assignable to type 'string'.
tests/stores/freemium-store.test.ts(634,11): error TS2322: Type 'number' is not assignable to type 'string'.
tests/utils/component-test-helpers.tsx(65,30): error TS2339: Property 'toHaveNoMemoryLeaks' does not exist on type 'JestMatchers<MemoryLeakDetector>'.
tests/utils/component-test-helpers.tsx(123,24): error TS2339: Property 'toHaveNoMemoryLeaks' does not exist on type 'JestMatchers<MemoryLeakDetector>'.
tests/utils/component-test-helpers.tsx(143,28): error TS2339: Property 'toHaveNoMemoryLeaks' does not exist on type 'JestMatchers<MemoryLeakDetector>'.
tests/visual/week2-components.spec.ts(206,13): error TS2353: Object literal may only specify known properties, and 'fullPage' does not exist in type '{ animations?: "allow" | "disabled" | undefined; caret?: "hide" | "initial" | undefined; mask?: Locator[] | undefined; maskColor?: string | undefined; maxDiffPixelRatio?: number | undefined; ... 5 more ...; timeout?: number | undefined; }'.
ELIFECYCLE Command failed with exit code 1.
