[0;32müöÄ Starting SonarCloud Analysis for ruleIQ...[0m
[1;33mProject Key: ruliq-compliance-platform[0m
[1;33mOrganization: omara1-bakri[0m

[1;33m‚è≥ This will take a few minutes to analyze the entire codebase...[0m
[INFO]  Bootstrapper: Unable to read "package.json" file
[INFO]  Bootstrapper: Platform: linux x64
[INFO]  Bootstrapper: Server URL: https://sonarcloud.io
[INFO]  Bootstrapper: Version: 4.3.0
[INFO]  Bootstrapper: JRE provisioning is supported
[INFO]  Bootstrapper: Using JRE from the cache
[INFO]  ScannerEngine: Starting SonarScanner Engine...
[INFO]  ScannerEngine: Java 17.0.11 Eclipse Adoptium (64-bit)
[INFO]  ScannerEngine: Load global settings
[INFO]  ScannerEngine: Load global settings (done) | time=533ms
[INFO]  ScannerEngine: Server id: 1BD809FA-AWHW8ct9-T_TB3XqouNu
[INFO]  ScannerEngine: Loading required plugins
[INFO]  ScannerEngine: Load plugins index
[INFO]  ScannerEngine: Load plugins index (done) | time=77ms
[INFO]  ScannerEngine: Load/download plugins
[INFO]  ScannerEngine: Load/download plugins (done) | time=77ms
[INFO]  ScannerEngine: Load project settings for component key: 'ruliq-compliance-platform'
[INFO]  ScannerEngine: Load project settings for component key: 'ruliq-compliance-platform' (done) | time=388ms
[INFO]  ScannerEngine: Process project properties
[ERROR] ScannerEngine: Invalid value of sonar.tests for ruliq-compliance-platform
[ERROR] ScannerEngine: The folder 'tests' does not exist for 'ruliq-compliance-platform' (base directory = /home/omar/Documents/ruleIQ/sonarcloud)
[ERROR] Bootstrapper: An error occurred: Error: Scanner engine failed with code 1
